<?xml version="1.0" encoding="UTF-8"?>
<testsuite xmlns:xsi="http://www.w3.org/2001/XMLSchema-instance" xsi:noNamespaceSchemaLocation="https://maven.apache.org/surefire/maven-surefire-plugin/xsd/surefire-test-report.xsd" version="3.0.2" name="ru.senla.socialnetwork.SenlaProjectApplicationTests" time="7.44" tests="1" errors="0" skipped="0" failures="0">
  <properties>
    <property name="java.specification.version" value="21"/>
    <property name="sun.cpu.isalist" value="amd64"/>
    <property name="sun.jnu.encoding" value="Cp1251"/>
    <property name="java.class.path" value="C:\Users\Даниил\Desktop\RTD\socialnetwork\socialnetwork\target\test-classes;C:\Users\Даниил\Desktop\RTD\socialnetwork\socialnetwork\target\classes;C:\Users\Даниил\.m2\repository\org\springframework\boot\spring-boot-starter-security\3.4.4\spring-boot-starter-security-3.4.4.jar;C:\Users\Даниил\.m2\repository\org\springframework\boot\spring-boot-starter\3.4.4\spring-boot-starter-3.4.4.jar;C:\Users\Даниил\.m2\repository\org\springframework\boot\spring-boot\3.4.4\spring-boot-3.4.4.jar;C:\Users\Даниил\.m2\repository\org\springframework\boot\spring-boot-autoconfigure\3.4.4\spring-boot-autoconfigure-3.4.4.jar;C:\Users\Даниил\.m2\repository\org\springframework\boot\spring-boot-starter-logging\3.4.4\spring-boot-starter-logging-3.4.4.jar;C:\Users\Даниил\.m2\repository\ch\qos\logback\logback-classic\1.5.18\logback-classic-1.5.18.jar;C:\Users\Даниил\.m2\repository\ch\qos\logback\logback-core\1.5.18\logback-core-1.5.18.jar;C:\Users\Даниил\.m2\repository\org\apache\logging\log4j\log4j-to-slf4j\2.24.3\log4j-to-slf4j-2.24.3.jar;C:\Users\Даниил\.m2\repository\org\apache\logging\log4j\log4j-api\2.24.3\log4j-api-2.24.3.jar;C:\Users\Даниил\.m2\repository\org\slf4j\jul-to-slf4j\2.0.17\jul-to-slf4j-2.0.17.jar;C:\Users\Даниил\.m2\repository\jakarta\annotation\jakarta.annotation-api\2.1.1\jakarta.annotation-api-2.1.1.jar;C:\Users\Даниил\.m2\repository\org\yaml\snakeyaml\2.3\snakeyaml-2.3.jar;C:\Users\Даниил\.m2\repository\org\springframework\spring-aop\6.2.5\spring-aop-6.2.5.jar;C:\Users\Даниил\.m2\repository\org\springframework\security\spring-security-config\6.4.4\spring-security-config-6.4.4.jar;C:\Users\Даниил\.m2\repository\org\springframework\spring-context\6.2.5\spring-context-6.2.5.jar;C:\Users\Даниил\.m2\repository\org\springframework\security\spring-security-web\6.4.4\spring-security-web-6.4.4.jar;C:\Users\Даниил\.m2\repository\org\springframework\spring-expression\6.2.5\spring-expression-6.2.5.jar;C:\Users\Даниил\.m2\repository\org\springframework\boot\spring-boot-starter-web\3.4.4\spring-boot-starter-web-3.4.4.jar;C:\Users\Даниил\.m2\repository\org\springframework\boot\spring-boot-starter-json\3.4.4\spring-boot-starter-json-3.4.4.jar;C:\Users\Даниил\.m2\repository\com\fasterxml\jackson\core\jackson-databind\2.18.3\jackson-databind-2.18.3.jar;C:\Users\Даниил\.m2\repository\com\fasterxml\jackson\core\jackson-annotations\2.18.3\jackson-annotations-2.18.3.jar;C:\Users\Даниил\.m2\repository\com\fasterxml\jackson\core\jackson-core\2.18.3\jackson-core-2.18.3.jar;C:\Users\Даниил\.m2\repository\com\fasterxml\jackson\datatype\jackson-datatype-jdk8\2.18.3\jackson-datatype-jdk8-2.18.3.jar;C:\Users\Даниил\.m2\repository\com\fasterxml\jackson\datatype\jackson-datatype-jsr310\2.18.3\jackson-datatype-jsr310-2.18.3.jar;C:\Users\Даниил\.m2\repository\com\fasterxml\jackson\module\jackson-module-parameter-names\2.18.3\jackson-module-parameter-names-2.18.3.jar;C:\Users\Даниил\.m2\repository\org\springframework\boot\spring-boot-starter-tomcat\3.4.4\spring-boot-starter-tomcat-3.4.4.jar;C:\Users\Даниил\.m2\repository\org\apache\tomcat\embed\tomcat-embed-core\10.1.39\tomcat-embed-core-10.1.39.jar;C:\Users\Даниил\.m2\repository\org\apache\tomcat\embed\tomcat-embed-el\10.1.39\tomcat-embed-el-10.1.39.jar;C:\Users\Даниил\.m2\repository\org\apache\tomcat\embed\tomcat-embed-websocket\10.1.39\tomcat-embed-websocket-10.1.39.jar;C:\Users\Даниил\.m2\repository\org\springframework\spring-web\6.2.5\spring-web-6.2.5.jar;C:\Users\Даниил\.m2\repository\io\micrometer\micrometer-observation\1.14.5\micrometer-observation-1.14.5.jar;C:\Users\Даниил\.m2\repository\io\micrometer\micrometer-commons\1.14.5\micrometer-commons-1.14.5.jar;C:\Users\Даниил\.m2\repository\org\springframework\spring-webmvc\6.2.5\spring-webmvc-6.2.5.jar;C:\Users\Даниил\.m2\repository\org\postgresql\postgresql\42.7.5\postgresql-42.7.5.jar;C:\Users\Даниил\.m2\repository\org\checkerframework\checker-qual\3.48.3\checker-qual-3.48.3.jar;C:\Users\Даниил\.m2\repository\org\projectlombok\lombok\1.18.34\lombok-1.18.34.jar;C:\Users\Даниил\.m2\repository\org\springframework\boot\spring-boot-starter-test\3.4.4\spring-boot-starter-test-3.4.4.jar;C:\Users\Даниил\.m2\repository\org\springframework\boot\spring-boot-test\3.4.4\spring-boot-test-3.4.4.jar;C:\Users\Даниил\.m2\repository\org\springframework\boot\spring-boot-test-autoconfigure\3.4.4\spring-boot-test-autoconfigure-3.4.4.jar;C:\Users\Даниил\.m2\repository\com\jayway\jsonpath\json-path\2.9.0\json-path-2.9.0.jar;C:\Users\Даниил\.m2\repository\jakarta\xml\bind\jakarta.xml.bind-api\4.0.2\jakarta.xml.bind-api-4.0.2.jar;C:\Users\Даниил\.m2\repository\jakarta\activation\jakarta.activation-api\2.1.3\jakarta.activation-api-2.1.3.jar;C:\Users\Даниил\.m2\repository\net\minidev\json-smart\2.5.2\json-smart-2.5.2.jar;C:\Users\Даниил\.m2\repository\net\minidev\accessors-smart\2.5.2\accessors-smart-2.5.2.jar;C:\Users\Даниил\.m2\repository\org\ow2\asm\asm\9.7.1\asm-9.7.1.jar;C:\Users\Даниил\.m2\repository\org\assertj\assertj-core\3.26.3\assertj-core-3.26.3.jar;C:\Users\Даниил\.m2\repository\org\awaitility\awaitility\4.2.2\awaitility-4.2.2.jar;C:\Users\Даниил\.m2\repository\org\hamcrest\hamcrest\2.2\hamcrest-2.2.jar;C:\Users\Даниил\.m2\repository\org\junit\jupiter\junit-jupiter\5.11.4\junit-jupiter-5.11.4.jar;C:\Users\Даниил\.m2\repository\org\junit\jupiter\junit-jupiter-api\5.11.4\junit-jupiter-api-5.11.4.jar;C:\Users\Даниил\.m2\repository\org\opentest4j\opentest4j\1.3.0\opentest4j-1.3.0.jar;C:\Users\Даниил\.m2\repository\org\junit\platform\junit-platform-commons\1.11.4\junit-platform-commons-1.11.4.jar;C:\Users\Даниил\.m2\repository\org\apiguardian\apiguardian-api\1.1.2\apiguardian-api-1.1.2.jar;C:\Users\Даниил\.m2\repository\org\junit\jupiter\junit-jupiter-params\5.11.4\junit-jupiter-params-5.11.4.jar;C:\Users\Даниил\.m2\repository\org\junit\jupiter\junit-jupiter-engine\5.11.4\junit-jupiter-engine-5.11.4.jar;C:\Users\Даниил\.m2\repository\org\junit\platform\junit-platform-engine\1.11.4\junit-platform-engine-1.11.4.jar;C:\Users\Даниил\.m2\repository\org\mockito\mockito-core\5.14.2\mockito-core-5.14.2.jar;C:\Users\Даниил\.m2\repository\net\bytebuddy\byte-buddy-agent\1.15.11\byte-buddy-agent-1.15.11.jar;C:\Users\Даниил\.m2\repository\org\objenesis\objenesis\3.3\objenesis-3.3.jar;C:\Users\Даниил\.m2\repository\org\mockito\mockito-junit-jupiter\5.14.2\mockito-junit-jupiter-5.14.2.jar;C:\Users\Даниил\.m2\repository\org\skyscreamer\jsonassert\1.5.3\jsonassert-1.5.3.jar;C:\Users\Даниил\.m2\repository\com\vaadin\external\google\android-json\0.0.20131108.vaadin1\android-json-0.0.20131108.vaadin1.jar;C:\Users\Даниил\.m2\repository\org\springframework\spring-core\6.2.5\spring-core-6.2.5.jar;C:\Users\Даниил\.m2\repository\org\springframework\spring-jcl\6.2.5\spring-jcl-6.2.5.jar;C:\Users\Даниил\.m2\repository\org\springframework\spring-test\6.2.5\spring-test-6.2.5.jar;C:\Users\Даниил\.m2\repository\org\xmlunit\xmlunit-core\2.10.0\xmlunit-core-2.10.0.jar;C:\Users\Даниил\.m2\repository\org\springframework\spring-tx\7.0.0-M2\spring-tx-7.0.0-M2.jar;C:\Users\Даниил\.m2\repository\org\springframework\spring-beans\6.2.5\spring-beans-6.2.5.jar;C:\Users\Даниил\.m2\repository\org\springframework\spring-orm\7.0.0-M2\spring-orm-7.0.0-M2.jar;C:\Users\Даниил\.m2\repository\org\springframework\spring-jdbc\6.2.5\spring-jdbc-6.2.5.jar;C:\Users\Даниил\.m2\repository\org\springframework\security\spring-security-test\6.4.4\spring-security-test-6.4.4.jar;C:\Users\Даниил\.m2\repository\org\springframework\security\spring-security-core\6.4.4\spring-security-core-6.4.4.jar;C:\Users\Даниил\.m2\repository\org\springframework\security\spring-security-crypto\6.4.4\spring-security-crypto-6.4.4.jar;C:\Users\Даниил\.m2\repository\jakarta\persistence\jakarta.persistence-api\3.1.0\jakarta.persistence-api-3.1.0.jar;C:\Users\Даниил\.m2\repository\org\hibernate\orm\hibernate-core\6.6.8.Final\hibernate-core-6.6.8.Final.jar;C:\Users\Даниил\.m2\repository\jakarta\transaction\jakarta.transaction-api\2.0.1\jakarta.transaction-api-2.0.1.jar;C:\Users\Даниил\.m2\repository\org\jboss\logging\jboss-logging\3.6.1.Final\jboss-logging-3.6.1.Final.jar;C:\Users\Даниил\.m2\repository\org\hibernate\common\hibernate-commons-annotations\7.0.3.Final\hibernate-commons-annotations-7.0.3.Final.jar;C:\Users\Даниил\.m2\repository\io\smallrye\jandex\3.2.0\jandex-3.2.0.jar;C:\Users\Даниил\.m2\repository\com\fasterxml\classmate\1.7.0\classmate-1.7.0.jar;C:\Users\Даниил\.m2\repository\net\bytebuddy\byte-buddy\1.15.11\byte-buddy-1.15.11.jar;C:\Users\Даниил\.m2\repository\org\glassfish\jaxb\jaxb-runtime\4.0.5\jaxb-runtime-4.0.5.jar;C:\Users\Даниил\.m2\repository\org\glassfish\jaxb\jaxb-core\4.0.5\jaxb-core-4.0.5.jar;C:\Users\Даниил\.m2\repository\org\eclipse\angus\angus-activation\2.0.2\angus-activation-2.0.2.jar;C:\Users\Даниил\.m2\repository\org\glassfish\jaxb\txw2\4.0.5\txw2-4.0.5.jar;C:\Users\Даниил\.m2\repository\com\sun\istack\istack-commons-runtime\4.1.2\istack-commons-runtime-4.1.2.jar;C:\Users\Даниил\.m2\repository\jakarta\inject\jakarta.inject-api\2.0.1\jakarta.inject-api-2.0.1.jar;C:\Users\Даниил\.m2\repository\org\antlr\antlr4-runtime\4.13.0\antlr4-runtime-4.13.0.jar;C:\Users\Даниил\.m2\repository\org\hibernate\validator\hibernate-validator\8.0.1.Final\hibernate-validator-8.0.1.Final.jar;C:\Users\Даниил\.m2\repository\jakarta\validation\jakarta.validation-api\3.0.2\jakarta.validation-api-3.0.2.jar;C:\Users\Даниил\.m2\repository\com\zaxxer\HikariCP\6.2.1\HikariCP-6.2.1.jar;C:\Users\Даниил\.m2\repository\org\slf4j\slf4j-api\2.0.16\slf4j-api-2.0.16.jar;"/>
    <property name="java.vm.vendor" value="Oracle Corporation"/>
    <property name="sun.arch.data.model" value="64"/>
    <property name="user.variant" value=""/>
    <property name="java.vendor.url" value="https://java.oracle.com/"/>
    <property name="user.timezone" value="Europe/Moscow"/>
    <property name="org.jboss.logging.provider" value="slf4j"/>
    <property name="os.name" value="Windows 11"/>
    <property name="java.vm.specification.version" value="21"/>
    <property name="sun.java.launcher" value="SUN_STANDARD"/>
    <property name="user.country" value="RU"/>
    <property name="sun.boot.library.path" value="C:\Java\jdk-21\bin"/>
    <property name="sun.java.command" value="C:\Users\Даниил\AppData\Local\Temp\surefire12344815488710401033\surefirebooter-20250412210550352_3.jar C:\Users\Даниил\AppData\Local\Temp\surefire12344815488710401033 2025-04-12T21-05-49_924-jvmRun1 surefire-20250412210550352_1tmp surefire_0-20250412210550352_2tmp"/>
    <property name="jdk.debug" value="release"/>
    <property name="surefire.test.class.path" value="C:\Users\Даниил\Desktop\RTD\socialnetwork\socialnetwork\target\test-classes;C:\Users\Даниил\Desktop\RTD\socialnetwork\socialnetwork\target\classes;C:\Users\Даниил\.m2\repository\org\springframework\boot\spring-boot-starter-security\3.4.4\spring-boot-starter-security-3.4.4.jar;C:\Users\Даниил\.m2\repository\org\springframework\boot\spring-boot-starter\3.4.4\spring-boot-starter-3.4.4.jar;C:\Users\Даниил\.m2\repository\org\springframework\boot\spring-boot\3.4.4\spring-boot-3.4.4.jar;C:\Users\Даниил\.m2\repository\org\springframework\boot\spring-boot-autoconfigure\3.4.4\spring-boot-autoconfigure-3.4.4.jar;C:\Users\Даниил\.m2\repository\org\springframework\boot\spring-boot-starter-logging\3.4.4\spring-boot-starter-logging-3.4.4.jar;C:\Users\Даниил\.m2\repository\ch\qos\logback\logback-classic\1.5.18\logback-classic-1.5.18.jar;C:\Users\Даниил\.m2\repository\ch\qos\logback\logback-core\1.5.18\logback-core-1.5.18.jar;C:\Users\Даниил\.m2\repository\org\apache\logging\log4j\log4j-to-slf4j\2.24.3\log4j-to-slf4j-2.24.3.jar;C:\Users\Даниил\.m2\repository\org\apache\logging\log4j\log4j-api\2.24.3\log4j-api-2.24.3.jar;C:\Users\Даниил\.m2\repository\org\slf4j\jul-to-slf4j\2.0.17\jul-to-slf4j-2.0.17.jar;C:\Users\Даниил\.m2\repository\jakarta\annotation\jakarta.annotation-api\2.1.1\jakarta.annotation-api-2.1.1.jar;C:\Users\Даниил\.m2\repository\org\yaml\snakeyaml\2.3\snakeyaml-2.3.jar;C:\Users\Даниил\.m2\repository\org\springframework\spring-aop\6.2.5\spring-aop-6.2.5.jar;C:\Users\Даниил\.m2\repository\org\springframework\security\spring-security-config\6.4.4\spring-security-config-6.4.4.jar;C:\Users\Даниил\.m2\repository\org\springframework\spring-context\6.2.5\spring-context-6.2.5.jar;C:\Users\Даниил\.m2\repository\org\springframework\security\spring-security-web\6.4.4\spring-security-web-6.4.4.jar;C:\Users\Даниил\.m2\repository\org\springframework\spring-expression\6.2.5\spring-expression-6.2.5.jar;C:\Users\Даниил\.m2\repository\org\springframework\boot\spring-boot-starter-web\3.4.4\spring-boot-starter-web-3.4.4.jar;C:\Users\Даниил\.m2\repository\org\springframework\boot\spring-boot-starter-json\3.4.4\spring-boot-starter-json-3.4.4.jar;C:\Users\Даниил\.m2\repository\com\fasterxml\jackson\core\jackson-databind\2.18.3\jackson-databind-2.18.3.jar;C:\Users\Даниил\.m2\repository\com\fasterxml\jackson\core\jackson-annotations\2.18.3\jackson-annotations-2.18.3.jar;C:\Users\Даниил\.m2\repository\com\fasterxml\jackson\core\jackson-core\2.18.3\jackson-core-2.18.3.jar;C:\Users\Даниил\.m2\repository\com\fasterxml\jackson\datatype\jackson-datatype-jdk8\2.18.3\jackson-datatype-jdk8-2.18.3.jar;C:\Users\Даниил\.m2\repository\com\fasterxml\jackson\datatype\jackson-datatype-jsr310\2.18.3\jackson-datatype-jsr310-2.18.3.jar;C:\Users\Даниил\.m2\repository\com\fasterxml\jackson\module\jackson-module-parameter-names\2.18.3\jackson-module-parameter-names-2.18.3.jar;C:\Users\Даниил\.m2\repository\org\springframework\boot\spring-boot-starter-tomcat\3.4.4\spring-boot-starter-tomcat-3.4.4.jar;C:\Users\Даниил\.m2\repository\org\apache\tomcat\embed\tomcat-embed-core\10.1.39\tomcat-embed-core-10.1.39.jar;C:\Users\Даниил\.m2\repository\org\apache\tomcat\embed\tomcat-embed-el\10.1.39\tomcat-embed-el-10.1.39.jar;C:\Users\Даниил\.m2\repository\org\apache\tomcat\embed\tomcat-embed-websocket\10.1.39\tomcat-embed-websocket-10.1.39.jar;C:\Users\Даниил\.m2\repository\org\springframework\spring-web\6.2.5\spring-web-6.2.5.jar;C:\Users\Даниил\.m2\repository\io\micrometer\micrometer-observation\1.14.5\micrometer-observation-1.14.5.jar;C:\Users\Даниил\.m2\repository\io\micrometer\micrometer-commons\1.14.5\micrometer-commons-1.14.5.jar;C:\Users\Даниил\.m2\repository\org\springframework\spring-webmvc\6.2.5\spring-webmvc-6.2.5.jar;C:\Users\Даниил\.m2\repository\org\postgresql\postgresql\42.7.5\postgresql-42.7.5.jar;C:\Users\Даниил\.m2\repository\org\checkerframework\checker-qual\3.48.3\checker-qual-3.48.3.jar;C:\Users\Даниил\.m2\repository\org\projectlombok\lombok\1.18.34\lombok-1.18.34.jar;C:\Users\Даниил\.m2\repository\org\springframework\boot\spring-boot-starter-test\3.4.4\spring-boot-starter-test-3.4.4.jar;C:\Users\Даниил\.m2\repository\org\springframework\boot\spring-boot-test\3.4.4\spring-boot-test-3.4.4.jar;C:\Users\Даниил\.m2\repository\org\springframework\boot\spring-boot-test-autoconfigure\3.4.4\spring-boot-test-autoconfigure-3.4.4.jar;C:\Users\Даниил\.m2\repository\com\jayway\jsonpath\json-path\2.9.0\json-path-2.9.0.jar;C:\Users\Даниил\.m2\repository\jakarta\xml\bind\jakarta.xml.bind-api\4.0.2\jakarta.xml.bind-api-4.0.2.jar;C:\Users\Даниил\.m2\repository\jakarta\activation\jakarta.activation-api\2.1.3\jakarta.activation-api-2.1.3.jar;C:\Users\Даниил\.m2\repository\net\minidev\json-smart\2.5.2\json-smart-2.5.2.jar;C:\Users\Даниил\.m2\repository\net\minidev\accessors-smart\2.5.2\accessors-smart-2.5.2.jar;C:\Users\Даниил\.m2\repository\org\ow2\asm\asm\9.7.1\asm-9.7.1.jar;C:\Users\Даниил\.m2\repository\org\assertj\assertj-core\3.26.3\assertj-core-3.26.3.jar;C:\Users\Даниил\.m2\repository\org\awaitility\awaitility\4.2.2\awaitility-4.2.2.jar;C:\Users\Даниил\.m2\repository\org\hamcrest\hamcrest\2.2\hamcrest-2.2.jar;C:\Users\Даниил\.m2\repository\org\junit\jupiter\junit-jupiter\5.11.4\junit-jupiter-5.11.4.jar;C:\Users\Даниил\.m2\repository\org\junit\jupiter\junit-jupiter-api\5.11.4\junit-jupiter-api-5.11.4.jar;C:\Users\Даниил\.m2\repository\org\opentest4j\opentest4j\1.3.0\opentest4j-1.3.0.jar;C:\Users\Даниил\.m2\repository\org\junit\platform\junit-platform-commons\1.11.4\junit-platform-commons-1.11.4.jar;C:\Users\Даниил\.m2\repository\org\apiguardian\apiguardian-api\1.1.2\apiguardian-api-1.1.2.jar;C:\Users\Даниил\.m2\repository\org\junit\jupiter\junit-jupiter-params\5.11.4\junit-jupiter-params-5.11.4.jar;C:\Users\Даниил\.m2\repository\org\junit\jupiter\junit-jupiter-engine\5.11.4\junit-jupiter-engine-5.11.4.jar;C:\Users\Даниил\.m2\repository\org\junit\platform\junit-platform-engine\1.11.4\junit-platform-engine-1.11.4.jar;C:\Users\Даниил\.m2\repository\org\mockito\mockito-core\5.14.2\mockito-core-5.14.2.jar;C:\Users\Даниил\.m2\repository\net\bytebuddy\byte-buddy-agent\1.15.11\byte-buddy-agent-1.15.11.jar;C:\Users\Даниил\.m2\repository\org\objenesis\objenesis\3.3\objenesis-3.3.jar;C:\Users\Даниил\.m2\repository\org\mockito\mockito-junit-jupiter\5.14.2\mockito-junit-jupiter-5.14.2.jar;C:\Users\Даниил\.m2\repository\org\skyscreamer\jsonassert\1.5.3\jsonassert-1.5.3.jar;C:\Users\Даниил\.m2\repository\com\vaadin\external\google\android-json\0.0.20131108.vaadin1\android-json-0.0.20131108.vaadin1.jar;C:\Users\Даниил\.m2\repository\org\springframework\spring-core\6.2.5\spring-core-6.2.5.jar;C:\Users\Даниил\.m2\repository\org\springframework\spring-jcl\6.2.5\spring-jcl-6.2.5.jar;C:\Users\Даниил\.m2\repository\org\springframework\spring-test\6.2.5\spring-test-6.2.5.jar;C:\Users\Даниил\.m2\repository\org\xmlunit\xmlunit-core\2.10.0\xmlunit-core-2.10.0.jar;C:\Users\Даниил\.m2\repository\org\springframework\spring-tx\7.0.0-M2\spring-tx-7.0.0-M2.jar;C:\Users\Даниил\.m2\repository\org\springframework\spring-beans\6.2.5\spring-beans-6.2.5.jar;C:\Users\Даниил\.m2\repository\org\springframework\spring-orm\7.0.0-M2\spring-orm-7.0.0-M2.jar;C:\Users\Даниил\.m2\repository\org\springframework\spring-jdbc\6.2.5\spring-jdbc-6.2.5.jar;C:\Users\Даниил\.m2\repository\org\springframework\security\spring-security-test\6.4.4\spring-security-test-6.4.4.jar;C:\Users\Даниил\.m2\repository\org\springframework\security\spring-security-core\6.4.4\spring-security-core-6.4.4.jar;C:\Users\Даниил\.m2\repository\org\springframework\security\spring-security-crypto\6.4.4\spring-security-crypto-6.4.4.jar;C:\Users\Даниил\.m2\repository\jakarta\persistence\jakarta.persistence-api\3.1.0\jakarta.persistence-api-3.1.0.jar;C:\Users\Даниил\.m2\repository\org\hibernate\orm\hibernate-core\6.6.8.Final\hibernate-core-6.6.8.Final.jar;C:\Users\Даниил\.m2\repository\jakarta\transaction\jakarta.transaction-api\2.0.1\jakarta.transaction-api-2.0.1.jar;C:\Users\Даниил\.m2\repository\org\jboss\logging\jboss-logging\3.6.1.Final\jboss-logging-3.6.1.Final.jar;C:\Users\Даниил\.m2\repository\org\hibernate\common\hibernate-commons-annotations\7.0.3.Final\hibernate-commons-annotations-7.0.3.Final.jar;C:\Users\Даниил\.m2\repository\io\smallrye\jandex\3.2.0\jandex-3.2.0.jar;C:\Users\Даниил\.m2\repository\com\fasterxml\classmate\1.7.0\classmate-1.7.0.jar;C:\Users\Даниил\.m2\repository\net\bytebuddy\byte-buddy\1.15.11\byte-buddy-1.15.11.jar;C:\Users\Даниил\.m2\repository\org\glassfish\jaxb\jaxb-runtime\4.0.5\jaxb-runtime-4.0.5.jar;C:\Users\Даниил\.m2\repository\org\glassfish\jaxb\jaxb-core\4.0.5\jaxb-core-4.0.5.jar;C:\Users\Даниил\.m2\repository\org\eclipse\angus\angus-activation\2.0.2\angus-activation-2.0.2.jar;C:\Users\Даниил\.m2\repository\org\glassfish\jaxb\txw2\4.0.5\txw2-4.0.5.jar;C:\Users\Даниил\.m2\repository\com\sun\istack\istack-commons-runtime\4.1.2\istack-commons-runtime-4.1.2.jar;C:\Users\Даниил\.m2\repository\jakarta\inject\jakarta.inject-api\2.0.1\jakarta.inject-api-2.0.1.jar;C:\Users\Даниил\.m2\repository\org\antlr\antlr4-runtime\4.13.0\antlr4-runtime-4.13.0.jar;C:\Users\Даниил\.m2\repository\org\hibernate\validator\hibernate-validator\8.0.1.Final\hibernate-validator-8.0.1.Final.jar;C:\Users\Даниил\.m2\repository\jakarta\validation\jakarta.validation-api\3.0.2\jakarta.validation-api-3.0.2.jar;C:\Users\Даниил\.m2\repository\com\zaxxer\HikariCP\6.2.1\HikariCP-6.2.1.jar;C:\Users\Даниил\.m2\repository\org\slf4j\slf4j-api\2.0.16\slf4j-api-2.0.16.jar;"/>
    <property name="sun.cpu.endian" value="little"/>
    <property name="user.home" value="C:\Users\Даниил"/>
    <property name="user.language" value="ru"/>
    <property name="java.specification.vendor" value="Oracle Corporation"/>
    <property name="java.version.date" value="2024-07-16"/>
    <property name="java.home" value="C:\Java\jdk-21"/>
    <property name="file.separator" value="\"/>
    <property name="basedir" value="C:\Users\Даниил\Desktop\RTD\socialnetwork\socialnetwork"/>
    <property name="java.vm.compressedOopsMode" value="Zero based"/>
    <property name="line.separator" value="&#10;"/>
    <property name="java.vm.specification.vendor" value="Oracle Corporation"/>
    <property name="java.specification.name" value="Java Platform API Specification"/>
    <property name="FILE_LOG_CHARSET" value="UTF-8"/>
    <property name="java.awt.headless" value="true"/>
    <property name="surefire.real.class.path" value="C:\Users\Даниил\AppData\Local\Temp\surefire12344815488710401033\surefirebooter-20250412210550352_3.jar"/>
    <property name="user.script" value=""/>
    <property name="sun.management.compiler" value="HotSpot 64-Bit Tiered Compilers"/>
    <property name="java.runtime.version" value="21.0.4+8-LTS-274"/>
    <property name="user.name" value="Daniil"/>
    <property name="stdout.encoding" value="Cp1251"/>
    <property name="path.separator" value=";"/>
    <property name="os.version" value="10.0"/>
    <property name="java.runtime.name" value="Java(TM) SE Runtime Environment"/>
    <property name="file.encoding" value="UTF-8"/>
    <property name="java.vm.name" value="Java HotSpot(TM) 64-Bit Server VM"/>
    <property name="localRepository" value="C:\Users\Даниил\.m2\repository"/>
    <property name="java.vendor.url.bug" value="https://bugreport.java.com/bugreport/"/>
    <property name="java.io.tmpdir" value="C:\Users\1678~1\AppData\Local\Temp\"/>
    <property name="idea.version" value="2024.2.1"/>
    <property name="com.zaxxer.hikari.pool_number" value="1"/>
    <property name="java.version" value="21.0.4"/>
    <property name="user.dir" value="C:\Users\Даниил\Desktop\RTD\socialnetwork\socialnetwork"/>
    <property name="os.arch" value="amd64"/>
    <property name="java.vm.specification.name" value="Java Virtual Machine Specification"/>
    <property name="PID" value="9948"/>
    <property name="sun.os.patch.level" value=""/>
    <property name="CONSOLE_LOG_CHARSET" value="UTF-8"/>
    <property name="native.encoding" value="Cp1251"/>
    <property name="java.library.path" value="C:\Java\jdk-21\bin;C:\WINDOWS\Sun\Java\bin;C:\WINDOWS\system32;C:\WINDOWS;C:\Program Files\Common Files\Oracle\Java\javapath;C:\Users\Даниил\gcc\bin;C:\Users\Даниил\gcc\libexec\gcc\x86_64-w64-mingw32\15.0.0;C:\WINDOWS\system32;C:\WINDOWS;C:\WINDOWS\System32\Wbem;C:\WINDOWS\System32\WindowsPowerShell\v1.0\;C:\WINDOWS\System32\OpenSSH\;C:\Program Files\dotnet\;C:\Program Files (x86)\Windows Kits\10\Windows Performance Toolkit\;C:\Program Files\Git\cmd;C:\Program Files\Docker\Docker\resources\bin;C:\Program Files\Common Files\Oracle\Java\javapath;C:\Users\Даниил\gcc\bin;C:\Users\Даниил\gcc\libexec\gcc\x86_64-w64-mingw32\15.0.0;C:\WINDOWS\system32;C:\WINDOWS;C:\WINDOWS\System32\Wbem;C:\WINDOWS\System32\WindowsPowerShell\v1.0\;C:\WINDOWS\System32\OpenSSH\;C:\Program Files\dotnet\;C:\Program Files (x86)\Windows Kits\10\Windows Performance Toolkit\;C:\Program Files\Git\cmd;C:\Program Files\Docker\Docker\resources\bin;C:\Program Files\MySQL\MySQL Server 8.0\bin;C:\Users\Даниил\AppData\Local\GitHubDesktop\bin;."/>
    <property name="java.vm.info" value="mixed mode, sharing"/>
    <property name="stderr.encoding" value="Cp1251"/>
    <property name="java.vendor" value="Oracle Corporation"/>
    <property name="java.vm.version" value="21.0.4+8-LTS-274"/>
    <property name="sun.io.unicode.encoding" value="UnicodeLittle"/>
    <property name="java.class.version" value="65.0"/>
  </properties>
  <testcase name="contextLoads" classname="ru.senla.socialnetwork.SenlaProjectApplicationTests" time="0.739">
    <system-out><![CDATA[21:05:55,031 |-INFO in ch.qos.logback.classic.LoggerContext[default] - This is logback-classic version 1.5.18
21:05:55,034 |-INFO in ch.qos.logback.classic.util.ContextInitializer@4397ad89 - Here is a list of configurators discovered as a service, by rank: 
21:05:55,034 |-INFO in ch.qos.logback.classic.util.ContextInitializer@4397ad89 -   org.springframework.boot.logging.logback.RootLogLevelConfigurator
21:05:55,034 |-INFO in ch.qos.logback.classic.util.ContextInitializer@4397ad89 - They will be invoked in order until ExecutionStatus.DO_NOT_INVOKE_NEXT_IF_ANY is returned.
21:05:55,034 |-INFO in ch.qos.logback.classic.util.ContextInitializer@4397ad89 - Constructed configurator of type class org.springframework.boot.logging.logback.RootLogLevelConfigurator
21:05:55,047 |-INFO in ch.qos.logback.classic.util.ContextInitializer@4397ad89 - org.springframework.boot.logging.logback.RootLogLevelConfigurator.configure() call lasted 0 milliseconds. ExecutionStatus=INVOKE_NEXT_IF_ANY
21:05:55,047 |-INFO in ch.qos.logback.classic.util.ContextInitializer@4397ad89 - Trying to configure with ch.qos.logback.classic.joran.SerializedModelConfigurator
21:05:55,048 |-INFO in ch.qos.logback.classic.util.ContextInitializer@4397ad89 - Constructed configurator of type class ch.qos.logback.classic.joran.SerializedModelConfigurator
21:05:55,050 |-INFO in ch.qos.logback.classic.LoggerContext[default] - Could NOT find resource [logback-test.scmo]
21:05:55,051 |-INFO in ch.qos.logback.classic.LoggerContext[default] - Could NOT find resource [logback.scmo]
21:05:55,051 |-INFO in ch.qos.logback.classic.util.ContextInitializer@4397ad89 - ch.qos.logback.classic.joran.SerializedModelConfigurator.configure() call lasted 3 milliseconds. ExecutionStatus=INVOKE_NEXT_IF_ANY
21:05:55,051 |-INFO in ch.qos.logback.classic.util.ContextInitializer@4397ad89 - Trying to configure with ch.qos.logback.classic.util.DefaultJoranConfigurator
21:05:55,051 |-INFO in ch.qos.logback.classic.util.ContextInitializer@4397ad89 - Constructed configurator of type class ch.qos.logback.classic.util.DefaultJoranConfigurator
21:05:55,051 |-INFO in ch.qos.logback.classic.LoggerContext[default] - Could NOT find resource [logback-test.xml]
21:05:55,056 |-INFO in ch.qos.logback.classic.LoggerContext[default] - Found resource [logback.xml] at [file:/C:/Users/%d0%94%d0%b0%d0%bd%d0%b8%d0%b8%d0%bb/Desktop/RTD/socialnetwork/socialnetwork/target/classes/logback.xml]
21:05:55,142 |-INFO in ch.qos.logback.core.model.processor.AppenderModelHandler - Processing appender named [CONSOLE]
21:05:55,142 |-INFO in ch.qos.logback.core.model.processor.AppenderModelHandler - About to instantiate appender of type [ch.qos.logback.core.ConsoleAppender]
21:05:55,150 |-INFO in ch.qos.logback.core.model.processor.ImplicitModelHandler - Assuming default type [ch.qos.logback.classic.encoder.PatternLayoutEncoder] for [encoder] property
21:05:55,208 |-INFO in ch.qos.logback.core.ConsoleAppender[CONSOLE] - BEWARE: Writing to the console can be very slow. Avoid logging to the 
21:05:55,208 |-INFO in ch.qos.logback.core.ConsoleAppender[CONSOLE] - console in production environments, especially in high volume systems.
21:05:55,208 |-INFO in ch.qos.logback.core.ConsoleAppender[CONSOLE] - See also https://logback.qos.ch/codes.html#slowConsole
21:05:55,208 |-INFO in ch.qos.logback.core.model.processor.AppenderModelHandler - Processing appender named [FILE]
21:05:55,208 |-INFO in ch.qos.logback.core.model.processor.AppenderModelHandler - About to instantiate appender of type [ch.qos.logback.core.rolling.RollingFileAppender]
21:05:55,223 |-INFO in ch.qos.logback.core.model.processor.ModelInterpretationContext@59cba5a - value "src/main/log/application.log" substituted for "${ROOT}/application.log"
21:05:55,224 |-INFO in ch.qos.logback.core.model.processor.ImplicitModelHandler - Assuming default type [ch.qos.logback.classic.encoder.PatternLayoutEncoder] for [encoder] property
21:05:55,260 |-INFO in c.q.l.core.rolling.TimeBasedRollingPolicy@466853180 - No compression will be used
21:05:55,276 |-INFO in c.q.l.core.rolling.TimeBasedRollingPolicy@466853180 - Will use the pattern src/main/log/archived/application-%d{yyyy-MM-dd}.%i.log for the active file
21:05:55,278 |-WARN in ch.qos.logback.core.rolling.SizeAndTimeBasedFNATP@6f19ac19 - SizeAndTimeBasedFNATP class was renamed as SizeAndTimeBasedFileNamingAndTriggeringPolicy.
21:05:55,284 |-INFO in ch.qos.logback.core.rolling.SizeAndTimeBasedFNATP@6f19ac19 - The date pattern is 'yyyy-MM-dd' from file name pattern 'src/main/log/archived/application-%d{yyyy-MM-dd}.%i.log'.
21:05:55,284 |-INFO in ch.qos.logback.core.rolling.SizeAndTimeBasedFNATP@6f19ac19 - Roll-over at midnight.
21:05:55,286 |-INFO in ch.qos.logback.core.rolling.SizeAndTimeBasedFNATP@6f19ac19 - Setting initial period to 2025-04-12T18:05:24.997Z
21:05:55,286 |-WARN in ch.qos.logback.core.rolling.SizeAndTimeBasedFNATP@6f19ac19 - Direct use of either SizeAndTimeBasedFNATP or SizeAndTimeBasedFileNamingAndTriggeringPolicy 
21:05:55,286 |-WARN in ch.qos.logback.core.rolling.SizeAndTimeBasedFNATP@6f19ac19 - is deprecated. Please use SizeAndTimeBasedRollingPolicy instead.
21:05:55,286 |-WARN in ch.qos.logback.core.rolling.SizeAndTimeBasedFNATP@6f19ac19 - For more information see https://logback.qos.ch/manual/appenders.html#SizeAndTimeBasedRollingPolicy
21:05:55,297 |-INFO in ch.qos.logback.core.rolling.RollingFileAppender[FILE] - Active log file name: src/main/log/application.log
21:05:55,302 |-INFO in ch.qos.logback.core.rolling.RollingFileAppender[FILE] - Setting currentFileLength to 5692288 for src\main\log\application.log
21:05:55,302 |-INFO in ch.qos.logback.core.rolling.RollingFileAppender[FILE] - File property is set to [src/main/log/application.log]
21:05:55,303 |-INFO in ch.qos.logback.classic.model.processor.RootLoggerModelHandler - Setting level of ROOT logger to INFO
21:05:55,304 |-INFO in ch.qos.logback.core.model.processor.AppenderRefModelHandler - Attaching appender named [FILE] to Logger[ROOT]
21:05:55,305 |-INFO in ch.qos.logback.classic.model.processor.RootLoggerModelHandler - Setting level of ROOT logger to DEBUG
21:05:55,305 |-INFO in ch.qos.logback.core.model.processor.AppenderRefModelHandler - Attaching appender named [CONSOLE] to Logger[ROOT]
21:05:55,305 |-INFO in ch.qos.logback.core.model.processor.DefaultProcessor@119cbf96 - End of configuration.
21:05:55,307 |-INFO in ch.qos.logback.classic.joran.JoranConfigurator@71329995 - Registering current configuration as safe fallback point
21:05:55,307 |-INFO in ch.qos.logback.classic.util.ContextInitializer@4397ad89 - ch.qos.logback.classic.util.DefaultJoranConfigurator.configure() call lasted 256 milliseconds. ExecutionStatus=DO_NOT_INVOKE_NEXT_IF_ANY

2025-04-12 21:05:55,463 DEBUG  DEBUG o.s.b.t.c.SpringBootTestContextBootstrapper: Neither @ContextConfiguration nor @ContextHierarchy found for test class [SenlaProjectApplicationTests]: using SpringBootContextLoader
2025-04-12 21:05:55,465 DEBUG  DEBUG o.s.t.c.s.AbstractContextLoader: Could not detect default resource locations for test class [ru.senla.socialnetwork.SenlaProjectApplicationTests]: no resource found for suffixes {-context.xml, Context.groovy}.
2025-04-12 21:05:55,466 INFO   INFO  o.s.t.c.s.AnnotationConfigContextLoaderUtils: Could not detect default configuration classes for test class [ru.senla.socialnetwork.SenlaProjectApplicationTests]: SenlaProjectApplicationTests does not declare any static, non-private, non-final, nested classes annotated with @Configuration.
2025-04-12 21:05:55,481 DEBUG  DEBUG o.s.b.t.c.SpringBootTestContextBootstrapper: Using ContextCustomizerFactory implementations for test class [SenlaProjectApplicationTests]: [ImportsContextCustomizerFactory, ExcludeFilterContextCustomizerFactory, HttpGraphQlTesterContextCustomizerFactory, DuplicateJsonObjectContextCustomizerFactory, MockitoContextCustomizerFactory, TestRestTemplateContextCustomizerFactory, WebTestClientContextCustomizerFactory, DisableReactorResourceFactoryGlobalResourcesContextCustomizerFactory, OnFailureConditionReportContextCustomizerFactory, OverrideAutoConfigurationContextCustomizerFactory, ObservabilityContextCustomizerFactory, TypeExcludeFiltersContextCustomizerFactory, PropertyMappingContextCustomizerFactory, WebDriverContextCustomizerFactory, BeanOverrideContextCustomizerFactory, MockServerContainerContextCustomizerFactory, DynamicPropertiesContextCustomizerFactory]
2025-04-12 21:05:55,505 DEBUG  DEBUG o.s.b.t.c.SpringBootTestContextBootstrapper: Using ContextCustomizers for test class [SenlaProjectApplicationTests]: [ExcludeFilterContextCustomizer, DuplicateJsonObjectContextCustomizer, MockitoContextCustomizer, TestRestTemplateContextCustomizer, DisableReactorResourceFactoryGlobalResourcesContextCustomizerCustomizer, OnFailureConditionReportContextCustomizer, DisableObservabilityContextCustomizer, PropertyMappingContextCustomizer, WebDriverContextCustomizer, DynamicPropertiesContextCustomizer]
2025-04-12 21:05:55,586 DEBUG  DEBUG o.s.c.a.ClassPathScanningCandidateComponentProvider: Identified candidate component class: file [C:\Users\Даниил\Desktop\RTD\socialnetwork\socialnetwork\target\classes\ru\senla\socialnetwork\SenlaProjectApplication.class]
2025-04-12 21:05:55,588 INFO   INFO  o.s.b.t.c.SpringBootTestContextBootstrapper: Found @SpringBootConfiguration ru.senla.socialnetwork.SenlaProjectApplication for test class ru.senla.socialnetwork.SenlaProjectApplicationTests
2025-04-12 21:05:55,752 DEBUG  DEBUG o.s.t.c.u.TestContextSpringFactoriesUtils: Skipping candidate TestExecutionListener [org.springframework.test.context.observation.MicrometerObservationRegistryTestExecutionListener] due to a missing dependency. Specify custom TestExecutionListener classes or make the default TestExecutionListener classes and their required dependencies available. Offending class: io.micrometer.context.ThreadLocalAccessor. MicrometerObservationRegistryTestExecutionListener requires io.micrometer:micrometer-observation:1.10.8 or higher and io.micrometer:context-propagation:1.0.3 or higher.
2025-04-12 21:05:55,773 DEBUG  DEBUG o.s.b.t.c.SpringBootTestContextBootstrapper: Using TestExecutionListeners for test class [SenlaProjectApplicationTests]: [ServletTestExecutionListener, DirtiesContextBeforeModesTestExecutionListener, ApplicationEventsTestExecutionListener, MockitoTestExecutionListener, BeanOverrideTestExecutionListener, DependencyInjectionTestExecutionListener, DirtiesContextTestExecutionListener, CommonCachesTestExecutionListener, TransactionalTestExecutionListener, SqlScriptsTestExecutionListener, EventPublishingTestExecutionListener, WithSecurityContextTestExecutionListener, ReactorContextTestExecutionListener, ResetMocksTestExecutionListener, RestDocsTestExecutionListener, MockRestServiceServerResetTestExecutionListener, MockMvcPrintOnlyOnFailureTestExecutionListener, WebDriverTestExecutionListener, MockWebServiceServerTestExecutionListener, MockitoResetTestExecutionListener]
2025-04-12 21:05:55,775 DEBUG  DEBUG o.s.t.c.s.DirtiesContextBeforeModesTestExecutionListener: Before test class: class [SenlaProjectApplicationTests], class annotated with @DirtiesContext [false] with mode [null]
21:05:56,073 |-INFO in ch.qos.logback.core.model.processor.AppenderModelHandler - Processing appender named [CONSOLE]
21:05:56,073 |-INFO in ch.qos.logback.core.model.processor.AppenderModelHandler - About to instantiate appender of type [ch.qos.logback.core.ConsoleAppender]
21:05:56,073 |-INFO in ch.qos.logback.core.model.processor.ImplicitModelHandler - Assuming default type [ch.qos.logback.classic.encoder.PatternLayoutEncoder] for [encoder] property
21:05:56,074 |-INFO in ch.qos.logback.core.ConsoleAppender[CONSOLE] - BEWARE: Writing to the console can be very slow. Avoid logging to the 
21:05:56,074 |-INFO in ch.qos.logback.core.ConsoleAppender[CONSOLE] - console in production environments, especially in high volume systems.
21:05:56,074 |-INFO in ch.qos.logback.core.ConsoleAppender[CONSOLE] - See also https://logback.qos.ch/codes.html#slowConsole
21:05:56,074 |-INFO in ch.qos.logback.core.model.processor.AppenderModelHandler - Processing appender named [FILE]
21:05:56,074 |-INFO in ch.qos.logback.core.model.processor.AppenderModelHandler - About to instantiate appender of type [ch.qos.logback.core.rolling.RollingFileAppender]
21:05:56,075 |-INFO in ch.qos.logback.core.model.processor.ModelInterpretationContext@57bd2029 - value "src/main/log/application.log" substituted for "${ROOT}/application.log"
21:05:56,075 |-INFO in ch.qos.logback.core.model.processor.ImplicitModelHandler - Assuming default type [ch.qos.logback.classic.encoder.PatternLayoutEncoder] for [encoder] property
21:05:56,076 |-INFO in c.q.l.core.rolling.TimeBasedRollingPolicy@540923243 - No compression will be used
21:05:56,077 |-INFO in c.q.l.core.rolling.TimeBasedRollingPolicy@540923243 - Will use the pattern src/main/log/archived/application-%d{yyyy-MM-dd}.%i.log for the active file
21:05:56,077 |-WARN in ch.qos.logback.core.rolling.SizeAndTimeBasedFNATP@e8fadb0 - SizeAndTimeBasedFNATP class was renamed as SizeAndTimeBasedFileNamingAndTriggeringPolicy.
21:05:56,077 |-INFO in ch.qos.logback.core.rolling.SizeAndTimeBasedFNATP@e8fadb0 - The date pattern is 'yyyy-MM-dd' from file name pattern 'src/main/log/archived/application-%d{yyyy-MM-dd}.%i.log'.
21:05:56,077 |-INFO in ch.qos.logback.core.rolling.SizeAndTimeBasedFNATP@e8fadb0 - Roll-over at midnight.
21:05:56,078 |-INFO in ch.qos.logback.core.rolling.SizeAndTimeBasedFNATP@e8fadb0 - Setting initial period to 2025-04-12T18:05:55.776Z
21:05:56,078 |-WARN in ch.qos.logback.core.rolling.SizeAndTimeBasedFNATP@e8fadb0 - Direct use of either SizeAndTimeBasedFNATP or SizeAndTimeBasedFileNamingAndTriggeringPolicy 
21:05:56,078 |-WARN in ch.qos.logback.core.rolling.SizeAndTimeBasedFNATP@e8fadb0 - is deprecated. Please use SizeAndTimeBasedRollingPolicy instead.
21:05:56,078 |-WARN in ch.qos.logback.core.rolling.SizeAndTimeBasedFNATP@e8fadb0 - For more information see https://logback.qos.ch/manual/appenders.html#SizeAndTimeBasedRollingPolicy
21:05:56,078 |-INFO in ch.qos.logback.core.rolling.RollingFileAppender[FILE] - Active log file name: src/main/log/application.log
21:05:56,078 |-INFO in ch.qos.logback.core.rolling.RollingFileAppender[FILE] - Setting currentFileLength to 5696770 for src\main\log\application.log
21:05:56,078 |-INFO in ch.qos.logback.core.rolling.RollingFileAppender[FILE] - File property is set to [src/main/log/application.log]
21:05:56,079 |-INFO in ch.qos.logback.classic.model.processor.RootLoggerModelHandler - Setting level of ROOT logger to INFO
21:05:56,079 |-INFO in ch.qos.logback.classic.jul.LevelChangePropagator@6d64b553 - Propagating INFO level on Logger[ROOT] onto the JUL framework
21:05:56,079 |-INFO in ch.qos.logback.core.model.processor.AppenderRefModelHandler - Attaching appender named [FILE] to Logger[ROOT]
21:05:56,080 |-INFO in ch.qos.logback.classic.model.processor.RootLoggerModelHandler - Setting level of ROOT logger to DEBUG
21:05:56,080 |-INFO in ch.qos.logback.classic.jul.LevelChangePropagator@6d64b553 - Propagating DEBUG level on Logger[ROOT] onto the JUL framework
21:05:56,080 |-INFO in ch.qos.logback.core.model.processor.AppenderRefModelHandler - Attaching appender named [CONSOLE] to Logger[ROOT]
21:05:56,080 |-INFO in ch.qos.logback.core.model.processor.DefaultProcessor@53667cbe - End of configuration.
21:05:56,080 |-INFO in org.springframework.boot.logging.logback.SpringBootJoranConfigurator@1d3e6d34 - Registering current configuration as safe fallback point


  .   ____          _            __ _ _
 /\\ / ___'_ __ _ _(_)_ __  __ _ \ \ \ \
( ( )\___ | '_ | '_| | '_ \/ _` | \ \ \ \
 \\/  ___)| |_)| | | | | || (_| |  ) ) ) )
  '  |____| .__|_| |_|_| |_\__, | / / / /
 =========|_|==============|___/=/_/_/_/

 :: Spring Boot ::                (v3.4.4)

2025-04-12 21:05:56,137 DEBUG  DEBUG org.jboss.logging: Logging Provider: org.jboss.logging.Slf4jLoggerProvider found via system property
2025-04-12 21:05:56,138 INFO   INFO  o.h.v.i.util.Version: HV000001: Hibernate Validator 8.0.1.Final
2025-04-12 21:05:56,143 DEBUG  DEBUG o.h.v.i.x.c.ValidationXmlParser: Trying to load META-INF/validation.xml for XML based Validator configuration.
2025-04-12 21:05:56,144 DEBUG  DEBUG o.h.v.i.x.c.ResourceLoaderHelper: Trying to load META-INF/validation.xml via TCCL
2025-04-12 21:05:56,144 DEBUG  DEBUG o.h.v.i.x.c.ResourceLoaderHelper: Trying to load META-INF/validation.xml via Hibernate Validator's class loader
2025-04-12 21:05:56,144 DEBUG  DEBUG o.h.v.i.x.c.ValidationXmlParser: No META-INF/validation.xml found. Using annotation based configuration only.
2025-04-12 21:05:56,152 DEBUG  DEBUG o.h.v.i.e.r.TraversableResolvers: Found jakarta.persistence.Persistence on classpath containing 'getPersistenceUtil'. Assuming JPA 2 environment. Trying to instantiate JPA aware TraversableResolver
2025-04-12 21:05:56,153 DEBUG  DEBUG o.h.v.i.e.r.TraversableResolvers: Instantiated JPA aware TraversableResolver of type org.hibernate.validator.internal.engine.resolver.JPATraversableResolver.
2025-04-12 21:05:56,191 DEBUG  DEBUG o.h.v.m.ResourceBundleMessageInterpolator: Loaded expression factory via original TCCL
2025-04-12 21:05:56,196 INFO   INFO  r.s.s.SenlaProjectApplicationTests: Starting SenlaProjectApplicationTests using Java 21.0.4 with PID 9948 (started by Daniil in C:\Users\Даниил\Desktop\RTD\socialnetwork\socialnetwork)
2025-04-12 21:05:56,197 DEBUG  DEBUG r.s.s.SenlaProjectApplicationTests: Running with Spring Boot v3.4.4, Spring v6.2.5
2025-04-12 21:05:56,197 INFO   INFO  r.s.s.SenlaProjectApplicationTests: No active profile set, falling back to 1 default profile: "default"
2025-04-12 21:05:56,198 DEBUG  DEBUG o.s.b.SpringApplication: Loading source class ru.senla.socialnetwork.SenlaProjectApplication
2025-04-12 21:05:56,236 DEBUG  DEBUG o.s.w.c.s.GenericWebApplicationContext: Refreshing org.springframework.web.context.support.GenericWebApplicationContext@6d467c87
2025-04-12 21:05:56,264 DEBUG  DEBUG o.s.b.f.s.DefaultListableBeanFactory: Creating shared instance of singleton bean 'org.springframework.context.annotation.internalConfigurationAnnotationProcessor'
2025-04-12 21:05:56,292 DEBUG  DEBUG o.s.b.f.s.DefaultListableBeanFactory: Creating shared instance of singleton bean 'org.springframework.boot.autoconfigure.internalCachingMetadataReaderFactory'
2025-04-12 21:05:56,346 DEBUG  DEBUG o.h.v.i.e.ValidatorFactoryConfigurationHelper: HV000252: Using org.hibernate.validator.internal.engine.DefaultPropertyNodeNameProvider as property node name provider.
2025-04-12 21:05:56,370 DEBUG  DEBUG o.s.c.a.ClassPathBeanDefinitionScanner: Identified candidate component class: file [C:\Users\Даниил\Desktop\RTD\socialnetwork\socialnetwork\target\classes\ru\senla\socialnetwork\config\HibernateConfig.class]
2025-04-12 21:05:56,374 DEBUG  DEBUG o.h.v.i.e.ValidatorFactoryConfigurationHelper: HV000234: Using org.hibernate.validator.messageinterpolation.ResourceBundleMessageInterpolator as ValidatorFactory-scoped message interpolator.
2025-04-12 21:05:56,375 DEBUG  DEBUG o.h.v.i.e.ValidatorFactoryConfigurationHelper: HV000234: Using org.hibernate.validator.internal.engine.resolver.JPATraversableResolver as ValidatorFactory-scoped traversable resolver.
2025-04-12 21:05:56,376 DEBUG  DEBUG o.h.v.i.e.ValidatorFactoryConfigurationHelper: HV000234: Using org.hibernate.validator.internal.util.ExecutableParameterNameProvider as ValidatorFactory-scoped parameter name provider.
2025-04-12 21:05:56,377 DEBUG  DEBUG o.h.v.i.e.ValidatorFactoryConfigurationHelper: HV000234: Using org.hibernate.validator.internal.engine.DefaultClockProvider as ValidatorFactory-scoped clock provider.
2025-04-12 21:05:56,377 DEBUG  DEBUG o.h.v.i.e.ValidatorFactoryConfigurationHelper: HV000234: Using org.hibernate.validator.internal.engine.scripting.DefaultScriptEvaluatorFactory as ValidatorFactory-scoped script evaluator factory.
2025-04-12 21:05:56,427 DEBUG  DEBUG o.s.c.a.ClassPathBeanDefinitionScanner: Identified candidate component class: file [C:\Users\Даниил\Desktop\RTD\socialnetwork\socialnetwork\target\classes\ru\senla\socialnetwork\controllers\TestController.class]
2025-04-12 21:05:56,452 DEBUG  DEBUG o.s.c.a.ClassPathBeanDefinitionScanner: Identified candidate component class: file [C:\Users\Даниил\Desktop\RTD\socialnetwork\socialnetwork\target\classes\ru\senla\socialnetwork\repository\UserRepository.class]
2025-04-12 21:05:57,713 DEBUG  DEBUG o.s.b.f.s.DefaultListableBeanFactory: Creating shared instance of singleton bean 'propertySourcesPlaceholderConfigurer'
2025-04-12 21:05:57,722 DEBUG  DEBUG o.s.b.f.s.DefaultListableBeanFactory: Creating shared instance of singleton bean 'org.springframework.boot.test.mock.mockito.MockitoPostProcessor'
2025-04-12 21:05:57,731 DEBUG  DEBUG o.s.b.f.s.DefaultListableBeanFactory: Creating shared instance of singleton bean 'org.springframework.boot.sql.init.dependency.DatabaseInitializationDependencyConfigurer$DependsOnDatabaseInitializationPostProcessor'
2025-04-12 21:05:57,815 DEBUG  DEBUG o.s.b.f.s.DefaultListableBeanFactory: Creating shared instance of singleton bean 'org.springframework.context.event.internalEventListenerProcessor'
2025-04-12 21:05:57,817 DEBUG  DEBUG o.s.b.f.s.DefaultListableBeanFactory: Creating shared instance of singleton bean 'preserveErrorControllerTargetClassPostProcessor'
2025-04-12 21:05:57,819 DEBUG  DEBUG o.s.b.f.s.DefaultListableBeanFactory: Creating shared instance of singleton bean 'forceAutoProxyCreatorToUseClassProxying'
2025-04-12 21:05:57,820 DEBUG  DEBUG o.s.b.f.s.DefaultListableBeanFactory: Creating shared instance of singleton bean 'org.springframework.context.event.internalEventListenerFactory'
2025-04-12 21:05:57,821 DEBUG  DEBUG o.s.b.f.s.DefaultListableBeanFactory: Creating shared instance of singleton bean 'org.springframework.transaction.config.internalTransactionalEventListenerFactory'
2025-04-12 21:05:57,826 DEBUG  DEBUG o.s.b.f.s.DefaultListableBeanFactory: Creating shared instance of singleton bean 'org.springframework.boot.test.mock.mockito.MockitoPostProcessor$SpyPostProcessor'
2025-04-12 21:05:57,827 DEBUG  DEBUG o.s.b.f.s.DefaultListableBeanFactory: Creating shared instance of singleton bean 'org.springframework.context.annotation.internalAutowiredAnnotationProcessor'
2025-04-12 21:05:57,829 DEBUG  DEBUG o.s.b.f.s.DefaultListableBeanFactory: Creating shared instance of singleton bean 'org.springframework.context.annotation.internalCommonAnnotationProcessor'
2025-04-12 21:05:57,833 DEBUG  DEBUG o.s.b.f.s.DefaultListableBeanFactory: Creating shared instance of singleton bean 'org.springframework.context.annotation.internalPersistenceAnnotationProcessor'
2025-04-12 21:05:57,833 DEBUG  DEBUG o.s.b.f.s.DefaultListableBeanFactory: Creating shared instance of singleton bean 'org.springframework.boot.context.properties.ConfigurationPropertiesBindingPostProcessor'
2025-04-12 21:05:57,834 DEBUG  DEBUG o.s.b.f.s.DefaultListableBeanFactory: Creating shared instance of singleton bean 'org.springframework.boot.context.internalConfigurationPropertiesBinder'
2025-04-12 21:05:57,837 DEBUG  DEBUG o.s.b.f.s.DefaultListableBeanFactory: Creating shared instance of singleton bean 'org.springframework.aop.config.internalAutoProxyCreator'
2025-04-12 21:05:57,856 DEBUG  DEBUG o.s.b.f.s.DefaultListableBeanFactory: Creating shared instance of singleton bean 'methodValidationPostProcessor'
2025-04-12 21:05:57,860 DEBUG  DEBUG o.s.b.f.s.DefaultListableBeanFactory: Autowiring by type from bean name 'methodValidationPostProcessor' via factory method to bean named 'environment'
2025-04-12 21:05:57,863 DEBUG  DEBUG o.s.b.f.s.DefaultListableBeanFactory: Creating shared instance of singleton bean 'org.springframework.boot.context.properties.EnableConfigurationPropertiesRegistrar.methodValidationExcludeFilter'
2025-04-12 21:05:57,880 DEBUG  DEBUG o.s.b.f.s.DefaultListableBeanFactory: Creating shared instance of singleton bean 'persistenceExceptionTranslationPostProcessor'
2025-04-12 21:05:57,881 DEBUG  DEBUG o.s.b.f.s.DefaultListableBeanFactory: Autowiring by type from bean name 'persistenceExceptionTranslationPostProcessor' via factory method to bean named 'environment'
2025-04-12 21:05:57,883 DEBUG  DEBUG o.s.b.f.s.DefaultListableBeanFactory: Creating shared instance of singleton bean 'webServerFactoryCustomizerBeanPostProcessor'
2025-04-12 21:05:57,884 DEBUG  DEBUG o.s.b.f.s.DefaultListableBeanFactory: Creating shared instance of singleton bean 'errorPageRegistrarBeanPostProcessor'
2025-04-12 21:05:57,888 DEBUG  DEBUG o.s.u.c.s.UiApplicationContextUtils: Unable to locate ThemeSource with name 'themeSource': using default [org.springframework.ui.context.support.ResourceBundleThemeSource@5b5dce5c]
2025-04-12 21:05:57,889 DEBUG  DEBUG o.s.b.f.s.DefaultListableBeanFactory: Creating shared instance of singleton bean 'org.springframework.test.context.support.internalDynamicPropertyRegistrarBeanInitializer'
2025-04-12 21:05:57,891 DEBUG  DEBUG o.s.b.f.s.DefaultListableBeanFactory: Creating shared instance of singleton bean 'org.springframework.transaction.config.internalTransactionAdvisor'
2025-04-12 21:05:57,891 DEBUG  DEBUG o.s.b.f.s.DefaultListableBeanFactory: Creating shared instance of singleton bean 'org.springframework.transaction.annotation.ProxyTransactionManagementConfiguration'
2025-04-12 21:05:57,897 DEBUG  DEBUG o.s.b.f.s.DefaultListableBeanFactory: Creating shared instance of singleton bean 'transactionAttributeSource'
2025-04-12 21:05:57,899 DEBUG  DEBUG o.s.b.f.s.DefaultListableBeanFactory: Creating shared instance of singleton bean 'transactionInterceptor'
2025-04-12 21:05:57,899 DEBUG  DEBUG o.s.b.f.s.DefaultListableBeanFactory: Autowiring by type from bean name 'transactionInterceptor' via factory method to bean named 'transactionAttributeSource'
2025-04-12 21:05:57,905 DEBUG  DEBUG o.s.b.f.s.DefaultListableBeanFactory: Autowiring by type from bean name 'org.springframework.transaction.config.internalTransactionAdvisor' via factory method to bean named 'transactionAttributeSource'
2025-04-12 21:05:57,905 DEBUG  DEBUG o.s.b.f.s.DefaultListableBeanFactory: Autowiring by type from bean name 'org.springframework.transaction.config.internalTransactionAdvisor' via factory method to bean named 'transactionInterceptor'
2025-04-12 21:05:57,910 DEBUG  DEBUG o.s.b.f.s.DefaultListableBeanFactory: Creating shared instance of singleton bean 'senlaProjectApplication'
2025-04-12 21:05:57,911 DEBUG  DEBUG o.s.b.f.s.DefaultListableBeanFactory: Creating shared instance of singleton bean 'hibernateConfig'
2025-04-12 21:05:57,918 DEBUG  DEBUG o.s.c.e.PropertySourcesPropertyResolver: Found key 'spring.datasource.url' in PropertySource 'environmentProperties' with value of type String
2025-04-12 21:05:57,921 DEBUG  DEBUG o.s.c.e.PropertySourcesPropertyResolver: Found key 'spring.datasource.username' in PropertySource 'environmentProperties' with value of type String
2025-04-12 21:05:57,922 DEBUG  DEBUG o.s.c.e.PropertySourcesPropertyResolver: Found key 'spring.datasource.password' in PropertySource 'environmentProperties' with value of type String
2025-04-12 21:05:57,924 DEBUG  DEBUG o.s.b.f.s.DefaultListableBeanFactory: Creating shared instance of singleton bean 'testController'
2025-04-12 21:05:57,926 DEBUG  DEBUG o.s.b.f.s.DefaultListableBeanFactory: Creating shared instance of singleton bean 'userRepository'
2025-04-12 21:05:57,927 DEBUG  DEBUG o.s.b.f.s.DefaultListableBeanFactory: Creating shared instance of singleton bean 'dataSourceScriptDatabaseInitializer'
2025-04-12 21:05:57,927 DEBUG  DEBUG o.s.b.f.s.DefaultListableBeanFactory: Creating shared instance of singleton bean 'org.springframework.boot.autoconfigure.sql.init.DataSourceInitializationConfiguration'
2025-04-12 21:05:57,928 DEBUG  DEBUG o.s.b.f.s.DefaultListableBeanFactory: Creating shared instance of singleton bean 'dataSource'
2025-04-12 21:05:57,931 DEBUG  DEBUG c.z.h.HikariConfig: Class org.postgresql.Driver found in Thread context class loader jdk.internal.loader.ClassLoaders$AppClassLoader@33909752
2025-04-12 21:05:57,935 DEBUG  DEBUG c.z.h.HikariConfig: HikariPool-1 - configuration:
2025-04-12 21:05:57,940 DEBUG  DEBUG c.z.h.HikariConfig: allowPoolSuspension.............false
2025-04-12 21:05:57,940 DEBUG  DEBUG c.z.h.HikariConfig: autoCommit......................true
2025-04-12 21:05:57,941 DEBUG  DEBUG c.z.h.HikariConfig: catalog.........................none
2025-04-12 21:05:57,941 DEBUG  DEBUG c.z.h.HikariConfig: connectionInitSql...............none
2025-04-12 21:05:57,941 DEBUG  DEBUG c.z.h.HikariConfig: connectionTestQuery.............none
2025-04-12 21:05:57,942 DEBUG  DEBUG c.z.h.HikariConfig: connectionTimeout...............30000
2025-04-12 21:05:57,942 DEBUG  DEBUG c.z.h.HikariConfig: credentials.....................com.zaxxer.hikari.util.Credentials@6a1d526c
2025-04-12 21:05:57,942 DEBUG  DEBUG c.z.h.HikariConfig: dataSource......................none
2025-04-12 21:05:57,943 DEBUG  DEBUG c.z.h.HikariConfig: dataSourceClassName.............none
2025-04-12 21:05:57,943 DEBUG  DEBUG c.z.h.HikariConfig: dataSourceJNDI..................none
2025-04-12 21:05:57,944 DEBUG  DEBUG c.z.h.HikariConfig: dataSourceProperties............{password=<masked>}
2025-04-12 21:05:57,944 DEBUG  DEBUG c.z.h.HikariConfig: driverClassName................."org.postgresql.Driver"
2025-04-12 21:05:57,944 DEBUG  DEBUG c.z.h.HikariConfig: exceptionOverride...............none
2025-04-12 21:05:57,945 DEBUG  DEBUG c.z.h.HikariConfig: exceptionOverrideClassName......none
2025-04-12 21:05:57,946 DEBUG  DEBUG c.z.h.HikariConfig: healthCheckProperties...........{}
2025-04-12 21:05:57,946 DEBUG  DEBUG c.z.h.HikariConfig: healthCheckRegistry.............none
2025-04-12 21:05:57,947 DEBUG  DEBUG c.z.h.HikariConfig: idleTimeout.....................600000
2025-04-12 21:05:57,947 DEBUG  DEBUG c.z.h.HikariConfig: initializationFailTimeout.......1
2025-04-12 21:05:57,947 DEBUG  DEBUG c.z.h.HikariConfig: isolateInternalQueries..........false
2025-04-12 21:05:57,947 DEBUG  DEBUG c.z.h.HikariConfig: jdbcUrl.........................jdbc:postgresql://localhost:5432/senlaproject
2025-04-12 21:05:57,947 DEBUG  DEBUG c.z.h.HikariConfig: keepaliveTime...................120000
2025-04-12 21:05:57,947 DEBUG  DEBUG c.z.h.HikariConfig: leakDetectionThreshold..........0
2025-04-12 21:05:57,948 DEBUG  DEBUG c.z.h.HikariConfig: maxLifetime.....................1800000
2025-04-12 21:05:57,948 DEBUG  DEBUG c.z.h.HikariConfig: maximumPoolSize.................5
2025-04-12 21:05:57,948 DEBUG  DEBUG c.z.h.HikariConfig: metricRegistry..................none
2025-04-12 21:05:57,948 DEBUG  DEBUG c.z.h.HikariConfig: metricsTrackerFactory...........none
2025-04-12 21:05:57,948 DEBUG  DEBUG c.z.h.HikariConfig: minimumIdle.....................5
2025-04-12 21:05:57,949 DEBUG  DEBUG c.z.h.HikariConfig: password........................<masked>
2025-04-12 21:05:57,949 DEBUG  DEBUG c.z.h.HikariConfig: poolName........................"HikariPool-1"
2025-04-12 21:05:57,950 DEBUG  DEBUG c.z.h.HikariConfig: readOnly........................false
2025-04-12 21:05:57,950 DEBUG  DEBUG c.z.h.HikariConfig: registerMbeans..................false
2025-04-12 21:05:57,950 DEBUG  DEBUG c.z.h.HikariConfig: scheduledExecutor...............none
2025-04-12 21:05:57,950 DEBUG  DEBUG c.z.h.HikariConfig: schema..........................none
2025-04-12 21:05:57,951 DEBUG  DEBUG c.z.h.HikariConfig: threadFactory...................internal
2025-04-12 21:05:57,951 DEBUG  DEBUG c.z.h.HikariConfig: transactionIsolation............default
2025-04-12 21:05:57,951 DEBUG  DEBUG c.z.h.HikariConfig: username........................"senla_user"
2025-04-12 21:05:57,952 DEBUG  DEBUG c.z.h.HikariConfig: validationTimeout...............5000
2025-04-12 21:05:57,958 INFO   INFO  c.z.h.HikariDataSource: HikariPool-1 - Starting...
2025-04-12 21:05:58,018 DEBUG  DEBUG c.z.h.pool.PoolBase: HikariPool-1 - Attempting to create/setup new connection (fbdf257b-df9a-4cad-91e7-b7eaead0aa27)
2025-04-12 21:05:58,021 DEBUG  DEBUG o.postgresql.Driver: Loading driver configuration via classloader jdk.internal.loader.ClassLoaders$AppClassLoader@33909752
2025-04-12 21:05:58,025 DEBUG  DEBUG o.postgresql.Driver: Connecting with URL: jdbc:postgresql://localhost:5432/senlaproject
2025-04-12 21:05:58,039 DEBUG  DEBUG o.p.j.PgConnection: PostgreSQL JDBC Driver 42.7.5
2025-04-12 21:05:58,041 DEBUG  DEBUG o.p.j.PgConnection:   setDefaultFetchSize = 0
2025-04-12 21:05:58,042 DEBUG  DEBUG o.p.j.PgConnection:   setPrepareThreshold = 5
2025-04-12 21:05:58,050 DEBUG  DEBUG o.p.c.v.ConnectionFactoryImpl: Trying to establish a protocol version 3 connection to localhost:5432
2025-04-12 21:05:58,087 DEBUG  DEBUG o.p.c.v.ConnectionFactoryImpl: Receive Buffer Size is 65 536
2025-04-12 21:05:58,108 DEBUG  DEBUG o.p.c.v.ConnectionFactoryImpl: Send Buffer Size is 65 536
2025-04-12 21:05:58,299 DEBUG  DEBUG c.z.h.pool.PoolBase: HikariPool-1 - Established new connection (fbdf257b-df9a-4cad-91e7-b7eaead0aa27)
2025-04-12 21:05:58,301 INFO   INFO  c.z.h.p.HikariPool: HikariPool-1 - Added connection org.postgresql.jdbc.PgConnection@42507640
2025-04-12 21:05:58,304 INFO   INFO  c.z.h.HikariDataSource: HikariPool-1 - Start completed.
2025-04-12 21:05:58,320 DEBUG  DEBUG o.s.b.f.s.DefaultListableBeanFactory: Creating shared instance of singleton bean 'spring.sql.init-org.springframework.boot.autoconfigure.sql.init.SqlInitializationProperties'
2025-04-12 21:05:58,324 DEBUG  DEBUG o.s.b.f.s.DefaultListableBeanFactory: Creating shared instance of singleton bean 'org.springframework.boot.context.properties.BoundConfigurationProperties'
2025-04-12 21:05:58,341 DEBUG  DEBUG o.s.b.f.s.DefaultListableBeanFactory: Autowiring by type from bean name 'dataSourceScriptDatabaseInitializer' via factory method to bean named 'dataSource'
2025-04-12 21:05:58,342 DEBUG  DEBUG o.s.b.f.s.DefaultListableBeanFactory: Autowiring by type from bean name 'dataSourceScriptDatabaseInitializer' via factory method to bean named 'spring.sql.init-org.springframework.boot.autoconfigure.sql.init.SqlInitializationProperties'
2025-04-12 21:05:58,355 DEBUG  DEBUG o.s.b.f.s.DefaultListableBeanFactory: Creating shared instance of singleton bean 'sessionFactory'
2025-04-12 21:05:58,357 DEBUG  DEBUG o.s.b.f.s.DefaultListableBeanFactory: Autowiring by type from bean name 'sessionFactory' via factory method to bean named 'dataSource'
2025-04-12 21:05:58,414 DEBUG  DEBUG c.z.h.p.HikariPool: HikariPool-1 - Pool stats (total=1/5, idle=1/5, active=0, waiting=0)
2025-04-12 21:05:58,416 DEBUG  DEBUG c.z.h.pool.PoolBase: HikariPool-1 - Attempting to create/setup new connection (c06dde22-4b6b-41d5-9335-f7b1435af624)
2025-04-12 21:05:58,423 DEBUG  DEBUG o.postgresql.Driver: Connecting with URL: jdbc:postgresql://localhost:5432/senlaproject
2025-04-12 21:05:58,424 DEBUG  DEBUG o.p.j.PgConnection: PostgreSQL JDBC Driver 42.7.5
2025-04-12 21:05:58,424 DEBUG  DEBUG o.p.j.PgConnection:   setDefaultFetchSize = 0
2025-04-12 21:05:58,425 DEBUG  DEBUG o.p.j.PgConnection:   setPrepareThreshold = 5
2025-04-12 21:05:58,426 DEBUG  DEBUG o.p.c.v.ConnectionFactoryImpl: Trying to establish a protocol version 3 connection to localhost:5432
2025-04-12 21:05:58,428 DEBUG  DEBUG o.p.c.v.ConnectionFactoryImpl: Receive Buffer Size is 65 536
2025-04-12 21:05:58,429 DEBUG  DEBUG o.p.c.v.ConnectionFactoryImpl: Send Buffer Size is 65 536
2025-04-12 21:05:58,445 DEBUG  DEBUG o.h.i.i.IntegratorServiceImpl: Adding Integrator [org.hibernate.boot.beanvalidation.BeanValidationIntegrator].
2025-04-12 21:05:58,450 DEBUG  DEBUG o.h.i.i.IntegratorServiceImpl: Adding Integrator [org.hibernate.cache.internal.CollectionCacheInvalidator].
2025-04-12 21:05:58,493 DEBUG  DEBUG c.z.h.pool.PoolBase: HikariPool-1 - Established new connection (c06dde22-4b6b-41d5-9335-f7b1435af624)
2025-04-12 21:05:58,494 DEBUG  DEBUG c.z.h.p.HikariPool: HikariPool-1 - Added connection org.postgresql.jdbc.PgConnection@332aeb1a
2025-04-12 21:05:58,502 INFO   INFO  o.hibernate.Version: HHH000412: Hibernate ORM core version 6.6.8.Final
2025-04-12 21:05:58,505 DEBUG  DEBUG o.h.cfg.Environment: HHH000206: 'hibernate.properties' not found
2025-04-12 21:05:58,539 DEBUG  DEBUG c.z.h.p.HikariPool: HikariPool-1 - After adding stats (total=2/5, idle=2/5, active=0, waiting=0)
2025-04-12 21:05:58,539 DEBUG  DEBUG c.z.h.pool.PoolBase: HikariPool-1 - Attempting to create/setup new connection (2da4c0eb-8637-4d04-aaec-3c428bccb910)
2025-04-12 21:05:58,540 DEBUG  DEBUG o.postgresql.Driver: Connecting with URL: jdbc:postgresql://localhost:5432/senlaproject
2025-04-12 21:05:58,540 DEBUG  DEBUG o.p.j.PgConnection: PostgreSQL JDBC Driver 42.7.5
2025-04-12 21:05:58,540 DEBUG  DEBUG o.p.j.PgConnection:   setDefaultFetchSize = 0
2025-04-12 21:05:58,540 DEBUG  DEBUG o.p.j.PgConnection:   setPrepareThreshold = 5
2025-04-12 21:05:58,540 DEBUG  DEBUG o.p.c.v.ConnectionFactoryImpl: Trying to establish a protocol version 3 connection to localhost:5432
2025-04-12 21:05:58,542 DEBUG  DEBUG o.p.c.v.ConnectionFactoryImpl: Receive Buffer Size is 65 536
2025-04-12 21:05:58,542 DEBUG  DEBUG o.p.c.v.ConnectionFactoryImpl: Send Buffer Size is 65 536
2025-04-12 21:05:58,550 DEBUG  DEBUG o.s.c.i.s.PathMatchingResourcePatternResolver: Skipping search for files matching pattern [**/*.class]: directory [C:\Users\Даниил\Desktop\RTD\socialnetwork\socialnetwork\target\test-classes\ru\senla\socialnetwork\model] does not exist
2025-04-12 21:05:58,555 DEBUG  DEBUG o.h.c.Configuration: Building session factory using internal StandardServiceRegistryBuilder
2025-04-12 21:05:58,565 DEBUG  DEBUG o.h.c.Configuration: Building session factory using provided StandardServiceRegistry
2025-04-12 21:05:58,584 DEBUG  DEBUG o.h.o.idgen.factory: Ignoring CDI for resolving IdentifierGenerator instances as extended or delayed CDI support was enabled
2025-04-12 21:05:58,588 DEBUG  DEBUG o.h.o.idgen.factory: Registering IdentifierGenerator strategy [uuid2] -> [org.hibernate.id.UUIDGenerator]
2025-04-12 21:05:58,589 DEBUG  DEBUG o.h.o.idgen.factory: Registering IdentifierGenerator strategy [guid] -> [org.hibernate.id.GUIDGenerator]
2025-04-12 21:05:58,590 DEBUG  DEBUG o.h.o.idgen.factory: Registering IdentifierGenerator strategy [uuid] -> [org.hibernate.id.UUIDHexGenerator]
2025-04-12 21:05:58,590 DEBUG  DEBUG o.h.o.idgen.factory: Registering IdentifierGenerator strategy [uuid.hex] -> [org.hibernate.id.UUIDHexGenerator]
2025-04-12 21:05:58,591 DEBUG  DEBUG o.h.o.idgen.factory: Registering IdentifierGenerator strategy [assigned] -> [org.hibernate.id.Assigned]
2025-04-12 21:05:58,592 DEBUG  DEBUG o.h.o.idgen.factory: Registering IdentifierGenerator strategy [identity] -> [org.hibernate.id.IdentityGenerator]
2025-04-12 21:05:58,593 DEBUG  DEBUG o.h.o.idgen.factory: Registering IdentifierGenerator strategy [select] -> [org.hibernate.id.SelectGenerator]
2025-04-12 21:05:58,596 DEBUG  DEBUG o.h.o.idgen.factory: Registering IdentifierGenerator strategy [sequence] -> [org.hibernate.id.enhanced.SequenceStyleGenerator]
2025-04-12 21:05:58,597 DEBUG  DEBUG o.h.o.idgen.factory: Registering IdentifierGenerator strategy [increment] -> [org.hibernate.id.IncrementGenerator]
2025-04-12 21:05:58,598 DEBUG  DEBUG o.h.o.idgen.factory: Registering IdentifierGenerator strategy [foreign] -> [org.hibernate.id.ForeignGenerator]
2025-04-12 21:05:58,598 DEBUG  DEBUG o.h.o.idgen.factory: Registering IdentifierGenerator strategy [enhanced-sequence] -> [org.hibernate.id.enhanced.SequenceStyleGenerator]
2025-04-12 21:05:58,599 DEBUG  DEBUG o.h.o.idgen.factory: Registering IdentifierGenerator strategy [enhanced-table] -> [org.hibernate.id.enhanced.TableGenerator]
2025-04-12 21:05:58,611 DEBUG  DEBUG c.z.h.pool.PoolBase: HikariPool-1 - Established new connection (2da4c0eb-8637-4d04-aaec-3c428bccb910)
2025-04-12 21:05:58,612 DEBUG  DEBUG c.z.h.p.HikariPool: HikariPool-1 - Added connection org.postgresql.jdbc.PgConnection@39d2806a
2025-04-12 21:05:58,617 DEBUG  DEBUG o.h.c.i.RegionFactoryInitiator: Cannot default RegionFactory based on registered strategies as `[]` RegionFactory strategies were registered
2025-04-12 21:05:58,619 INFO   INFO  o.h.c.i.RegionFactoryInitiator: HHH000026: Second-level cache disabled
2025-04-12 21:05:58,651 DEBUG  DEBUG c.z.h.p.HikariPool: HikariPool-1 - After adding stats (total=3/5, idle=3/5, active=0, waiting=0)
2025-04-12 21:05:58,651 DEBUG  DEBUG c.z.h.pool.PoolBase: HikariPool-1 - Attempting to create/setup new connection (bffc1e2d-ac95-4a6f-a336-d09fff21e0d9)
2025-04-12 21:05:58,651 DEBUG  DEBUG o.postgresql.Driver: Connecting with URL: jdbc:postgresql://localhost:5432/senlaproject
2025-04-12 21:05:58,651 DEBUG  DEBUG o.p.j.PgConnection: PostgreSQL JDBC Driver 42.7.5
2025-04-12 21:05:58,652 DEBUG  DEBUG o.p.j.PgConnection:   setDefaultFetchSize = 0
2025-04-12 21:05:58,652 DEBUG  DEBUG o.p.j.PgConnection:   setPrepareThreshold = 5
2025-04-12 21:05:58,653 DEBUG  DEBUG o.p.c.v.ConnectionFactoryImpl: Trying to establish a protocol version 3 connection to localhost:5432
2025-04-12 21:05:58,654 DEBUG  DEBUG o.p.c.v.ConnectionFactoryImpl: Receive Buffer Size is 65 536
2025-04-12 21:05:58,654 DEBUG  DEBUG o.p.c.v.ConnectionFactoryImpl: Send Buffer Size is 65 536
2025-04-12 21:05:58,705 DEBUG  DEBUG c.z.h.pool.PoolBase: HikariPool-1 - Established new connection (bffc1e2d-ac95-4a6f-a336-d09fff21e0d9)
2025-04-12 21:05:58,705 DEBUG  DEBUG c.z.h.p.HikariPool: HikariPool-1 - Added connection org.postgresql.jdbc.PgConnection@7cd00934
2025-04-12 21:05:58,735 DEBUG  DEBUG o.h.t.BasicTypeRegistry: Adding type registration boolean -> org.hibernate.type.BasicTypeReference@3e5beab5
2025-04-12 21:05:58,735 DEBUG  DEBUG o.h.t.BasicTypeRegistry: Adding type registration boolean -> org.hibernate.type.BasicTypeReference@3e5beab5
2025-04-12 21:05:58,735 DEBUG  DEBUG o.h.t.BasicTypeRegistry: Adding type registration java.lang.Boolean -> org.hibernate.type.BasicTypeReference@3e5beab5
2025-04-12 21:05:58,735 DEBUG  DEBUG o.h.t.BasicTypeRegistry: Adding type registration numeric_boolean -> org.hibernate.type.BasicTypeReference@7c588adc
2025-04-12 21:05:58,736 DEBUG  DEBUG o.h.t.BasicTypeRegistry: Adding type registration org.hibernate.type.NumericBooleanConverter -> org.hibernate.type.BasicTypeReference@7c588adc
2025-04-12 21:05:58,736 DEBUG  DEBUG o.h.t.BasicTypeRegistry: Adding type registration true_false -> org.hibernate.type.BasicTypeReference@33ec2c0c
2025-04-12 21:05:58,736 DEBUG  DEBUG o.h.t.BasicTypeRegistry: Adding type registration org.hibernate.type.TrueFalseConverter -> org.hibernate.type.BasicTypeReference@33ec2c0c
2025-04-12 21:05:58,736 DEBUG  DEBUG o.h.t.BasicTypeRegistry: Adding type registration yes_no -> org.hibernate.type.BasicTypeReference@5968800d
2025-04-12 21:05:58,736 DEBUG  DEBUG o.h.t.BasicTypeRegistry: Adding type registration org.hibernate.type.YesNoConverter -> org.hibernate.type.BasicTypeReference@5968800d
2025-04-12 21:05:58,736 DEBUG  DEBUG o.h.t.BasicTypeRegistry: Adding type registration byte -> org.hibernate.type.BasicTypeReference@3887c7d7
2025-04-12 21:05:58,736 DEBUG  DEBUG o.h.t.BasicTypeRegistry: Adding type registration byte -> org.hibernate.type.BasicTypeReference@3887c7d7
2025-04-12 21:05:58,736 DEBUG  DEBUG o.h.t.BasicTypeRegistry: Adding type registration java.lang.Byte -> org.hibernate.type.BasicTypeReference@3887c7d7
2025-04-12 21:05:58,737 DEBUG  DEBUG o.h.t.BasicTypeRegistry: Adding type registration binary -> org.hibernate.type.BasicTypeReference@b1b471
2025-04-12 21:05:58,737 DEBUG  DEBUG o.h.t.BasicTypeRegistry: Adding type registration byte[] -> org.hibernate.type.BasicTypeReference@b1b471
2025-04-12 21:05:58,737 DEBUG  DEBUG o.h.t.BasicTypeRegistry: Adding type registration [B -> org.hibernate.type.BasicTypeReference@b1b471
2025-04-12 21:05:58,737 DEBUG  DEBUG o.h.t.BasicTypeRegistry: Adding type registration binary_wrapper -> org.hibernate.type.BasicTypeReference@526f6427
2025-04-12 21:05:58,737 DEBUG  DEBUG o.h.t.BasicTypeRegistry: Adding type registration wrapper-binary -> org.hibernate.type.BasicTypeReference@526f6427
2025-04-12 21:05:58,737 DEBUG  DEBUG o.h.t.BasicTypeRegistry: Adding type registration image -> org.hibernate.type.BasicTypeReference@4f1afe8f
2025-04-12 21:05:58,737 DEBUG  DEBUG o.h.t.BasicTypeRegistry: Adding type registration blob -> org.hibernate.type.BasicTypeReference@492521c4
2025-04-12 21:05:58,737 DEBUG  DEBUG o.h.t.BasicTypeRegistry: Adding type registration java.sql.Blob -> org.hibernate.type.BasicTypeReference@492521c4
2025-04-12 21:05:58,737 DEBUG  DEBUG o.h.t.BasicTypeRegistry: Adding type registration materialized_blob -> org.hibernate.type.BasicTypeReference@443a06ad
2025-04-12 21:05:58,737 DEBUG  DEBUG o.h.t.BasicTypeRegistry: Adding type registration materialized_blob_wrapper -> org.hibernate.type.BasicTypeReference@6ddd1c51
2025-04-12 21:05:58,737 DEBUG  DEBUG o.h.t.BasicTypeRegistry: Adding type registration short -> org.hibernate.type.BasicTypeReference@752b69e3
2025-04-12 21:05:58,737 DEBUG  DEBUG o.h.t.BasicTypeRegistry: Adding type registration short -> org.hibernate.type.BasicTypeReference@752b69e3
2025-04-12 21:05:58,737 DEBUG  DEBUG o.h.t.BasicTypeRegistry: Adding type registration java.lang.Short -> org.hibernate.type.BasicTypeReference@752b69e3
2025-04-12 21:05:58,738 DEBUG  DEBUG o.h.t.BasicTypeRegistry: Adding type registration integer -> org.hibernate.type.BasicTypeReference@15605d83
2025-04-12 21:05:58,738 DEBUG  DEBUG o.h.t.BasicTypeRegistry: Adding type registration int -> org.hibernate.type.BasicTypeReference@15605d83
2025-04-12 21:05:58,738 DEBUG  DEBUG o.h.t.BasicTypeRegistry: Adding type registration java.lang.Integer -> org.hibernate.type.BasicTypeReference@15605d83
2025-04-12 21:05:58,738 DEBUG  DEBUG o.h.t.BasicTypeRegistry: Adding type registration long -> org.hibernate.type.BasicTypeReference@1fb2eec
2025-04-12 21:05:58,738 DEBUG  DEBUG o.h.t.BasicTypeRegistry: Adding type registration long -> org.hibernate.type.BasicTypeReference@1fb2eec
2025-04-12 21:05:58,738 DEBUG  DEBUG o.h.t.BasicTypeRegistry: Adding type registration java.lang.Long -> org.hibernate.type.BasicTypeReference@1fb2eec
2025-04-12 21:05:58,738 DEBUG  DEBUG o.h.t.BasicTypeRegistry: Adding type registration float -> org.hibernate.type.BasicTypeReference@4c18516
2025-04-12 21:05:58,738 DEBUG  DEBUG o.h.t.BasicTypeRegistry: Adding type registration float -> org.hibernate.type.BasicTypeReference@4c18516
2025-04-12 21:05:58,738 DEBUG  DEBUG o.h.t.BasicTypeRegistry: Adding type registration java.lang.Float -> org.hibernate.type.BasicTypeReference@4c18516
2025-04-12 21:05:58,738 DEBUG  DEBUG o.h.t.BasicTypeRegistry: Adding type registration double -> org.hibernate.type.BasicTypeReference@2a0b901c
2025-04-12 21:05:58,738 DEBUG  DEBUG o.h.t.BasicTypeRegistry: Adding type registration double -> org.hibernate.type.BasicTypeReference@2a0b901c
2025-04-12 21:05:58,739 DEBUG  DEBUG o.h.t.BasicTypeRegistry: Adding type registration java.lang.Double -> org.hibernate.type.BasicTypeReference@2a0b901c
2025-04-12 21:05:58,739 DEBUG  DEBUG o.h.t.BasicTypeRegistry: Adding type registration big_integer -> org.hibernate.type.BasicTypeReference@3d104c9b
2025-04-12 21:05:58,739 DEBUG  DEBUG o.h.t.BasicTypeRegistry: Adding type registration java.math.BigInteger -> org.hibernate.type.BasicTypeReference@3d104c9b
2025-04-12 21:05:58,739 DEBUG  DEBUG o.h.t.BasicTypeRegistry: Adding type registration big_decimal -> org.hibernate.type.BasicTypeReference@6544899b
2025-04-12 21:05:58,739 DEBUG  DEBUG o.h.t.BasicTypeRegistry: Adding type registration java.math.BigDecimal -> org.hibernate.type.BasicTypeReference@6544899b
2025-04-12 21:05:58,739 DEBUG  DEBUG o.h.t.BasicTypeRegistry: Adding type registration character -> org.hibernate.type.BasicTypeReference@6da54910
2025-04-12 21:05:58,739 DEBUG  DEBUG o.h.t.BasicTypeRegistry: Adding type registration char -> org.hibernate.type.BasicTypeReference@6da54910
2025-04-12 21:05:58,739 DEBUG  DEBUG o.h.t.BasicTypeRegistry: Adding type registration java.lang.Character -> org.hibernate.type.BasicTypeReference@6da54910
2025-04-12 21:05:58,739 DEBUG  DEBUG o.h.t.BasicTypeRegistry: Adding type registration character_nchar -> org.hibernate.type.BasicTypeReference@1bd8afc8
2025-04-12 21:05:58,739 DEBUG  DEBUG o.h.t.BasicTypeRegistry: Adding type registration string -> org.hibernate.type.BasicTypeReference@24134cbc
2025-04-12 21:05:58,739 DEBUG  DEBUG o.h.t.BasicTypeRegistry: Adding type registration java.lang.String -> org.hibernate.type.BasicTypeReference@24134cbc
2025-04-12 21:05:58,739 DEBUG  DEBUG o.h.t.BasicTypeRegistry: Adding type registration nstring -> org.hibernate.type.BasicTypeReference@65da01f4
2025-04-12 21:05:58,740 DEBUG  DEBUG o.h.t.BasicTypeRegistry: Adding type registration characters -> org.hibernate.type.BasicTypeReference@22f02996
2025-04-12 21:05:58,740 DEBUG  DEBUG o.h.t.BasicTypeRegistry: Adding type registration char[] -> org.hibernate.type.BasicTypeReference@22f02996
2025-04-12 21:05:58,740 DEBUG  DEBUG o.h.t.BasicTypeRegistry: Adding type registration [C -> org.hibernate.type.BasicTypeReference@22f02996
2025-04-12 21:05:58,741 DEBUG  DEBUG o.h.t.BasicTypeRegistry: Adding type registration wrapper-characters -> org.hibernate.type.BasicTypeReference@7c8874ef
2025-04-12 21:05:58,741 DEBUG  DEBUG o.h.t.BasicTypeRegistry: Adding type registration text -> org.hibernate.type.BasicTypeReference@42c0a16e
2025-04-12 21:05:58,742 DEBUG  DEBUG o.h.t.BasicTypeRegistry: Adding type registration ntext -> org.hibernate.type.BasicTypeReference@77a0dd63
2025-04-12 21:05:58,742 DEBUG  DEBUG o.h.t.BasicTypeRegistry: Adding type registration clob -> org.hibernate.type.BasicTypeReference@543fe698
2025-04-12 21:05:58,742 DEBUG  DEBUG o.h.t.BasicTypeRegistry: Adding type registration java.sql.Clob -> org.hibernate.type.BasicTypeReference@543fe698
2025-04-12 21:05:58,742 DEBUG  DEBUG o.h.t.BasicTypeRegistry: Adding type registration nclob -> org.hibernate.type.BasicTypeReference@6b2fdffc
2025-04-12 21:05:58,742 DEBUG  DEBUG o.h.t.BasicTypeRegistry: Adding type registration java.sql.NClob -> org.hibernate.type.BasicTypeReference@6b2fdffc
2025-04-12 21:05:58,742 DEBUG  DEBUG o.h.t.BasicTypeRegistry: Adding type registration materialized_clob -> org.hibernate.type.BasicTypeReference@2ca3d826
2025-04-12 21:05:58,742 DEBUG  DEBUG o.h.t.BasicTypeRegistry: Adding type registration materialized_clob_char_array -> org.hibernate.type.BasicTypeReference@5d194314
2025-04-12 21:05:58,744 DEBUG  DEBUG o.h.t.BasicTypeRegistry: Adding type registration materialized_clob_character_array -> org.hibernate.type.BasicTypeReference@76396509
2025-04-12 21:05:58,745 DEBUG  DEBUG c.z.h.p.HikariPool: HikariPool-1 - After adding stats (total=4/5, idle=4/5, active=0, waiting=0)
2025-04-12 21:05:58,746 DEBUG  DEBUG o.h.t.BasicTypeRegistry: Adding type registration materialized_nclob -> org.hibernate.type.BasicTypeReference@637c840d
2025-04-12 21:05:58,746 DEBUG  DEBUG c.z.h.pool.PoolBase: HikariPool-1 - Attempting to create/setup new connection (550efc9b-c8e7-4922-9c7a-88a50fc168ce)
2025-04-12 21:05:58,746 DEBUG  DEBUG o.h.t.BasicTypeRegistry: Adding type registration materialized_nclob_character_array -> org.hibernate.type.BasicTypeReference@51ac12ac
2025-04-12 21:05:58,747 DEBUG  DEBUG o.postgresql.Driver: Connecting with URL: jdbc:postgresql://localhost:5432/senlaproject
2025-04-12 21:05:58,747 DEBUG  DEBUG o.p.j.PgConnection: PostgreSQL JDBC Driver 42.7.5
2025-04-12 21:05:58,747 DEBUG  DEBUG o.h.t.BasicTypeRegistry: Adding type registration materialized_nclob_char_array -> org.hibernate.type.BasicTypeReference@463afa6e
2025-04-12 21:05:58,749 DEBUG  DEBUG o.h.t.BasicTypeRegistry: Adding type registration Duration -> org.hibernate.type.BasicTypeReference@7b96de8d
2025-04-12 21:05:58,749 DEBUG  DEBUG o.h.t.BasicTypeRegistry: Adding type registration java.time.Duration -> org.hibernate.type.BasicTypeReference@7b96de8d
2025-04-12 21:05:58,749 DEBUG  DEBUG o.h.t.BasicTypeRegistry: Adding type registration LocalDateTime -> org.hibernate.type.BasicTypeReference@7ccd611e
2025-04-12 21:05:58,749 DEBUG  DEBUG o.h.t.BasicTypeRegistry: Adding type registration java.time.LocalDateTime -> org.hibernate.type.BasicTypeReference@7ccd611e
2025-04-12 21:05:58,749 DEBUG  DEBUG o.h.t.BasicTypeRegistry: Adding type registration LocalDate -> org.hibernate.type.BasicTypeReference@4dc52559
2025-04-12 21:05:58,749 DEBUG  DEBUG o.h.t.BasicTypeRegistry: Adding type registration java.time.LocalDate -> org.hibernate.type.BasicTypeReference@4dc52559
2025-04-12 21:05:58,749 DEBUG  DEBUG o.h.t.BasicTypeRegistry: Adding type registration LocalTime -> org.hibernate.type.BasicTypeReference@5c3d4f05
2025-04-12 21:05:58,749 DEBUG  DEBUG o.p.j.PgConnection:   setDefaultFetchSize = 0
2025-04-12 21:05:58,749 DEBUG  DEBUG o.h.t.BasicTypeRegistry: Adding type registration java.time.LocalTime -> org.hibernate.type.BasicTypeReference@5c3d4f05
2025-04-12 21:05:58,749 DEBUG  DEBUG o.h.t.BasicTypeRegistry: Adding type registration OffsetDateTime -> org.hibernate.type.BasicTypeReference@119290b9
2025-04-12 21:05:58,749 DEBUG  DEBUG o.p.j.PgConnection:   setPrepareThreshold = 5
2025-04-12 21:05:58,749 DEBUG  DEBUG o.h.t.BasicTypeRegistry: Adding type registration java.time.OffsetDateTime -> org.hibernate.type.BasicTypeReference@119290b9
2025-04-12 21:05:58,750 DEBUG  DEBUG o.p.c.v.ConnectionFactoryImpl: Trying to establish a protocol version 3 connection to localhost:5432
2025-04-12 21:05:58,750 DEBUG  DEBUG o.h.t.BasicTypeRegistry: Adding type registration OffsetDateTimeWithTimezone -> org.hibernate.type.BasicTypeReference@640d604
2025-04-12 21:05:58,750 DEBUG  DEBUG o.h.t.BasicTypeRegistry: Adding type registration OffsetDateTimeWithoutTimezone -> org.hibernate.type.BasicTypeReference@62cbc478
2025-04-12 21:05:58,750 DEBUG  DEBUG o.h.t.BasicTypeRegistry: Adding type registration OffsetTime -> org.hibernate.type.BasicTypeReference@5438fa43
2025-04-12 21:05:58,750 DEBUG  DEBUG o.h.t.BasicTypeRegistry: Adding type registration java.time.OffsetTime -> org.hibernate.type.BasicTypeReference@5438fa43
2025-04-12 21:05:58,750 DEBUG  DEBUG o.h.t.BasicTypeRegistry: Adding type registration OffsetTimeUtc -> org.hibernate.type.BasicTypeReference@512abf25
2025-04-12 21:05:58,751 DEBUG  DEBUG o.h.t.BasicTypeRegistry: Adding type registration OffsetTimeWithTimezone -> org.hibernate.type.BasicTypeReference@515ab3f2
2025-04-12 21:05:58,751 DEBUG  DEBUG o.h.t.BasicTypeRegistry: Adding type registration OffsetTimeWithoutTimezone -> org.hibernate.type.BasicTypeReference@6d0e45a5
2025-04-12 21:05:58,751 DEBUG  DEBUG o.h.t.BasicTypeRegistry: Adding type registration ZonedDateTime -> org.hibernate.type.BasicTypeReference@7e7740a5
2025-04-12 21:05:58,751 DEBUG  DEBUG o.h.t.BasicTypeRegistry: Adding type registration java.time.ZonedDateTime -> org.hibernate.type.BasicTypeReference@7e7740a5
2025-04-12 21:05:58,751 DEBUG  DEBUG o.h.t.BasicTypeRegistry: Adding type registration ZonedDateTimeWithTimezone -> org.hibernate.type.BasicTypeReference@7aa01bd9
2025-04-12 21:05:58,751 DEBUG  DEBUG o.h.t.BasicTypeRegistry: Adding type registration ZonedDateTimeWithoutTimezone -> org.hibernate.type.BasicTypeReference@7e61e25c
2025-04-12 21:05:58,751 DEBUG  DEBUG o.h.t.BasicTypeRegistry: Adding type registration date -> org.hibernate.type.BasicTypeReference@615db358
2025-04-12 21:05:58,751 DEBUG  DEBUG o.h.t.BasicTypeRegistry: Adding type registration java.sql.Date -> org.hibernate.type.BasicTypeReference@615db358
2025-04-12 21:05:58,751 DEBUG  DEBUG o.h.t.BasicTypeRegistry: Adding type registration time -> org.hibernate.type.BasicTypeReference@256bb5be
2025-04-12 21:05:58,751 DEBUG  DEBUG o.h.t.BasicTypeRegistry: Adding type registration java.sql.Time -> org.hibernate.type.BasicTypeReference@256bb5be
2025-04-12 21:05:58,752 DEBUG  DEBUG o.h.t.BasicTypeRegistry: Adding type registration timestamp -> org.hibernate.type.BasicTypeReference@5fef0c19
2025-04-12 21:05:58,752 DEBUG  DEBUG o.h.t.BasicTypeRegistry: Adding type registration java.sql.Timestamp -> org.hibernate.type.BasicTypeReference@5fef0c19
2025-04-12 21:05:58,752 DEBUG  DEBUG o.p.c.v.ConnectionFactoryImpl: Receive Buffer Size is 65 536
2025-04-12 21:05:58,752 DEBUG  DEBUG o.p.c.v.ConnectionFactoryImpl: Send Buffer Size is 65 536
2025-04-12 21:05:58,753 DEBUG  DEBUG o.h.t.BasicTypeRegistry: Adding type registration java.util.Date -> org.hibernate.type.BasicTypeReference@5fef0c19
2025-04-12 21:05:58,753 DEBUG  DEBUG o.h.t.BasicTypeRegistry: Adding type registration calendar -> org.hibernate.type.BasicTypeReference@22a6d75c
2025-04-12 21:05:58,753 DEBUG  DEBUG o.h.t.BasicTypeRegistry: Adding type registration java.util.Calendar -> org.hibernate.type.BasicTypeReference@22a6d75c
2025-04-12 21:05:58,753 DEBUG  DEBUG o.h.t.BasicTypeRegistry: Adding type registration java.util.GregorianCalendar -> org.hibernate.type.BasicTypeReference@22a6d75c
2025-04-12 21:05:58,753 DEBUG  DEBUG o.h.t.BasicTypeRegistry: Adding type registration calendar_date -> org.hibernate.type.BasicTypeReference@5a9840f3
2025-04-12 21:05:58,753 DEBUG  DEBUG o.h.t.BasicTypeRegistry: Adding type registration calendar_time -> org.hibernate.type.BasicTypeReference@7d30007d
2025-04-12 21:05:58,753 DEBUG  DEBUG o.h.t.BasicTypeRegistry: Adding type registration instant -> org.hibernate.type.BasicTypeReference@382d71c7
2025-04-12 21:05:58,753 DEBUG  DEBUG o.h.t.BasicTypeRegistry: Adding type registration java.time.Instant -> org.hibernate.type.BasicTypeReference@382d71c7
2025-04-12 21:05:58,754 DEBUG  DEBUG o.h.t.BasicTypeRegistry: Adding type registration uuid -> org.hibernate.type.BasicTypeReference@2ca54da9
2025-04-12 21:05:58,754 DEBUG  DEBUG o.h.t.BasicTypeRegistry: Adding type registration java.util.UUID -> org.hibernate.type.BasicTypeReference@2ca54da9
2025-04-12 21:05:58,754 DEBUG  DEBUG o.h.t.BasicTypeRegistry: Adding type registration pg-uuid -> org.hibernate.type.BasicTypeReference@2ca54da9
2025-04-12 21:05:58,754 DEBUG  DEBUG o.h.t.BasicTypeRegistry: Adding type registration uuid-binary -> org.hibernate.type.BasicTypeReference@34a20f16
2025-04-12 21:05:58,754 DEBUG  DEBUG o.h.t.BasicTypeRegistry: Adding type registration uuid-char -> org.hibernate.type.BasicTypeReference@496cc217
2025-04-12 21:05:58,754 DEBUG  DEBUG o.h.t.BasicTypeRegistry: Adding type registration class -> org.hibernate.type.BasicTypeReference@1a1c21b4
2025-04-12 21:05:58,754 DEBUG  DEBUG o.h.t.BasicTypeRegistry: Adding type registration java.lang.Class -> org.hibernate.type.BasicTypeReference@1a1c21b4
2025-04-12 21:05:58,754 DEBUG  DEBUG o.h.t.BasicTypeRegistry: Adding type registration currency -> org.hibernate.type.BasicTypeReference@1cd2ff5b
2025-04-12 21:05:58,754 DEBUG  DEBUG o.h.t.BasicTypeRegistry: Adding type registration Currency -> org.hibernate.type.BasicTypeReference@1cd2ff5b
2025-04-12 21:05:58,754 DEBUG  DEBUG o.h.t.BasicTypeRegistry: Adding type registration java.util.Currency -> org.hibernate.type.BasicTypeReference@1cd2ff5b
2025-04-12 21:05:58,755 DEBUG  DEBUG o.h.t.BasicTypeRegistry: Adding type registration locale -> org.hibernate.type.BasicTypeReference@38ac8968
2025-04-12 21:05:58,755 DEBUG  DEBUG o.h.t.BasicTypeRegistry: Adding type registration java.util.Locale -> org.hibernate.type.BasicTypeReference@38ac8968
2025-04-12 21:05:58,755 DEBUG  DEBUG o.h.t.BasicTypeRegistry: Adding type registration serializable -> org.hibernate.type.BasicTypeReference@17ff8810
2025-04-12 21:05:58,755 DEBUG  DEBUG o.h.t.BasicTypeRegistry: Adding type registration java.io.Serializable -> org.hibernate.type.BasicTypeReference@17ff8810
2025-04-12 21:05:58,755 DEBUG  DEBUG o.h.t.BasicTypeRegistry: Adding type registration timezone -> org.hibernate.type.BasicTypeReference@6c951ada
2025-04-12 21:05:58,755 DEBUG  DEBUG o.h.t.BasicTypeRegistry: Adding type registration java.util.TimeZone -> org.hibernate.type.BasicTypeReference@6c951ada
2025-04-12 21:05:58,755 DEBUG  DEBUG o.h.t.BasicTypeRegistry: Adding type registration ZoneOffset -> org.hibernate.type.BasicTypeReference@67b61834
2025-04-12 21:05:58,755 DEBUG  DEBUG o.h.t.BasicTypeRegistry: Adding type registration java.time.ZoneOffset -> org.hibernate.type.BasicTypeReference@67b61834
2025-04-12 21:05:58,755 DEBUG  DEBUG o.h.t.BasicTypeRegistry: Adding type registration url -> org.hibernate.type.BasicTypeReference@3b0d3a63
2025-04-12 21:05:58,755 DEBUG  DEBUG o.h.t.BasicTypeRegistry: Adding type registration java.net.URL -> org.hibernate.type.BasicTypeReference@3b0d3a63
2025-04-12 21:05:58,755 DEBUG  DEBUG o.h.t.BasicTypeRegistry: Adding type registration vector -> org.hibernate.type.BasicTypeReference@50598a1a
2025-04-12 21:05:58,755 DEBUG  DEBUG o.h.t.BasicTypeRegistry: Adding type registration float_vector -> org.hibernate.type.BasicTypeReference@14de1901
2025-04-12 21:05:58,755 DEBUG  DEBUG o.h.t.BasicTypeRegistry: Adding type registration double_vector -> org.hibernate.type.BasicTypeReference@437ed416
2025-04-12 21:05:58,755 DEBUG  DEBUG o.h.t.BasicTypeRegistry: Adding type registration byte_vector -> org.hibernate.type.BasicTypeReference@11f23038
2025-04-12 21:05:58,755 DEBUG  DEBUG o.h.t.BasicTypeRegistry: Adding type registration row_version -> org.hibernate.type.BasicTypeReference@de77146
2025-04-12 21:05:58,759 DEBUG  DEBUG o.h.t.BasicTypeRegistry: Adding type registration object -> org.hibernate.type.JavaObjectType@675b18ff
2025-04-12 21:05:58,759 DEBUG  DEBUG o.h.t.BasicTypeRegistry: Adding type registration java.lang.Object -> org.hibernate.type.JavaObjectType@675b18ff
2025-04-12 21:05:58,760 DEBUG  DEBUG o.h.t.BasicTypeRegistry: Adding type registration null -> org.hibernate.type.NullType@6094de13
2025-04-12 21:05:58,760 DEBUG  DEBUG o.h.t.BasicTypeRegistry: Adding type registration imm_date -> org.hibernate.type.BasicTypeReference@bbb6f0
2025-04-12 21:05:58,760 DEBUG  DEBUG o.h.t.BasicTypeRegistry: Adding type registration imm_time -> org.hibernate.type.BasicTypeReference@3e6ec74
2025-04-12 21:05:58,760 DEBUG  DEBUG o.h.t.BasicTypeRegistry: Adding type registration imm_timestamp -> org.hibernate.type.BasicTypeReference@2bd8f7db
2025-04-12 21:05:58,760 DEBUG  DEBUG o.h.t.BasicTypeRegistry: Adding type registration imm_calendar -> org.hibernate.type.BasicTypeReference@6d7ad0f5
2025-04-12 21:05:58,761 DEBUG  DEBUG o.h.t.BasicTypeRegistry: Adding type registration imm_calendar_date -> org.hibernate.type.BasicTypeReference@30abf79c
2025-04-12 21:05:58,761 DEBUG  DEBUG o.h.t.BasicTypeRegistry: Adding type registration imm_calendar_time -> org.hibernate.type.BasicTypeReference@49a38b1
2025-04-12 21:05:58,761 DEBUG  DEBUG o.h.t.BasicTypeRegistry: Adding type registration imm_binary -> org.hibernate.type.BasicTypeReference@681061d6
2025-04-12 21:05:58,761 DEBUG  DEBUG o.h.t.BasicTypeRegistry: Adding type registration imm_serializable -> org.hibernate.type.BasicTypeReference@53d6e959
2025-04-12 21:05:58,801 DEBUG  DEBUG c.z.h.pool.PoolBase: HikariPool-1 - Established new connection (550efc9b-c8e7-4922-9c7a-88a50fc168ce)
2025-04-12 21:05:58,801 DEBUG  DEBUG c.z.h.p.HikariPool: HikariPool-1 - Added connection org.postgresql.jdbc.PgConnection@18464f8f
2025-04-12 21:05:58,825 DEBUG  DEBUG o.h.e.j.e.i.JdbcEnvironmentInitiator: Database ->
	   name : PostgreSQL
	version : 17.0
	  major : 17
	  minor : 0
2025-04-12 21:05:58,825 DEBUG  DEBUG o.h.e.j.e.i.JdbcEnvironmentInitiator: Driver ->
	   name : PostgreSQL JDBC Driver
	version : 42.7.5
	  major : 42
	  minor : 7
2025-04-12 21:05:58,826 DEBUG  DEBUG o.h.e.j.e.i.JdbcEnvironmentInitiator: JDBC version : 4.2
2025-04-12 21:05:58,838 DEBUG  DEBUG c.z.h.p.HikariPool: HikariPool-1 - After adding stats (total=5/5, idle=4/5, active=1, waiting=0)
2025-04-12 21:05:58,901 WARN   WARN  o.h.orm.deprecation: HHH90000025: PostgreSQLDialect does not need to be specified explicitly using 'hibernate.dialect' (remove the property setting and it will be selected by default)
2025-04-12 21:05:58,906 DEBUG  DEBUG o.h.orm.dialect: HHH035001: Using dialect: org.hibernate.dialect.PostgreSQLDialect, version: 17.0
2025-04-12 21:05:58,914 DEBUG  DEBUG o.h.e.j.e.s.IdentifierHelperBuilder: JDBC driver metadata reported database stores quoted identifiers in neither upper, lower nor mixed case
2025-04-12 21:05:58,921 DEBUG  DEBUG o.h.orm.jdbc.lob: HHH10010004: Disabling contextual LOB creation as Dialect reported it is not supported
2025-04-12 21:05:58,930 INFO   INFO  o.h.o.c.pooling: HHH10001005: Database info:
	Database JDBC URL [Connecting through datasource 'HikariDataSource (HikariPool-1)']
	Database driver: undefined/unknown
	Database version: 17.0
	Autocommit mode: undefined/unknown
	Isolation level: undefined/unknown
	Minimum pool size: undefined/unknown
	Maximum pool size: undefined/unknown
2025-04-12 21:05:58,941 DEBUG  DEBUG o.h.t.d.s.s.DdlTypeRegistry: addDescriptor(2003, org.hibernate.type.descriptor.sql.internal.ArrayDdlTypeImpl@5b742bc8) replaced previous registration(org.hibernate.type.descriptor.sql.internal.ArrayDdlTypeImpl@74fb5b59)
2025-04-12 21:05:58,942 DEBUG  DEBUG o.h.t.d.s.s.DdlTypeRegistry: addDescriptor(6, org.hibernate.type.descriptor.sql.internal.CapacityDependentDdlType@130a6eb9) replaced previous registration(org.hibernate.type.descriptor.sql.internal.DdlTypeImpl@722531ab)
2025-04-12 21:05:58,969 DEBUG  DEBUG o.h.t.d.j.s.JdbcTypeRegistry: addDescriptor(2004, BlobTypeDescriptor(BLOB_BINDING)) replaced previous registration(BlobTypeDescriptor(DEFAULT))
2025-04-12 21:05:58,969 DEBUG  DEBUG o.h.t.d.j.s.JdbcTypeRegistry: addDescriptor(2005, ClobTypeDescriptor(CLOB_BINDING)) replaced previous registration(ClobTypeDescriptor(DEFAULT))
2025-04-12 21:05:59,034 DEBUG  DEBUG o.h.t.BasicTypeRegistry: Adding type registration JAVA_OBJECT -> org.hibernate.type.JavaObjectType@4b4814d0
2025-04-12 21:05:59,034 DEBUG  DEBUG o.h.t.BasicTypeRegistry: Adding type registration java.lang.Object -> org.hibernate.type.JavaObjectType@4b4814d0
2025-04-12 21:05:59,034 DEBUG  DEBUG o.h.t.BasicTypeRegistry: Type registration key [java.lang.Object] overrode previous entry : `org.hibernate.type.JavaObjectType@675b18ff`
2025-04-12 21:05:59,046 DEBUG  DEBUG o.h.t.BasicTypeRegistry: Adding type registration org.hibernate.type.DurationType -> basicType@1(java.time.Duration,3015)
2025-04-12 21:05:59,047 DEBUG  DEBUG o.h.t.BasicTypeRegistry: Adding type registration Duration -> basicType@1(java.time.Duration,3015)
2025-04-12 21:05:59,047 DEBUG  DEBUG o.h.t.BasicTypeRegistry: Adding type registration java.time.Duration -> basicType@1(java.time.Duration,3015)
2025-04-12 21:05:59,053 DEBUG  DEBUG o.h.t.BasicTypeRegistry: Adding type registration org.hibernate.type.OffsetDateTimeType -> basicType@2(java.time.OffsetDateTime,3003)
2025-04-12 21:05:59,053 DEBUG  DEBUG o.h.t.BasicTypeRegistry: Adding type registration OffsetDateTime -> basicType@2(java.time.OffsetDateTime,3003)
2025-04-12 21:05:59,053 DEBUG  DEBUG o.h.t.BasicTypeRegistry: Adding type registration java.time.OffsetDateTime -> basicType@2(java.time.OffsetDateTime,3003)
2025-04-12 21:05:59,053 DEBUG  DEBUG o.h.t.BasicTypeRegistry: Adding type registration org.hibernate.type.ZonedDateTimeType -> basicType@3(java.time.ZonedDateTime,3003)
2025-04-12 21:05:59,053 DEBUG  DEBUG o.h.t.BasicTypeRegistry: Adding type registration ZonedDateTime -> basicType@3(java.time.ZonedDateTime,3003)
2025-04-12 21:05:59,053 DEBUG  DEBUG o.h.t.BasicTypeRegistry: Adding type registration java.time.ZonedDateTime -> basicType@3(java.time.ZonedDateTime,3003)
2025-04-12 21:05:59,055 DEBUG  DEBUG o.h.t.BasicTypeRegistry: Adding type registration org.hibernate.type.OffsetTimeType -> basicType@4(java.time.OffsetTime,3007)
2025-04-12 21:05:59,055 DEBUG  DEBUG o.h.t.BasicTypeRegistry: Adding type registration OffsetTime -> basicType@4(java.time.OffsetTime,3007)
2025-04-12 21:05:59,055 DEBUG  DEBUG o.h.t.BasicTypeRegistry: Adding type registration java.time.OffsetTime -> basicType@4(java.time.OffsetTime,3007)
2025-04-12 21:05:59,057 DEBUG  DEBUG o.h.t.s.TypeConfiguration$Scope: Scoping TypeConfiguration [org.hibernate.type.spi.TypeConfiguration@307af381] to MetadataBuildingContext [org.hibernate.boot.internal.MetadataBuildingContextRootImpl@1510b9a2]
2025-04-12 21:05:59,112 DEBUG  DEBUG o.h.b.m.r.Namespace: Created database namespace [logicalName=Name{catalog=null, schema=null}, physicalName=Name{catalog=null, schema=null}]
2025-04-12 21:05:59,154 DEBUG  DEBUG o.h.b.m.i.EntityBinder: Binding entity from annotated class: ru.senla.socialnetwork.model.User
2025-04-12 21:05:59,167 DEBUG  DEBUG o.h.b.m.i.EntityBinder: Import with entity name User
2025-04-12 21:05:59,184 DEBUG  DEBUG o.h.b.m.i.EntityBinder: Bind entity ru.senla.socialnetwork.model.User on table users
2025-04-12 21:05:59,201 DEBUG  DEBUG o.h.b.m.i.AnnotatedColumn: Binding column: AnnotatedDiscriminatorColumn(column='DTYPE')
2025-04-12 21:05:59,230 DEBUG  DEBUG o.h.b.m.i.AnnotatedColumn: Binding column: AnnotatedColumn(column='id')
2025-04-12 21:05:59,233 DEBUG  DEBUG o.h.b.i.ClassLoaderAccessImpl: Not known whether passed class name [ru.senla.socialnetwork.model.User] is safe
2025-04-12 21:05:59,234 DEBUG  DEBUG o.h.b.i.ClassLoaderAccessImpl: No temp ClassLoader provided; using live ClassLoader for loading potentially unsafe class : ru.senla.socialnetwork.model.User
2025-04-12 21:05:59,239 DEBUG  DEBUG o.h.b.m.i.PropertyBinder: MetadataSourceProcessor property id with lazy=false
2025-04-12 21:05:59,247 DEBUG  DEBUG o.h.b.m.i.AbstractPropertyHolder: Attempting to locate auto-apply AttributeConverter for property [ru.senla.socialnetwork.model.User:id]
2025-04-12 21:05:59,251 DEBUG  DEBUG o.h.b.m.i.BasicValueBinder: building BasicValue for id
2025-04-12 21:05:59,256 DEBUG  DEBUG o.h.m.BasicValue: Skipping column re-registration: users.id
2025-04-12 21:05:59,257 DEBUG  DEBUG o.h.b.m.i.PropertyBinder: Building property id
2025-04-12 21:05:59,263 DEBUG  DEBUG o.h.b.m.i.BinderHelper: #makeIdGenerator(BasicValue([Column(id)]), id, identity, , ...)
2025-04-12 21:05:59,265 DEBUG  DEBUG o.h.b.m.i.AnnotatedColumn: Binding column: AnnotatedColumn(column='about_me')
2025-04-12 21:05:59,266 DEBUG  DEBUG o.h.b.m.i.PropertyBinder: MetadataSourceProcessor property aboutMe with lazy=false
2025-04-12 21:05:59,266 DEBUG  DEBUG o.h.b.m.i.AbstractPropertyHolder: Attempting to locate auto-apply AttributeConverter for property [ru.senla.socialnetwork.model.User:aboutMe]
2025-04-12 21:05:59,266 DEBUG  DEBUG o.h.b.m.i.BasicValueBinder: building BasicValue for aboutMe
2025-04-12 21:05:59,266 DEBUG  DEBUG o.h.m.BasicValue: Skipping column re-registration: users.about_me
2025-04-12 21:05:59,267 DEBUG  DEBUG o.h.b.m.i.PropertyBinder: Building property aboutMe
2025-04-12 21:05:59,268 DEBUG  DEBUG o.h.b.m.i.AnnotatedColumn: Binding column: AnnotatedColumn(column='birthdate')
2025-04-12 21:05:59,268 DEBUG  DEBUG o.h.b.m.i.PropertyBinder: MetadataSourceProcessor property birthDate with lazy=false
2025-04-12 21:05:59,268 DEBUG  DEBUG o.h.b.m.i.AbstractPropertyHolder: Attempting to locate auto-apply AttributeConverter for property [ru.senla.socialnetwork.model.User:birthDate]
2025-04-12 21:05:59,268 DEBUG  DEBUG o.h.b.m.i.BasicValueBinder: building BasicValue for birthDate
2025-04-12 21:05:59,269 DEBUG  DEBUG o.h.m.BasicValue: Skipping column re-registration: users.birthdate
2025-04-12 21:05:59,269 DEBUG  DEBUG o.h.b.m.i.PropertyBinder: Building property birthDate
2025-04-12 21:05:59,274 DEBUG  DEBUG o.h.b.m.i.AnnotatedColumn: Binding column: AnnotatedColumn(column='mail')
2025-04-12 21:05:59,274 DEBUG  DEBUG o.h.b.m.i.PropertyBinder: MetadataSourceProcessor property email with lazy=false
2025-04-12 21:05:59,274 DEBUG  DEBUG o.h.b.m.i.AbstractPropertyHolder: Attempting to locate auto-apply AttributeConverter for property [ru.senla.socialnetwork.model.User:email]
2025-04-12 21:05:59,275 DEBUG  DEBUG o.h.b.m.i.BasicValueBinder: building BasicValue for email
2025-04-12 21:05:59,275 DEBUG  DEBUG o.h.m.BasicValue: Skipping column re-registration: users.mail
2025-04-12 21:05:59,275 DEBUG  DEBUG o.h.b.m.i.PropertyBinder: Building property email
2025-04-12 21:05:59,276 DEBUG  DEBUG o.h.b.m.i.AnnotatedColumn: Binding column: AnnotatedColumn(column='firstname')
2025-04-12 21:05:59,276 DEBUG  DEBUG o.h.b.m.i.PropertyBinder: MetadataSourceProcessor property firstName with lazy=false
2025-04-12 21:05:59,276 DEBUG  DEBUG o.h.b.m.i.AbstractPropertyHolder: Attempting to locate auto-apply AttributeConverter for property [ru.senla.socialnetwork.model.User:firstName]
2025-04-12 21:05:59,276 DEBUG  DEBUG o.h.b.m.i.BasicValueBinder: building BasicValue for firstName
2025-04-12 21:05:59,276 DEBUG  DEBUG o.h.m.BasicValue: Skipping column re-registration: users.firstname
2025-04-12 21:05:59,276 DEBUG  DEBUG o.h.b.m.i.PropertyBinder: Building property firstName
2025-04-12 21:05:59,278 DEBUG  DEBUG o.h.b.m.i.AnnotatedColumn: Binding column: AnnotatedColumn(column='gender')
2025-04-12 21:05:59,278 DEBUG  DEBUG o.h.b.m.i.PropertyBinder: MetadataSourceProcessor property gender with lazy=false
2025-04-12 21:05:59,278 DEBUG  DEBUG o.h.b.m.i.AbstractPropertyHolder: Attempting to locate auto-apply AttributeConverter for property [ru.senla.socialnetwork.model.User:gender]
2025-04-12 21:05:59,278 DEBUG  DEBUG o.h.b.m.i.BasicValueBinder: building BasicValue for gender
2025-04-12 21:05:59,278 DEBUG  DEBUG o.h.m.BasicValue: Skipping column re-registration: users.gender
2025-04-12 21:05:59,279 DEBUG  DEBUG o.h.b.m.i.PropertyBinder: Building property gender
2025-04-12 21:05:59,279 DEBUG  DEBUG o.h.b.m.i.AnnotatedColumn: Binding column: AnnotatedColumn(column='lastname')
2025-04-12 21:05:59,279 DEBUG  DEBUG o.h.b.m.i.PropertyBinder: MetadataSourceProcessor property lastName with lazy=false
2025-04-12 21:05:59,279 DEBUG  DEBUG o.h.b.m.i.AbstractPropertyHolder: Attempting to locate auto-apply AttributeConverter for property [ru.senla.socialnetwork.model.User:lastName]
2025-04-12 21:05:59,279 DEBUG  DEBUG o.h.b.m.i.BasicValueBinder: building BasicValue for lastName
2025-04-12 21:05:59,279 DEBUG  DEBUG o.h.m.BasicValue: Skipping column re-registration: users.lastname
2025-04-12 21:05:59,279 DEBUG  DEBUG o.h.b.m.i.PropertyBinder: Building property lastName
2025-04-12 21:05:59,279 DEBUG  DEBUG o.h.b.m.i.AnnotatedColumn: Binding column: AnnotatedColumn(column='password')
2025-04-12 21:05:59,279 DEBUG  DEBUG o.h.b.m.i.PropertyBinder: MetadataSourceProcessor property password with lazy=false
2025-04-12 21:05:59,280 DEBUG  DEBUG o.h.b.m.i.AbstractPropertyHolder: Attempting to locate auto-apply AttributeConverter for property [ru.senla.socialnetwork.model.User:password]
2025-04-12 21:05:59,280 DEBUG  DEBUG o.h.b.m.i.BasicValueBinder: building BasicValue for password
2025-04-12 21:05:59,280 DEBUG  DEBUG o.h.m.BasicValue: Skipping column re-registration: users.password
2025-04-12 21:05:59,280 DEBUG  DEBUG o.h.b.m.i.PropertyBinder: Building property password
2025-04-12 21:05:59,280 DEBUG  DEBUG o.h.b.m.i.AnnotatedColumn: Binding column: AnnotatedColumn(column='registered_at')
2025-04-12 21:05:59,280 DEBUG  DEBUG o.h.b.m.i.PropertyBinder: MetadataSourceProcessor property registeredAt with lazy=false
2025-04-12 21:05:59,280 DEBUG  DEBUG o.h.b.m.i.AbstractPropertyHolder: Attempting to locate auto-apply AttributeConverter for property [ru.senla.socialnetwork.model.User:registeredAt]
2025-04-12 21:05:59,280 DEBUG  DEBUG o.h.b.m.i.BasicValueBinder: building BasicValue for registeredAt
2025-04-12 21:05:59,280 DEBUG  DEBUG o.h.m.BasicValue: Skipping column re-registration: users.registered_at
2025-04-12 21:05:59,281 DEBUG  DEBUG o.h.b.m.i.PropertyBinder: Building property registeredAt
2025-04-12 21:05:59,281 DEBUG  DEBUG o.h.b.m.i.AnnotatedColumn: Binding column: AnnotatedColumn(column='role')
2025-04-12 21:05:59,281 DEBUG  DEBUG o.h.b.m.i.PropertyBinder: MetadataSourceProcessor property role with lazy=false
2025-04-12 21:05:59,281 DEBUG  DEBUG o.h.b.m.i.AbstractPropertyHolder: Attempting to locate auto-apply AttributeConverter for property [ru.senla.socialnetwork.model.User:role]
2025-04-12 21:05:59,281 DEBUG  DEBUG o.h.b.m.i.BasicValueBinder: building BasicValue for role
2025-04-12 21:05:59,282 DEBUG  DEBUG o.h.m.BasicValue: Skipping column re-registration: users.role
2025-04-12 21:05:59,282 DEBUG  DEBUG o.h.b.m.i.PropertyBinder: Building property role
2025-04-12 21:05:59,284 DEBUG  DEBUG o.h.b.r.c.i.ClassLoaderServiceImpl: HHH000194: Package not found or no package-info.java: ru.senla.socialnetwork.model
2025-04-12 21:05:59,290 DEBUG  DEBUG o.h.b.m.i.BasicValueBinder: Starting `BasicValueBinder#fillSimpleValue` for id
2025-04-12 21:05:59,294 DEBUG  DEBUG o.h.b.m.i.BasicValueBinder: Starting `BasicValueBinder#fillSimpleValue` for aboutMe
2025-04-12 21:05:59,294 DEBUG  DEBUG o.h.b.m.i.BasicValueBinder: Starting `BasicValueBinder#fillSimpleValue` for birthDate
2025-04-12 21:05:59,294 DEBUG  DEBUG o.h.b.m.i.BasicValueBinder: Starting `BasicValueBinder#fillSimpleValue` for email
2025-04-12 21:05:59,294 DEBUG  DEBUG o.h.b.m.i.BasicValueBinder: Starting `BasicValueBinder#fillSimpleValue` for firstName
2025-04-12 21:05:59,294 DEBUG  DEBUG o.h.b.m.i.BasicValueBinder: Starting `BasicValueBinder#fillSimpleValue` for gender
2025-04-12 21:05:59,297 DEBUG  DEBUG o.h.b.m.i.BasicValueBinder: Starting `BasicValueBinder#fillSimpleValue` for lastName
2025-04-12 21:05:59,297 DEBUG  DEBUG o.h.b.m.i.BasicValueBinder: Starting `BasicValueBinder#fillSimpleValue` for password
2025-04-12 21:05:59,298 DEBUG  DEBUG o.h.b.m.i.BasicValueBinder: Starting `BasicValueBinder#fillSimpleValue` for registeredAt
2025-04-12 21:05:59,298 DEBUG  DEBUG o.h.b.m.i.BasicValueBinder: Starting `BasicValueBinder#fillSimpleValue` for role
2025-04-12 21:05:59,303 DEBUG  DEBUG o.h.m.PrimaryKey: Forcing column [id] to be non-null as it is part of the primary key for table [users]
2025-04-12 21:05:59,626 DEBUG  DEBUG o.h.i.SessionFactoryImpl: Building session factory
2025-04-12 21:05:59,681 DEBUG  DEBUG o.h.s.i.SessionFactoryServiceRegistryImpl: EventListenerRegistry access via ServiceRegistry is deprecated.  Use `sessionFactory.getEventEngine().getListenerRegistry()` instead
2025-04-12 21:05:59,681 DEBUG  DEBUG o.h.i.SessionFactoryImpl: Instantiating SessionFactory with settings: {java.specification.version=21, sun.cpu.isalist=amd64, hibernate.resource.beans.container=org.springframework.orm.hibernate5.SpringBeanContainer@4f541e67, hibernate.connection.handling_mode=DELAYED_ACQUISITION_AND_HOLD, sun.jnu.encoding=Cp1251, hibernate.dialect=org.hibernate.dialect.PostgreSQLDialect, java.class.path=C:\Users\Даниил\Desktop\RTD\socialnetwork\socialnetwork\target\test-classes;C:\Users\Даниил\Desktop\RTD\socialnetwork\socialnetwork\target\classes;C:\Users\Даниил\.m2\repository\org\springframework\boot\spring-boot-starter-security\3.4.4\spring-boot-starter-security-3.4.4.jar;C:\Users\Даниил\.m2\repository\org\springframework\boot\spring-boot-starter\3.4.4\spring-boot-starter-3.4.4.jar;C:\Users\Даниил\.m2\repository\org\springframework\boot\spring-boot\3.4.4\spring-boot-3.4.4.jar;C:\Users\Даниил\.m2\repository\org\springframework\boot\spring-boot-autoconfigure\3.4.4\spring-boot-autoconfigure-3.4.4.jar;C:\Users\Даниил\.m2\repository\org\springframework\boot\spring-boot-starter-logging\3.4.4\spring-boot-starter-logging-3.4.4.jar;C:\Users\Даниил\.m2\repository\ch\qos\logback\logback-classic\1.5.18\logback-classic-1.5.18.jar;C:\Users\Даниил\.m2\repository\ch\qos\logback\logback-core\1.5.18\logback-core-1.5.18.jar;C:\Users\Даниил\.m2\repository\org\apache\logging\log4j\log4j-to-slf4j\2.24.3\log4j-to-slf4j-2.24.3.jar;C:\Users\Даниил\.m2\repository\org\apache\logging\log4j\log4j-api\2.24.3\log4j-api-2.24.3.jar;C:\Users\Даниил\.m2\repository\org\slf4j\jul-to-slf4j\2.0.17\jul-to-slf4j-2.0.17.jar;C:\Users\Даниил\.m2\repository\jakarta\annotation\jakarta.annotation-api\2.1.1\jakarta.annotation-api-2.1.1.jar;C:\Users\Даниил\.m2\repository\org\yaml\snakeyaml\2.3\snakeyaml-2.3.jar;C:\Users\Даниил\.m2\repository\org\springframework\spring-aop\6.2.5\spring-aop-6.2.5.jar;C:\Users\Даниил\.m2\repository\org\springframework\security\spring-security-config\6.4.4\spring-security-config-6.4.4.jar;C:\Users\Даниил\.m2\repository\org\springframework\spring-context\6.2.5\spring-context-6.2.5.jar;C:\Users\Даниил\.m2\repository\org\springframework\security\spring-security-web\6.4.4\spring-security-web-6.4.4.jar;C:\Users\Даниил\.m2\repository\org\springframework\spring-expression\6.2.5\spring-expression-6.2.5.jar;C:\Users\Даниил\.m2\repository\org\springframework\boot\spring-boot-starter-web\3.4.4\spring-boot-starter-web-3.4.4.jar;C:\Users\Даниил\.m2\repository\org\springframework\boot\spring-boot-starter-json\3.4.4\spring-boot-starter-json-3.4.4.jar;C:\Users\Даниил\.m2\repository\com\fasterxml\jackson\core\jackson-databind\2.18.3\jackson-databind-2.18.3.jar;C:\Users\Даниил\.m2\repository\com\fasterxml\jackson\core\jackson-annotations\2.18.3\jackson-annotations-2.18.3.jar;C:\Users\Даниил\.m2\repository\com\fasterxml\jackson\core\jackson-core\2.18.3\jackson-core-2.18.3.jar;C:\Users\Даниил\.m2\repository\com\fasterxml\jackson\datatype\jackson-datatype-jdk8\2.18.3\jackson-datatype-jdk8-2.18.3.jar;C:\Users\Даниил\.m2\repository\com\fasterxml\jackson\datatype\jackson-datatype-jsr310\2.18.3\jackson-datatype-jsr310-2.18.3.jar;C:\Users\Даниил\.m2\repository\com\fasterxml\jackson\module\jackson-module-parameter-names\2.18.3\jackson-module-parameter-names-2.18.3.jar;C:\Users\Даниил\.m2\repository\org\springframework\boot\spring-boot-starter-tomcat\3.4.4\spring-boot-starter-tomcat-3.4.4.jar;C:\Users\Даниил\.m2\repository\org\apache\tomcat\embed\tomcat-embed-core\10.1.39\tomcat-embed-core-10.1.39.jar;C:\Users\Даниил\.m2\repository\org\apache\tomcat\embed\tomcat-embed-el\10.1.39\tomcat-embed-el-10.1.39.jar;C:\Users\Даниил\.m2\repository\org\apache\tomcat\embed\tomcat-embed-websocket\10.1.39\tomcat-embed-websocket-10.1.39.jar;C:\Users\Даниил\.m2\repository\org\springframework\spring-web\6.2.5\spring-web-6.2.5.jar;C:\Users\Даниил\.m2\repository\io\micrometer\micrometer-observation\1.14.5\micrometer-observation-1.14.5.jar;C:\Users\Даниил\.m2\repository\io\micrometer\micrometer-commons\1.14.5\micrometer-commons-1.14.5.jar;C:\Users\Даниил\.m2\repository\org\springframework\spring-webmvc\6.2.5\spring-webmvc-6.2.5.jar;C:\Users\Даниил\.m2\repository\org\postgresql\postgresql\42.7.5\postgresql-42.7.5.jar;C:\Users\Даниил\.m2\repository\org\checkerframework\checker-qual\3.48.3\checker-qual-3.48.3.jar;C:\Users\Даниил\.m2\repository\org\projectlombok\lombok\1.18.34\lombok-1.18.34.jar;C:\Users\Даниил\.m2\repository\org\springframework\boot\spring-boot-starter-test\3.4.4\spring-boot-starter-test-3.4.4.jar;C:\Users\Даниил\.m2\repository\org\springframework\boot\spring-boot-test\3.4.4\spring-boot-test-3.4.4.jar;C:\Users\Даниил\.m2\repository\org\springframework\boot\spring-boot-test-autoconfigure\3.4.4\spring-boot-test-autoconfigure-3.4.4.jar;C:\Users\Даниил\.m2\repository\com\jayway\jsonpath\json-path\2.9.0\json-path-2.9.0.jar;C:\Users\Даниил\.m2\repository\jakarta\xml\bind\jakarta.xml.bind-api\4.0.2\jakarta.xml.bind-api-4.0.2.jar;C:\Users\Даниил\.m2\repository\jakarta\activation\jakarta.activation-api\2.1.3\jakarta.activation-api-2.1.3.jar;C:\Users\Даниил\.m2\repository\net\minidev\json-smart\2.5.2\json-smart-2.5.2.jar;C:\Users\Даниил\.m2\repository\net\minidev\accessors-smart\2.5.2\accessors-smart-2.5.2.jar;C:\Users\Даниил\.m2\repository\org\ow2\asm\asm\9.7.1\asm-9.7.1.jar;C:\Users\Даниил\.m2\repository\org\assertj\assertj-core\3.26.3\assertj-core-3.26.3.jar;C:\Users\Даниил\.m2\repository\org\awaitility\awaitility\4.2.2\awaitility-4.2.2.jar;C:\Users\Даниил\.m2\repository\org\hamcrest\hamcrest\2.2\hamcrest-2.2.jar;C:\Users\Даниил\.m2\repository\org\junit\jupiter\junit-jupiter\5.11.4\junit-jupiter-5.11.4.jar;C:\Users\Даниил\.m2\repository\org\junit\jupiter\junit-jupiter-api\5.11.4\junit-jupiter-api-5.11.4.jar;C:\Users\Даниил\.m2\repository\org\opentest4j\opentest4j\1.3.0\opentest4j-1.3.0.jar;C:\Users\Даниил\.m2\repository\org\junit\platform\junit-platform-commons\1.11.4\junit-platform-commons-1.11.4.jar;C:\Users\Даниил\.m2\repository\org\apiguardian\apiguardian-api\1.1.2\apiguardian-api-1.1.2.jar;C:\Users\Даниил\.m2\repository\org\junit\jupiter\junit-jupiter-params\5.11.4\junit-jupiter-params-5.11.4.jar;C:\Users\Даниил\.m2\repository\org\junit\jupiter\junit-jupiter-engine\5.11.4\junit-jupiter-engine-5.11.4.jar;C:\Users\Даниил\.m2\repository\org\junit\platform\junit-platform-engine\1.11.4\junit-platform-engine-1.11.4.jar;C:\Users\Даниил\.m2\repository\org\mockito\mockito-core\5.14.2\mockito-core-5.14.2.jar;C:\Users\Даниил\.m2\repository\net\bytebuddy\byte-buddy-agent\1.15.11\byte-buddy-agent-1.15.11.jar;C:\Users\Даниил\.m2\repository\org\objenesis\objenesis\3.3\objenesis-3.3.jar;C:\Users\Даниил\.m2\repository\org\mockito\mockito-junit-jupiter\5.14.2\mockito-junit-jupiter-5.14.2.jar;C:\Users\Даниил\.m2\repository\org\skyscreamer\jsonassert\1.5.3\jsonassert-1.5.3.jar;C:\Users\Даниил\.m2\repository\com\vaadin\external\google\android-json\0.0.20131108.vaadin1\android-json-0.0.20131108.vaadin1.jar;C:\Users\Даниил\.m2\repository\org\springframework\spring-core\6.2.5\spring-core-6.2.5.jar;C:\Users\Даниил\.m2\repository\org\springframework\spring-jcl\6.2.5\spring-jcl-6.2.5.jar;C:\Users\Даниил\.m2\repository\org\springframework\spring-test\6.2.5\spring-test-6.2.5.jar;C:\Users\Даниил\.m2\repository\org\xmlunit\xmlunit-core\2.10.0\xmlunit-core-2.10.0.jar;C:\Users\Даниил\.m2\repository\org\springframework\spring-tx\7.0.0-M2\spring-tx-7.0.0-M2.jar;C:\Users\Даниил\.m2\repository\org\springframework\spring-beans\6.2.5\spring-beans-6.2.5.jar;C:\Users\Даниил\.m2\repository\org\springframework\spring-orm\7.0.0-M2\spring-orm-7.0.0-M2.jar;C:\Users\Даниил\.m2\repository\org\springframework\spring-jdbc\6.2.5\spring-jdbc-6.2.5.jar;C:\Users\Даниил\.m2\repository\org\springframework\security\spring-security-test\6.4.4\spring-security-test-6.4.4.jar;C:\Users\Даниил\.m2\repository\org\springframework\security\spring-security-core\6.4.4\spring-security-core-6.4.4.jar;C:\Users\Даниил\.m2\repository\org\springframework\security\spring-security-crypto\6.4.4\spring-security-crypto-6.4.4.jar;C:\Users\Даниил\.m2\repository\jakarta\persistence\jakarta.persistence-api\3.1.0\jakarta.persistence-api-3.1.0.jar;C:\Users\Даниил\.m2\repository\org\hibernate\orm\hibernate-core\6.6.8.Final\hibernate-core-6.6.8.Final.jar;C:\Users\Даниил\.m2\repository\jakarta\transaction\jakarta.transaction-api\2.0.1\jakarta.transaction-api-2.0.1.jar;C:\Users\Даниил\.m2\repository\org\jboss\logging\jboss-logging\3.6.1.Final\jboss-logging-3.6.1.Final.jar;C:\Users\Даниил\.m2\repository\org\hibernate\common\hibernate-commons-annotations\7.0.3.Final\hibernate-commons-annotations-7.0.3.Final.jar;C:\Users\Даниил\.m2\repository\io\smallrye\jandex\3.2.0\jandex-3.2.0.jar;C:\Users\Даниил\.m2\repository\com\fasterxml\classmate\1.7.0\classmate-1.7.0.jar;C:\Users\Даниил\.m2\repository\net\bytebuddy\byte-buddy\1.15.11\byte-buddy-1.15.11.jar;C:\Users\Даниил\.m2\repository\org\glassfish\jaxb\jaxb-runtime\4.0.5\jaxb-runtime-4.0.5.jar;C:\Users\Даниил\.m2\repository\org\glassfish\jaxb\jaxb-core\4.0.5\jaxb-core-4.0.5.jar;C:\Users\Даниил\.m2\repository\org\eclipse\angus\angus-activation\2.0.2\angus-activation-2.0.2.jar;C:\Users\Даниил\.m2\repository\org\glassfish\jaxb\txw2\4.0.5\txw2-4.0.5.jar;C:\Users\Даниил\.m2\repository\com\sun\istack\istack-commons-runtime\4.1.2\istack-commons-runtime-4.1.2.jar;C:\Users\Даниил\.m2\repository\jakarta\inject\jakarta.inject-api\2.0.1\jakarta.inject-api-2.0.1.jar;C:\Users\Даниил\.m2\repository\org\antlr\antlr4-runtime\4.13.0\antlr4-runtime-4.13.0.jar;C:\Users\Даниил\.m2\repository\org\hibernate\validator\hibernate-validator\8.0.1.Final\hibernate-validator-8.0.1.Final.jar;C:\Users\Даниил\.m2\repository\jakarta\validation\jakarta.validation-api\3.0.2\jakarta.validation-api-3.0.2.jar;C:\Users\Даниил\.m2\repository\com\zaxxer\HikariCP\6.2.1\HikariCP-6.2.1.jar;C:\Users\Даниил\.m2\repository\org\slf4j\slf4j-api\2.0.16\slf4j-api-2.0.16.jar;, java.vm.vendor=Oracle Corporation, sun.arch.data.model=64, user.variant=, java.vendor.url=https://java.oracle.com/, user.timezone=Europe/Moscow, org.jboss.logging.provider=slf4j, java.vm.specification.version=21, os.name=Windows 11, jakarta.persistence.nonJtaDataSource=HikariDataSource (HikariPool-1), sun.java.launcher=SUN_STANDARD, user.country=RU, sun.boot.library.path=C:\Java\jdk-21\bin, sun.java.command=C:\Users\Даниил\AppData\Local\Temp\surefire12344815488710401033\surefirebooter-20250412210550352_3.jar C:\Users\Даниил\AppData\Local\Temp\surefire12344815488710401033 2025-04-12T21-05-49_924-jvmRun1 surefire-20250412210550352_1tmp surefire_0-20250412210550352_2tmp, jdk.debug=release, surefire.test.class.path=C:\Users\Даниил\Desktop\RTD\socialnetwork\socialnetwork\target\test-classes;C:\Users\Даниил\Desktop\RTD\socialnetwork\socialnetwork\target\classes;C:\Users\Даниил\.m2\repository\org\springframework\boot\spring-boot-starter-security\3.4.4\spring-boot-starter-security-3.4.4.jar;C:\Users\Даниил\.m2\repository\org\springframework\boot\spring-boot-starter\3.4.4\spring-boot-starter-3.4.4.jar;C:\Users\Даниил\.m2\repository\org\springframework\boot\spring-boot\3.4.4\spring-boot-3.4.4.jar;C:\Users\Даниил\.m2\repository\org\springframework\boot\spring-boot-autoconfigure\3.4.4\spring-boot-autoconfigure-3.4.4.jar;C:\Users\Даниил\.m2\repository\org\springframework\boot\spring-boot-starter-logging\3.4.4\spring-boot-starter-logging-3.4.4.jar;C:\Users\Даниил\.m2\repository\ch\qos\logback\logback-classic\1.5.18\logback-classic-1.5.18.jar;C:\Users\Даниил\.m2\repository\ch\qos\logback\logback-core\1.5.18\logback-core-1.5.18.jar;C:\Users\Даниил\.m2\repository\org\apache\logging\log4j\log4j-to-slf4j\2.24.3\log4j-to-slf4j-2.24.3.jar;C:\Users\Даниил\.m2\repository\org\apache\logging\log4j\log4j-api\2.24.3\log4j-api-2.24.3.jar;C:\Users\Даниил\.m2\repository\org\slf4j\jul-to-slf4j\2.0.17\jul-to-slf4j-2.0.17.jar;C:\Users\Даниил\.m2\repository\jakarta\annotation\jakarta.annotation-api\2.1.1\jakarta.annotation-api-2.1.1.jar;C:\Users\Даниил\.m2\repository\org\yaml\snakeyaml\2.3\snakeyaml-2.3.jar;C:\Users\Даниил\.m2\repository\org\springframework\spring-aop\6.2.5\spring-aop-6.2.5.jar;C:\Users\Даниил\.m2\repository\org\springframework\security\spring-security-config\6.4.4\spring-security-config-6.4.4.jar;C:\Users\Даниил\.m2\repository\org\springframework\spring-context\6.2.5\spring-context-6.2.5.jar;C:\Users\Даниил\.m2\repository\org\springframework\security\spring-security-web\6.4.4\spring-security-web-6.4.4.jar;C:\Users\Даниил\.m2\repository\org\springframework\spring-expression\6.2.5\spring-expression-6.2.5.jar;C:\Users\Даниил\.m2\repository\org\springframework\boot\spring-boot-starter-web\3.4.4\spring-boot-starter-web-3.4.4.jar;C:\Users\Даниил\.m2\repository\org\springframework\boot\spring-boot-starter-json\3.4.4\spring-boot-starter-json-3.4.4.jar;C:\Users\Даниил\.m2\repository\com\fasterxml\jackson\core\jackson-databind\2.18.3\jackson-databind-2.18.3.jar;C:\Users\Даниил\.m2\repository\com\fasterxml\jackson\core\jackson-annotations\2.18.3\jackson-annotations-2.18.3.jar;C:\Users\Даниил\.m2\repository\com\fasterxml\jackson\core\jackson-core\2.18.3\jackson-core-2.18.3.jar;C:\Users\Даниил\.m2\repository\com\fasterxml\jackson\datatype\jackson-datatype-jdk8\2.18.3\jackson-datatype-jdk8-2.18.3.jar;C:\Users\Даниил\.m2\repository\com\fasterxml\jackson\datatype\jackson-datatype-jsr310\2.18.3\jackson-datatype-jsr310-2.18.3.jar;C:\Users\Даниил\.m2\repository\com\fasterxml\jackson\module\jackson-module-parameter-names\2.18.3\jackson-module-parameter-names-2.18.3.jar;C:\Users\Даниил\.m2\repository\org\springframework\boot\spring-boot-starter-tomcat\3.4.4\spring-boot-starter-tomcat-3.4.4.jar;C:\Users\Даниил\.m2\repository\org\apache\tomcat\embed\tomcat-embed-core\10.1.39\tomcat-embed-core-10.1.39.jar;C:\Users\Даниил\.m2\repository\org\apache\tomcat\embed\tomcat-embed-el\10.1.39\tomcat-embed-el-10.1.39.jar;C:\Users\Даниил\.m2\repository\org\apache\tomcat\embed\tomcat-embed-websocket\10.1.39\tomcat-embed-websocket-10.1.39.jar;C:\Users\Даниил\.m2\repository\org\springframework\spring-web\6.2.5\spring-web-6.2.5.jar;C:\Users\Даниил\.m2\repository\io\micrometer\micrometer-observation\1.14.5\micrometer-observation-1.14.5.jar;C:\Users\Даниил\.m2\repository\io\micrometer\micrometer-commons\1.14.5\micrometer-commons-1.14.5.jar;C:\Users\Даниил\.m2\repository\org\springframework\spring-webmvc\6.2.5\spring-webmvc-6.2.5.jar;C:\Users\Даниил\.m2\repository\org\postgresql\postgresql\42.7.5\postgresql-42.7.5.jar;C:\Users\Даниил\.m2\repository\org\checkerframework\checker-qual\3.48.3\checker-qual-3.48.3.jar;C:\Users\Даниил\.m2\repository\org\projectlombok\lombok\1.18.34\lombok-1.18.34.jar;C:\Users\Даниил\.m2\repository\org\springframework\boot\spring-boot-starter-test\3.4.4\spring-boot-starter-test-3.4.4.jar;C:\Users\Даниил\.m2\repository\org\springframework\boot\spring-boot-test\3.4.4\spring-boot-test-3.4.4.jar;C:\Users\Даниил\.m2\repository\org\springframework\boot\spring-boot-test-autoconfigure\3.4.4\spring-boot-test-autoconfigure-3.4.4.jar;C:\Users\Даниил\.m2\repository\com\jayway\jsonpath\json-path\2.9.0\json-path-2.9.0.jar;C:\Users\Даниил\.m2\repository\jakarta\xml\bind\jakarta.xml.bind-api\4.0.2\jakarta.xml.bind-api-4.0.2.jar;C:\Users\Даниил\.m2\repository\jakarta\activation\jakarta.activation-api\2.1.3\jakarta.activation-api-2.1.3.jar;C:\Users\Даниил\.m2\repository\net\minidev\json-smart\2.5.2\json-smart-2.5.2.jar;C:\Users\Даниил\.m2\repository\net\minidev\accessors-smart\2.5.2\accessors-smart-2.5.2.jar;C:\Users\Даниил\.m2\repository\org\ow2\asm\asm\9.7.1\asm-9.7.1.jar;C:\Users\Даниил\.m2\repository\org\assertj\assertj-core\3.26.3\assertj-core-3.26.3.jar;C:\Users\Даниил\.m2\repository\org\awaitility\awaitility\4.2.2\awaitility-4.2.2.jar;C:\Users\Даниил\.m2\repository\org\hamcrest\hamcrest\2.2\hamcrest-2.2.jar;C:\Users\Даниил\.m2\repository\org\junit\jupiter\junit-jupiter\5.11.4\junit-jupiter-5.11.4.jar;C:\Users\Даниил\.m2\repository\org\junit\jupiter\junit-jupiter-api\5.11.4\junit-jupiter-api-5.11.4.jar;C:\Users\Даниил\.m2\repository\org\opentest4j\opentest4j\1.3.0\opentest4j-1.3.0.jar;C:\Users\Даниил\.m2\repository\org\junit\platform\junit-platform-commons\1.11.4\junit-platform-commons-1.11.4.jar;C:\Users\Даниил\.m2\repository\org\apiguardian\apiguardian-api\1.1.2\apiguardian-api-1.1.2.jar;C:\Users\Даниил\.m2\repository\org\junit\jupiter\junit-jupiter-params\5.11.4\junit-jupiter-params-5.11.4.jar;C:\Users\Даниил\.m2\repository\org\junit\jupiter\junit-jupiter-engine\5.11.4\junit-jupiter-engine-5.11.4.jar;C:\Users\Даниил\.m2\repository\org\junit\platform\junit-platform-engine\1.11.4\junit-platform-engine-1.11.4.jar;C:\Users\Даниил\.m2\repository\org\mockito\mockito-core\5.14.2\mockito-core-5.14.2.jar;C:\Users\Даниил\.m2\repository\net\bytebuddy\byte-buddy-agent\1.15.11\byte-buddy-agent-1.15.11.jar;C:\Users\Даниил\.m2\repository\org\objenesis\objenesis\3.3\objenesis-3.3.jar;C:\Users\Даниил\.m2\repository\org\mockito\mockito-junit-jupiter\5.14.2\mockito-junit-jupiter-5.14.2.jar;C:\Users\Даниил\.m2\repository\org\skyscreamer\jsonassert\1.5.3\jsonassert-1.5.3.jar;C:\Users\Даниил\.m2\repository\com\vaadin\external\google\android-json\0.0.20131108.vaadin1\android-json-0.0.20131108.vaadin1.jar;C:\Users\Даниил\.m2\repository\org\springframework\spring-core\6.2.5\spring-core-6.2.5.jar;C:\Users\Даниил\.m2\repository\org\springframework\spring-jcl\6.2.5\spring-jcl-6.2.5.jar;C:\Users\Даниил\.m2\repository\org\springframework\spring-test\6.2.5\spring-test-6.2.5.jar;C:\Users\Даниил\.m2\repository\org\xmlunit\xmlunit-core\2.10.0\xmlunit-core-2.10.0.jar;C:\Users\Даниил\.m2\repository\org\springframework\spring-tx\7.0.0-M2\spring-tx-7.0.0-M2.jar;C:\Users\Даниил\.m2\repository\org\springframework\spring-beans\6.2.5\spring-beans-6.2.5.jar;C:\Users\Даниил\.m2\repository\org\springframework\spring-orm\7.0.0-M2\spring-orm-7.0.0-M2.jar;C:\Users\Даниил\.m2\repository\org\springframework\spring-jdbc\6.2.5\spring-jdbc-6.2.5.jar;C:\Users\Даниил\.m2\repository\org\springframework\security\spring-security-test\6.4.4\spring-security-test-6.4.4.jar;C:\Users\Даниил\.m2\repository\org\springframework\security\spring-security-core\6.4.4\spring-security-core-6.4.4.jar;C:\Users\Даниил\.m2\repository\org\springframework\security\spring-security-crypto\6.4.4\spring-security-crypto-6.4.4.jar;C:\Users\Даниил\.m2\repository\jakarta\persistence\jakarta.persistence-api\3.1.0\jakarta.persistence-api-3.1.0.jar;C:\Users\Даниил\.m2\repository\org\hibernate\orm\hibernate-core\6.6.8.Final\hibernate-core-6.6.8.Final.jar;C:\Users\Даниил\.m2\repository\jakarta\transaction\jakarta.transaction-api\2.0.1\jakarta.transaction-api-2.0.1.jar;C:\Users\Даниил\.m2\repository\org\jboss\logging\jboss-logging\3.6.1.Final\jboss-logging-3.6.1.Final.jar;C:\Users\Даниил\.m2\repository\org\hibernate\common\hibernate-commons-annotations\7.0.3.Final\hibernate-commons-annotations-7.0.3.Final.jar;C:\Users\Даниил\.m2\repository\io\smallrye\jandex\3.2.0\jandex-3.2.0.jar;C:\Users\Даниил\.m2\repository\com\fasterxml\classmate\1.7.0\classmate-1.7.0.jar;C:\Users\Даниил\.m2\repository\net\bytebuddy\byte-buddy\1.15.11\byte-buddy-1.15.11.jar;C:\Users\Даниил\.m2\repository\org\glassfish\jaxb\jaxb-runtime\4.0.5\jaxb-runtime-4.0.5.jar;C:\Users\Даниил\.m2\repository\org\glassfish\jaxb\jaxb-core\4.0.5\jaxb-core-4.0.5.jar;C:\Users\Даниил\.m2\repository\org\eclipse\angus\angus-activation\2.0.2\angus-activation-2.0.2.jar;C:\Users\Даниил\.m2\repository\org\glassfish\jaxb\txw2\4.0.5\txw2-4.0.5.jar;C:\Users\Даниил\.m2\repository\com\sun\istack\istack-commons-runtime\4.1.2\istack-commons-runtime-4.1.2.jar;C:\Users\Даниил\.m2\repository\jakarta\inject\jakarta.inject-api\2.0.1\jakarta.inject-api-2.0.1.jar;C:\Users\Даниил\.m2\repository\org\antlr\antlr4-runtime\4.13.0\antlr4-runtime-4.13.0.jar;C:\Users\Даниил\.m2\repository\org\hibernate\validator\hibernate-validator\8.0.1.Final\hibernate-validator-8.0.1.Final.jar;C:\Users\Даниил\.m2\repository\jakarta\validation\jakarta.validation-api\3.0.2\jakarta.validation-api-3.0.2.jar;C:\Users\Даниил\.m2\repository\com\zaxxer\HikariCP\6.2.1\HikariCP-6.2.1.jar;C:\Users\Даниил\.m2\repository\org\slf4j\slf4j-api\2.0.16\slf4j-api-2.0.16.jar;, sun.cpu.endian=little, user.home=C:\Users\Даниил, user.language=ru, java.specification.vendor=Oracle Corporation, java.version.date=2024-07-16, java.home=C:\Java\jdk-21, file.separator=\, basedir=C:\Users\Даниил\Desktop\RTD\socialnetwork\socialnetwork, java.vm.compressedOopsMode=Zero based, line.separator=
, java.vm.specification.vendor=Oracle Corporation, java.specification.name=Java Platform API Specification, FILE_LOG_CHARSET=UTF-8, java.awt.headless=true, surefire.real.class.path=C:\Users\Даниил\AppData\Local\Temp\surefire12344815488710401033\surefirebooter-20250412210550352_3.jar, user.script=, sun.management.compiler=HotSpot 64-Bit Tiered Compilers, java.runtime.version=21.0.4+8-LTS-274, user.name=Daniil, stdout.encoding=Cp1251, path.separator=;, os.version=10.0, java.runtime.name=Java(TM) SE Runtime Environment, file.encoding=UTF-8, java.vm.name=Java HotSpot(TM) 64-Bit Server VM, hibernate.classLoaders=[jdk.internal.loader.ClassLoaders$AppClassLoader@33909752], hibernate.current_session_context_class=org.springframework.orm.hibernate5.SpringSessionContext, localRepository=C:\Users\Даниил\.m2\repository, java.vendor.url.bug=https://bugreport.java.com/bugreport/, java.io.tmpdir=C:\Users\1678~1\AppData\Local\Temp\, idea.version=2024.2.1, com.zaxxer.hikari.pool_number=1, java.version=21.0.4, user.dir=C:\Users\Даниил\Desktop\RTD\socialnetwork\socialnetwork, os.arch=amd64, java.vm.specification.name=Java Virtual Machine Specification, PID=9948, sun.os.patch.level=, CONSOLE_LOG_CHARSET=UTF-8, hibernate.boot.CfgXmlAccessService.key=org.hibernate.boot.cfgxml.spi.LoadedConfig@2be50bba, native.encoding=Cp1251, java.library.path=C:\Java\jdk-21\bin;C:\WINDOWS\Sun\Java\bin;C:\WINDOWS\system32;C:\WINDOWS;C:\Program Files\Common Files\Oracle\Java\javapath;C:\Users\Даниил\gcc\bin;C:\Users\Даниил\gcc\libexec\gcc\x86_64-w64-mingw32\15.0.0;C:\WINDOWS\system32;C:\WINDOWS;C:\WINDOWS\System32\Wbem;C:\WINDOWS\System32\WindowsPowerShell\v1.0\;C:\WINDOWS\System32\OpenSSH\;C:\Program Files\dotnet\;C:\Program Files (x86)\Windows Kits\10\Windows Performance Toolkit\;C:\Program Files\Git\cmd;C:\Program Files\Docker\Docker\resources\bin;C:\Program Files\Common Files\Oracle\Java\javapath;C:\Users\Даниил\gcc\bin;C:\Users\Даниил\gcc\libexec\gcc\x86_64-w64-mingw32\15.0.0;C:\WINDOWS\system32;C:\WINDOWS;C:\WINDOWS\System32\Wbem;C:\WINDOWS\System32\WindowsPowerShell\v1.0\;C:\WINDOWS\System32\OpenSSH\;C:\Program Files\dotnet\;C:\Program Files (x86)\Windows Kits\10\Windows Performance Toolkit\;C:\Program Files\Git\cmd;C:\Program Files\Docker\Docker\resources\bin;C:\Program Files\MySQL\MySQL Server 8.0\bin;C:\Users\Даниил\AppData\Local\GitHubDesktop\bin;., stderr.encoding=Cp1251, java.vendor=Oracle Corporation, java.vm.info=mixed mode, sharing, java.vm.version=21.0.4+8-LTS-274, sun.io.unicode.encoding=UnicodeLittle, hibernate.connection.datasource=HikariDataSource (HikariPool-1), java.class.version=65.0}
2025-04-12 21:05:59,698 DEBUG  DEBUG o.h.i.SessionFactoryImpl: Session factory constructed with filter configurations : {}
2025-04-12 21:05:59,702 DEBUG  DEBUG o.h.v.i.x.c.ValidationXmlParser: Trying to load META-INF/validation.xml for XML based Validator configuration.
2025-04-12 21:05:59,702 DEBUG  DEBUG o.h.v.i.x.c.ResourceLoaderHelper: Trying to load META-INF/validation.xml via TCCL
2025-04-12 21:05:59,702 DEBUG  DEBUG o.h.v.i.x.c.ResourceLoaderHelper: Trying to load META-INF/validation.xml via Hibernate Validator's class loader
2025-04-12 21:05:59,702 DEBUG  DEBUG o.h.v.i.x.c.ValidationXmlParser: No META-INF/validation.xml found. Using annotation based configuration only.
2025-04-12 21:05:59,702 DEBUG  DEBUG o.h.v.i.e.r.TraversableResolvers: Found jakarta.persistence.Persistence on classpath containing 'getPersistenceUtil'. Assuming JPA 2 environment. Trying to instantiate JPA aware TraversableResolver
2025-04-12 21:05:59,702 DEBUG  DEBUG o.h.v.i.e.r.TraversableResolvers: Instantiated JPA aware TraversableResolver of type org.hibernate.validator.internal.engine.resolver.JPATraversableResolver.
2025-04-12 21:05:59,703 DEBUG  DEBUG o.h.v.m.ResourceBundleMessageInterpolator: Loaded expression factory via original TCCL
2025-04-12 21:05:59,704 DEBUG  DEBUG o.h.v.i.e.ValidatorFactoryConfigurationHelper: HV000252: Using org.hibernate.validator.internal.engine.DefaultPropertyNodeNameProvider as property node name provider.
2025-04-12 21:05:59,704 DEBUG  DEBUG o.h.v.i.e.ValidatorFactoryConfigurationHelper: HV000234: Using org.hibernate.validator.messageinterpolation.ResourceBundleMessageInterpolator as ValidatorFactory-scoped message interpolator.
2025-04-12 21:05:59,704 DEBUG  DEBUG o.h.v.i.e.ValidatorFactoryConfigurationHelper: HV000234: Using org.hibernate.validator.internal.engine.resolver.JPATraversableResolver as ValidatorFactory-scoped traversable resolver.
2025-04-12 21:05:59,705 DEBUG  DEBUG o.h.v.i.e.ValidatorFactoryConfigurationHelper: HV000234: Using org.hibernate.validator.internal.util.ExecutableParameterNameProvider as ValidatorFactory-scoped parameter name provider.
2025-04-12 21:05:59,705 DEBUG  DEBUG o.h.v.i.e.ValidatorFactoryConfigurationHelper: HV000234: Using org.hibernate.validator.internal.engine.DefaultClockProvider as ValidatorFactory-scoped clock provider.
2025-04-12 21:05:59,705 DEBUG  DEBUG o.h.v.i.e.ValidatorFactoryConfigurationHelper: HV000234: Using org.hibernate.validator.internal.engine.scripting.DefaultScriptEvaluatorFactory as ValidatorFactory-scoped script evaluator factory.
2025-04-12 21:05:59,705 DEBUG  DEBUG o.h.b.i.ClassLoaderAccessImpl: Not known whether passed class name [ru.senla.socialnetwork.model.User] is safe
2025-04-12 21:05:59,705 DEBUG  DEBUG o.h.b.i.ClassLoaderAccessImpl: No temp ClassLoader provided; using live ClassLoader for loading potentially unsafe class : ru.senla.socialnetwork.model.User
2025-04-12 21:05:59,731 DEBUG  DEBUG o.h.s.i.SessionFactoryServiceRegistryImpl: EventListenerRegistry access via ServiceRegistry is deprecated.  Use `sessionFactory.getEventEngine().getListenerRegistry()` instead
2025-04-12 21:05:59,736 DEBUG  DEBUG o.h.t.s.s.SchemaManagementToolCoordinator: No schema actions specified for contributor `orm`; doing nothing
2025-04-12 21:05:59,763 DEBUG  DEBUG o.h.q.s.f.SqmFunctionRegistry: Registered SqmFunctionTemplate [NamedSqmFunctionTemplate(max)] under max; prior registration was null
2025-04-12 21:05:59,763 DEBUG  DEBUG o.h.q.s.f.SqmFunctionRegistry: Registered SqmFunctionTemplate [NamedSqmFunctionTemplate(min)] under min; prior registration was null
2025-04-12 21:05:59,763 DEBUG  DEBUG o.h.q.s.f.SqmFunctionRegistry: Registered SqmFunctionTemplate [NamedSqmFunctionTemplate(sum)] under sum; prior registration was null
2025-04-12 21:05:59,764 DEBUG  DEBUG o.h.q.s.f.SqmFunctionRegistry: Registered SqmFunctionTemplate [NamedSqmFunctionTemplate(avg)] under avg; prior registration was null
2025-04-12 21:05:59,765 DEBUG  DEBUG o.h.q.s.f.SqmFunctionRegistry: Registered SqmFunctionTemplate [org.hibernate.dialect.function.CountFunction@4e756867] under count; prior registration was null
2025-04-12 21:05:59,766 DEBUG  DEBUG o.h.q.s.f.SqmFunctionRegistry: Registered SqmFunctionTemplate [org.hibernate.dialect.function.EveryAnyEmulation@949d347] under every; prior registration was null
2025-04-12 21:05:59,766 DEBUG  DEBUG o.h.q.s.f.SqmFunctionRegistry: Registered SqmFunctionTemplate [org.hibernate.dialect.function.EveryAnyEmulation@f5ae29e] under any; prior registration was null
2025-04-12 21:05:59,766 DEBUG  DEBUG o.h.q.s.f.SqmFunctionRegistry: Registered SqmFunctionTemplate [NamedSqmFunctionTemplate(floor)] under floor; prior registration was null
2025-04-12 21:05:59,766 DEBUG  DEBUG o.h.q.s.f.SqmFunctionRegistry: Registered SqmFunctionTemplate [NamedSqmFunctionTemplate(ceiling)] under ceiling; prior registration was null
2025-04-12 21:05:59,766 DEBUG  DEBUG o.h.q.s.f.SqmFunctionRegistry: Registered SqmFunctionTemplate [NamedSqmFunctionTemplate(mod)] under mod; prior registration was null
2025-04-12 21:05:59,766 DEBUG  DEBUG o.h.q.s.f.SqmFunctionRegistry: Registered SqmFunctionTemplate [NamedSqmFunctionTemplate(abs)] under abs; prior registration was null
2025-04-12 21:05:59,766 DEBUG  DEBUG o.h.q.s.f.SqmFunctionRegistry: Registered SqmFunctionTemplate [NamedSqmFunctionTemplate(sign)] under sign; prior registration was null
2025-04-12 21:05:59,766 DEBUG  DEBUG o.h.q.s.f.SqmFunctionRegistry: Registered SqmFunctionTemplate [NamedSqmFunctionTemplate(sqrt)] under sqrt; prior registration was null
2025-04-12 21:05:59,766 DEBUG  DEBUG o.h.q.s.f.SqmFunctionRegistry: Registered SqmFunctionTemplate [NamedSqmFunctionTemplate(ln)] under ln; prior registration was null
2025-04-12 21:05:59,766 DEBUG  DEBUG o.h.q.s.f.SqmFunctionRegistry: Registered SqmFunctionTemplate [NamedSqmFunctionTemplate(exp)] under exp; prior registration was null
2025-04-12 21:05:59,766 DEBUG  DEBUG o.h.q.s.f.SqmFunctionRegistry: Registered SqmFunctionTemplate [NamedSqmFunctionTemplate(power)] under power; prior registration was null
2025-04-12 21:05:59,767 DEBUG  DEBUG o.h.q.s.f.SqmFunctionRegistry: Registered SqmFunctionTemplate [NamedSqmFunctionTemplate(round)] under round; prior registration was null
2025-04-12 21:05:59,767 DEBUG  DEBUG o.h.q.s.f.SqmFunctionRegistry: Registered SqmFunctionTemplate [NamedSqmFunctionTemplate(sin)] under sin; prior registration was null
2025-04-12 21:05:59,767 DEBUG  DEBUG o.h.q.s.f.SqmFunctionRegistry: Registered SqmFunctionTemplate [NamedSqmFunctionTemplate(cos)] under cos; prior registration was null
2025-04-12 21:05:59,767 DEBUG  DEBUG o.h.q.s.f.SqmFunctionRegistry: Registered SqmFunctionTemplate [NamedSqmFunctionTemplate(tan)] under tan; prior registration was null
2025-04-12 21:05:59,767 DEBUG  DEBUG o.h.q.s.f.SqmFunctionRegistry: Registered SqmFunctionTemplate [NamedSqmFunctionTemplate(asin)] under asin; prior registration was null
2025-04-12 21:05:59,767 DEBUG  DEBUG o.h.q.s.f.SqmFunctionRegistry: Registered SqmFunctionTemplate [NamedSqmFunctionTemplate(acos)] under acos; prior registration was null
2025-04-12 21:05:59,767 DEBUG  DEBUG o.h.q.s.f.SqmFunctionRegistry: Registered SqmFunctionTemplate [NamedSqmFunctionTemplate(atan)] under atan; prior registration was null
2025-04-12 21:05:59,767 DEBUG  DEBUG o.h.q.s.f.SqmFunctionRegistry: Registered SqmFunctionTemplate [NamedSqmFunctionTemplate(atan2)] under atan2; prior registration was null
2025-04-12 21:05:59,768 DEBUG  DEBUG o.h.q.s.f.SqmFunctionRegistry: Registered SqmFunctionTemplate [org.hibernate.query.sqm.function.PatternBasedSqmFunctionDescriptor@3d59933] under sinh; prior registration was null
2025-04-12 21:05:59,768 DEBUG  DEBUG o.h.q.s.f.SqmFunctionRegistry: Registered SqmFunctionTemplate [org.hibernate.query.sqm.function.PatternBasedSqmFunctionDescriptor@4a0c3aa8] under cosh; prior registration was null
2025-04-12 21:05:59,768 DEBUG  DEBUG o.h.q.s.f.SqmFunctionRegistry: Registered SqmFunctionTemplate [org.hibernate.query.sqm.function.PatternBasedSqmFunctionDescriptor@3534651a] under tanh; prior registration was null
2025-04-12 21:05:59,769 DEBUG  DEBUG o.h.q.s.f.SqmFunctionRegistry: Registered SqmFunctionTemplate [org.hibernate.query.sqm.function.PatternBasedSqmFunctionDescriptor@2d593b56] under pi; prior registration was null
2025-04-12 21:05:59,769 DEBUG  DEBUG o.h.q.s.f.SqmFunctionRegistry: Registered SqmFunctionTemplate [org.hibernate.query.sqm.function.PatternBasedSqmFunctionDescriptor@26a33cf] under log; prior registration was null
2025-04-12 21:05:59,769 DEBUG  DEBUG o.h.q.s.f.SqmFunctionRegistry: Registered SqmFunctionTemplate [NamedSqmFunctionTemplate(coalesce)] under coalesce; prior registration was null
2025-04-12 21:05:59,769 DEBUG  DEBUG o.h.q.s.f.SqmFunctionRegistry: Registered SqmFunctionTemplate [NamedSqmFunctionTemplate(nullif)] under nullif; prior registration was null
2025-04-12 21:05:59,769 DEBUG  DEBUG o.h.q.s.f.SqmFunctionRegistry: Registered SqmFunctionTemplate [NamedSqmFunctionTemplate(left)] under left; prior registration was null
2025-04-12 21:05:59,769 DEBUG  DEBUG o.h.q.s.f.SqmFunctionRegistry: Registered SqmFunctionTemplate [NamedSqmFunctionTemplate(right)] under right; prior registration was null
2025-04-12 21:05:59,769 DEBUG  DEBUG o.h.q.s.f.SqmFunctionRegistry: Registered SqmFunctionTemplate [NamedSqmFunctionTemplate(replace)] under replace; prior registration was null
2025-04-12 21:05:59,769 DEBUG  DEBUG o.h.q.s.f.SqmFunctionRegistry: Registered SqmFunctionTemplate [NamedSqmFunctionTemplate(concat)] under concat; prior registration was null
2025-04-12 21:05:59,769 DEBUG  DEBUG o.h.q.s.f.SqmFunctionRegistry: Registered SqmFunctionTemplate [NamedSqmFunctionTemplate(lower)] under lower; prior registration was null
2025-04-12 21:05:59,769 DEBUG  DEBUG o.h.q.s.f.SqmFunctionRegistry: Registered SqmFunctionTemplate [NamedSqmFunctionTemplate(upper)] under upper; prior registration was null
2025-04-12 21:05:59,769 DEBUG  DEBUG o.h.q.s.f.SqmFunctionRegistry: Registered SqmFunctionTemplate [NamedSqmFunctionTemplate(substring)] under substring; prior registration was null
2025-04-12 21:05:59,769 DEBUG  DEBUG o.h.q.s.f.SqmFunctionRegistry: Registered SqmFunctionTemplate [NamedSqmFunctionTemplate(locate)] under locate; prior registration was null
2025-04-12 21:05:59,769 DEBUG  DEBUG o.h.q.s.f.SqmFunctionRegistry: Registered SqmFunctionTemplate [NamedSqmFunctionTemplate(character_length)] under character_length; prior registration was null
2025-04-12 21:05:59,769 DEBUG  DEBUG o.h.q.s.f.SqmFunctionRegistry: Registering alternate key : length -> character_length
2025-04-12 21:05:59,770 DEBUG  DEBUG o.h.q.s.f.SqmFunctionRegistry: Registered SqmFunctionTemplate [org.hibernate.dialect.function.LocatePositionEmulation@5e95b0ab] under position; prior registration was null
2025-04-12 21:05:59,771 DEBUG  DEBUG o.h.q.s.f.SqmFunctionRegistry: Registered SqmFunctionTemplate [org.hibernate.dialect.function.InsertSubstringOverlayEmulation@7037a680] under overlay; prior registration was null
2025-04-12 21:05:59,771 DEBUG  DEBUG o.h.q.s.f.SqmFunctionRegistry: Registered SqmFunctionTemplate [org.hibernate.dialect.function.TrimFunction@42edde25] under trim; prior registration was null
2025-04-12 21:05:59,772 DEBUG  DEBUG o.h.q.s.f.SqmFunctionRegistry: Registered SqmFunctionTemplate [org.hibernate.dialect.function.CastFunction@1f4d38f9] under cast; prior registration was null
2025-04-12 21:05:59,772 DEBUG  DEBUG o.h.q.s.f.SqmFunctionRegistry: Registered SqmFunctionTemplate [org.hibernate.query.sqm.function.PatternBasedSqmFunctionDescriptor@18463720] under collate; prior registration was null
2025-04-12 21:05:59,773 DEBUG  DEBUG o.h.q.s.f.SqmFunctionRegistry: Registered SqmFunctionTemplate [org.hibernate.dialect.function.ExtractFunction@4f525e13] under extract; prior registration was null
2025-04-12 21:05:59,773 DEBUG  DEBUG o.h.q.s.f.SqmFunctionRegistry: Registered SqmFunctionTemplate [NamedSqmFunctionTemplate(least)] under least; prior registration was null
2025-04-12 21:05:59,773 DEBUG  DEBUG o.h.q.s.f.SqmFunctionRegistry: Registered SqmFunctionTemplate [NamedSqmFunctionTemplate(greatest)] under greatest; prior registration was null
2025-04-12 21:05:59,773 DEBUG  DEBUG o.h.q.s.f.SqmFunctionRegistry: Registered SqmFunctionTemplate [org.hibernate.dialect.function.CoalesceIfnullEmulation@151659dd] under ifnull; prior registration was null
2025-04-12 21:05:59,773 DEBUG  DEBUG o.h.q.s.f.SqmFunctionRegistry: Registered SqmFunctionTemplate [NamedSqmFunctionTemplate(lpad)] under lpad; prior registration was null
2025-04-12 21:05:59,773 DEBUG  DEBUG o.h.q.s.f.SqmFunctionRegistry: Registered SqmFunctionTemplate [NamedSqmFunctionTemplate(rpad)] under rpad; prior registration was null
2025-04-12 21:05:59,774 DEBUG  DEBUG o.h.q.s.f.SqmFunctionRegistry: Registered SqmFunctionTemplate [org.hibernate.dialect.function.LpadRpadPadEmulation@283bb8b7] under pad; prior registration was null
2025-04-12 21:05:59,774 DEBUG  DEBUG o.h.q.s.f.SqmFunctionRegistry: Registered SqmFunctionTemplate [org.hibernate.dialect.function.CastStrEmulation@13cf5f8a] under str; prior registration was null
2025-04-12 21:05:59,776 DEBUG  DEBUG o.h.q.s.f.SqmFunctionRegistry: Registered SqmFunctionTemplate [org.hibernate.dialect.function.FormatFunction@60ab895f] under format; prior registration was null
2025-04-12 21:05:59,776 DEBUG  DEBUG o.h.q.s.f.SqmFunctionRegistry: Registered SqmFunctionTemplate [org.hibernate.dialect.function.TimestampaddFunction@78bd02c8] under timestampadd; prior registration was null
2025-04-12 21:05:59,777 DEBUG  DEBUG o.h.q.s.f.SqmFunctionRegistry: Registered SqmFunctionTemplate [org.hibernate.dialect.function.TimestampdiffFunction@36511772] under timestampdiff; prior registration was null
2025-04-12 21:05:59,777 DEBUG  DEBUG o.h.q.s.f.SqmFunctionRegistry: Registering alternate key : dateadd -> timestampadd
2025-04-12 21:05:59,777 DEBUG  DEBUG o.h.q.s.f.SqmFunctionRegistry: Registering alternate key : datediff -> timestampdiff
2025-04-12 21:05:59,777 DEBUG  DEBUG o.h.q.s.f.SqmFunctionRegistry: Registered SqmFunctionTemplate [org.hibernate.dialect.function.CurrentFunction@49a06087] under current_date; prior registration was null
2025-04-12 21:05:59,777 DEBUG  DEBUG o.h.q.s.f.SqmFunctionRegistry: Registered SqmFunctionTemplate [org.hibernate.dialect.function.CurrentFunction@2c15034f] under current_time; prior registration was null
2025-04-12 21:05:59,777 DEBUG  DEBUG o.h.q.s.f.SqmFunctionRegistry: Registered SqmFunctionTemplate [org.hibernate.dialect.function.CurrentFunction@43b4ec0c] under current_timestamp; prior registration was null
2025-04-12 21:05:59,777 DEBUG  DEBUG o.h.q.s.f.SqmFunctionRegistry: Registering alternate key : current date -> current_date
2025-04-12 21:05:59,777 DEBUG  DEBUG o.h.q.s.f.SqmFunctionRegistry: Registering alternate key : current time -> current_time
2025-04-12 21:05:59,777 DEBUG  DEBUG o.h.q.s.f.SqmFunctionRegistry: Registering alternate key : current timestamp -> current_timestamp
2025-04-12 21:05:59,777 DEBUG  DEBUG o.h.q.s.f.SqmFunctionRegistry: Registered SqmFunctionTemplate [org.hibernate.dialect.function.CurrentFunction@148b6f95] under local_date; prior registration was null
2025-04-12 21:05:59,777 DEBUG  DEBUG o.h.q.s.f.SqmFunctionRegistry: Registered SqmFunctionTemplate [org.hibernate.dialect.function.CurrentFunction@5ee581db] under local_time; prior registration was null
2025-04-12 21:05:59,777 DEBUG  DEBUG o.h.q.s.f.SqmFunctionRegistry: Registered SqmFunctionTemplate [org.hibernate.dialect.function.CurrentFunction@5a6efe33] under local_datetime; prior registration was null
2025-04-12 21:05:59,777 DEBUG  DEBUG o.h.q.s.f.SqmFunctionRegistry: Registered SqmFunctionTemplate [org.hibernate.dialect.function.CurrentFunction@3e5ebdfe] under offset_datetime; prior registration was null
2025-04-12 21:05:59,777 DEBUG  DEBUG o.h.q.s.f.SqmFunctionRegistry: Registering alternate key : local date -> local_date
2025-04-12 21:05:59,777 DEBUG  DEBUG o.h.q.s.f.SqmFunctionRegistry: Registering alternate key : local time -> local_time
2025-04-12 21:05:59,777 DEBUG  DEBUG o.h.q.s.f.SqmFunctionRegistry: Registering alternate key : local datetime -> local_datetime
2025-04-12 21:05:59,777 DEBUG  DEBUG o.h.q.s.f.SqmFunctionRegistry: Registering alternate key : offset datetime -> offset_datetime
2025-04-12 21:05:59,777 DEBUG  DEBUG o.h.q.s.f.SqmFunctionRegistry: Registered SqmFunctionTemplate [org.hibernate.dialect.function.CurrentFunction@71668a67] under instant; prior registration was null
2025-04-12 21:05:59,777 DEBUG  DEBUG o.h.q.s.f.SqmFunctionRegistry: Registering alternate key : current_instant -> instant
2025-04-12 21:05:59,777 DEBUG  DEBUG o.h.q.s.f.SqmFunctionRegistry: Registered SqmFunctionTemplate [org.hibernate.dialect.function.SqlFunction@2047adea] under sql; prior registration was null
2025-04-12 21:05:59,778 DEBUG  DEBUG o.h.q.s.f.SqmFunctionRegistry: Registered SqmFunctionTemplate [NamedSqmFunctionTemplate(cot)] under cot; prior registration was null
2025-04-12 21:05:59,778 DEBUG  DEBUG o.h.q.s.f.SqmFunctionRegistry: Registered SqmFunctionTemplate [NamedSqmFunctionTemplate(radians)] under radians; prior registration was null
2025-04-12 21:05:59,778 DEBUG  DEBUG o.h.q.s.f.SqmFunctionRegistry: Registered SqmFunctionTemplate [NamedSqmFunctionTemplate(degrees)] under degrees; prior registration was null
2025-04-12 21:05:59,778 DEBUG  DEBUG o.h.q.s.f.SqmFunctionRegistry: Registered SqmFunctionTemplate [NamedSqmFunctionTemplate(log)] under log; prior registration was org.hibernate.query.sqm.function.PatternBasedSqmFunctionDescriptor@26a33cf
2025-04-12 21:05:59,778 DEBUG  DEBUG o.h.q.s.f.SqmFunctionRegistry: Registered SqmFunctionTemplate [org.hibernate.query.sqm.function.PatternBasedSqmFunctionDescriptor@5af40e45] under mod; prior registration was NamedSqmFunctionTemplate(mod)
2025-04-12 21:05:59,778 DEBUG  DEBUG o.h.q.s.f.SqmFunctionRegistry: Registered SqmFunctionTemplate [NamedSqmFunctionTemplate(log10)] under log10; prior registration was null
2025-04-12 21:05:59,778 DEBUG  DEBUG o.h.q.s.f.SqmFunctionRegistry: Registered SqmFunctionTemplate [NamedSqmFunctionTemplate(tanh)] under tanh; prior registration was org.hibernate.query.sqm.function.PatternBasedSqmFunctionDescriptor@3534651a
2025-04-12 21:05:59,778 DEBUG  DEBUG o.h.q.s.f.SqmFunctionRegistry: Registered SqmFunctionTemplate [NamedSqmFunctionTemplate(sinh)] under sinh; prior registration was org.hibernate.query.sqm.function.PatternBasedSqmFunctionDescriptor@3d59933
2025-04-12 21:05:59,778 DEBUG  DEBUG o.h.q.s.f.SqmFunctionRegistry: Registered SqmFunctionTemplate [NamedSqmFunctionTemplate(cosh)] under cosh; prior registration was org.hibernate.query.sqm.function.PatternBasedSqmFunctionDescriptor@4a0c3aa8
2025-04-12 21:05:59,778 DEBUG  DEBUG o.h.q.s.f.SqmFunctionRegistry: Registered SqmFunctionTemplate [NamedSqmFunctionTemplate(acosh)] under acosh; prior registration was null
2025-04-12 21:05:59,778 DEBUG  DEBUG o.h.q.s.f.SqmFunctionRegistry: Registered SqmFunctionTemplate [NamedSqmFunctionTemplate(asinh)] under asinh; prior registration was null
2025-04-12 21:05:59,778 DEBUG  DEBUG o.h.q.s.f.SqmFunctionRegistry: Registered SqmFunctionTemplate [NamedSqmFunctionTemplate(atanh)] under atanh; prior registration was null
2025-04-12 21:05:59,778 DEBUG  DEBUG o.h.q.s.f.SqmFunctionRegistry: Registered SqmFunctionTemplate [NamedSqmFunctionTemplate(cbrt)] under cbrt; prior registration was null
2025-04-12 21:05:59,778 DEBUG  DEBUG o.h.q.s.f.SqmFunctionRegistry: Registered SqmFunctionTemplate [NamedSqmFunctionTemplate(pi)] under pi; prior registration was org.hibernate.query.sqm.function.PatternBasedSqmFunctionDescriptor@2d593b56
2025-04-12 21:05:59,778 DEBUG  DEBUG o.h.q.s.f.SqmFunctionRegistry: Registered SqmFunctionTemplate [NamedSqmFunctionTemplate(ltrim)] under ltrim; prior registration was null
2025-04-12 21:05:59,778 DEBUG  DEBUG o.h.q.s.f.SqmFunctionRegistry: Registered SqmFunctionTemplate [NamedSqmFunctionTemplate(rtrim)] under rtrim; prior registration was null
2025-04-12 21:05:59,778 DEBUG  DEBUG o.h.q.s.f.SqmFunctionRegistry: Registered SqmFunctionTemplate [NamedSqmFunctionTemplate(repeat)] under repeat; prior registration was null
2025-04-12 21:05:59,778 DEBUG  DEBUG o.h.q.s.f.SqmFunctionRegistry: Registered SqmFunctionTemplate [NamedSqmFunctionTemplate(md5)] under md5; prior registration was null
2025-04-12 21:05:59,778 DEBUG  DEBUG o.h.q.s.f.SqmFunctionRegistry: Registered SqmFunctionTemplate [NamedSqmFunctionTemplate(initcap)] under initcap; prior registration was null
2025-04-12 21:05:59,778 DEBUG  DEBUG o.h.q.s.f.SqmFunctionRegistry: Registered SqmFunctionTemplate [NamedSqmFunctionTemplate(substr)] under substr; prior registration was null
2025-04-12 21:05:59,778 DEBUG  DEBUG o.h.q.s.f.SqmFunctionRegistry: Registered SqmFunctionTemplate [NamedSqmFunctionTemplate(substr)] under substring; prior registration was NamedSqmFunctionTemplate(substring)
2025-04-12 21:05:59,778 DEBUG  DEBUG o.h.q.s.f.SqmFunctionRegistry: Registered SqmFunctionTemplate [NamedSqmFunctionTemplate(translate)] under translate; prior registration was null
2025-04-12 21:05:59,778 DEBUG  DEBUG o.h.q.s.f.SqmFunctionRegistry: Registered SqmFunctionTemplate [NamedSqmFunctionTemplate(to_number)] under to_number; prior registration was null
2025-04-12 21:05:59,778 DEBUG  DEBUG o.h.q.s.f.SqmFunctionRegistry: Registered SqmFunctionTemplate [NamedSqmFunctionTemplate(to_char)] under to_char; prior registration was null
2025-04-12 21:05:59,778 DEBUG  DEBUG o.h.q.s.f.SqmFunctionRegistry: Registered SqmFunctionTemplate [NamedSqmFunctionTemplate(to_date)] under to_date; prior registration was null
2025-04-12 21:05:59,778 DEBUG  DEBUG o.h.q.s.f.SqmFunctionRegistry: Registered SqmFunctionTemplate [NamedSqmFunctionTemplate(to_timestamp)] under to_timestamp; prior registration was null
2025-04-12 21:05:59,778 DEBUG  DEBUG o.h.q.s.f.SqmFunctionRegistry: Registered SqmFunctionTemplate [org.hibernate.dialect.function.ConcatPipeFunction@2110684a] under concat; prior registration was NamedSqmFunctionTemplate(concat)
2025-04-12 21:05:59,778 DEBUG  DEBUG o.h.q.s.f.SqmFunctionRegistry: Registered SqmFunctionTemplate [NamedSqmFunctionTemplate(localtime)] under localtime; prior registration was null
2025-04-12 21:05:59,778 DEBUG  DEBUG o.h.q.s.f.SqmFunctionRegistry: Registered SqmFunctionTemplate [NamedSqmFunctionTemplate(localtimestamp)] under localtimestamp; prior registration was null
2025-04-12 21:05:59,778 DEBUG  DEBUG o.h.q.s.f.SqmFunctionRegistry: Registered SqmFunctionTemplate [NamedSqmFunctionTemplate(localtime)] under local_time; prior registration was org.hibernate.dialect.function.CurrentFunction@5ee581db
2025-04-12 21:05:59,778 DEBUG  DEBUG o.h.q.s.f.SqmFunctionRegistry: Registered SqmFunctionTemplate [NamedSqmFunctionTemplate(localtimestamp)] under local_datetime; prior registration was org.hibernate.dialect.function.CurrentFunction@5a6efe33
2025-04-12 21:05:59,779 DEBUG  DEBUG o.h.q.s.f.SqmFunctionRegistry: Registered SqmFunctionTemplate [org.hibernate.dialect.function.LengthFunction@1926f962] under character_length; prior registration was NamedSqmFunctionTemplate(character_length)
2025-04-12 21:05:59,779 DEBUG  DEBUG o.h.q.s.f.SqmFunctionRegistry: Registering alternate key : length -> character_length
2025-04-12 21:05:59,779 DEBUG  DEBUG o.h.q.s.f.SqmFunctionRegistry: Registered SqmFunctionTemplate [org.hibernate.dialect.function.LengthFunction@62794582] under bit_length; prior registration was null
2025-04-12 21:05:59,779 DEBUG  DEBUG o.h.q.s.f.SqmFunctionRegistry: Registered SqmFunctionTemplate [org.hibernate.dialect.function.LengthFunction@c82ad22] under octet_length; prior registration was null
2025-04-12 21:05:59,779 DEBUG  DEBUG o.h.q.s.f.SqmFunctionRegistry: Registered SqmFunctionTemplate [NamedSqmFunctionTemplate(ascii)] under ascii; prior registration was null
2025-04-12 21:05:59,779 DEBUG  DEBUG o.h.q.s.f.SqmFunctionRegistry: Registered SqmFunctionTemplate [NamedSqmFunctionTemplate(chr)] under chr; prior registration was null
2025-04-12 21:05:59,779 DEBUG  DEBUG o.h.q.s.f.SqmFunctionRegistry: Registering alternate key : char -> chr
2025-04-12 21:05:59,779 DEBUG  DEBUG o.h.q.s.f.SqmFunctionRegistry: Registered SqmFunctionTemplate [org.hibernate.query.sqm.function.PatternBasedSqmFunctionDescriptor@3f80d8c] under position; prior registration was org.hibernate.dialect.function.LocatePositionEmulation@5e95b0ab
2025-04-12 21:05:59,779 DEBUG  DEBUG o.h.q.s.f.SqmFunctionRegistry: Registered SqmFunctionTemplate [org.hibernate.query.sqm.function.PatternBasedSqmFunctionDescriptor@2d3b0978] under bitand; prior registration was null
2025-04-12 21:05:59,779 DEBUG  DEBUG o.h.q.s.f.SqmFunctionRegistry: Registered SqmFunctionTemplate [org.hibernate.query.sqm.function.PatternBasedSqmFunctionDescriptor@5c60c08] under bitor; prior registration was null
2025-04-12 21:05:59,779 DEBUG  DEBUG o.h.q.s.f.SqmFunctionRegistry: Registered SqmFunctionTemplate [org.hibernate.query.sqm.function.PatternBasedSqmFunctionDescriptor@1cb44a2f] under bitxor; prior registration was null
2025-04-12 21:05:59,779 DEBUG  DEBUG o.h.q.s.f.SqmFunctionRegistry: Registered SqmFunctionTemplate [org.hibernate.query.sqm.function.PatternBasedSqmFunctionDescriptor@5fe3b058] under bitnot; prior registration was null
2025-04-12 21:05:59,779 DEBUG  DEBUG o.h.q.s.f.SqmFunctionRegistry: Registered SqmFunctionTemplate [NamedSqmFunctionTemplate(bit_and)] under bit_and; prior registration was null
2025-04-12 21:05:59,779 DEBUG  DEBUG o.h.q.s.f.SqmFunctionRegistry: Registered SqmFunctionTemplate [NamedSqmFunctionTemplate(bit_or)] under bit_or; prior registration was null
2025-04-12 21:05:59,779 DEBUG  DEBUG o.h.q.s.f.SqmFunctionRegistry: Registered SqmFunctionTemplate [NamedSqmFunctionTemplate(bool_and)] under bool_and; prior registration was null
2025-04-12 21:05:59,779 DEBUG  DEBUG o.h.q.s.f.SqmFunctionRegistry: Registering alternate key : every -> bool_and
2025-04-12 21:05:59,779 DEBUG  DEBUG o.h.q.s.f.SqmFunctionRegistry: Registered SqmFunctionTemplate [NamedSqmFunctionTemplate(bool_or)] under bool_or; prior registration was null
2025-04-12 21:05:59,779 DEBUG  DEBUG o.h.q.s.f.SqmFunctionRegistry: Registering alternate key : any -> bool_or
2025-04-12 21:05:59,779 DEBUG  DEBUG o.h.q.s.f.SqmFunctionRegistry: Registered SqmFunctionTemplate [org.hibernate.query.sqm.function.PatternBasedSqmFunctionDescriptor@2a661215] under median; prior registration was null
2025-04-12 21:05:59,779 DEBUG  DEBUG o.h.q.s.f.SqmFunctionRegistry: Registered SqmFunctionTemplate [NamedSqmFunctionTemplate(stddev)] under stddev; prior registration was null
2025-04-12 21:05:59,779 DEBUG  DEBUG o.h.q.s.f.SqmFunctionRegistry: Registered SqmFunctionTemplate [NamedSqmFunctionTemplate(stddev_pop)] under stddev_pop; prior registration was null
2025-04-12 21:05:59,780 DEBUG  DEBUG o.h.q.s.f.SqmFunctionRegistry: Registered SqmFunctionTemplate [NamedSqmFunctionTemplate(stddev_samp)] under stddev_samp; prior registration was null
2025-04-12 21:05:59,780 DEBUG  DEBUG o.h.q.s.f.SqmFunctionRegistry: Registered SqmFunctionTemplate [NamedSqmFunctionTemplate(variance)] under variance; prior registration was null
2025-04-12 21:05:59,780 DEBUG  DEBUG o.h.q.s.f.SqmFunctionRegistry: Registered SqmFunctionTemplate [NamedSqmFunctionTemplate(var_pop)] under var_pop; prior registration was null
2025-04-12 21:05:59,780 DEBUG  DEBUG o.h.q.s.f.SqmFunctionRegistry: Registered SqmFunctionTemplate [NamedSqmFunctionTemplate(var_samp)] under var_samp; prior registration was null
2025-04-12 21:05:59,780 DEBUG  DEBUG o.h.q.s.f.SqmFunctionRegistry: Registered SqmFunctionTemplate [NamedSqmFunctionTemplate(covar_pop)] under covar_pop; prior registration was null
2025-04-12 21:05:59,780 DEBUG  DEBUG o.h.q.s.f.SqmFunctionRegistry: Registered SqmFunctionTemplate [NamedSqmFunctionTemplate(covar_samp)] under covar_samp; prior registration was null
2025-04-12 21:05:59,780 DEBUG  DEBUG o.h.q.s.f.SqmFunctionRegistry: Registered SqmFunctionTemplate [NamedSqmFunctionTemplate(corr)] under corr; prior registration was null
2025-04-12 21:05:59,780 DEBUG  DEBUG o.h.q.s.f.SqmFunctionRegistry: Registered SqmFunctionTemplate [NamedSqmFunctionTemplate(regr_avgx)] under regr_avgx; prior registration was null
2025-04-12 21:05:59,780 DEBUG  DEBUG o.h.q.s.f.SqmFunctionRegistry: Registered SqmFunctionTemplate [NamedSqmFunctionTemplate(regr_avgy)] under regr_avgy; prior registration was null
2025-04-12 21:05:59,780 DEBUG  DEBUG o.h.q.s.f.SqmFunctionRegistry: Registered SqmFunctionTemplate [NamedSqmFunctionTemplate(regr_count)] under regr_count; prior registration was null
2025-04-12 21:05:59,780 DEBUG  DEBUG o.h.q.s.f.SqmFunctionRegistry: Registered SqmFunctionTemplate [NamedSqmFunctionTemplate(regr_intercept)] under regr_intercept; prior registration was null
2025-04-12 21:05:59,780 DEBUG  DEBUG o.h.q.s.f.SqmFunctionRegistry: Registered SqmFunctionTemplate [NamedSqmFunctionTemplate(regr_r2)] under regr_r2; prior registration was null
2025-04-12 21:05:59,780 DEBUG  DEBUG o.h.q.s.f.SqmFunctionRegistry: Registered SqmFunctionTemplate [NamedSqmFunctionTemplate(regr_slope)] under regr_slope; prior registration was null
2025-04-12 21:05:59,780 DEBUG  DEBUG o.h.q.s.f.SqmFunctionRegistry: Registered SqmFunctionTemplate [NamedSqmFunctionTemplate(regr_sxx)] under regr_sxx; prior registration was null
2025-04-12 21:05:59,780 DEBUG  DEBUG o.h.q.s.f.SqmFunctionRegistry: Registered SqmFunctionTemplate [NamedSqmFunctionTemplate(regr_sxy)] under regr_sxy; prior registration was null
2025-04-12 21:05:59,781 DEBUG  DEBUG o.h.q.s.f.SqmFunctionRegistry: Registered SqmFunctionTemplate [NamedSqmFunctionTemplate(regr_syy)] under regr_syy; prior registration was null
2025-04-12 21:05:59,781 DEBUG  DEBUG o.h.q.s.f.SqmFunctionRegistry: Registered SqmFunctionTemplate [org.hibernate.query.sqm.function.PatternBasedSqmFunctionDescriptor@212e39ee] under insert; prior registration was null
2025-04-12 21:05:59,781 DEBUG  DEBUG o.h.q.s.f.SqmFunctionRegistry: Registered SqmFunctionTemplate [org.hibernate.query.sqm.function.MultipatternSqmFunctionDescriptor@197d5a87] under overlay; prior registration was org.hibernate.dialect.function.InsertSubstringOverlayEmulation@7037a680
2025-04-12 21:05:59,783 DEBUG  DEBUG o.h.q.s.f.SqmFunctionRegistry: Registered SqmFunctionTemplate [NamedSqmFunctionTemplate(soundex)] under soundex; prior registration was null
2025-04-12 21:05:59,783 DEBUG  DEBUG o.h.q.s.f.SqmFunctionRegistry: Registered SqmFunctionTemplate [org.hibernate.query.sqm.function.MultipatternSqmFunctionDescriptor@131d977f] under locate; prior registration was NamedSqmFunctionTemplate(locate)
2025-04-12 21:05:59,783 DEBUG  DEBUG o.h.q.s.f.SqmFunctionRegistry: Registered SqmFunctionTemplate [NamedSqmFunctionTemplate(row_number)] under row_number; prior registration was null
2025-04-12 21:05:59,783 DEBUG  DEBUG o.h.q.s.f.SqmFunctionRegistry: Registered SqmFunctionTemplate [NamedSqmFunctionTemplate(lag)] under lag; prior registration was null
2025-04-12 21:05:59,784 DEBUG  DEBUG o.h.q.s.f.SqmFunctionRegistry: Registered SqmFunctionTemplate [NamedSqmFunctionTemplate(lead)] under lead; prior registration was null
2025-04-12 21:05:59,784 DEBUG  DEBUG o.h.q.s.f.SqmFunctionRegistry: Registered SqmFunctionTemplate [NamedSqmFunctionTemplate(first_value)] under first_value; prior registration was null
2025-04-12 21:05:59,784 DEBUG  DEBUG o.h.q.s.f.SqmFunctionRegistry: Registered SqmFunctionTemplate [NamedSqmFunctionTemplate(last_value)] under last_value; prior registration was null
2025-04-12 21:05:59,784 DEBUG  DEBUG o.h.q.s.f.SqmFunctionRegistry: Registered SqmFunctionTemplate [NamedSqmFunctionTemplate(nth_value)] under nth_value; prior registration was null
2025-04-12 21:05:59,785 DEBUG  DEBUG o.h.q.s.f.SqmFunctionRegistry: Registered SqmFunctionTemplate [org.hibernate.dialect.function.ListaggStringAggEmulation@7b4619a3] under listagg; prior registration was null
2025-04-12 21:05:59,787 DEBUG  DEBUG o.h.q.s.f.SqmFunctionRegistry: Registered SqmFunctionTemplate [org.hibernate.dialect.function.array.PostgreSQLArrayConstructorFunction@6acb45c1] under array; prior registration was null
2025-04-12 21:05:59,787 DEBUG  DEBUG o.h.q.s.f.SqmFunctionRegistry: Registered SqmFunctionTemplate [org.hibernate.dialect.function.array.PostgreSQLArrayConstructorFunction@294c44b7] under array_list; prior registration was null
2025-04-12 21:05:59,788 DEBUG  DEBUG o.h.q.s.f.SqmFunctionRegistry: Registered SqmFunctionTemplate [org.hibernate.dialect.function.array.ArrayAggFunction@2cc61b3b] under array_agg; prior registration was null
2025-04-12 21:05:59,791 DEBUG  DEBUG o.h.q.s.f.SqmFunctionRegistry: Registered SqmFunctionTemplate [org.hibernate.dialect.function.array.PostgreSQLArrayPositionFunction@1b69fc07] under array_position; prior registration was null
2025-04-12 21:05:59,796 DEBUG  DEBUG o.h.q.s.f.SqmFunctionRegistry: Registered SqmFunctionTemplate [org.hibernate.dialect.function.array.PostgreSQLArrayPositionsFunction@98722ef] under array_positions; prior registration was null
2025-04-12 21:05:59,798 DEBUG  DEBUG o.h.q.s.f.SqmFunctionRegistry: Registered SqmFunctionTemplate [org.hibernate.dialect.function.array.PostgreSQLArrayPositionsFunction@32dbca45] under array_positions_list; prior registration was null
2025-04-12 21:05:59,798 DEBUG  DEBUG o.h.q.s.f.SqmFunctionRegistry: Registered SqmFunctionTemplate [org.hibernate.query.sqm.function.PatternBasedSqmFunctionDescriptor@2cc34cd5] under array_length; prior registration was null
2025-04-12 21:05:59,799 DEBUG  DEBUG o.h.q.s.f.SqmFunctionRegistry: Registered SqmFunctionTemplate [org.hibernate.dialect.function.DynamicDispatchFunction@7791ff50] under length; prior registration was null
2025-04-12 21:05:59,799 DEBUG  DEBUG o.h.q.s.f.SqmFunctionRegistry: Registered SqmFunctionTemplate [org.hibernate.dialect.function.array.PostgreSQLArrayConcatFunction@6c75e3bc] under array_concat; prior registration was null
2025-04-12 21:05:59,800 DEBUG  DEBUG o.h.q.s.f.SqmFunctionRegistry: Registered SqmFunctionTemplate [org.hibernate.dialect.function.array.PostgreSQLArrayConcatElementFunction@3516b881] under array_prepend; prior registration was null
2025-04-12 21:05:59,800 DEBUG  DEBUG o.h.q.s.f.SqmFunctionRegistry: Registered SqmFunctionTemplate [org.hibernate.dialect.function.array.PostgreSQLArrayConcatElementFunction@6be8ce1b] under array_append; prior registration was null
2025-04-12 21:05:59,802 DEBUG  DEBUG o.h.q.s.f.SqmFunctionRegistry: Registered SqmFunctionTemplate [org.hibernate.dialect.function.array.ArrayContainsOperatorFunction@1dd64243] under array_contains; prior registration was null
2025-04-12 21:05:59,802 DEBUG  DEBUG o.h.q.s.f.SqmFunctionRegistry: Registered SqmFunctionTemplate [org.hibernate.dialect.function.array.ArrayContainsOperatorFunction@2ef913a4] under array_contains_nullable; prior registration was null
2025-04-12 21:05:59,803 DEBUG  DEBUG o.h.q.s.f.SqmFunctionRegistry: Registered SqmFunctionTemplate [org.hibernate.dialect.function.array.ArrayIncludesOperatorFunction@32513dea] under array_includes; prior registration was null
2025-04-12 21:05:59,803 DEBUG  DEBUG o.h.q.s.f.SqmFunctionRegistry: Registered SqmFunctionTemplate [org.hibernate.dialect.function.array.ArrayIncludesOperatorFunction@5d0e703a] under array_includes_nullable; prior registration was null
2025-04-12 21:05:59,804 DEBUG  DEBUG o.h.q.s.f.SqmFunctionRegistry: Registered SqmFunctionTemplate [org.hibernate.dialect.function.array.ArrayIntersectsOperatorFunction@74a5bef0] under array_intersects; prior registration was null
2025-04-12 21:05:59,804 DEBUG  DEBUG o.h.q.s.f.SqmFunctionRegistry: Registered SqmFunctionTemplate [org.hibernate.dialect.function.array.ArrayIntersectsOperatorFunction@68c4a860] under array_intersects_nullable; prior registration was null
2025-04-12 21:05:59,804 DEBUG  DEBUG o.h.q.s.f.SqmFunctionRegistry: Registering alternate key : array_overlaps -> array_intersects
2025-04-12 21:05:59,804 DEBUG  DEBUG o.h.q.s.f.SqmFunctionRegistry: Registering alternate key : array_overlaps_nullable -> array_intersects_nullable
2025-04-12 21:05:59,804 DEBUG  DEBUG o.h.q.s.f.SqmFunctionRegistry: Registered SqmFunctionTemplate [org.hibernate.query.sqm.function.PatternBasedSqmFunctionDescriptor@1dfe5dd1] under array_get; prior registration was null
2025-04-12 21:05:59,805 DEBUG  DEBUG o.h.q.s.f.SqmFunctionRegistry: Registered SqmFunctionTemplate [org.hibernate.dialect.function.array.ArraySetUnnestFunction@6ffbf0ac] under array_set; prior registration was null
2025-04-12 21:05:59,805 DEBUG  DEBUG o.h.q.s.f.SqmFunctionRegistry: Registered SqmFunctionTemplate [NamedSqmFunctionTemplate(array_remove)] under array_remove; prior registration was null
2025-04-12 21:05:59,805 DEBUG  DEBUG o.h.q.s.f.SqmFunctionRegistry: Registered SqmFunctionTemplate [org.hibernate.dialect.function.array.ArrayRemoveIndexUnnestFunction@2b400bd0] under array_remove_index; prior registration was null
2025-04-12 21:05:59,805 DEBUG  DEBUG o.h.q.s.f.SqmFunctionRegistry: Registered SqmFunctionTemplate [org.hibernate.query.sqm.function.PatternBasedSqmFunctionDescriptor@fceab5d] under array_slice; prior registration was null
2025-04-12 21:05:59,806 DEBUG  DEBUG o.h.q.s.f.SqmFunctionRegistry: Registered SqmFunctionTemplate [NamedSqmFunctionTemplate(array_replace)] under array_replace; prior registration was null
2025-04-12 21:05:59,806 DEBUG  DEBUG o.h.q.s.f.SqmFunctionRegistry: Registered SqmFunctionTemplate [org.hibernate.query.sqm.function.PatternBasedSqmFunctionDescriptor@79445efb] under array_trim; prior registration was null
2025-04-12 21:05:59,806 DEBUG  DEBUG o.h.q.s.f.SqmFunctionRegistry: Registered SqmFunctionTemplate [org.hibernate.dialect.function.array.PostgreSQLArrayFillFunction@3b66ac74] under array_fill; prior registration was null
2025-04-12 21:05:59,806 DEBUG  DEBUG o.h.q.s.f.SqmFunctionRegistry: Registered SqmFunctionTemplate [org.hibernate.dialect.function.array.PostgreSQLArrayFillFunction@573870cb] under array_fill_list; prior registration was null
2025-04-12 21:05:59,807 DEBUG  DEBUG o.h.q.s.f.SqmFunctionRegistry: Registered SqmFunctionTemplate [org.hibernate.dialect.function.array.ArrayToStringFunction@3d98729a] under array_to_string; prior registration was null
2025-04-12 21:05:59,807 DEBUG  DEBUG o.h.q.s.f.SqmFunctionRegistry: Registered SqmFunctionTemplate [NamedSqmFunctionTemplate(make_date)] under make_date; prior registration was null
2025-04-12 21:05:59,807 DEBUG  DEBUG o.h.q.s.f.SqmFunctionRegistry: Registered SqmFunctionTemplate [NamedSqmFunctionTemplate(make_time)] under make_time; prior registration was null
2025-04-12 21:05:59,807 DEBUG  DEBUG o.h.q.s.f.SqmFunctionRegistry: Registered SqmFunctionTemplate [NamedSqmFunctionTemplate(make_timestamp)] under make_timestamp; prior registration was null
2025-04-12 21:05:59,807 DEBUG  DEBUG o.h.q.s.f.SqmFunctionRegistry: Registered SqmFunctionTemplate [NamedSqmFunctionTemplate(make_timestamptz)] under make_timestamptz; prior registration was null
2025-04-12 21:05:59,808 DEBUG  DEBUG o.h.q.s.f.SqmFunctionRegistry: Registered SqmFunctionTemplate [org.hibernate.dialect.function.InverseDistributionFunction@5eee3da9] under mode; prior registration was null
2025-04-12 21:05:59,808 DEBUG  DEBUG o.h.q.s.f.SqmFunctionRegistry: Registered SqmFunctionTemplate [org.hibernate.dialect.function.InverseDistributionFunction@ace2408] under percentile_cont; prior registration was null
2025-04-12 21:05:59,808 DEBUG  DEBUG o.h.q.s.f.SqmFunctionRegistry: Registered SqmFunctionTemplate [org.hibernate.dialect.function.InverseDistributionFunction@3573e19d] under percentile_disc; prior registration was null
2025-04-12 21:05:59,808 DEBUG  DEBUG o.h.q.s.f.SqmFunctionRegistry: Registered SqmFunctionTemplate [org.hibernate.dialect.function.HypotheticalSetFunction@7b2d58e6] under rank; prior registration was null
2025-04-12 21:05:59,808 DEBUG  DEBUG o.h.q.s.f.SqmFunctionRegistry: Registered SqmFunctionTemplate [org.hibernate.dialect.function.HypotheticalSetFunction@708f7386] under dense_rank; prior registration was null
2025-04-12 21:05:59,808 DEBUG  DEBUG o.h.q.s.f.SqmFunctionRegistry: Registered SqmFunctionTemplate [org.hibernate.dialect.function.HypotheticalSetFunction@377e90b0] under percent_rank; prior registration was null
2025-04-12 21:05:59,808 DEBUG  DEBUG o.h.q.s.f.SqmFunctionRegistry: Registered SqmFunctionTemplate [org.hibernate.dialect.function.HypotheticalSetFunction@27b490de] under cume_dist; prior registration was null
2025-04-12 21:05:59,808 DEBUG  DEBUG o.h.q.s.f.SqmFunctionRegistry: Registered SqmFunctionTemplate [org.hibernate.dialect.function.PostgreSQLMinMaxFunction@7d5ef1c3] under min; prior registration was NamedSqmFunctionTemplate(min)
2025-04-12 21:05:59,809 DEBUG  DEBUG o.h.q.s.f.SqmFunctionRegistry: Registered SqmFunctionTemplate [org.hibernate.dialect.function.PostgreSQLMinMaxFunction@33eab2e8] under max; prior registration was NamedSqmFunctionTemplate(max)
2025-04-12 21:05:59,809 DEBUG  DEBUG o.h.q.s.f.SqmFunctionRegistry: Registered SqmFunctionTemplate [org.hibernate.query.sqm.function.PatternBasedSqmFunctionDescriptor@34bf66af] under bitxor; prior registration was org.hibernate.query.sqm.function.PatternBasedSqmFunctionDescriptor@1cb44a2f
2025-04-12 21:05:59,809 DEBUG  DEBUG o.h.q.s.f.SqmFunctionRegistry: Registered SqmFunctionTemplate [org.hibernate.dialect.function.PostgreSQLTruncRoundFunction@14b26e90] under round; prior registration was NamedSqmFunctionTemplate(round)
2025-04-12 21:05:59,811 DEBUG  DEBUG o.h.q.s.f.SqmFunctionRegistry: Registered SqmFunctionTemplate [org.hibernate.dialect.function.PostgreSQLTruncFunction@23708f14] under trunc; prior registration was null
2025-04-12 21:05:59,811 DEBUG  DEBUG o.h.q.s.f.SqmFunctionRegistry: Registering alternate key : truncate -> trunc
2025-04-12 21:05:59,811 DEBUG  DEBUG o.h.q.s.f.SqmFunctionRegistry: Registered SqmFunctionTemplate [org.hibernate.query.sqm.function.PatternBasedSqmFunctionDescriptor@3dfc59c5] under date_trunc; prior registration was null
2025-04-12 21:05:59,813 DEBUG  DEBUG o.h.HQL_FUNCTIONS: abs(NUMERIC arg)
2025-04-12 21:05:59,813 DEBUG  DEBUG o.h.HQL_FUNCTIONS: Double acos(NUMERIC arg)
2025-04-12 21:05:59,813 DEBUG  DEBUG o.h.HQL_FUNCTIONS: Double acosh(NUMERIC arg)
2025-04-12 21:05:59,813 DEBUG  DEBUG o.h.HQL_FUNCTIONS: Boolean any(BOOLEAN predicate)
2025-04-12 21:05:59,813 DEBUG  DEBUG o.h.HQL_FUNCTIONS: array( ... )
2025-04-12 21:05:59,813 DEBUG  DEBUG o.h.HQL_FUNCTIONS: array_agg(arg)
2025-04-12 21:05:59,813 DEBUG  DEBUG o.h.HQL_FUNCTIONS: array_append( ... )
2025-04-12 21:05:59,813 DEBUG  DEBUG o.h.HQL_FUNCTIONS: array_concat( ... )
2025-04-12 21:05:59,813 DEBUG  DEBUG o.h.HQL_FUNCTIONS: Boolean array_contains(ARRAY haystackArray, OBJECT needleElementOrArray)
2025-04-12 21:05:59,813 DEBUG  DEBUG o.h.HQL_FUNCTIONS: Boolean array_contains_nullable(ARRAY haystackArray, OBJECT needleElementOrArray)
2025-04-12 21:05:59,813 DEBUG  DEBUG o.h.HQL_FUNCTIONS: array_fill(OBJECT element, INTEGER elementCount)
2025-04-12 21:05:59,813 DEBUG  DEBUG o.h.HQL_FUNCTIONS: array_fill_list(OBJECT element, INTEGER elementCount)
2025-04-12 21:05:59,813 DEBUG  DEBUG o.h.HQL_FUNCTIONS: array_get(ARRAY array, INTEGER index)
2025-04-12 21:05:59,813 DEBUG  DEBUG o.h.HQL_FUNCTIONS: Boolean array_includes(ARRAY haystackArray, OBJECT needleArray)
2025-04-12 21:05:59,813 DEBUG  DEBUG o.h.HQL_FUNCTIONS: Boolean array_includes_nullable(ARRAY haystackArray, OBJECT needleArray)
2025-04-12 21:05:59,813 DEBUG  DEBUG o.h.HQL_FUNCTIONS: Boolean array_intersects(ARRAY array0, OBJECT array1)
2025-04-12 21:05:59,813 DEBUG  DEBUG o.h.HQL_FUNCTIONS: Boolean array_intersects_nullable(ARRAY array0, OBJECT array1)
2025-04-12 21:05:59,813 DEBUG  DEBUG o.h.HQL_FUNCTIONS: Integer array_length(ARRAY array)
2025-04-12 21:05:59,813 DEBUG  DEBUG o.h.HQL_FUNCTIONS: array_list( ... )
2025-04-12 21:05:59,813 DEBUG  DEBUG o.h.HQL_FUNCTIONS: Boolean array_overlaps(ARRAY array0, OBJECT array1)
2025-04-12 21:05:59,813 DEBUG  DEBUG o.h.HQL_FUNCTIONS: Boolean array_overlaps_nullable(ARRAY array0, OBJECT array1)
2025-04-12 21:05:59,813 DEBUG  DEBUG o.h.HQL_FUNCTIONS: Integer array_position(ARRAY array, OBJECT element[, INTEGER startPosition])
2025-04-12 21:05:59,813 DEBUG  DEBUG o.h.HQL_FUNCTIONS: int[] array_positions(ARRAY array, OBJECT element)
2025-04-12 21:05:59,813 DEBUG  DEBUG o.h.HQL_FUNCTIONS: List array_positions_list(ARRAY array, OBJECT element)
2025-04-12 21:05:59,813 DEBUG  DEBUG o.h.HQL_FUNCTIONS: array_prepend( ... )
2025-04-12 21:05:59,813 DEBUG  DEBUG o.h.HQL_FUNCTIONS: array_remove( ... )
2025-04-12 21:05:59,813 DEBUG  DEBUG o.h.HQL_FUNCTIONS: array_remove_index( ... )
2025-04-12 21:05:59,813 DEBUG  DEBUG o.h.HQL_FUNCTIONS: array_replace(ARRAY array, OBJECT old, OBJECT new)
2025-04-12 21:05:59,813 DEBUG  DEBUG o.h.HQL_FUNCTIONS: array_set( ... )
2025-04-12 21:05:59,813 DEBUG  DEBUG o.h.HQL_FUNCTIONS: array_slice(ARRAY array, INTEGER start, INTEGER end)
2025-04-12 21:05:59,813 DEBUG  DEBUG o.h.HQL_FUNCTIONS: String array_to_string( ... )
2025-04-12 21:05:59,813 DEBUG  DEBUG o.h.HQL_FUNCTIONS: array_trim(ARRAY array, INTEGER elementsToRemove)
2025-04-12 21:05:59,813 DEBUG  DEBUG o.h.HQL_FUNCTIONS: Integer ascii(STRING arg)
2025-04-12 21:05:59,813 DEBUG  DEBUG o.h.HQL_FUNCTIONS: Double asin(NUMERIC arg)
2025-04-12 21:05:59,813 DEBUG  DEBUG o.h.HQL_FUNCTIONS: Double asinh(NUMERIC arg)
2025-04-12 21:05:59,813 DEBUG  DEBUG o.h.HQL_FUNCTIONS: Double atan(NUMERIC arg)
2025-04-12 21:05:59,814 DEBUG  DEBUG o.h.HQL_FUNCTIONS: Double atan2(NUMERIC arg0, NUMERIC arg1)
2025-04-12 21:05:59,814 DEBUG  DEBUG o.h.HQL_FUNCTIONS: Double atanh(NUMERIC arg)
2025-04-12 21:05:59,814 DEBUG  DEBUG o.h.HQL_FUNCTIONS: avg(arg)
2025-04-12 21:05:59,814 DEBUG  DEBUG o.h.HQL_FUNCTIONS: bit_and(arg)
2025-04-12 21:05:59,814 DEBUG  DEBUG o.h.HQL_FUNCTIONS: Integer bit_length(STRING_OR_CLOB arg)
2025-04-12 21:05:59,814 DEBUG  DEBUG o.h.HQL_FUNCTIONS: bit_or(arg)
2025-04-12 21:05:59,814 DEBUG  DEBUG o.h.HQL_FUNCTIONS: bitand(arg0, arg1)
2025-04-12 21:05:59,814 DEBUG  DEBUG o.h.HQL_FUNCTIONS: bitnot(arg)
2025-04-12 21:05:59,814 DEBUG  DEBUG o.h.HQL_FUNCTIONS: bitor(arg0, arg1)
2025-04-12 21:05:59,814 DEBUG  DEBUG o.h.HQL_FUNCTIONS: bitxor(arg0, arg1)
2025-04-12 21:05:59,814 DEBUG  DEBUG o.h.HQL_FUNCTIONS: Boolean bool_and(BOOLEAN predicate)
2025-04-12 21:05:59,814 DEBUG  DEBUG o.h.HQL_FUNCTIONS: Boolean bool_or(BOOLEAN predicate)
2025-04-12 21:05:59,814 DEBUG  DEBUG o.h.HQL_FUNCTIONS: cast(arg as Type)
2025-04-12 21:05:59,814 DEBUG  DEBUG o.h.HQL_FUNCTIONS: Double cbrt(NUMERIC arg)
2025-04-12 21:05:59,814 DEBUG  DEBUG o.h.HQL_FUNCTIONS: ceiling(NUMERIC arg)
2025-04-12 21:05:59,814 DEBUG  DEBUG o.h.HQL_FUNCTIONS: Character char(INTEGER arg)
2025-04-12 21:05:59,815 DEBUG  DEBUG o.h.HQL_FUNCTIONS: Integer character_length(STRING_OR_CLOB arg)
2025-04-12 21:05:59,815 DEBUG  DEBUG o.h.HQL_FUNCTIONS: Character chr(INTEGER arg)
2025-04-12 21:05:59,815 DEBUG  DEBUG o.h.HQL_FUNCTIONS: coalesce(arg0[, arg1[, ...]])
2025-04-12 21:05:59,815 DEBUG  DEBUG o.h.HQL_FUNCTIONS: String collate(STRING string as COLLATION collation)
2025-04-12 21:05:59,815 DEBUG  DEBUG o.h.HQL_FUNCTIONS: (STRING string0[, STRING string1[, ...]])
2025-04-12 21:05:59,815 DEBUG  DEBUG o.h.HQL_FUNCTIONS: Double corr(NUMERIC arg0, NUMERIC arg1)
2025-04-12 21:05:59,815 DEBUG  DEBUG o.h.HQL_FUNCTIONS: Double cos(NUMERIC arg)
2025-04-12 21:05:59,815 DEBUG  DEBUG o.h.HQL_FUNCTIONS: Double cosh(NUMERIC arg)
2025-04-12 21:05:59,815 DEBUG  DEBUG o.h.HQL_FUNCTIONS: Double cot(NUMERIC arg)
2025-04-12 21:05:59,815 DEBUG  DEBUG o.h.HQL_FUNCTIONS: Long count([distinct ]{arg|*})
2025-04-12 21:05:59,815 DEBUG  DEBUG o.h.HQL_FUNCTIONS: Double covar_pop(NUMERIC arg0, NUMERIC arg1)
2025-04-12 21:05:59,815 DEBUG  DEBUG o.h.HQL_FUNCTIONS: Double covar_samp(NUMERIC arg0, NUMERIC arg1)
2025-04-12 21:05:59,815 DEBUG  DEBUG o.h.HQL_FUNCTIONS: Double cume_dist([arg0[, ...]])
2025-04-12 21:05:59,815 DEBUG  DEBUG o.h.HQL_FUNCTIONS: Date current date
2025-04-12 21:05:59,815 DEBUG  DEBUG o.h.HQL_FUNCTIONS: Time current time
2025-04-12 21:05:59,815 DEBUG  DEBUG o.h.HQL_FUNCTIONS: Timestamp current timestamp
2025-04-12 21:05:59,815 DEBUG  DEBUG o.h.HQL_FUNCTIONS: Date current_date
2025-04-12 21:05:59,815 DEBUG  DEBUG o.h.HQL_FUNCTIONS: Instant current_instant
2025-04-12 21:05:59,815 DEBUG  DEBUG o.h.HQL_FUNCTIONS: Time current_time
2025-04-12 21:05:59,815 DEBUG  DEBUG o.h.HQL_FUNCTIONS: Timestamp current_timestamp
2025-04-12 21:05:59,815 DEBUG  DEBUG o.h.HQL_FUNCTIONS: date_trunc(STRING field, TEMPORAL datetime)
2025-04-12 21:05:59,815 DEBUG  DEBUG o.h.HQL_FUNCTIONS: dateadd(TEMPORAL_UNIT field, INTEGER magnitude, TEMPORAL datetime)
2025-04-12 21:05:59,816 DEBUG  DEBUG o.h.HQL_FUNCTIONS: Long|Double datediff(TEMPORAL_UNIT field, TEMPORAL start, TEMPORAL end)
2025-04-12 21:05:59,816 DEBUG  DEBUG o.h.HQL_FUNCTIONS: Double degrees(NUMERIC arg)
2025-04-12 21:05:59,816 DEBUG  DEBUG o.h.HQL_FUNCTIONS: Long dense_rank([arg0[, ...]])
2025-04-12 21:05:59,816 DEBUG  DEBUG o.h.HQL_FUNCTIONS: Boolean every(BOOLEAN predicate)
2025-04-12 21:05:59,816 DEBUG  DEBUG o.h.HQL_FUNCTIONS: Double exp(NUMERIC arg)
2025-04-12 21:05:59,816 DEBUG  DEBUG o.h.HQL_FUNCTIONS: extract(TEMPORAL_UNIT field from TEMPORAL arg)
2025-04-12 21:05:59,816 DEBUG  DEBUG o.h.HQL_FUNCTIONS: first_valueANY value
2025-04-12 21:05:59,816 DEBUG  DEBUG o.h.HQL_FUNCTIONS: floor(NUMERIC arg)
2025-04-12 21:05:59,816 DEBUG  DEBUG o.h.HQL_FUNCTIONS: String format(TEMPORAL datetime as STRING pattern)
2025-04-12 21:05:59,816 DEBUG  DEBUG o.h.HQL_FUNCTIONS: greatest(COMPARABLE arg0, COMPARABLE arg1[, arg2[, ...]])
2025-04-12 21:05:59,816 DEBUG  DEBUG o.h.HQL_FUNCTIONS: ifnull(arg0, arg1)
2025-04-12 21:05:59,816 DEBUG  DEBUG o.h.HQL_FUNCTIONS: String initcap(arg)
2025-04-12 21:05:59,816 DEBUG  DEBUG o.h.HQL_FUNCTIONS: String insert(STRING string, INTEGER start, INTEGER length, STRING replacement)
2025-04-12 21:05:59,816 DEBUG  DEBUG o.h.HQL_FUNCTIONS: Instant instant
2025-04-12 21:05:59,816 DEBUG  DEBUG o.h.HQL_FUNCTIONS: lagANY value[, INTEGER offset[, ANY default]]
2025-04-12 21:05:59,816 DEBUG  DEBUG o.h.HQL_FUNCTIONS: last_valueANY value
2025-04-12 21:05:59,816 DEBUG  DEBUG o.h.HQL_FUNCTIONS: leadANY value[, INTEGER offset[, ANY default]]
2025-04-12 21:05:59,817 DEBUG  DEBUG o.h.HQL_FUNCTIONS: least(COMPARABLE arg0, COMPARABLE arg1[, arg2[, ...]])
2025-04-12 21:05:59,817 DEBUG  DEBUG o.h.HQL_FUNCTIONS: String left(STRING string, INTEGER length)
2025-04-12 21:05:59,817 DEBUG  DEBUG o.h.HQL_FUNCTIONS: length
2025-04-12 21:05:59,817 DEBUG  DEBUG o.h.HQL_FUNCTIONS: String listagg(STRING arg0, STRING arg1)
2025-04-12 21:05:59,817 DEBUG  DEBUG o.h.HQL_FUNCTIONS: Double ln(NUMERIC arg)
2025-04-12 21:05:59,817 DEBUG  DEBUG o.h.HQL_FUNCTIONS: LocalDate local date
2025-04-12 21:05:59,817 DEBUG  DEBUG o.h.HQL_FUNCTIONS: LocalDateTime local datetime
2025-04-12 21:05:59,817 DEBUG  DEBUG o.h.HQL_FUNCTIONS: LocalTime local time
2025-04-12 21:05:59,817 DEBUG  DEBUG o.h.HQL_FUNCTIONS: LocalDate local_date
2025-04-12 21:05:59,817 DEBUG  DEBUG o.h.HQL_FUNCTIONS: LocalDateTime local_datetime
2025-04-12 21:05:59,817 DEBUG  DEBUG o.h.HQL_FUNCTIONS: LocalTime local_time
2025-04-12 21:05:59,817 DEBUG  DEBUG o.h.HQL_FUNCTIONS: Time localtime
2025-04-12 21:05:59,817 DEBUG  DEBUG o.h.HQL_FUNCTIONS: Timestamp localtimestamp
2025-04-12 21:05:59,817 DEBUG  DEBUG o.h.HQL_FUNCTIONS: Integer locate(STRING pattern, STRING string[, INTEGER start])
2025-04-12 21:05:59,817 DEBUG  DEBUG o.h.HQL_FUNCTIONS: Double log(NUMERIC arg0[, NUMERIC arg1])
2025-04-12 21:05:59,817 DEBUG  DEBUG o.h.HQL_FUNCTIONS: Double log10(NUMERIC arg)
2025-04-12 21:05:59,817 DEBUG  DEBUG o.h.HQL_FUNCTIONS: String lower(STRING string)
2025-04-12 21:05:59,817 DEBUG  DEBUG o.h.HQL_FUNCTIONS: String lpad(STRING string, INTEGER length[, STRING padding])
2025-04-12 21:05:59,817 DEBUG  DEBUG o.h.HQL_FUNCTIONS: String ltrim(STRING string[, STRING characters])
2025-04-12 21:05:59,817 DEBUG  DEBUG o.h.HQL_FUNCTIONS: Date make_date(INTEGER arg0, INTEGER arg1, INTEGER arg2)
2025-04-12 21:05:59,817 DEBUG  DEBUG o.h.HQL_FUNCTIONS: Time make_time(INTEGER arg0, INTEGER arg1, INTEGER arg2)
2025-04-12 21:05:59,817 DEBUG  DEBUG o.h.HQL_FUNCTIONS: Timestamp make_timestamp(INTEGER arg0, INTEGER arg1, INTEGER arg2, INTEGER arg3, INTEGER arg4, INTEGER arg5)
2025-04-12 21:05:59,817 DEBUG  DEBUG o.h.HQL_FUNCTIONS: Timestamp make_timestamptz(INTEGER arg0, INTEGER arg1, INTEGER arg2, INTEGER arg3, INTEGER arg4, INTEGER arg5[, INTEGER arg6])
2025-04-12 21:05:59,817 DEBUG  DEBUG o.h.HQL_FUNCTIONS: max(COMPARABLE arg)
2025-04-12 21:05:59,817 DEBUG  DEBUG o.h.HQL_FUNCTIONS: String md5(arg)
2025-04-12 21:05:59,817 DEBUG  DEBUG o.h.HQL_FUNCTIONS: Double median(NUMERIC arg)
2025-04-12 21:05:59,817 DEBUG  DEBUG o.h.HQL_FUNCTIONS: min(COMPARABLE arg)
2025-04-12 21:05:59,817 DEBUG  DEBUG o.h.HQL_FUNCTIONS: Integer mod(INTEGER arg0, INTEGER arg1)
2025-04-12 21:05:59,817 DEBUG  DEBUG o.h.HQL_FUNCTIONS: mode()
2025-04-12 21:05:59,817 DEBUG  DEBUG o.h.HQL_FUNCTIONS: nth_valueANY value, INTEGER nth
2025-04-12 21:05:59,817 DEBUG  DEBUG o.h.HQL_FUNCTIONS: nullif(arg0, arg1)
2025-04-12 21:05:59,817 DEBUG  DEBUG o.h.HQL_FUNCTIONS: Integer octet_length(STRING_OR_CLOB arg)
2025-04-12 21:05:59,817 DEBUG  DEBUG o.h.HQL_FUNCTIONS: OffsetDateTime offset datetime
2025-04-12 21:05:59,817 DEBUG  DEBUG o.h.HQL_FUNCTIONS: OffsetDateTime offset_datetime
2025-04-12 21:05:59,817 DEBUG  DEBUG o.h.HQL_FUNCTIONS: String overlay(string placing replacement from start[ for length])
2025-04-12 21:05:59,817 DEBUG  DEBUG o.h.HQL_FUNCTIONS: String pad(STRING string with INTEGER length {leading|trailing}[ STRING character])
2025-04-12 21:05:59,817 DEBUG  DEBUG o.h.HQL_FUNCTIONS: Double percent_rank([arg0[, ...]])
2025-04-12 21:05:59,817 DEBUG  DEBUG o.h.HQL_FUNCTIONS: percentile_cont(NUMERIC arg)
2025-04-12 21:05:59,817 DEBUG  DEBUG o.h.HQL_FUNCTIONS: percentile_disc(NUMERIC arg)
2025-04-12 21:05:59,817 DEBUG  DEBUG o.h.HQL_FUNCTIONS: Double pi
2025-04-12 21:05:59,817 DEBUG  DEBUG o.h.HQL_FUNCTIONS: Integer position(STRING pattern in STRING string)
2025-04-12 21:05:59,817 DEBUG  DEBUG o.h.HQL_FUNCTIONS: Double power(NUMERIC arg0, NUMERIC arg1)
2025-04-12 21:05:59,817 DEBUG  DEBUG o.h.HQL_FUNCTIONS: Double radians(NUMERIC arg)
2025-04-12 21:05:59,817 DEBUG  DEBUG o.h.HQL_FUNCTIONS: Long rank([arg0[, ...]])
2025-04-12 21:05:59,817 DEBUG  DEBUG o.h.HQL_FUNCTIONS: Double regr_avgx(NUMERIC arg0, NUMERIC arg1)
2025-04-12 21:05:59,818 DEBUG  DEBUG o.h.HQL_FUNCTIONS: Double regr_avgy(NUMERIC arg0, NUMERIC arg1)
2025-04-12 21:05:59,818 DEBUG  DEBUG o.h.HQL_FUNCTIONS: Double regr_count(NUMERIC arg0, NUMERIC arg1)
2025-04-12 21:05:59,818 DEBUG  DEBUG o.h.HQL_FUNCTIONS: Double regr_intercept(NUMERIC arg0, NUMERIC arg1)
2025-04-12 21:05:59,818 DEBUG  DEBUG o.h.HQL_FUNCTIONS: Double regr_r2(NUMERIC arg0, NUMERIC arg1)
2025-04-12 21:05:59,818 DEBUG  DEBUG o.h.HQL_FUNCTIONS: Double regr_slope(NUMERIC arg0, NUMERIC arg1)
2025-04-12 21:05:59,818 DEBUG  DEBUG o.h.HQL_FUNCTIONS: Double regr_sxx(NUMERIC arg0, NUMERIC arg1)
2025-04-12 21:05:59,818 DEBUG  DEBUG o.h.HQL_FUNCTIONS: Double regr_sxy(NUMERIC arg0, NUMERIC arg1)
2025-04-12 21:05:59,818 DEBUG  DEBUG o.h.HQL_FUNCTIONS: Double regr_syy(NUMERIC arg0, NUMERIC arg1)
2025-04-12 21:05:59,818 DEBUG  DEBUG o.h.HQL_FUNCTIONS: String repeat(STRING string, INTEGER times)
2025-04-12 21:05:59,818 DEBUG  DEBUG o.h.HQL_FUNCTIONS: String replace(STRING string, STRING pattern, STRING replacement)
2025-04-12 21:05:59,818 DEBUG  DEBUG o.h.HQL_FUNCTIONS: String right(STRING string, INTEGER length)
2025-04-12 21:05:59,818 DEBUG  DEBUG o.h.HQL_FUNCTIONS: round(NUMERIC number[, INTEGER places])
2025-04-12 21:05:59,818 DEBUG  DEBUG o.h.HQL_FUNCTIONS: Long row_number()
2025-04-12 21:05:59,818 DEBUG  DEBUG o.h.HQL_FUNCTIONS: String rpad(STRING string, INTEGER length[, STRING padding])
2025-04-12 21:05:59,818 DEBUG  DEBUG o.h.HQL_FUNCTIONS: String rtrim(STRING string[, STRING characters])
2025-04-12 21:05:59,818 DEBUG  DEBUG o.h.HQL_FUNCTIONS: Integer sign(NUMERIC arg)
2025-04-12 21:05:59,818 DEBUG  DEBUG o.h.HQL_FUNCTIONS: Double sin(NUMERIC arg)
2025-04-12 21:05:59,818 DEBUG  DEBUG o.h.HQL_FUNCTIONS: Double sinh(NUMERIC arg)
2025-04-12 21:05:59,818 DEBUG  DEBUG o.h.HQL_FUNCTIONS: String soundex(arg)
2025-04-12 21:05:59,818 DEBUG  DEBUG o.h.HQL_FUNCTIONS: Object sql
2025-04-12 21:05:59,818 DEBUG  DEBUG o.h.HQL_FUNCTIONS: Double sqrt(NUMERIC arg)
2025-04-12 21:05:59,818 DEBUG  DEBUG o.h.HQL_FUNCTIONS: Double stddev(NUMERIC arg)
2025-04-12 21:05:59,818 DEBUG  DEBUG o.h.HQL_FUNCTIONS: Double stddev_pop(NUMERIC arg)
2025-04-12 21:05:59,818 DEBUG  DEBUG o.h.HQL_FUNCTIONS: Double stddev_samp(NUMERIC arg)
2025-04-12 21:05:59,818 DEBUG  DEBUG o.h.HQL_FUNCTIONS: String str(arg)
2025-04-12 21:05:59,818 DEBUG  DEBUG o.h.HQL_FUNCTIONS: String substr(STRING string, INTEGER start[, INTEGER length])
2025-04-12 21:05:59,818 DEBUG  DEBUG o.h.HQL_FUNCTIONS: String substring(STRING string{ from|,} INTEGER start[{ for|,} INTEGER length])
2025-04-12 21:05:59,818 DEBUG  DEBUG o.h.HQL_FUNCTIONS: sum(arg)
2025-04-12 21:05:59,818 DEBUG  DEBUG o.h.HQL_FUNCTIONS: Double tan(NUMERIC arg)
2025-04-12 21:05:59,818 DEBUG  DEBUG o.h.HQL_FUNCTIONS: Double tanh(NUMERIC arg)
2025-04-12 21:05:59,818 DEBUG  DEBUG o.h.HQL_FUNCTIONS: timestampadd(TEMPORAL_UNIT field, INTEGER magnitude, TEMPORAL datetime)
2025-04-12 21:05:59,818 DEBUG  DEBUG o.h.HQL_FUNCTIONS: Long|Double timestampdiff(TEMPORAL_UNIT field, TEMPORAL start, TEMPORAL end)
2025-04-12 21:05:59,818 DEBUG  DEBUG o.h.HQL_FUNCTIONS: String to_char(ANY arg0[, STRING arg1, STRING arg2])
2025-04-12 21:05:59,818 DEBUG  DEBUG o.h.HQL_FUNCTIONS: Date to_date(STRING arg0[, STRING arg1, STRING arg2])
2025-04-12 21:05:59,818 DEBUG  DEBUG o.h.HQL_FUNCTIONS: Double to_number(STRING arg0[, STRING arg1, STRING arg2])
2025-04-12 21:05:59,818 DEBUG  DEBUG o.h.HQL_FUNCTIONS: Timestamp to_timestamp(STRING arg0[, STRING arg1, STRING arg2])
2025-04-12 21:05:59,818 DEBUG  DEBUG o.h.HQL_FUNCTIONS: String translate(STRING arg0, STRING arg1, STRING arg2)
2025-04-12 21:05:59,818 DEBUG  DEBUG o.h.HQL_FUNCTIONS: String trim([[{leading|trailing|both} ][STRING arg0 ]from] STRING arg1)
2025-04-12 21:05:59,818 DEBUG  DEBUG o.h.HQL_FUNCTIONS: trunc( ... )
2025-04-12 21:05:59,818 DEBUG  DEBUG o.h.HQL_FUNCTIONS: truncate( ... )
2025-04-12 21:05:59,818 DEBUG  DEBUG o.h.HQL_FUNCTIONS: String upper(STRING string)
2025-04-12 21:05:59,818 DEBUG  DEBUG o.h.HQL_FUNCTIONS: Double var_pop(NUMERIC arg)
2025-04-12 21:05:59,818 DEBUG  DEBUG o.h.HQL_FUNCTIONS: Double var_samp(NUMERIC arg)
2025-04-12 21:05:59,818 DEBUG  DEBUG o.h.HQL_FUNCTIONS: Double variance(NUMERIC arg)
2025-04-12 21:05:59,822 DEBUG  DEBUG o.h.o.q.plan.cache: Starting QueryInterpretationCache(2048)
2025-04-12 21:05:59,883 DEBUG  DEBUG o.h.s.i.SessionFactoryServiceRegistryImpl: EventListenerRegistry access via ServiceRegistry is deprecated.  Use `sessionFactory.getEventEngine().getListenerRegistry()` instead
2025-04-12 21:05:59,885 DEBUG  DEBUG o.h.e.i.EntityCopyObserverFactoryInitiator: Configured EntityCopyObserver strategy: disallow
2025-04-12 21:05:59,956 DEBUG  DEBUG o.h.b.i.ClassLoaderAccessImpl: Not known whether passed class name [ru.senla.socialnetwork.model.User] is safe
2025-04-12 21:05:59,956 DEBUG  DEBUG o.h.b.i.ClassLoaderAccessImpl: No temp ClassLoader provided; using live ClassLoader for loading potentially unsafe class : ru.senla.socialnetwork.model.User
2025-04-12 21:06:00,059 DEBUG  DEBUG o.h.b.i.b.BytecodeProviderImpl: HHH000513: Unable to create the ReflectionOptimizer for [ru.senla.socialnetwork.model.User]: private accessor [aboutMe]
2025-04-12 21:06:00,099 DEBUG  DEBUG o.h.o.m.m.creation: Starting post-init callbacks
2025-04-12 21:06:00,099 DEBUG  DEBUG o.h.o.m.m.creation: Starting PostInitCallbackEntry : Entity(ru.senla.socialnetwork.model.User) `staticFetchableList` generator
2025-04-12 21:06:00,175 DEBUG  DEBUG o.h.o.sql.ast.create: Created new SQL alias : u1_0
2025-04-12 21:06:00,176 DEBUG  DEBUG o.h.o.sql.ast.create: Registration of TableGroup [StandardTableGroup(ru.senla.socialnetwork.model.User)] with identifierForTableGroup [ru.senla.socialnetwork.model.User] for NavigablePath [ru.senla.socialnetwork.model.User] 
2025-04-12 21:06:00,188 DEBUG  DEBUG o.h.o.r.graph.AST: DomainResult Graph:
 \-EntityResultImpl [ru.senla.socialnetwork.model.User]
 |  +-BasicFetch [ru.senla.socialnetwork.model.User.aboutMe]
 |  +-BasicFetch [ru.senla.socialnetwork.model.User.birthDate]
 |  +-BasicFetch [ru.senla.socialnetwork.model.User.email]
 |  +-BasicFetch [ru.senla.socialnetwork.model.User.firstName]
 |  +-BasicFetch [ru.senla.socialnetwork.model.User.gender]
 |  +-BasicFetch [ru.senla.socialnetwork.model.User.lastName]
 |  +-BasicFetch [ru.senla.socialnetwork.model.User.password]
 |  +-BasicFetch [ru.senla.socialnetwork.model.User.registeredAt]
 |  \-BasicFetch [ru.senla.socialnetwork.model.User.role]

2025-04-12 21:06:00,190 DEBUG  DEBUG o.h.orm.sql.ast.tree: SQL AST Tree:
    SelectStatement {
      FromClause {
        StandardTableGroup (u1 : ru.senla.socialnetwork.model.User) {
          primaryTableReference : users as u1_0
        }
      }
    }

2025-04-12 21:06:00,215 DEBUG  DEBUG o.h.p.e.AbstractEntityPersister: Static SQL for entity: ru.senla.socialnetwork.model.User
2025-04-12 21:06:00,215 DEBUG  DEBUG o.h.p.e.AbstractEntityPersister:  Version select: select id from users where id=?
2025-04-12 21:06:00,215 DEBUG  DEBUG o.h.p.e.AbstractEntityPersister:  Insert (0): insert into users (about_me,birthdate,mail,firstname,gender,lastname,password,registered_at,role) values (?,?,?,?,?,?,?,?,?)
2025-04-12 21:06:00,216 DEBUG  DEBUG o.h.p.e.AbstractEntityPersister:  Update (0): update users set about_me=?,birthdate=?,mail=?,firstname=?,gender=?,lastname=?,password=?,registered_at=?,role=? where id=?
2025-04-12 21:06:00,216 DEBUG  DEBUG o.h.p.e.AbstractEntityPersister:  Delete (0): delete from users where id=?
2025-04-12 21:06:00,240 DEBUG  DEBUG o.h.e.t.j.p.i.JtaPlatformInitiator: No JtaPlatform was specified, checking resolver
2025-04-12 21:06:00,241 DEBUG  DEBUG o.h.e.t.j.p.i.JtaPlatformResolverInitiator: No JtaPlatformResolver was specified, using default [org.hibernate.engine.transaction.jta.platform.internal.StandardJtaPlatformResolver]
2025-04-12 21:06:00,244 DEBUG  DEBUG o.h.e.t.j.p.i.StandardJtaPlatformResolver: Could not resolve JtaPlatform, using default [org.hibernate.engine.transaction.jta.platform.internal.NoJtaPlatform]
2025-04-12 21:06:00,245 INFO   INFO  o.h.e.t.j.p.i.JtaPlatformInitiator: HHH000489: No JTA platform available (set 'hibernate.transaction.jta.platform' to enable JTA platform integration)
2025-04-12 21:06:00,245 DEBUG  DEBUG o.h.t.s.TypeConfiguration$Scope: Scoping TypeConfiguration [org.hibernate.type.spi.TypeConfiguration@307af381] to SessionFactoryImplementor [org.hibernate.internal.SessionFactoryImpl@1e592ef2]
2025-04-12 21:06:00,246 DEBUG  DEBUG o.h.q.n.NamedObjectRepository: Checking 0 named HQL queries
2025-04-12 21:06:00,246 DEBUG  DEBUG o.h.q.n.NamedObjectRepository: Checking 0 named SQL queries
2025-04-12 21:06:00,247 DEBUG  DEBUG o.h.t.s.s.SchemaManagementToolCoordinator: No schema actions specified for contributor `orm`; doing nothing
2025-04-12 21:06:00,247 DEBUG  DEBUG o.h.t.s.s.SchemaManagementToolCoordinator: No actions found; doing nothing
2025-04-12 21:06:00,248 DEBUG  DEBUG o.h.i.SessionFactoryRegistry: Initializing SessionFactoryRegistry : org.hibernate.internal.SessionFactoryRegistry@39b95a80
2025-04-12 21:06:00,248 DEBUG  DEBUG o.h.i.SessionFactoryRegistry: Registering SessionFactory: 2b62015b-9087-4116-be26-46a551a5c25e (<unnamed>)
2025-04-12 21:06:00,248 DEBUG  DEBUG o.h.i.SessionFactoryRegistry: Not binding SessionFactory to JNDI, no JNDI name configured
2025-04-12 21:06:00,248 DEBUG  DEBUG o.h.i.SessionFactoryImpl: Instantiated SessionFactory
2025-04-12 21:06:00,276 DEBUG  DEBUG o.s.b.f.s.DefaultListableBeanFactory: Autowiring by type from bean name 'userRepository' via constructor to bean named 'sessionFactory'
2025-04-12 21:06:00,331 DEBUG  DEBUG o.s.b.f.s.DefaultListableBeanFactory: Autowiring by type from bean name 'testController' via constructor to bean named 'userRepository'
2025-04-12 21:06:00,334 DEBUG  DEBUG o.s.b.f.s.DefaultListableBeanFactory: Creating shared instance of singleton bean 'transactionManager'
2025-04-12 21:06:00,335 DEBUG  DEBUG o.s.b.f.s.DefaultListableBeanFactory: Autowiring by type from bean name 'transactionManager' via factory method to bean named 'sessionFactory'
2025-04-12 21:06:00,343 DEBUG  DEBUG o.s.o.h.HibernateTransactionManager: Using DataSource [HikariDataSource (HikariPool-1)] of Hibernate SessionFactory for HibernateTransactionManager
2025-04-12 21:06:00,347 DEBUG  DEBUG o.s.b.f.s.DefaultListableBeanFactory: Creating shared instance of singleton bean 'org.springframework.boot.autoconfigure.AutoConfigurationPackages'
2025-04-12 21:06:00,348 DEBUG  DEBUG o.s.b.f.s.DefaultListableBeanFactory: Creating shared instance of singleton bean 'org.springframework.boot.autoconfigure.context.PropertyPlaceholderAutoConfiguration'
2025-04-12 21:06:00,349 DEBUG  DEBUG o.s.b.f.s.DefaultListableBeanFactory: Creating shared instance of singleton bean 'org.springframework.boot.autoconfigure.ssl.SslAutoConfiguration'
2025-04-12 21:06:00,351 DEBUG  DEBUG o.s.b.f.s.DefaultListableBeanFactory: Creating shared instance of singleton bean 'spring.ssl-org.springframework.boot.autoconfigure.ssl.SslProperties'
2025-04-12 21:06:00,356 DEBUG  DEBUG o.s.b.f.s.DefaultListableBeanFactory: Autowiring by type from bean name 'org.springframework.boot.autoconfigure.ssl.SslAutoConfiguration' via constructor to bean named 'org.springframework.web.context.support.GenericWebApplicationContext@6d467c87'
2025-04-12 21:06:00,356 DEBUG  DEBUG o.s.b.f.s.DefaultListableBeanFactory: Autowiring by type from bean name 'org.springframework.boot.autoconfigure.ssl.SslAutoConfiguration' via constructor to bean named 'spring.ssl-org.springframework.boot.autoconfigure.ssl.SslProperties'
2025-04-12 21:06:00,357 DEBUG  DEBUG o.s.b.f.s.DefaultListableBeanFactory: Creating shared instance of singleton bean 'fileWatcher'
2025-04-12 21:06:00,360 DEBUG  DEBUG o.s.b.f.s.DefaultListableBeanFactory: Creating shared instance of singleton bean 'sslPropertiesSslBundleRegistrar'
2025-04-12 21:06:00,360 DEBUG  DEBUG o.s.b.f.s.DefaultListableBeanFactory: Autowiring by type from bean name 'sslPropertiesSslBundleRegistrar' via factory method to bean named 'fileWatcher'
2025-04-12 21:06:00,363 DEBUG  DEBUG o.s.b.f.s.DefaultListableBeanFactory: Creating shared instance of singleton bean 'sslBundleRegistry'
2025-04-12 21:06:00,371 DEBUG  DEBUG o.s.b.f.s.DefaultListableBeanFactory: Creating shared instance of singleton bean 'org.springframework.boot.autoconfigure.websocket.servlet.WebSocketServletAutoConfiguration$TomcatWebSocketConfiguration'
2025-04-12 21:06:00,372 DEBUG  DEBUG o.s.b.f.s.DefaultListableBeanFactory: Creating shared instance of singleton bean 'websocketServletWebServerCustomizer'
2025-04-12 21:06:00,374 DEBUG  DEBUG o.s.b.f.s.DefaultListableBeanFactory: Creating shared instance of singleton bean 'org.springframework.boot.autoconfigure.websocket.servlet.WebSocketServletAutoConfiguration'
2025-04-12 21:06:00,374 DEBUG  DEBUG o.s.b.f.s.DefaultListableBeanFactory: Creating shared instance of singleton bean 'org.springframework.boot.autoconfigure.web.servlet.ServletWebServerFactoryConfiguration$EmbeddedTomcat'
2025-04-12 21:06:00,375 DEBUG  DEBUG o.s.b.f.s.DefaultListableBeanFactory: Creating shared instance of singleton bean 'tomcatServletWebServerFactory'
2025-04-12 21:06:00,416 DEBUG  DEBUG o.s.b.f.s.DefaultListableBeanFactory: Creating shared instance of singleton bean 'servletWebServerFactoryCustomizer'
2025-04-12 21:06:00,416 DEBUG  DEBUG o.s.b.f.s.DefaultListableBeanFactory: Creating shared instance of singleton bean 'org.springframework.boot.autoconfigure.web.servlet.ServletWebServerFactoryAutoConfiguration'
2025-04-12 21:06:00,418 DEBUG  DEBUG o.s.b.f.s.DefaultListableBeanFactory: Creating shared instance of singleton bean 'server-org.springframework.boot.autoconfigure.web.ServerProperties'
2025-04-12 21:06:00,446 DEBUG  DEBUG o.s.b.f.s.DefaultListableBeanFactory: Autowiring by type from bean name 'servletWebServerFactoryCustomizer' via factory method to bean named 'server-org.springframework.boot.autoconfigure.web.ServerProperties'
2025-04-12 21:06:00,455 DEBUG  DEBUG o.s.b.f.s.DefaultListableBeanFactory: Creating shared instance of singleton bean 'tomcatServletWebServerFactoryCustomizer'
2025-04-12 21:06:00,455 DEBUG  DEBUG o.s.b.f.s.DefaultListableBeanFactory: Autowiring by type from bean name 'tomcatServletWebServerFactoryCustomizer' via factory method to bean named 'server-org.springframework.boot.autoconfigure.web.ServerProperties'
2025-04-12 21:06:00,460 DEBUG  DEBUG o.s.b.f.s.DefaultListableBeanFactory: Creating shared instance of singleton bean 'localeCharsetMappingsCustomizer'
2025-04-12 21:06:00,460 DEBUG  DEBUG o.s.b.f.s.DefaultListableBeanFactory: Creating shared instance of singleton bean 'org.springframework.boot.autoconfigure.web.servlet.HttpEncodingAutoConfiguration'
2025-04-12 21:06:00,460 DEBUG  DEBUG o.s.b.f.s.DefaultListableBeanFactory: Autowiring by type from bean name 'org.springframework.boot.autoconfigure.web.servlet.HttpEncodingAutoConfiguration' via constructor to bean named 'server-org.springframework.boot.autoconfigure.web.ServerProperties'
2025-04-12 21:06:00,535 DEBUG  DEBUG o.a.c.c.AprLifecycleListener: The Apache Tomcat Native library could not be found using names [tcnative-2, libtcnative-2, tcnative-1, libtcnative-1] on the java.library.path [C:\Java\jdk-21\bin;C:\WINDOWS\Sun\Java\bin;C:\WINDOWS\system32;C:\WINDOWS;C:\Program Files\Common Files\Oracle\Java\javapath;C:\Users\Даниил\gcc\bin;C:\Users\Даниил\gcc\libexec\gcc\x86_64-w64-mingw32\15.0.0;C:\WINDOWS\system32;C:\WINDOWS;C:\WINDOWS\System32\Wbem;C:\WINDOWS\System32\WindowsPowerShell\v1.0\;C:\WINDOWS\System32\OpenSSH\;C:\Program Files\dotnet\;C:\Program Files (x86)\Windows Kits\10\Windows Performance Toolkit\;C:\Program Files\Git\cmd;C:\Program Files\Docker\Docker\resources\bin;C:\Program Files\Common Files\Oracle\Java\javapath;C:\Users\Даниил\gcc\bin;C:\Users\Даниил\gcc\libexec\gcc\x86_64-w64-mingw32\15.0.0;C:\WINDOWS\system32;C:\WINDOWS;C:\WINDOWS\System32\Wbem;C:\WINDOWS\System32\WindowsPowerShell\v1.0\;C:\WINDOWS\System32\OpenSSH\;C:\Program Files\dotnet\;C:\Program Files (x86)\Windows Kits\10\Windows Performance Toolkit\;C:\Program Files\Git\cmd;C:\Program Files\Docker\Docker\resources\bin;C:\Program Files\MySQL\MySQL Server 8.0\bin;C:\Users\Даниил\AppData\Local\GitHubDesktop\bin;.]. The errors reported were [Can't load library: C:\Users\Даниил\Desktop\RTD\socialnetwork\socialnetwork\bin\tcnative-2.dll, Can't load library: C:\Users\Даниил\Desktop\RTD\socialnetwork\socialnetwork\bin\libtcnative-2.dll, Can't load library: C:\Users\Даниил\Desktop\RTD\socialnetwork\socialnetwork\bin\tcnative-1.dll, Can't load library: C:\Users\Даниил\Desktop\RTD\socialnetwork\socialnetwork\bin\libtcnative-1.dll, no tcnative-2 in java.library.path: C:\Java\jdk-21\bin;C:\WINDOWS\Sun\Java\bin;C:\WINDOWS\system32;C:\WINDOWS;C:\Program Files\Common Files\Oracle\Java\javapath;C:\Users\Даниил\gcc\bin;C:\Users\Даниил\gcc\libexec\gcc\x86_64-w64-mingw32\15.0.0;C:\WINDOWS\system32;C:\WINDOWS;C:\WINDOWS\System32\Wbem;C:\WINDOWS\System32\WindowsPowerShell\v1.0\;C:\WINDOWS\System32\OpenSSH\;C:\Program Files\dotnet\;C:\Program Files (x86)\Windows Kits\10\Windows Performance Toolkit\;C:\Program Files\Git\cmd;C:\Program Files\Docker\Docker\resources\bin;C:\Program Files\Common Files\Oracle\Java\javapath;C:\Users\Даниил\gcc\bin;C:\Users\Даниил\gcc\libexec\gcc\x86_64-w64-mingw32\15.0.0;C:\WINDOWS\system32;C:\WINDOWS;C:\WINDOWS\System32\Wbem;C:\WINDOWS\System32\WindowsPowerShell\v1.0\;C:\WINDOWS\System32\OpenSSH\;C:\Program Files\dotnet\;C:\Program Files (x86)\Windows Kits\10\Windows Performance Toolkit\;C:\Program Files\Git\cmd;C:\Program Files\Docker\Docker\resources\bin;C:\Program Files\MySQL\MySQL Server 8.0\bin;C:\Users\Даниил\AppData\Local\GitHubDesktop\bin;., no libtcnative-2 in java.library.path: C:\Java\jdk-21\bin;C:\WINDOWS\Sun\Java\bin;C:\WINDOWS\system32;C:\WINDOWS;C:\Program Files\Common Files\Oracle\Java\javapath;C:\Users\Даниил\gcc\bin;C:\Users\Даниил\gcc\libexec\gcc\x86_64-w64-mingw32\15.0.0;C:\WINDOWS\system32;C:\WINDOWS;C:\WINDOWS\System32\Wbem;C:\WINDOWS\System32\WindowsPowerShell\v1.0\;C:\WINDOWS\System32\OpenSSH\;C:\Program Files\dotnet\;C:\Program Files (x86)\Windows Kits\10\Windows Performance Toolkit\;C:\Program Files\Git\cmd;C:\Program Files\Docker\Docker\resources\bin;C:\Program Files\Common Files\Oracle\Java\javapath;C:\Users\Даниил\gcc\bin;C:\Users\Даниил\gcc\libexec\gcc\x86_64-w64-mingw32\15.0.0;C:\WINDOWS\system32;C:\WINDOWS;C:\WINDOWS\System32\Wbem;C:\WINDOWS\System32\WindowsPowerShell\v1.0\;C:\WINDOWS\System32\OpenSSH\;C:\Program Files\dotnet\;C:\Program Files (x86)\Windows Kits\10\Windows Performance Toolkit\;C:\Program Files\Git\cmd;C:\Program Files\Docker\Docker\resources\bin;C:\Program Files\MySQL\MySQL Server 8.0\bin;C:\Users\Даниил\AppData\Local\GitHubDesktop\bin;., no tcnative-1 in java.library.path: C:\Java\jdk-21\bin;C:\WINDOWS\Sun\Java\bin;C:\WINDOWS\system32;C:\WINDOWS;C:\Program Files\Common Files\Oracle\Java\javapath;C:\Users\Даниил\gcc\bin;C:\Users\Даниил\gcc\libexec\gcc\x86_64-w64-mingw32\15.0.0;C:\WINDOWS\system32;C:\WINDOWS;C:\WINDOWS\System32\Wbem;C:\WINDOWS\System32\WindowsPowerShell\v1.0\;C:\WINDOWS\System32\OpenSSH\;C:\Program Files\dotnet\;C:\Program Files (x86)\Windows Kits\10\Windows Performance Toolkit\;C:\Program Files\Git\cmd;C:\Program Files\Docker\Docker\resources\bin;C:\Program Files\Common Files\Oracle\Java\javapath;C:\Users\Даниил\gcc\bin;C:\Users\Даниил\gcc\libexec\gcc\x86_64-w64-mingw32\15.0.0;C:\WINDOWS\system32;C:\WINDOWS;C:\WINDOWS\System32\Wbem;C:\WINDOWS\System32\WindowsPowerShell\v1.0\;C:\WINDOWS\System32\OpenSSH\;C:\Program Files\dotnet\;C:\Program Files (x86)\Windows Kits\10\Windows Performance Toolkit\;C:\Program Files\Git\cmd;C:\Program Files\Docker\Docker\resources\bin;C:\Program Files\MySQL\MySQL Server 8.0\bin;C:\Users\Даниил\AppData\Local\GitHubDesktop\bin;., no libtcnative-1 in java.library.path: C:\Java\jdk-21\bin;C:\WINDOWS\Sun\Java\bin;C:\WINDOWS\system32;C:\WINDOWS;C:\Program Files\Common Files\Oracle\Java\javapath;C:\Users\Даниил\gcc\bin;C:\Users\Даниил\gcc\libexec\gcc\x86_64-w64-mingw32\15.0.0;C:\WINDOWS\system32;C:\WINDOWS;C:\WINDOWS\System32\Wbem;C:\WINDOWS\System32\WindowsPowerShell\v1.0\;C:\WINDOWS\System32\OpenSSH\;C:\Program Files\dotnet\;C:\Program Files (x86)\Windows Kits\10\Windows Performance Toolkit\;C:\Program Files\Git\cmd;C:\Program Files\Docker\Docker\resources\bin;C:\Program Files\Common Files\Oracle\Java\javapath;C:\Users\Даниил\gcc\bin;C:\Users\Даниил\gcc\libexec\gcc\x86_64-w64-mingw32\15.0.0;C:\WINDOWS\system32;C:\WINDOWS;C:\WINDOWS\System32\Wbem;C:\WINDOWS\System32\WindowsPowerShell\v1.0\;C:\WINDOWS\System32\OpenSSH\;C:\Program Files\dotnet\;C:\Program Files (x86)\Windows Kits\10\Windows Performance Toolkit\;C:\Program Files\Git\cmd;C:\Program Files\Docker\Docker\resources\bin;C:\Program Files\MySQL\MySQL Server 8.0\bin;C:\Users\Даниил\AppData\Local\GitHubDesktop\bin;.]
org.apache.tomcat.jni.LibraryNotFoundError: Can't load library: C:\Users\Даниил\Desktop\RTD\socialnetwork\socialnetwork\bin\tcnative-2.dll, Can't load library: C:\Users\Даниил\Desktop\RTD\socialnetwork\socialnetwork\bin\libtcnative-2.dll, Can't load library: C:\Users\Даниил\Desktop\RTD\socialnetwork\socialnetwork\bin\tcnative-1.dll, Can't load library: C:\Users\Даниил\Desktop\RTD\socialnetwork\socialnetwork\bin\libtcnative-1.dll, no tcnative-2 in java.library.path: C:\Java\jdk-21\bin;C:\WINDOWS\Sun\Java\bin;C:\WINDOWS\system32;C:\WINDOWS;C:\Program Files\Common Files\Oracle\Java\javapath;C:\Users\Даниил\gcc\bin;C:\Users\Даниил\gcc\libexec\gcc\x86_64-w64-mingw32\15.0.0;C:\WINDOWS\system32;C:\WINDOWS;C:\WINDOWS\System32\Wbem;C:\WINDOWS\System32\WindowsPowerShell\v1.0\;C:\WINDOWS\System32\OpenSSH\;C:\Program Files\dotnet\;C:\Program Files (x86)\Windows Kits\10\Windows Performance Toolkit\;C:\Program Files\Git\cmd;C:\Program Files\Docker\Docker\resources\bin;C:\Program Files\Common Files\Oracle\Java\javapath;C:\Users\Даниил\gcc\bin;C:\Users\Даниил\gcc\libexec\gcc\x86_64-w64-mingw32\15.0.0;C:\WINDOWS\system32;C:\WINDOWS;C:\WINDOWS\System32\Wbem;C:\WINDOWS\System32\WindowsPowerShell\v1.0\;C:\WINDOWS\System32\OpenSSH\;C:\Program Files\dotnet\;C:\Program Files (x86)\Windows Kits\10\Windows Performance Toolkit\;C:\Program Files\Git\cmd;C:\Program Files\Docker\Docker\resources\bin;C:\Program Files\MySQL\MySQL Server 8.0\bin;C:\Users\Даниил\AppData\Local\GitHubDesktop\bin;., no libtcnative-2 in java.library.path: C:\Java\jdk-21\bin;C:\WINDOWS\Sun\Java\bin;C:\WINDOWS\system32;C:\WINDOWS;C:\Program Files\Common Files\Oracle\Java\javapath;C:\Users\Даниил\gcc\bin;C:\Users\Даниил\gcc\libexec\gcc\x86_64-w64-mingw32\15.0.0;C:\WINDOWS\system32;C:\WINDOWS;C:\WINDOWS\System32\Wbem;C:\WINDOWS\System32\WindowsPowerShell\v1.0\;C:\WINDOWS\System32\OpenSSH\;C:\Program Files\dotnet\;C:\Program Files (x86)\Windows Kits\10\Windows Performance Toolkit\;C:\Program Files\Git\cmd;C:\Program Files\Docker\Docker\resources\bin;C:\Program Files\Common Files\Oracle\Java\javapath;C:\Users\Даниил\gcc\bin;C:\Users\Даниил\gcc\libexec\gcc\x86_64-w64-mingw32\15.0.0;C:\WINDOWS\system32;C:\WINDOWS;C:\WINDOWS\System32\Wbem;C:\WINDOWS\System32\WindowsPowerShell\v1.0\;C:\WINDOWS\System32\OpenSSH\;C:\Program Files\dotnet\;C:\Program Files (x86)\Windows Kits\10\Windows Performance Toolkit\;C:\Program Files\Git\cmd;C:\Program Files\Docker\Docker\resources\bin;C:\Program Files\MySQL\MySQL Server 8.0\bin;C:\Users\Даниил\AppData\Local\GitHubDesktop\bin;., no tcnative-1 in java.library.path: C:\Java\jdk-21\bin;C:\WINDOWS\Sun\Java\bin;C:\WINDOWS\system32;C:\WINDOWS;C:\Program Files\Common Files\Oracle\Java\javapath;C:\Users\Даниил\gcc\bin;C:\Users\Даниил\gcc\libexec\gcc\x86_64-w64-mingw32\15.0.0;C:\WINDOWS\system32;C:\WINDOWS;C:\WINDOWS\System32\Wbem;C:\WINDOWS\System32\WindowsPowerShell\v1.0\;C:\WINDOWS\System32\OpenSSH\;C:\Program Files\dotnet\;C:\Program Files (x86)\Windows Kits\10\Windows Performance Toolkit\;C:\Program Files\Git\cmd;C:\Program Files\Docker\Docker\resources\bin;C:\Program Files\Common Files\Oracle\Java\javapath;C:\Users\Даниил\gcc\bin;C:\Users\Даниил\gcc\libexec\gcc\x86_64-w64-mingw32\15.0.0;C:\WINDOWS\system32;C:\WINDOWS;C:\WINDOWS\System32\Wbem;C:\WINDOWS\System32\WindowsPowerShell\v1.0\;C:\WINDOWS\System32\OpenSSH\;C:\Program Files\dotnet\;C:\Program Files (x86)\Windows Kits\10\Windows Performance Toolkit\;C:\Program Files\Git\cmd;C:\Program Files\Docker\Docker\resources\bin;C:\Program Files\MySQL\MySQL Server 8.0\bin;C:\Users\Даниил\AppData\Local\GitHubDesktop\bin;., no libtcnative-1 in java.library.path: C:\Java\jdk-21\bin;C:\WINDOWS\Sun\Java\bin;C:\WINDOWS\system32;C:\WINDOWS;C:\Program Files\Common Files\Oracle\Java\javapath;C:\Users\Даниил\gcc\bin;C:\Users\Даниил\gcc\libexec\gcc\x86_64-w64-mingw32\15.0.0;C:\WINDOWS\system32;C:\WINDOWS;C:\WINDOWS\System32\Wbem;C:\WINDOWS\System32\WindowsPowerShell\v1.0\;C:\WINDOWS\System32\OpenSSH\;C:\Program Files\dotnet\;C:\Program Files (x86)\Windows Kits\10\Windows Performance Toolkit\;C:\Program Files\Git\cmd;C:\Program Files\Docker\Docker\resources\bin;C:\Program Files\Common Files\Oracle\Java\javapath;C:\Users\Даниил\gcc\bin;C:\Users\Даниил\gcc\libexec\gcc\x86_64-w64-mingw32\15.0.0;C:\WINDOWS\system32;C:\WINDOWS;C:\WINDOWS\System32\Wbem;C:\WINDOWS\System32\WindowsPowerShell\v1.0\;C:\WINDOWS\System32\OpenSSH\;C:\Program Files\dotnet\;C:\Program Files (x86)\Windows Kits\10\Windows Performance Toolkit\;C:\Program Files\Git\cmd;C:\Program Files\Docker\Docker\resources\bin;C:\Program Files\MySQL\MySQL Server 8.0\bin;C:\Users\Даниил\AppData\Local\GitHubDesktop\bin;.
	at org.apache.tomcat.jni.Library.<init>(Library.java:91)
	at org.apache.tomcat.jni.Library.initialize(Library.java:147)
	at org.apache.catalina.core.AprLifecycleListener.init(AprLifecycleListener.java:211)
	at org.apache.catalina.core.AprLifecycleListener.isAprAvailable(AprLifecycleListener.java:113)
	at org.springframework.boot.autoconfigure.web.servlet.TomcatServletWebServerFactoryCustomizer.isAprAvailable(TomcatServletWebServerFactoryCustomizer.java:90)
	at org.springframework.boot.autoconfigure.web.servlet.TomcatServletWebServerFactoryCustomizer.getUseApr(TomcatServletWebServerFactoryCustomizer.java:81)
	at org.springframework.boot.autoconfigure.web.servlet.TomcatServletWebServerFactoryCustomizer.customize(TomcatServletWebServerFactoryCustomizer.java:63)
	at org.springframework.boot.autoconfigure.web.servlet.TomcatServletWebServerFactoryCustomizer.customize(TomcatServletWebServerFactoryCustomizer.java:38)
	at org.springframework.boot.web.server.WebServerFactoryCustomizerBeanPostProcessor.lambda$postProcessBeforeInitialization$0(WebServerFactoryCustomizerBeanPostProcessor.java:72)
	at org.springframework.boot.util.LambdaSafe$Callbacks.lambda$invoke$0(LambdaSafe.java:287)
	at org.springframework.boot.util.LambdaSafe$LambdaSafeCallback.invoke(LambdaSafe.java:159)
	at org.springframework.boot.util.LambdaSafe$Callbacks.lambda$invoke$1(LambdaSafe.java:286)
	at java.base/java.util.ArrayList.forEach(ArrayList.java:1596)
	at java.base/java.util.Collections$UnmodifiableCollection.forEach(Collections.java:1116)
	at org.springframework.boot.util.LambdaSafe$Callbacks.invoke(LambdaSafe.java:286)
	at org.springframework.boot.web.server.WebServerFactoryCustomizerBeanPostProcessor.postProcessBeforeInitialization(WebServerFactoryCustomizerBeanPostProcessor.java:72)
	at org.springframework.boot.web.server.WebServerFactoryCustomizerBeanPostProcessor.postProcessBeforeInitialization(WebServerFactoryCustomizerBeanPostProcessor.java:58)
	at org.springframework.beans.factory.support.AbstractAutowireCapableBeanFactory.applyBeanPostProcessorsBeforeInitialization(AbstractAutowireCapableBeanFactory.java:423)
	at org.springframework.beans.factory.support.AbstractAutowireCapableBeanFactory.initializeBean(AbstractAutowireCapableBeanFactory.java:1804)
	at org.springframework.beans.factory.support.AbstractAutowireCapableBeanFactory.doCreateBean(AbstractAutowireCapableBeanFactory.java:601)
	at org.springframework.beans.factory.support.AbstractAutowireCapableBeanFactory.createBean(AbstractAutowireCapableBeanFactory.java:523)
	at org.springframework.beans.factory.support.AbstractBeanFactory.lambda$doGetBean$0(AbstractBeanFactory.java:339)
	at org.springframework.beans.factory.support.DefaultSingletonBeanRegistry.getSingleton(DefaultSingletonBeanRegistry.java:347)
	at org.springframework.beans.factory.support.AbstractBeanFactory.doGetBean(AbstractBeanFactory.java:337)
	at org.springframework.beans.factory.support.AbstractBeanFactory.getBean(AbstractBeanFactory.java:202)
	at org.springframework.beans.factory.support.DefaultListableBeanFactory.instantiateSingleton(DefaultListableBeanFactory.java:1155)
	at org.springframework.beans.factory.support.DefaultListableBeanFactory.preInstantiateSingleton(DefaultListableBeanFactory.java:1121)
	at org.springframework.beans.factory.support.DefaultListableBeanFactory.preInstantiateSingletons(DefaultListableBeanFactory.java:1056)
	at org.springframework.context.support.AbstractApplicationContext.finishBeanFactoryInitialization(AbstractApplicationContext.java:987)
	at org.springframework.context.support.AbstractApplicationContext.refresh(AbstractApplicationContext.java:627)
	at org.springframework.boot.SpringApplication.refresh(SpringApplication.java:752)
	at org.springframework.boot.SpringApplication.refreshContext(SpringApplication.java:439)
	at org.springframework.boot.SpringApplication.run(SpringApplication.java:318)
	at org.springframework.boot.test.context.SpringBootContextLoader.lambda$loadContext$3(SpringBootContextLoader.java:144)
	at org.springframework.util.function.ThrowingSupplier.get(ThrowingSupplier.java:58)
	at org.springframework.util.function.ThrowingSupplier.get(ThrowingSupplier.java:46)
	at org.springframework.boot.SpringApplication.withHook(SpringApplication.java:1461)
	at org.springframework.boot.test.context.SpringBootContextLoader$ContextLoaderHook.run(SpringBootContextLoader.java:563)
	at org.springframework.boot.test.context.SpringBootContextLoader.loadContext(SpringBootContextLoader.java:144)
	at org.springframework.boot.test.context.SpringBootContextLoader.loadContext(SpringBootContextLoader.java:110)
	at org.springframework.test.context.cache.DefaultCacheAwareContextLoaderDelegate.loadContextInternal(DefaultCacheAwareContextLoaderDelegate.java:225)
	at org.springframework.test.context.cache.DefaultCacheAwareContextLoaderDelegate.loadContext(DefaultCacheAwareContextLoaderDelegate.java:152)
	at org.springframework.test.context.support.DefaultTestContext.getApplicationContext(DefaultTestContext.java:130)
	at org.springframework.test.context.web.ServletTestExecutionListener.setUpRequestContextIfNecessary(ServletTestExecutionListener.java:200)
	at org.springframework.test.context.web.ServletTestExecutionListener.prepareTestInstance(ServletTestExecutionListener.java:139)
	at org.springframework.test.context.TestContextManager.prepareTestInstance(TestContextManager.java:260)
	at org.springframework.test.context.junit.jupiter.SpringExtension.postProcessTestInstance(SpringExtension.java:160)
	at org.junit.jupiter.engine.descriptor.ClassBasedTestDescriptor.lambda$invokeTestInstancePostProcessors$11(ClassBasedTestDescriptor.java:378)
	at org.junit.jupiter.engine.descriptor.ClassBasedTestDescriptor.executeAndMaskThrowable(ClassBasedTestDescriptor.java:383)
	at org.junit.jupiter.engine.descriptor.ClassBasedTestDescriptor.lambda$invokeTestInstancePostProcessors$12(ClassBasedTestDescriptor.java:378)
	at java.base/java.util.stream.ForEachOps$ForEachOp$OfRef.accept(ForEachOps.java:184)
	at java.base/java.util.stream.ReferencePipeline$3$1.accept(ReferencePipeline.java:197)
	at java.base/java.util.stream.ReferencePipeline$2$1.accept(ReferencePipeline.java:179)
	at java.base/java.util.stream.ReferencePipeline$3$1.accept(ReferencePipeline.java:197)
	at java.base/java.util.ArrayList$ArrayListSpliterator.forEachRemaining(ArrayList.java:1708)
	at java.base/java.util.stream.AbstractPipeline.copyInto(AbstractPipeline.java:509)
	at java.base/java.util.stream.AbstractPipeline.wrapAndCopyInto(AbstractPipeline.java:499)
	at java.base/java.util.stream.ForEachOps$ForEachOp.evaluateSequential(ForEachOps.java:151)
	at java.base/java.util.stream.ForEachOps$ForEachOp$OfRef.evaluateSequential(ForEachOps.java:174)
	at java.base/java.util.stream.AbstractPipeline.evaluate(AbstractPipeline.java:234)
	at java.base/java.util.stream.ReferencePipeline.forEach(ReferencePipeline.java:596)
	at org.junit.jupiter.engine.descriptor.ClassBasedTestDescriptor.invokeTestInstancePostProcessors(ClassBasedTestDescriptor.java:377)
	at org.junit.jupiter.engine.descriptor.ClassBasedTestDescriptor.lambda$instantiateAndPostProcessTestInstance$7(ClassBasedTestDescriptor.java:290)
	at org.junit.platform.engine.support.hierarchical.ThrowableCollector.execute(ThrowableCollector.java:73)
	at org.junit.jupiter.engine.descriptor.ClassBasedTestDescriptor.instantiateAndPostProcessTestInstance(ClassBasedTestDescriptor.java:289)
	at org.junit.jupiter.engine.descriptor.ClassBasedTestDescriptor.lambda$testInstancesProvider$5(ClassBasedTestDescriptor.java:279)
	at java.base/java.util.Optional.orElseGet(Optional.java:364)
	at org.junit.jupiter.engine.descriptor.ClassBasedTestDescriptor.lambda$testInstancesProvider$6(ClassBasedTestDescriptor.java:278)
	at org.junit.jupiter.engine.execution.TestInstancesProvider.getTestInstances(TestInstancesProvider.java:31)
	at org.junit.jupiter.engine.descriptor.TestMethodTestDescriptor.lambda$prepare$1(TestMethodTestDescriptor.java:105)
	at org.junit.platform.engine.support.hierarchical.ThrowableCollector.execute(ThrowableCollector.java:73)
	at org.junit.jupiter.engine.descriptor.TestMethodTestDescriptor.prepare(TestMethodTestDescriptor.java:104)
	at org.junit.jupiter.engine.descriptor.TestMethodTestDescriptor.prepare(TestMethodTestDescriptor.java:68)
	at org.junit.platform.engine.support.hierarchical.NodeTestTask.lambda$prepare$2(NodeTestTask.java:128)
	at org.junit.platform.engine.support.hierarchical.ThrowableCollector.execute(ThrowableCollector.java:73)
	at org.junit.platform.engine.support.hierarchical.NodeTestTask.prepare(NodeTestTask.java:128)
	at org.junit.platform.engine.support.hierarchical.NodeTestTask.execute(NodeTestTask.java:95)
	at java.base/java.util.ArrayList.forEach(ArrayList.java:1596)
	at org.junit.platform.engine.support.hierarchical.SameThreadHierarchicalTestExecutorService.invokeAll(SameThreadHierarchicalTestExecutorService.java:41)
	at org.junit.platform.engine.support.hierarchical.NodeTestTask.lambda$executeRecursively$6(NodeTestTask.java:160)
	at org.junit.platform.engine.support.hierarchical.ThrowableCollector.execute(ThrowableCollector.java:73)
	at org.junit.platform.engine.support.hierarchical.NodeTestTask.lambda$executeRecursively$8(NodeTestTask.java:146)
	at org.junit.platform.engine.support.hierarchical.Node.around(Node.java:137)
	at org.junit.platform.engine.support.hierarchical.NodeTestTask.lambda$executeRecursively$9(NodeTestTask.java:144)
	at org.junit.platform.engine.support.hierarchical.ThrowableCollector.execute(ThrowableCollector.java:73)
	at org.junit.platform.engine.support.hierarchical.NodeTestTask.executeRecursively(NodeTestTask.java:143)
	at org.junit.platform.engine.support.hierarchical.NodeTestTask.execute(NodeTestTask.java:100)
	at java.base/java.util.ArrayList.forEach(ArrayList.java:1596)
	at org.junit.platform.engine.support.hierarchical.SameThreadHierarchicalTestExecutorService.invokeAll(SameThreadHierarchicalTestExecutorService.java:41)
	at org.junit.platform.engine.support.hierarchical.NodeTestTask.lambda$executeRecursively$6(NodeTestTask.java:160)
	at org.junit.platform.engine.support.hierarchical.ThrowableCollector.execute(ThrowableCollector.java:73)
	at org.junit.platform.engine.support.hierarchical.NodeTestTask.lambda$executeRecursively$8(NodeTestTask.java:146)
	at org.junit.platform.engine.support.hierarchical.Node.around(Node.java:137)
	at org.junit.platform.engine.support.hierarchical.NodeTestTask.lambda$executeRecursively$9(NodeTestTask.java:144)
	at org.junit.platform.engine.support.hierarchical.ThrowableCollector.execute(ThrowableCollector.java:73)
	at org.junit.platform.engine.support.hierarchical.NodeTestTask.executeRecursively(NodeTestTask.java:143)
	at org.junit.platform.engine.support.hierarchical.NodeTestTask.execute(NodeTestTask.java:100)
	at org.junit.platform.engine.support.hierarchical.SameThreadHierarchicalTestExecutorService.submit(SameThreadHierarchicalTestExecutorService.java:35)
	at org.junit.platform.engine.support.hierarchical.HierarchicalTestExecutor.execute(HierarchicalTestExecutor.java:57)
	at org.junit.platform.engine.support.hierarchical.HierarchicalTestEngine.execute(HierarchicalTestEngine.java:54)
	at org.junit.platform.launcher.core.EngineExecutionOrchestrator.execute(EngineExecutionOrchestrator.java:198)
	at org.junit.platform.launcher.core.EngineExecutionOrchestrator.execute(EngineExecutionOrchestrator.java:169)
	at org.junit.platform.launcher.core.EngineExecutionOrchestrator.execute(EngineExecutionOrchestrator.java:93)
	at org.junit.platform.launcher.core.EngineExecutionOrchestrator.lambda$execute$0(EngineExecutionOrchestrator.java:58)
	at org.junit.platform.launcher.core.EngineExecutionOrchestrator.withInterceptedStreams(EngineExecutionOrchestrator.java:141)
	at org.junit.platform.launcher.core.EngineExecutionOrchestrator.execute(EngineExecutionOrchestrator.java:57)
	at org.junit.platform.launcher.core.DefaultLauncher.execute(DefaultLauncher.java:103)
	at org.junit.platform.launcher.core.DefaultLauncher.execute(DefaultLauncher.java:85)
	at org.junit.platform.launcher.core.DelegatingLauncher.execute(DelegatingLauncher.java:47)
	at org.apache.maven.surefire.junitplatform.LazyLauncher.execute(LazyLauncher.java:56)
	at org.apache.maven.surefire.junitplatform.JUnitPlatformProvider.execute(JUnitPlatformProvider.java:184)
	at org.apache.maven.surefire.junitplatform.JUnitPlatformProvider.invokeAllTests(JUnitPlatformProvider.java:148)
	at org.apache.maven.surefire.junitplatform.JUnitPlatformProvider.invoke(JUnitPlatformProvider.java:122)
	at org.apache.maven.surefire.booter.ForkedBooter.runSuitesInProcess(ForkedBooter.java:385)
	at org.apache.maven.surefire.booter.ForkedBooter.execute(ForkedBooter.java:162)
	at org.apache.maven.surefire.booter.ForkedBooter.run(ForkedBooter.java:507)
	at org.apache.maven.surefire.booter.ForkedBooter.main(ForkedBooter.java:495)
2025-04-12 21:06:00,541 DEBUG  DEBUG o.s.b.f.s.DefaultListableBeanFactory: Creating shared instance of singleton bean 'errorPageCustomizer'
2025-04-12 21:06:00,541 DEBUG  DEBUG o.s.b.f.s.DefaultListableBeanFactory: Creating shared instance of singleton bean 'org.springframework.boot.autoconfigure.web.servlet.error.ErrorMvcAutoConfiguration'
2025-04-12 21:06:00,542 DEBUG  DEBUG o.s.b.f.s.DefaultListableBeanFactory: Autowiring by type from bean name 'org.springframework.boot.autoconfigure.web.servlet.error.ErrorMvcAutoConfiguration' via constructor to bean named 'server-org.springframework.boot.autoconfigure.web.ServerProperties'
2025-04-12 21:06:00,542 DEBUG  DEBUG o.s.b.f.s.DefaultListableBeanFactory: Creating shared instance of singleton bean 'dispatcherServletRegistration'
2025-04-12 21:06:00,542 DEBUG  DEBUG o.s.b.f.s.DefaultListableBeanFactory: Creating shared instance of singleton bean 'org.springframework.boot.autoconfigure.web.servlet.DispatcherServletAutoConfiguration$DispatcherServletRegistrationConfiguration'
2025-04-12 21:06:00,543 DEBUG  DEBUG o.s.b.f.s.DefaultListableBeanFactory: Creating shared instance of singleton bean 'dispatcherServlet'
2025-04-12 21:06:00,543 DEBUG  DEBUG o.s.b.f.s.DefaultListableBeanFactory: Creating shared instance of singleton bean 'org.springframework.boot.autoconfigure.web.servlet.DispatcherServletAutoConfiguration$DispatcherServletConfiguration'
2025-04-12 21:06:00,544 DEBUG  DEBUG o.s.b.f.s.DefaultListableBeanFactory: Creating shared instance of singleton bean 'spring.mvc-org.springframework.boot.autoconfigure.web.servlet.WebMvcProperties'
2025-04-12 21:06:00,553 DEBUG  DEBUG o.s.b.f.s.DefaultListableBeanFactory: Autowiring by type from bean name 'dispatcherServlet' via factory method to bean named 'spring.mvc-org.springframework.boot.autoconfigure.web.servlet.WebMvcProperties'
2025-04-12 21:06:00,578 DEBUG  DEBUG o.s.b.f.s.DefaultListableBeanFactory: Autowiring by type from bean name 'dispatcherServletRegistration' via factory method to bean named 'dispatcherServlet'
2025-04-12 21:06:00,579 DEBUG  DEBUG o.s.b.f.s.DefaultListableBeanFactory: Autowiring by type from bean name 'dispatcherServletRegistration' via factory method to bean named 'spring.mvc-org.springframework.boot.autoconfigure.web.servlet.WebMvcProperties'
2025-04-12 21:06:00,588 DEBUG  DEBUG o.s.b.f.s.DefaultListableBeanFactory: Creating shared instance of singleton bean 'multipartConfigElement'
2025-04-12 21:06:00,588 DEBUG  DEBUG o.s.b.f.s.DefaultListableBeanFactory: Creating shared instance of singleton bean 'org.springframework.boot.autoconfigure.web.servlet.MultipartAutoConfiguration'
2025-04-12 21:06:00,589 DEBUG  DEBUG o.s.b.f.s.DefaultListableBeanFactory: Creating shared instance of singleton bean 'spring.servlet.multipart-org.springframework.boot.autoconfigure.web.servlet.MultipartProperties'
2025-04-12 21:06:00,604 DEBUG  DEBUG o.s.b.f.s.DefaultListableBeanFactory: Autowiring by type from bean name 'org.springframework.boot.autoconfigure.web.servlet.MultipartAutoConfiguration' via constructor to bean named 'spring.servlet.multipart-org.springframework.boot.autoconfigure.web.servlet.MultipartProperties'
2025-04-12 21:06:00,613 DEBUG  DEBUG o.s.b.f.s.DefaultListableBeanFactory: Autowiring by type from bean name 'errorPageCustomizer' via factory method to bean named 'dispatcherServletRegistration'
2025-04-12 21:06:00,620 DEBUG  DEBUG o.s.b.f.s.DefaultListableBeanFactory: Creating shared instance of singleton bean 'org.springframework.boot.autoconfigure.web.servlet.DispatcherServletAutoConfiguration'
2025-04-12 21:06:00,620 DEBUG  DEBUG o.s.b.f.s.DefaultListableBeanFactory: Creating shared instance of singleton bean 'org.springframework.boot.autoconfigure.task.TaskExecutorConfigurations$ThreadPoolTaskExecutorBuilderConfiguration'
2025-04-12 21:06:00,620 DEBUG  DEBUG o.s.b.f.s.DefaultListableBeanFactory: Creating shared instance of singleton bean 'threadPoolTaskExecutorBuilder'
2025-04-12 21:06:00,622 DEBUG  DEBUG o.s.b.f.s.DefaultListableBeanFactory: Creating shared instance of singleton bean 'spring.task.execution-org.springframework.boot.autoconfigure.task.TaskExecutionProperties'
2025-04-12 21:06:00,629 DEBUG  DEBUG o.s.b.f.s.DefaultListableBeanFactory: Autowiring by type from bean name 'threadPoolTaskExecutorBuilder' via factory method to bean named 'spring.task.execution-org.springframework.boot.autoconfigure.task.TaskExecutionProperties'
2025-04-12 21:06:00,637 DEBUG  DEBUG o.s.b.f.s.DefaultListableBeanFactory: Creating shared instance of singleton bean 'org.springframework.boot.autoconfigure.task.TaskExecutorConfigurations$SimpleAsyncTaskExecutorBuilderConfiguration'
2025-04-12 21:06:00,638 DEBUG  DEBUG o.s.b.f.s.DefaultListableBeanFactory: Autowiring by type from bean name 'org.springframework.boot.autoconfigure.task.TaskExecutorConfigurations$SimpleAsyncTaskExecutorBuilderConfiguration' via constructor to bean named 'spring.task.execution-org.springframework.boot.autoconfigure.task.TaskExecutionProperties'
2025-04-12 21:06:00,641 DEBUG  DEBUG o.s.b.f.s.DefaultListableBeanFactory: Creating shared instance of singleton bean 'simpleAsyncTaskExecutorBuilder'
2025-04-12 21:06:00,644 DEBUG  DEBUG o.s.b.f.s.DefaultListableBeanFactory: Creating shared instance of singleton bean 'org.springframework.boot.autoconfigure.task.TaskExecutorConfigurations$TaskExecutorConfiguration'
2025-04-12 21:06:00,647 DEBUG  DEBUG o.s.b.f.s.DefaultListableBeanFactory: Creating shared instance of singleton bean 'org.springframework.boot.autoconfigure.task.TaskExecutionAutoConfiguration'
2025-04-12 21:06:00,648 DEBUG  DEBUG o.s.b.f.s.DefaultListableBeanFactory: Creating shared instance of singleton bean 'org.springframework.boot.autoconfigure.validation.ValidationAutoConfiguration'
2025-04-12 21:06:00,648 DEBUG  DEBUG o.s.b.f.s.DefaultListableBeanFactory: Creating shared instance of singleton bean 'defaultValidator'
2025-04-12 21:06:00,649 DEBUG  DEBUG o.s.b.f.s.DefaultListableBeanFactory: Autowiring by type from bean name 'defaultValidator' via factory method to bean named 'org.springframework.web.context.support.GenericWebApplicationContext@6d467c87'
2025-04-12 21:06:00,657 DEBUG  DEBUG o.h.v.m.ResourceBundleMessageInterpolator: Loaded expression factory via original TCCL
2025-04-12 21:06:00,665 DEBUG  DEBUG o.h.v.i.e.AbstractConfigurationImpl: Setting custom MessageInterpolator of type org.springframework.validation.beanvalidation.LocaleContextMessageInterpolator
2025-04-12 21:06:00,667 DEBUG  DEBUG o.h.v.i.e.AbstractConfigurationImpl: Setting custom ConstraintValidatorFactory of type org.springframework.validation.beanvalidation.SpringConstraintValidatorFactory
2025-04-12 21:06:00,670 DEBUG  DEBUG o.h.v.i.x.c.ValidationXmlParser: Trying to load META-INF/validation.xml for XML based Validator configuration.
2025-04-12 21:06:00,670 DEBUG  DEBUG o.h.v.i.x.c.ResourceLoaderHelper: Trying to load META-INF/validation.xml via user class loader
2025-04-12 21:06:00,670 DEBUG  DEBUG o.h.v.i.x.c.ResourceLoaderHelper: Trying to load META-INF/validation.xml via TCCL
2025-04-12 21:06:00,670 DEBUG  DEBUG o.h.v.i.x.c.ResourceLoaderHelper: Trying to load META-INF/validation.xml via Hibernate Validator's class loader
2025-04-12 21:06:00,670 DEBUG  DEBUG o.h.v.i.x.c.ValidationXmlParser: No META-INF/validation.xml found. Using annotation based configuration only.
2025-04-12 21:06:00,670 DEBUG  DEBUG o.h.v.i.e.r.TraversableResolvers: Found jakarta.persistence.Persistence on classpath containing 'getPersistenceUtil'. Assuming JPA 2 environment. Trying to instantiate JPA aware TraversableResolver
2025-04-12 21:06:00,670 DEBUG  DEBUG o.h.v.i.e.r.TraversableResolvers: Instantiated JPA aware TraversableResolver of type org.hibernate.validator.internal.engine.resolver.JPATraversableResolver.
2025-04-12 21:06:00,672 DEBUG  DEBUG o.h.v.i.e.ValidatorFactoryConfigurationHelper: HV000252: Using org.hibernate.validator.internal.engine.DefaultPropertyNodeNameProvider as property node name provider.
2025-04-12 21:06:00,673 DEBUG  DEBUG o.h.v.i.e.ValidatorFactoryConfigurationHelper: HV000234: Using org.springframework.validation.beanvalidation.LocaleContextMessageInterpolator as ValidatorFactory-scoped message interpolator.
2025-04-12 21:06:00,673 DEBUG  DEBUG o.h.v.i.e.ValidatorFactoryConfigurationHelper: HV000234: Using org.hibernate.validator.internal.engine.resolver.JPATraversableResolver as ValidatorFactory-scoped traversable resolver.
2025-04-12 21:06:00,673 DEBUG  DEBUG o.h.v.i.e.ValidatorFactoryConfigurationHelper: HV000234: Using org.hibernate.validator.internal.util.ExecutableParameterNameProvider as ValidatorFactory-scoped parameter name provider.
2025-04-12 21:06:00,673 DEBUG  DEBUG o.h.v.i.e.ValidatorFactoryConfigurationHelper: HV000234: Using org.hibernate.validator.internal.engine.DefaultClockProvider as ValidatorFactory-scoped clock provider.
2025-04-12 21:06:00,673 DEBUG  DEBUG o.h.v.i.e.ValidatorFactoryConfigurationHelper: HV000234: Using org.hibernate.validator.internal.engine.scripting.DefaultScriptEvaluatorFactory as ValidatorFactory-scoped script evaluator factory.
2025-04-12 21:06:00,683 DEBUG  DEBUG o.s.b.f.s.DefaultListableBeanFactory: Creating shared instance of singleton bean 'org.springframework.boot.autoconfigure.web.servlet.error.ErrorMvcAutoConfiguration$WhitelabelErrorViewConfiguration'
2025-04-12 21:06:00,685 DEBUG  DEBUG o.s.b.f.s.DefaultListableBeanFactory: Creating shared instance of singleton bean 'error'
2025-04-12 21:06:00,687 DEBUG  DEBUG o.s.b.f.s.DefaultListableBeanFactory: Creating shared instance of singleton bean 'beanNameViewResolver'
2025-04-12 21:06:00,695 DEBUG  DEBUG o.s.b.f.s.DefaultListableBeanFactory: Creating shared instance of singleton bean 'org.springframework.boot.autoconfigure.web.servlet.error.ErrorMvcAutoConfiguration$DefaultErrorViewResolverConfiguration'
2025-04-12 21:06:00,696 DEBUG  DEBUG o.s.b.f.s.DefaultListableBeanFactory: Creating shared instance of singleton bean 'spring.web-org.springframework.boot.autoconfigure.web.WebProperties'
2025-04-12 21:06:00,717 DEBUG  DEBUG o.s.b.f.s.DefaultListableBeanFactory: Autowiring by type from bean name 'org.springframework.boot.autoconfigure.web.servlet.error.ErrorMvcAutoConfiguration$DefaultErrorViewResolverConfiguration' via constructor to bean named 'org.springframework.web.context.support.GenericWebApplicationContext@6d467c87'
2025-04-12 21:06:00,717 DEBUG  DEBUG o.s.b.f.s.DefaultListableBeanFactory: Autowiring by type from bean name 'org.springframework.boot.autoconfigure.web.servlet.error.ErrorMvcAutoConfiguration$DefaultErrorViewResolverConfiguration' via constructor to bean named 'spring.web-org.springframework.boot.autoconfigure.web.WebProperties'
2025-04-12 21:06:00,717 DEBUG  DEBUG o.s.b.f.s.DefaultListableBeanFactory: Creating shared instance of singleton bean 'conventionErrorViewResolver'
2025-04-12 21:06:00,726 DEBUG  DEBUG o.s.b.f.s.DefaultListableBeanFactory: Creating shared instance of singleton bean 'errorAttributes'
2025-04-12 21:06:00,730 DEBUG  DEBUG o.s.b.f.s.DefaultListableBeanFactory: Creating shared instance of singleton bean 'basicErrorController'
2025-04-12 21:06:00,730 DEBUG  DEBUG o.s.b.f.s.DefaultListableBeanFactory: Autowiring by type from bean name 'basicErrorController' via factory method to bean named 'errorAttributes'
2025-04-12 21:06:00,744 DEBUG  DEBUG o.s.b.f.s.DefaultListableBeanFactory: Creating shared instance of singleton bean 'org.springframework.boot.autoconfigure.web.servlet.WebMvcAutoConfiguration$EnableWebMvcConfiguration'
2025-04-12 21:06:00,745 DEBUG  DEBUG o.s.b.f.s.DefaultListableBeanFactory: Autowiring by type from bean name 'org.springframework.boot.autoconfigure.web.servlet.WebMvcAutoConfiguration$EnableWebMvcConfiguration' via constructor to bean named 'spring.mvc-org.springframework.boot.autoconfigure.web.servlet.WebMvcProperties'
2025-04-12 21:06:00,746 DEBUG  DEBUG o.s.b.f.s.DefaultListableBeanFactory: Autowiring by type from bean name 'org.springframework.boot.autoconfigure.web.servlet.WebMvcAutoConfiguration$EnableWebMvcConfiguration' via constructor to bean named 'spring.web-org.springframework.boot.autoconfigure.web.WebProperties'
2025-04-12 21:06:00,746 DEBUG  DEBUG o.s.b.f.s.DefaultListableBeanFactory: Autowiring by type from bean name 'org.springframework.boot.autoconfigure.web.servlet.WebMvcAutoConfiguration$EnableWebMvcConfiguration' via constructor to bean named 'org.springframework.beans.factory.support.DefaultListableBeanFactory@6b760460'
2025-04-12 21:06:00,756 DEBUG  DEBUG o.s.b.f.s.DefaultListableBeanFactory: Creating shared instance of singleton bean 'org.springframework.boot.autoconfigure.web.servlet.WebMvcAutoConfiguration$WebMvcAutoConfigurationAdapter'
2025-04-12 21:06:00,758 DEBUG  DEBUG o.s.b.f.s.DefaultListableBeanFactory: Autowiring by type from bean name 'org.springframework.boot.autoconfigure.web.servlet.WebMvcAutoConfiguration$WebMvcAutoConfigurationAdapter' via constructor to bean named 'spring.web-org.springframework.boot.autoconfigure.web.WebProperties'
2025-04-12 21:06:00,758 DEBUG  DEBUG o.s.b.f.s.DefaultListableBeanFactory: Autowiring by type from bean name 'org.springframework.boot.autoconfigure.web.servlet.WebMvcAutoConfiguration$WebMvcAutoConfigurationAdapter' via constructor to bean named 'spring.mvc-org.springframework.boot.autoconfigure.web.servlet.WebMvcProperties'
2025-04-12 21:06:00,758 DEBUG  DEBUG o.s.b.f.s.DefaultListableBeanFactory: Autowiring by type from bean name 'org.springframework.boot.autoconfigure.web.servlet.WebMvcAutoConfiguration$WebMvcAutoConfigurationAdapter' via constructor to bean named 'org.springframework.beans.factory.support.DefaultListableBeanFactory@6b760460'
2025-04-12 21:06:00,769 DEBUG  DEBUG o.s.b.f.s.DefaultListableBeanFactory: Creating shared instance of singleton bean 'welcomePageHandlerMapping'
2025-04-12 21:06:00,770 DEBUG  DEBUG o.s.b.f.s.DefaultListableBeanFactory: Creating shared instance of singleton bean 'mvcConversionService'
2025-04-12 21:06:00,778 DEBUG  DEBUG o.s.b.f.s.DefaultListableBeanFactory: Creating shared instance of singleton bean 'mvcResourceUrlProvider'
2025-04-12 21:06:00,782 DEBUG  DEBUG o.s.b.f.s.DefaultListableBeanFactory: Autowiring by type from bean name 'welcomePageHandlerMapping' via factory method to bean named 'org.springframework.web.context.support.GenericWebApplicationContext@6d467c87'
2025-04-12 21:06:00,783 DEBUG  DEBUG o.s.b.f.s.DefaultListableBeanFactory: Autowiring by type from bean name 'welcomePageHandlerMapping' via factory method to bean named 'mvcConversionService'
2025-04-12 21:06:00,783 DEBUG  DEBUG o.s.b.f.s.DefaultListableBeanFactory: Autowiring by type from bean name 'welcomePageHandlerMapping' via factory method to bean named 'mvcResourceUrlProvider'
2025-04-12 21:06:00,832 DEBUG  DEBUG o.s.b.f.s.DefaultListableBeanFactory: Creating shared instance of singleton bean 'welcomePageNotAcceptableHandlerMapping'
2025-04-12 21:06:00,832 DEBUG  DEBUG o.s.b.f.s.DefaultListableBeanFactory: Autowiring by type from bean name 'welcomePageNotAcceptableHandlerMapping' via factory method to bean named 'org.springframework.web.context.support.GenericWebApplicationContext@6d467c87'
2025-04-12 21:06:00,832 DEBUG  DEBUG o.s.b.f.s.DefaultListableBeanFactory: Autowiring by type from bean name 'welcomePageNotAcceptableHandlerMapping' via factory method to bean named 'mvcConversionService'
2025-04-12 21:06:00,832 DEBUG  DEBUG o.s.b.f.s.DefaultListableBeanFactory: Autowiring by type from bean name 'welcomePageNotAcceptableHandlerMapping' via factory method to bean named 'mvcResourceUrlProvider'
2025-04-12 21:06:00,837 DEBUG  DEBUG o.s.b.f.s.DefaultListableBeanFactory: Creating shared instance of singleton bean 'localeResolver'
2025-04-12 21:06:00,841 DEBUG  DEBUG o.s.b.f.s.DefaultListableBeanFactory: Creating shared instance of singleton bean 'themeResolver'
2025-04-12 21:06:00,843 DEBUG  DEBUG o.s.b.f.s.DefaultListableBeanFactory: Creating shared instance of singleton bean 'flashMapManager'
2025-04-12 21:06:00,851 DEBUG  DEBUG o.s.b.f.s.DefaultListableBeanFactory: Creating shared instance of singleton bean 'viewNameTranslator'
2025-04-12 21:06:00,855 DEBUG  DEBUG o.s.b.f.s.DefaultListableBeanFactory: Creating shared instance of singleton bean 'mvcValidator'
2025-04-12 21:06:00,862 DEBUG  DEBUG o.s.b.f.s.DefaultListableBeanFactory: Creating shared instance of singleton bean 'mvcContentNegotiationManager'
2025-04-12 21:06:00,877 DEBUG  DEBUG o.s.b.f.s.DefaultListableBeanFactory: Creating shared instance of singleton bean 'requestMappingHandlerMapping'
2025-04-12 21:06:00,884 DEBUG  DEBUG o.s.b.f.s.DefaultListableBeanFactory: Autowiring by type from bean name 'requestMappingHandlerMapping' via factory method to bean named 'mvcContentNegotiationManager'
2025-04-12 21:06:00,884 DEBUG  DEBUG o.s.b.f.s.DefaultListableBeanFactory: Autowiring by type from bean name 'requestMappingHandlerMapping' via factory method to bean named 'mvcConversionService'
2025-04-12 21:06:00,884 DEBUG  DEBUG o.s.b.f.s.DefaultListableBeanFactory: Autowiring by type from bean name 'requestMappingHandlerMapping' via factory method to bean named 'mvcResourceUrlProvider'
2025-04-12 21:06:01,027 DEBUG  DEBUG _.s.w.s.H.Mappings: 
	r.s.s.c.TestController:
	{GET [/hello]}: sayHello()
2025-04-12 21:06:01,038 DEBUG  DEBUG _.s.w.s.H.Mappings: 
	o.s.b.a.w.s.e.BasicErrorController:
	{ [/error]}: error(HttpServletRequest)
	{ [/error], produces [text/html]}: errorHtml(HttpServletRequest,HttpServletResponse)
2025-04-12 21:06:01,044 DEBUG  DEBUG o.s.w.s.m.m.a.RequestMappingHandlerMapping: 3 mappings in 'requestMappingHandlerMapping'
2025-04-12 21:06:01,047 DEBUG  DEBUG o.s.b.f.s.DefaultListableBeanFactory: Creating shared instance of singleton bean 'mvcPatternParser'
2025-04-12 21:06:01,049 DEBUG  DEBUG o.s.b.f.s.DefaultListableBeanFactory: Creating shared instance of singleton bean 'mvcUrlPathHelper'
2025-04-12 21:06:01,050 DEBUG  DEBUG o.s.b.f.s.DefaultListableBeanFactory: Creating shared instance of singleton bean 'mvcPathMatcher'
2025-04-12 21:06:01,051 DEBUG  DEBUG o.s.b.f.s.DefaultListableBeanFactory: Creating shared instance of singleton bean 'viewControllerHandlerMapping'
2025-04-12 21:06:01,052 DEBUG  DEBUG o.s.b.f.s.DefaultListableBeanFactory: Autowiring by type from bean name 'viewControllerHandlerMapping' via factory method to bean named 'mvcConversionService'
2025-04-12 21:06:01,052 DEBUG  DEBUG o.s.b.f.s.DefaultListableBeanFactory: Autowiring by type from bean name 'viewControllerHandlerMapping' via factory method to bean named 'mvcResourceUrlProvider'
2025-04-12 21:06:01,053 DEBUG  DEBUG o.s.b.f.s.DefaultListableBeanFactory: Creating shared instance of singleton bean 'beanNameHandlerMapping'
2025-04-12 21:06:01,054 DEBUG  DEBUG o.s.b.f.s.DefaultListableBeanFactory: Autowiring by type from bean name 'beanNameHandlerMapping' via factory method to bean named 'mvcConversionService'
2025-04-12 21:06:01,054 DEBUG  DEBUG o.s.b.f.s.DefaultListableBeanFactory: Autowiring by type from bean name 'beanNameHandlerMapping' via factory method to bean named 'mvcResourceUrlProvider'
2025-04-12 21:06:01,058 DEBUG  DEBUG _.s.w.s.H.Mappings: 'beanNameHandlerMapping' {}
2025-04-12 21:06:01,059 DEBUG  DEBUG o.s.b.f.s.DefaultListableBeanFactory: Creating shared instance of singleton bean 'routerFunctionMapping'
2025-04-12 21:06:01,059 DEBUG  DEBUG o.s.b.f.s.DefaultListableBeanFactory: Autowiring by type from bean name 'routerFunctionMapping' via factory method to bean named 'mvcConversionService'
2025-04-12 21:06:01,059 DEBUG  DEBUG o.s.b.f.s.DefaultListableBeanFactory: Autowiring by type from bean name 'routerFunctionMapping' via factory method to bean named 'mvcResourceUrlProvider'
2025-04-12 21:06:01,062 DEBUG  DEBUG o.s.b.f.s.DefaultListableBeanFactory: Creating shared instance of singleton bean 'messageConverters'
2025-04-12 21:06:01,062 DEBUG  DEBUG o.s.b.f.s.DefaultListableBeanFactory: Creating shared instance of singleton bean 'org.springframework.boot.autoconfigure.http.HttpMessageConvertersAutoConfiguration'
2025-04-12 21:06:01,071 DEBUG  DEBUG o.s.b.f.s.DefaultListableBeanFactory: Creating shared instance of singleton bean 'stringHttpMessageConverter'
2025-04-12 21:06:01,071 DEBUG  DEBUG o.s.b.f.s.DefaultListableBeanFactory: Creating shared instance of singleton bean 'org.springframework.boot.autoconfigure.http.HttpMessageConvertersAutoConfiguration$StringHttpMessageConverterConfiguration'
2025-04-12 21:06:01,072 DEBUG  DEBUG o.s.b.f.s.DefaultListableBeanFactory: Autowiring by type from bean name 'stringHttpMessageConverter' via factory method to bean named 'environment'
2025-04-12 21:06:01,080 DEBUG  DEBUG o.s.b.f.s.DefaultListableBeanFactory: Creating shared instance of singleton bean 'mappingJackson2HttpMessageConverter'
2025-04-12 21:06:01,080 DEBUG  DEBUG o.s.b.f.s.DefaultListableBeanFactory: Creating shared instance of singleton bean 'org.springframework.boot.autoconfigure.http.JacksonHttpMessageConvertersConfiguration$MappingJackson2HttpMessageConverterConfiguration'
2025-04-12 21:06:01,082 DEBUG  DEBUG o.s.b.f.s.DefaultListableBeanFactory: Creating shared instance of singleton bean 'jacksonObjectMapper'
2025-04-12 21:06:01,082 DEBUG  DEBUG o.s.b.f.s.DefaultListableBeanFactory: Creating shared instance of singleton bean 'org.springframework.boot.autoconfigure.jackson.JacksonAutoConfiguration$JacksonObjectMapperConfiguration'
2025-04-12 21:06:01,083 DEBUG  DEBUG o.s.b.f.s.DefaultListableBeanFactory: Creating shared instance of singleton bean 'org.springframework.boot.autoconfigure.jackson.JacksonAutoConfiguration$JacksonObjectMapperBuilderConfiguration'
2025-04-12 21:06:01,085 DEBUG  DEBUG o.s.b.f.s.DefaultListableBeanFactory: Creating shared instance of singleton bean 'standardJacksonObjectMapperBuilderCustomizer'
2025-04-12 21:06:01,085 DEBUG  DEBUG o.s.b.f.s.DefaultListableBeanFactory: Creating shared instance of singleton bean 'org.springframework.boot.autoconfigure.jackson.JacksonAutoConfiguration$Jackson2ObjectMapperBuilderCustomizerConfiguration'
2025-04-12 21:06:01,086 DEBUG  DEBUG o.s.b.f.s.DefaultListableBeanFactory: Creating shared instance of singleton bean 'spring.jackson-org.springframework.boot.autoconfigure.jackson.JacksonProperties'
2025-04-12 21:06:01,095 DEBUG  DEBUG o.s.b.f.s.DefaultListableBeanFactory: Autowiring by type from bean name 'standardJacksonObjectMapperBuilderCustomizer' via factory method to bean named 'spring.jackson-org.springframework.boot.autoconfigure.jackson.JacksonProperties'
2025-04-12 21:06:01,096 DEBUG  DEBUG o.s.b.f.s.DefaultListableBeanFactory: Creating shared instance of singleton bean 'parameterNamesModule'
2025-04-12 21:06:01,097 DEBUG  DEBUG o.s.b.f.s.DefaultListableBeanFactory: Creating shared instance of singleton bean 'org.springframework.boot.autoconfigure.jackson.JacksonAutoConfiguration$ParameterNamesModuleConfiguration'
2025-04-12 21:06:01,116 DEBUG  DEBUG o.s.b.f.s.DefaultListableBeanFactory: Creating shared instance of singleton bean 'jsonMixinModule'
2025-04-12 21:06:01,116 DEBUG  DEBUG o.s.b.f.s.DefaultListableBeanFactory: Creating shared instance of singleton bean 'org.springframework.boot.autoconfigure.jackson.JacksonAutoConfiguration$JacksonMixinConfiguration'
2025-04-12 21:06:01,119 DEBUG  DEBUG o.s.b.f.s.DefaultListableBeanFactory: Creating shared instance of singleton bean 'jsonMixinModuleEntries'
2025-04-12 21:06:01,119 DEBUG  DEBUG o.s.b.f.s.DefaultListableBeanFactory: Autowiring by type from bean name 'jsonMixinModuleEntries' via factory method to bean named 'org.springframework.web.context.support.GenericWebApplicationContext@6d467c87'
2025-04-12 21:06:01,120 DEBUG  DEBUG o.s.b.a.AutoConfigurationPackages: @EnableAutoConfiguration was declared on a class in the package 'ru.senla.socialnetwork'. Automatic @Repository and @Entity scanning is enabled.
2025-04-12 21:06:01,131 DEBUG  DEBUG o.s.b.f.s.DefaultListableBeanFactory: Autowiring by type from bean name 'jsonMixinModule' via factory method to bean named 'org.springframework.web.context.support.GenericWebApplicationContext@6d467c87'
2025-04-12 21:06:01,131 DEBUG  DEBUG o.s.b.f.s.DefaultListableBeanFactory: Autowiring by type from bean name 'jsonMixinModule' via factory method to bean named 'jsonMixinModuleEntries'
2025-04-12 21:06:01,138 DEBUG  DEBUG o.s.b.f.s.DefaultListableBeanFactory: Creating shared instance of singleton bean 'jsonComponentModule'
2025-04-12 21:06:01,139 DEBUG  DEBUG o.s.b.f.s.DefaultListableBeanFactory: Creating shared instance of singleton bean 'org.springframework.boot.autoconfigure.jackson.JacksonAutoConfiguration'
2025-04-12 21:06:01,155 DEBUG  DEBUG o.s.b.f.s.DefaultListableBeanFactory: Autowiring by type from bean name 'jacksonObjectMapperBuilder' via factory method to bean named 'org.springframework.web.context.support.GenericWebApplicationContext@6d467c87'
2025-04-12 21:06:01,155 DEBUG  DEBUG o.s.b.f.s.DefaultListableBeanFactory: Autowiring by type from bean name 'jacksonObjectMapperBuilder' via factory method to bean named 'standardJacksonObjectMapperBuilderCustomizer'
2025-04-12 21:06:01,163 DEBUG  DEBUG o.s.b.f.s.DefaultListableBeanFactory: Autowiring by type from bean name 'jacksonObjectMapper' via factory method to bean named 'jacksonObjectMapperBuilder'
2025-04-12 21:06:01,183 DEBUG  DEBUG o.s.b.f.s.DefaultListableBeanFactory: Autowiring by type from bean name 'mappingJackson2HttpMessageConverter' via factory method to bean named 'jacksonObjectMapper'
2025-04-12 21:06:01,209 DEBUG  DEBUG o.s.b.f.s.DefaultListableBeanFactory: Creating shared instance of singleton bean 'resourceHandlerMapping'
2025-04-12 21:06:01,210 DEBUG  DEBUG o.s.b.f.s.DefaultListableBeanFactory: Autowiring by type from bean name 'resourceHandlerMapping' via factory method to bean named 'mvcContentNegotiationManager'
2025-04-12 21:06:01,210 DEBUG  DEBUG o.s.b.f.s.DefaultListableBeanFactory: Autowiring by type from bean name 'resourceHandlerMapping' via factory method to bean named 'mvcConversionService'
2025-04-12 21:06:01,210 DEBUG  DEBUG o.s.b.f.s.DefaultListableBeanFactory: Autowiring by type from bean name 'resourceHandlerMapping' via factory method to bean named 'mvcResourceUrlProvider'
2025-04-12 21:06:01,254 DEBUG  DEBUG _.s.w.s.H.Mappings: 'resourceHandlerMapping' {/webjars/**=ResourceHttpRequestHandler [classpath [META-INF/resources/webjars/]], /**=ResourceHttpRequestHandler [classpath [META-INF/resources/], classpath [resources/], classpath [static/], classpath [public/], ServletContext [/]]}
2025-04-12 21:06:01,254 DEBUG  DEBUG o.s.b.f.s.DefaultListableBeanFactory: Creating shared instance of singleton bean 'defaultServletHandlerMapping'
2025-04-12 21:06:01,255 DEBUG  DEBUG o.s.b.f.s.DefaultListableBeanFactory: Creating shared instance of singleton bean 'requestMappingHandlerAdapter'
2025-04-12 21:06:01,256 DEBUG  DEBUG o.s.b.f.s.DefaultListableBeanFactory: Autowiring by type from bean name 'requestMappingHandlerAdapter' via factory method to bean named 'mvcContentNegotiationManager'
2025-04-12 21:06:01,256 DEBUG  DEBUG o.s.b.f.s.DefaultListableBeanFactory: Autowiring by type from bean name 'requestMappingHandlerAdapter' via factory method to bean named 'mvcConversionService'
2025-04-12 21:06:01,256 DEBUG  DEBUG o.s.b.f.s.DefaultListableBeanFactory: Autowiring by type from bean name 'requestMappingHandlerAdapter' via factory method to bean named 'mvcValidator'
2025-04-12 21:06:01,264 DEBUG  DEBUG o.s.b.f.s.DefaultListableBeanFactory: Creating shared instance of singleton bean 'applicationTaskExecutor'
2025-04-12 21:06:01,264 DEBUG  DEBUG o.s.b.f.s.DefaultListableBeanFactory: Autowiring by type from bean name 'applicationTaskExecutor' via factory method to bean named 'threadPoolTaskExecutorBuilder'
2025-04-12 21:06:01,268 DEBUG  DEBUG o.s.s.c.ThreadPoolTaskExecutor: Initializing ExecutorService 'applicationTaskExecutor'
2025-04-12 21:06:01,296 DEBUG  DEBUG o.s.w.s.m.m.a.RequestMappingHandlerAdapter: ControllerAdvice beans: 0 @ModelAttribute, 0 @InitBinder, 1 RequestBodyAdvice, 1 ResponseBodyAdvice
2025-04-12 21:06:01,367 DEBUG  DEBUG o.s.b.f.s.DefaultListableBeanFactory: Creating shared instance of singleton bean 'mvcViewResolver'
2025-04-12 21:06:01,368 DEBUG  DEBUG o.s.b.f.s.DefaultListableBeanFactory: Autowiring by type from bean name 'mvcViewResolver' via factory method to bean named 'mvcContentNegotiationManager'
2025-04-12 21:06:01,374 DEBUG  DEBUG o.s.b.f.s.DefaultListableBeanFactory: Creating shared instance of singleton bean 'defaultViewResolver'
2025-04-12 21:06:01,381 DEBUG  DEBUG o.s.b.f.s.DefaultListableBeanFactory: Creating shared instance of singleton bean 'viewResolver'
2025-04-12 21:06:01,382 DEBUG  DEBUG o.s.b.f.s.DefaultListableBeanFactory: Autowiring by type from bean name 'viewResolver' via factory method to bean named 'org.springframework.beans.factory.support.DefaultListableBeanFactory@6b760460'
2025-04-12 21:06:01,384 DEBUG  DEBUG o.s.b.f.s.DefaultListableBeanFactory: Creating shared instance of singleton bean 'viewResolver'
2025-04-12 21:06:01,392 DEBUG  DEBUG o.s.b.f.s.DefaultListableBeanFactory: Creating shared instance of singleton bean 'handlerFunctionAdapter'
2025-04-12 21:06:01,394 DEBUG  DEBUG o.s.b.f.s.DefaultListableBeanFactory: Creating shared instance of singleton bean 'mvcUriComponentsContributor'
2025-04-12 21:06:01,395 DEBUG  DEBUG o.s.b.f.s.DefaultListableBeanFactory: Autowiring by type from bean name 'mvcUriComponentsContributor' via factory method to bean named 'mvcConversionService'
2025-04-12 21:06:01,395 DEBUG  DEBUG o.s.b.f.s.DefaultListableBeanFactory: Autowiring by type from bean name 'mvcUriComponentsContributor' via factory method to bean named 'requestMappingHandlerAdapter'
2025-04-12 21:06:01,397 DEBUG  DEBUG o.s.b.f.s.DefaultListableBeanFactory: Creating shared instance of singleton bean 'httpRequestHandlerAdapter'
2025-04-12 21:06:01,397 DEBUG  DEBUG o.s.b.f.s.DefaultListableBeanFactory: Creating shared instance of singleton bean 'simpleControllerHandlerAdapter'
2025-04-12 21:06:01,398 DEBUG  DEBUG o.s.b.f.s.DefaultListableBeanFactory: Creating shared instance of singleton bean 'handlerExceptionResolver'
2025-04-12 21:06:01,399 DEBUG  DEBUG o.s.b.f.s.DefaultListableBeanFactory: Autowiring by type from bean name 'handlerExceptionResolver' via factory method to bean named 'mvcContentNegotiationManager'
2025-04-12 21:06:01,402 DEBUG  DEBUG o.s.w.s.m.m.a.ExceptionHandlerExceptionResolver: ControllerAdvice beans: 0 @ExceptionHandler, 1 ResponseBodyAdvice
2025-04-12 21:06:01,405 DEBUG  DEBUG o.s.b.f.s.DefaultListableBeanFactory: Creating shared instance of singleton bean 'requestContextFilter'
2025-04-12 21:06:01,407 DEBUG  DEBUG o.s.b.f.s.DefaultListableBeanFactory: Creating shared instance of singleton bean 'org.springframework.boot.autoconfigure.web.servlet.WebMvcAutoConfiguration'
2025-04-12 21:06:01,409 DEBUG  DEBUG o.s.b.f.s.DefaultListableBeanFactory: Creating shared instance of singleton bean 'formContentFilter'
2025-04-12 21:06:01,412 DEBUG  DEBUG o.s.b.f.s.DefaultListableBeanFactory: Creating shared instance of singleton bean 'org.springframework.boot.autoconfigure.aop.AopAutoConfiguration$ClassProxyingConfiguration'
2025-04-12 21:06:01,413 DEBUG  DEBUG o.s.b.f.s.DefaultListableBeanFactory: Creating shared instance of singleton bean 'org.springframework.boot.autoconfigure.aop.AopAutoConfiguration'
2025-04-12 21:06:01,413 DEBUG  DEBUG o.s.b.f.s.DefaultListableBeanFactory: Creating shared instance of singleton bean 'org.springframework.boot.autoconfigure.availability.ApplicationAvailabilityAutoConfiguration'
2025-04-12 21:06:01,414 DEBUG  DEBUG o.s.b.f.s.DefaultListableBeanFactory: Creating shared instance of singleton bean 'applicationAvailability'
2025-04-12 21:06:01,416 DEBUG  DEBUG o.s.b.f.s.DefaultListableBeanFactory: Creating shared instance of singleton bean 'org.springframework.boot.autoconfigure.transaction.jta.JtaAutoConfiguration'
2025-04-12 21:06:01,416 DEBUG  DEBUG o.s.b.f.s.DefaultListableBeanFactory: Creating shared instance of singleton bean 'org.springframework.boot.autoconfigure.jdbc.metadata.DataSourcePoolMetadataProvidersConfiguration$HikariPoolDataSourceMetadataProviderConfiguration'
2025-04-12 21:06:01,417 DEBUG  DEBUG o.s.b.f.s.DefaultListableBeanFactory: Creating shared instance of singleton bean 'hikariPoolDataSourceMetadataProvider'
2025-04-12 21:06:01,419 DEBUG  DEBUG o.s.b.f.s.DefaultListableBeanFactory: Creating shared instance of singleton bean 'org.springframework.boot.autoconfigure.jdbc.metadata.DataSourcePoolMetadataProvidersConfiguration'
2025-04-12 21:06:01,420 DEBUG  DEBUG o.s.b.f.s.DefaultListableBeanFactory: Creating shared instance of singleton bean 'org.springframework.boot.autoconfigure.jdbc.DataSourceAutoConfiguration'
2025-04-12 21:06:01,420 DEBUG  DEBUG o.s.b.f.s.DefaultListableBeanFactory: Creating shared instance of singleton bean 'spring.datasource-org.springframework.boot.autoconfigure.jdbc.DataSourceProperties'
2025-04-12 21:06:01,442 DEBUG  DEBUG o.s.b.f.s.DefaultListableBeanFactory: Creating shared instance of singleton bean 'org.springframework.boot.autoconfigure.transaction.TransactionManagerCustomizationAutoConfiguration'
2025-04-12 21:06:01,443 DEBUG  DEBUG o.s.b.f.s.DefaultListableBeanFactory: Creating shared instance of singleton bean 'platformTransactionManagerCustomizers'
2025-04-12 21:06:01,444 DEBUG  DEBUG o.s.b.f.s.DefaultListableBeanFactory: Creating shared instance of singleton bean 'transactionExecutionListeners'
2025-04-12 21:06:01,446 DEBUG  DEBUG o.s.b.f.s.DefaultListableBeanFactory: Creating shared instance of singleton bean 'spring.transaction-org.springframework.boot.autoconfigure.transaction.TransactionProperties'
2025-04-12 21:06:01,452 DEBUG  DEBUG o.s.b.f.s.DefaultListableBeanFactory: Creating shared instance of singleton bean 'org.springframework.boot.autoconfigure.context.ConfigurationPropertiesAutoConfiguration'
2025-04-12 21:06:01,453 DEBUG  DEBUG o.s.b.f.s.DefaultListableBeanFactory: Creating shared instance of singleton bean 'org.springframework.boot.autoconfigure.context.LifecycleAutoConfiguration'
2025-04-12 21:06:01,453 DEBUG  DEBUG o.s.b.f.s.DefaultListableBeanFactory: Creating shared instance of singleton bean 'lifecycleProcessor'
2025-04-12 21:06:01,453 DEBUG  DEBUG o.s.b.f.s.DefaultListableBeanFactory: Creating shared instance of singleton bean 'spring.lifecycle-org.springframework.boot.autoconfigure.context.LifecycleProperties'
2025-04-12 21:06:01,454 DEBUG  DEBUG o.s.b.f.s.DefaultListableBeanFactory: Autowiring by type from bean name 'lifecycleProcessor' via factory method to bean named 'spring.lifecycle-org.springframework.boot.autoconfigure.context.LifecycleProperties'
2025-04-12 21:06:01,457 DEBUG  DEBUG o.s.b.f.s.DefaultListableBeanFactory: Creating shared instance of singleton bean 'org.springframework.boot.autoconfigure.dao.PersistenceExceptionTranslationAutoConfiguration'
2025-04-12 21:06:01,458 DEBUG  DEBUG o.s.b.f.s.DefaultListableBeanFactory: Creating shared instance of singleton bean 'org.springframework.boot.autoconfigure.http.JacksonHttpMessageConvertersConfiguration'
2025-04-12 21:06:01,458 DEBUG  DEBUG o.s.b.f.s.DefaultListableBeanFactory: Creating shared instance of singleton bean 'org.springframework.boot.autoconfigure.http.client.HttpClientAutoConfiguration'
2025-04-12 21:06:01,458 DEBUG  DEBUG o.s.b.f.s.DefaultListableBeanFactory: Creating shared instance of singleton bean 'clientHttpRequestFactoryBuilder'
2025-04-12 21:06:01,459 DEBUG  DEBUG o.s.b.f.s.DefaultListableBeanFactory: Creating shared instance of singleton bean 'spring.http.client-org.springframework.boot.autoconfigure.http.client.HttpClientProperties'
2025-04-12 21:06:01,461 DEBUG  DEBUG o.s.b.f.s.DefaultListableBeanFactory: Autowiring by type from bean name 'clientHttpRequestFactoryBuilder' via factory method to bean named 'spring.http.client-org.springframework.boot.autoconfigure.http.client.HttpClientProperties'
2025-04-12 21:06:01,480 DEBUG  DEBUG o.s.b.f.s.DefaultListableBeanFactory: Creating shared instance of singleton bean 'clientHttpRequestFactorySettings'
2025-04-12 21:06:01,481 DEBUG  DEBUG o.s.b.f.s.DefaultListableBeanFactory: Autowiring by type from bean name 'clientHttpRequestFactorySettings' via factory method to bean named 'spring.http.client-org.springframework.boot.autoconfigure.http.client.HttpClientProperties'
2025-04-12 21:06:01,488 DEBUG  DEBUG o.s.b.f.s.DefaultListableBeanFactory: Creating shared instance of singleton bean 'org.springframework.boot.autoconfigure.info.ProjectInfoAutoConfiguration'
2025-04-12 21:06:01,494 DEBUG  DEBUG o.s.b.f.s.DefaultListableBeanFactory: Creating shared instance of singleton bean 'spring.info-org.springframework.boot.autoconfigure.info.ProjectInfoProperties'
2025-04-12 21:06:01,497 DEBUG  DEBUG o.s.b.f.s.DefaultListableBeanFactory: Autowiring by type from bean name 'org.springframework.boot.autoconfigure.info.ProjectInfoAutoConfiguration' via constructor to bean named 'spring.info-org.springframework.boot.autoconfigure.info.ProjectInfoProperties'
2025-04-12 21:06:01,498 DEBUG  DEBUG o.s.b.f.s.DefaultListableBeanFactory: Creating shared instance of singleton bean 'org.springframework.boot.autoconfigure.jdbc.JdbcTemplateConfiguration'
2025-04-12 21:06:01,498 DEBUG  DEBUG o.s.b.f.s.DefaultListableBeanFactory: Creating shared instance of singleton bean 'jdbcTemplate'
2025-04-12 21:06:01,499 DEBUG  DEBUG o.s.b.f.s.DefaultListableBeanFactory: Creating shared instance of singleton bean 'spring.jdbc-org.springframework.boot.autoconfigure.jdbc.JdbcProperties'
2025-04-12 21:06:01,501 DEBUG  DEBUG o.s.b.f.s.DefaultListableBeanFactory: Autowiring by type from bean name 'jdbcTemplate' via factory method to bean named 'dataSource'
2025-04-12 21:06:01,501 DEBUG  DEBUG o.s.b.f.s.DefaultListableBeanFactory: Autowiring by type from bean name 'jdbcTemplate' via factory method to bean named 'spring.jdbc-org.springframework.boot.autoconfigure.jdbc.JdbcProperties'
2025-04-12 21:06:01,519 DEBUG  DEBUG o.s.b.f.s.DefaultListableBeanFactory: Creating shared instance of singleton bean 'org.springframework.boot.autoconfigure.jdbc.NamedParameterJdbcTemplateConfiguration'
2025-04-12 21:06:01,520 DEBUG  DEBUG o.s.b.f.s.DefaultListableBeanFactory: Creating shared instance of singleton bean 'namedParameterJdbcTemplate'
2025-04-12 21:06:01,520 DEBUG  DEBUG o.s.b.f.s.DefaultListableBeanFactory: Autowiring by type from bean name 'namedParameterJdbcTemplate' via factory method to bean named 'jdbcTemplate'
2025-04-12 21:06:01,536 DEBUG  DEBUG o.s.b.f.s.DefaultListableBeanFactory: Creating shared instance of singleton bean 'org.springframework.boot.autoconfigure.jdbc.JdbcTemplateAutoConfiguration'
2025-04-12 21:06:01,537 DEBUG  DEBUG o.s.b.f.s.DefaultListableBeanFactory: Creating shared instance of singleton bean 'org.springframework.boot.autoconfigure.jdbc.JdbcClientAutoConfiguration'
2025-04-12 21:06:01,538 DEBUG  DEBUG o.s.b.f.s.DefaultListableBeanFactory: Creating shared instance of singleton bean 'jdbcClient'
2025-04-12 21:06:01,539 DEBUG  DEBUG o.s.b.f.s.DefaultListableBeanFactory: Autowiring by type from bean name 'jdbcClient' via factory method to bean named 'namedParameterJdbcTemplate'
2025-04-12 21:06:01,543 DEBUG  DEBUG o.s.b.f.s.DefaultListableBeanFactory: Creating shared instance of singleton bean 'org.springframework.boot.autoconfigure.security.servlet.SecurityFilterAutoConfiguration'
2025-04-12 21:06:01,548 DEBUG  DEBUG o.s.b.f.s.DefaultListableBeanFactory: Creating shared instance of singleton bean 'spring.security-org.springframework.boot.autoconfigure.security.SecurityProperties'
2025-04-12 21:06:01,551 DEBUG  DEBUG o.s.b.f.s.DefaultListableBeanFactory: Creating shared instance of singleton bean 'org.springframework.boot.autoconfigure.sql.init.SqlInitializationAutoConfiguration'
2025-04-12 21:06:01,552 DEBUG  DEBUG o.s.b.f.s.DefaultListableBeanFactory: Creating shared instance of singleton bean 'org.springframework.boot.autoconfigure.task.TaskSchedulingConfigurations$ThreadPoolTaskSchedulerBuilderConfiguration'
2025-04-12 21:06:01,552 DEBUG  DEBUG o.s.b.f.s.DefaultListableBeanFactory: Creating shared instance of singleton bean 'threadPoolTaskSchedulerBuilder'
2025-04-12 21:06:01,554 DEBUG  DEBUG o.s.b.f.s.DefaultListableBeanFactory: Creating shared instance of singleton bean 'spring.task.scheduling-org.springframework.boot.autoconfigure.task.TaskSchedulingProperties'
2025-04-12 21:06:01,556 DEBUG  DEBUG o.s.b.f.s.DefaultListableBeanFactory: Autowiring by type from bean name 'threadPoolTaskSchedulerBuilder' via factory method to bean named 'spring.task.scheduling-org.springframework.boot.autoconfigure.task.TaskSchedulingProperties'
2025-04-12 21:06:01,561 DEBUG  DEBUG o.s.b.f.s.DefaultListableBeanFactory: Creating shared instance of singleton bean 'org.springframework.boot.autoconfigure.task.TaskSchedulingConfigurations$SimpleAsyncTaskSchedulerBuilderConfiguration'
2025-04-12 21:06:01,563 DEBUG  DEBUG o.s.b.f.s.DefaultListableBeanFactory: Autowiring by type from bean name 'org.springframework.boot.autoconfigure.task.TaskSchedulingConfigurations$SimpleAsyncTaskSchedulerBuilderConfiguration' via constructor to bean named 'spring.task.scheduling-org.springframework.boot.autoconfigure.task.TaskSchedulingProperties'
2025-04-12 21:06:01,563 DEBUG  DEBUG o.s.b.f.s.DefaultListableBeanFactory: Creating shared instance of singleton bean 'simpleAsyncTaskSchedulerBuilder'
2025-04-12 21:06:01,571 DEBUG  DEBUG o.s.b.f.s.DefaultListableBeanFactory: Creating shared instance of singleton bean 'org.springframework.boot.autoconfigure.task.TaskSchedulingAutoConfiguration'
2025-04-12 21:06:01,572 DEBUG  DEBUG o.s.b.f.s.DefaultListableBeanFactory: Creating shared instance of singleton bean 'org.springframework.boot.autoconfigure.jdbc.DataSourceTransactionManagerAutoConfiguration$JdbcTransactionManagerConfiguration'
2025-04-12 21:06:01,572 DEBUG  DEBUG o.s.b.f.s.DefaultListableBeanFactory: Creating shared instance of singleton bean 'org.springframework.boot.autoconfigure.jdbc.DataSourceTransactionManagerAutoConfiguration'
2025-04-12 21:06:01,573 DEBUG  DEBUG o.s.b.f.s.DefaultListableBeanFactory: Creating shared instance of singleton bean 'org.springframework.boot.autoconfigure.transaction.TransactionAutoConfiguration$TransactionTemplateConfiguration'
2025-04-12 21:06:01,573 DEBUG  DEBUG o.s.b.f.s.DefaultListableBeanFactory: Creating shared instance of singleton bean 'transactionTemplate'
2025-04-12 21:06:01,574 DEBUG  DEBUG o.s.b.f.s.DefaultListableBeanFactory: Autowiring by type from bean name 'transactionTemplate' via factory method to bean named 'transactionManager'
2025-04-12 21:06:01,577 DEBUG  DEBUG o.s.b.f.s.DefaultListableBeanFactory: Creating shared instance of singleton bean 'org.springframework.boot.autoconfigure.transaction.TransactionAutoConfiguration'
2025-04-12 21:06:01,578 DEBUG  DEBUG o.s.b.f.s.DefaultListableBeanFactory: Creating shared instance of singleton bean 'org.springframework.boot.autoconfigure.web.client.RestClientAutoConfiguration'
2025-04-12 21:06:01,579 DEBUG  DEBUG o.s.b.f.s.DefaultListableBeanFactory: Creating shared instance of singleton bean 'httpMessageConvertersRestClientCustomizer'
2025-04-12 21:06:01,580 DEBUG  DEBUG o.s.b.f.s.DefaultListableBeanFactory: Creating shared instance of singleton bean 'restClientSsl'
2025-04-12 21:06:01,581 DEBUG  DEBUG o.s.b.f.s.DefaultListableBeanFactory: Autowiring by type from bean name 'restClientSsl' via factory method to bean named 'sslBundleRegistry'
2025-04-12 21:06:01,582 DEBUG  DEBUG o.s.b.f.s.DefaultListableBeanFactory: Creating shared instance of singleton bean 'restClientBuilderConfigurer'
2025-04-12 21:06:01,584 DEBUG  DEBUG o.s.b.f.s.DefaultListableBeanFactory: Creating shared instance of singleton bean 'org.springframework.boot.autoconfigure.web.client.RestTemplateAutoConfiguration'
2025-04-12 21:06:01,584 DEBUG  DEBUG o.s.b.f.s.DefaultListableBeanFactory: Creating shared instance of singleton bean 'characterEncodingFilter'
2025-04-12 21:06:01,585 DEBUG  DEBUG o.s.b.f.s.DefaultListableBeanFactory: Creating shared instance of singleton bean 'multipartResolver'
2025-04-12 21:06:01,601 DEBUG  DEBUG o.s.c.s.DefaultLifecycleProcessor: Starting beans in phase -2147483647
2025-04-12 21:06:01,602 DEBUG  DEBUG o.s.c.s.DefaultLifecycleProcessor: Successfully started bean 'springBootLoggingLifecycle'
2025-04-12 21:06:01,602 DEBUG  DEBUG o.s.c.s.DefaultLifecycleProcessor: Starting beans in phase 1073741823
2025-04-12 21:06:01,627 DEBUG  DEBUG o.s.b.a.l.ConditionEvaluationReportLogger: 


============================
CONDITIONS EVALUATION REPORT
============================


Positive matches:
-----------------

   AopAutoConfiguration matched:
      - @ConditionalOnProperty (spring.aop.auto=true) matched (OnPropertyCondition)

   AopAutoConfiguration.ClassProxyingConfiguration matched:
      - @ConditionalOnMissingClass did not find unwanted class 'org.aspectj.weaver.Advice' (OnClassCondition)
      - @ConditionalOnProperty (spring.aop.proxy-target-class=true) matched (OnPropertyCondition)

   ApplicationAvailabilityAutoConfiguration#applicationAvailability matched:
      - @ConditionalOnMissingBean (types: org.springframework.boot.availability.ApplicationAvailability; SearchStrategy: all) did not find any beans (OnBeanCondition)

   DataSourceAutoConfiguration matched:
      - @ConditionalOnClass found required classes 'javax.sql.DataSource', 'org.springframework.jdbc.datasource.embedded.EmbeddedDatabaseType' (OnClassCondition)
      - @ConditionalOnMissingBean (types: io.r2dbc.spi.ConnectionFactory; SearchStrategy: all) did not find any beans (OnBeanCondition)

   DataSourceConfiguration.Hikari matched:
      - @ConditionalOnClass found required class 'com.zaxxer.hikari.HikariDataSource' (OnClassCondition)
      - @ConditionalOnProperty (spring.datasource.type=com.zaxxer.hikari.HikariDataSource) matched (OnPropertyCondition)

   DataSourceInitializationConfiguration matched:
      - @ConditionalOnClass found required class 'org.springframework.jdbc.datasource.init.DatabasePopulator' (OnClassCondition)
      - @ConditionalOnSingleCandidate (types: javax.sql.DataSource; SearchStrategy: all) found a single bean 'dataSource'; @ConditionalOnMissingBean (types: org.springframework.boot.autoconfigure.sql.init.SqlDataSourceScriptDatabaseInitializer,org.springframework.boot.autoconfigure.sql.init.SqlR2dbcScriptDatabaseInitializer; SearchStrategy: all) did not find any beans (OnBeanCondition)

   DataSourcePoolMetadataProvidersConfiguration.HikariPoolDataSourceMetadataProviderConfiguration matched:
      - @ConditionalOnClass found required class 'com.zaxxer.hikari.HikariDataSource' (OnClassCondition)

   DataSourceTransactionManagerAutoConfiguration matched:
      - @ConditionalOnClass found required classes 'javax.sql.DataSource', 'org.springframework.jdbc.core.JdbcTemplate', 'org.springframework.transaction.TransactionManager' (OnClassCondition)

   DataSourceTransactionManagerAutoConfiguration.JdbcTransactionManagerConfiguration matched:
      - @ConditionalOnSingleCandidate (types: javax.sql.DataSource; SearchStrategy: all) found a single bean 'dataSource' (OnBeanCondition)

   DispatcherServletAutoConfiguration matched:
      - @ConditionalOnClass found required class 'org.springframework.web.servlet.DispatcherServlet' (OnClassCondition)
      - found 'session' scope (OnWebApplicationCondition)

   DispatcherServletAutoConfiguration.DispatcherServletConfiguration matched:
      - @ConditionalOnClass found required class 'jakarta.servlet.ServletRegistration' (OnClassCondition)
      - Default DispatcherServlet did not find dispatcher servlet beans (DispatcherServletAutoConfiguration.DefaultDispatcherServletCondition)

   DispatcherServletAutoConfiguration.DispatcherServletRegistrationConfiguration matched:
      - @ConditionalOnClass found required class 'jakarta.servlet.ServletRegistration' (OnClassCondition)
      - DispatcherServlet Registration did not find servlet registration bean (DispatcherServletAutoConfiguration.DispatcherServletRegistrationCondition)

   DispatcherServletAutoConfiguration.DispatcherServletRegistrationConfiguration#dispatcherServletRegistration matched:
      - @ConditionalOnBean (names: dispatcherServlet types: org.springframework.web.servlet.DispatcherServlet; SearchStrategy: all) found bean 'dispatcherServlet' (OnBeanCondition)

   ErrorMvcAutoConfiguration matched:
      - @ConditionalOnClass found required classes 'jakarta.servlet.Servlet', 'org.springframework.web.servlet.DispatcherServlet' (OnClassCondition)
      - found 'session' scope (OnWebApplicationCondition)

   ErrorMvcAutoConfiguration#basicErrorController matched:
      - @ConditionalOnMissingBean (types: org.springframework.boot.web.servlet.error.ErrorController; SearchStrategy: current) did not find any beans (OnBeanCondition)

   ErrorMvcAutoConfiguration#errorAttributes matched:
      - @ConditionalOnMissingBean (types: org.springframework.boot.web.servlet.error.ErrorAttributes; SearchStrategy: current) did not find any beans (OnBeanCondition)

   ErrorMvcAutoConfiguration.DefaultErrorViewResolverConfiguration#conventionErrorViewResolver matched:
      - @ConditionalOnBean (types: org.springframework.web.servlet.DispatcherServlet; SearchStrategy: all) found bean 'dispatcherServlet'; @ConditionalOnMissingBean (types: org.springframework.boot.autoconfigure.web.servlet.error.ErrorViewResolver; SearchStrategy: all) did not find any beans (OnBeanCondition)

   ErrorMvcAutoConfiguration.WhitelabelErrorViewConfiguration matched:
      - @ConditionalOnProperty (server.error.whitelabel.enabled) matched (OnPropertyCondition)
      - ErrorTemplate Missing did not find error template view (ErrorMvcAutoConfiguration.ErrorTemplateMissingCondition)

   ErrorMvcAutoConfiguration.WhitelabelErrorViewConfiguration#beanNameViewResolver matched:
      - @ConditionalOnMissingBean (types: org.springframework.web.servlet.view.BeanNameViewResolver; SearchStrategy: all) did not find any beans (OnBeanCondition)

   ErrorMvcAutoConfiguration.WhitelabelErrorViewConfiguration#defaultErrorView matched:
      - @ConditionalOnMissingBean (names: error; SearchStrategy: all) did not find any beans (OnBeanCondition)

   GenericCacheConfiguration matched:
      - Cache org.springframework.boot.autoconfigure.cache.GenericCacheConfiguration automatic cache type (CacheCondition)

   HttpClientAutoConfiguration matched:
      - @ConditionalOnClass found required class 'org.springframework.http.client.ClientHttpRequestFactory' (OnClassCondition)
      - NoneNestedConditions 0 matched 1 did not; NestedCondition on NotReactiveWebApplicationCondition.ReactiveWebApplication did not find reactive web application classes (NotReactiveWebApplicationCondition)

   HttpClientAutoConfiguration#clientHttpRequestFactoryBuilder matched:
      - @ConditionalOnMissingBean (types: org.springframework.boot.http.client.ClientHttpRequestFactoryBuilder; SearchStrategy: all) did not find any beans (OnBeanCondition)

   HttpClientAutoConfiguration#clientHttpRequestFactorySettings matched:
      - @ConditionalOnMissingBean (types: org.springframework.boot.http.client.ClientHttpRequestFactorySettings; SearchStrategy: all) did not find any beans (OnBeanCondition)

   HttpEncodingAutoConfiguration matched:
      - @ConditionalOnClass found required class 'org.springframework.web.filter.CharacterEncodingFilter' (OnClassCondition)
      - found 'session' scope (OnWebApplicationCondition)
      - @ConditionalOnProperty (server.servlet.encoding.enabled) matched (OnPropertyCondition)

   HttpEncodingAutoConfiguration#characterEncodingFilter matched:
      - @ConditionalOnMissingBean (types: org.springframework.web.filter.CharacterEncodingFilter; SearchStrategy: all) did not find any beans (OnBeanCondition)

   HttpMessageConvertersAutoConfiguration matched:
      - @ConditionalOnClass found required class 'org.springframework.http.converter.HttpMessageConverter' (OnClassCondition)
      - NoneNestedConditions 0 matched 1 did not; NestedCondition on HttpMessageConvertersAutoConfiguration.NotReactiveWebApplicationCondition.ReactiveWebApplication did not find reactive web application classes (HttpMessageConvertersAutoConfiguration.NotReactiveWebApplicationCondition)

   HttpMessageConvertersAutoConfiguration#messageConverters matched:
      - @ConditionalOnMissingBean (types: org.springframework.boot.autoconfigure.http.HttpMessageConverters; SearchStrategy: all) did not find any beans (OnBeanCondition)

   HttpMessageConvertersAutoConfiguration.StringHttpMessageConverterConfiguration matched:
      - @ConditionalOnClass found required class 'org.springframework.http.converter.StringHttpMessageConverter' (OnClassCondition)

   HttpMessageConvertersAutoConfiguration.StringHttpMessageConverterConfiguration#stringHttpMessageConverter matched:
      - @ConditionalOnMissingBean (types: org.springframework.http.converter.StringHttpMessageConverter; SearchStrategy: all) did not find any beans (OnBeanCondition)

   JacksonAutoConfiguration matched:
      - @ConditionalOnClass found required class 'com.fasterxml.jackson.databind.ObjectMapper' (OnClassCondition)

   JacksonAutoConfiguration.Jackson2ObjectMapperBuilderCustomizerConfiguration matched:
      - @ConditionalOnClass found required class 'org.springframework.http.converter.json.Jackson2ObjectMapperBuilder' (OnClassCondition)

   JacksonAutoConfiguration.JacksonObjectMapperBuilderConfiguration matched:
      - @ConditionalOnClass found required class 'org.springframework.http.converter.json.Jackson2ObjectMapperBuilder' (OnClassCondition)

   JacksonAutoConfiguration.JacksonObjectMapperBuilderConfiguration#jacksonObjectMapperBuilder matched:
      - @ConditionalOnMissingBean (types: org.springframework.http.converter.json.Jackson2ObjectMapperBuilder; SearchStrategy: all) did not find any beans (OnBeanCondition)

   JacksonAutoConfiguration.JacksonObjectMapperConfiguration matched:
      - @ConditionalOnClass found required class 'org.springframework.http.converter.json.Jackson2ObjectMapperBuilder' (OnClassCondition)

   JacksonAutoConfiguration.JacksonObjectMapperConfiguration#jacksonObjectMapper matched:
      - @ConditionalOnMissingBean (types: com.fasterxml.jackson.databind.ObjectMapper; SearchStrategy: all) did not find any beans (OnBeanCondition)

   JacksonAutoConfiguration.ParameterNamesModuleConfiguration matched:
      - @ConditionalOnClass found required class 'com.fasterxml.jackson.module.paramnames.ParameterNamesModule' (OnClassCondition)

   JacksonAutoConfiguration.ParameterNamesModuleConfiguration#parameterNamesModule matched:
      - @ConditionalOnMissingBean (types: com.fasterxml.jackson.module.paramnames.ParameterNamesModule; SearchStrategy: all) did not find any beans (OnBeanCondition)

   JacksonHttpMessageConvertersConfiguration.MappingJackson2HttpMessageConverterConfiguration matched:
      - @ConditionalOnClass found required class 'com.fasterxml.jackson.databind.ObjectMapper' (OnClassCondition)
      - @ConditionalOnProperty (spring.mvc.converters.preferred-json-mapper=jackson) matched (OnPropertyCondition)
      - @ConditionalOnBean (types: com.fasterxml.jackson.databind.ObjectMapper; SearchStrategy: all) found bean 'jacksonObjectMapper' (OnBeanCondition)

   JacksonHttpMessageConvertersConfiguration.MappingJackson2HttpMessageConverterConfiguration#mappingJackson2HttpMessageConverter matched:
      - @ConditionalOnMissingBean (types: org.springframework.http.converter.json.MappingJackson2HttpMessageConverter ignored: org.springframework.hateoas.server.mvc.TypeConstrainedMappingJackson2HttpMessageConverter,org.springframework.data.rest.webmvc.alps.AlpsJsonHttpMessageConverter; SearchStrategy: all) did not find any beans (OnBeanCondition)

   JdbcClientAutoConfiguration matched:
      - @ConditionalOnSingleCandidate (types: org.springframework.jdbc.core.namedparam.NamedParameterJdbcTemplate; SearchStrategy: all) found a single bean 'namedParameterJdbcTemplate'; @ConditionalOnMissingBean (types: org.springframework.jdbc.core.simple.JdbcClient; SearchStrategy: all) did not find any beans (OnBeanCondition)

   JdbcTemplateAutoConfiguration matched:
      - @ConditionalOnClass found required classes 'javax.sql.DataSource', 'org.springframework.jdbc.core.JdbcTemplate' (OnClassCondition)
      - @ConditionalOnSingleCandidate (types: javax.sql.DataSource; SearchStrategy: all) found a single bean 'dataSource' (OnBeanCondition)

   JdbcTemplateConfiguration matched:
      - @ConditionalOnMissingBean (types: org.springframework.jdbc.core.JdbcOperations; SearchStrategy: all) did not find any beans (OnBeanCondition)

   JtaAutoConfiguration matched:
      - @ConditionalOnClass found required class 'jakarta.transaction.Transaction' (OnClassCondition)
      - @ConditionalOnProperty (spring.jta.enabled) matched (OnPropertyCondition)

   LifecycleAutoConfiguration#defaultLifecycleProcessor matched:
      - @ConditionalOnMissingBean (names: lifecycleProcessor; SearchStrategy: current) did not find any beans (OnBeanCondition)

   MultipartAutoConfiguration matched:
      - @ConditionalOnClass found required classes 'jakarta.servlet.Servlet', 'org.springframework.web.multipart.support.StandardServletMultipartResolver', 'jakarta.servlet.MultipartConfigElement' (OnClassCondition)
      - found 'session' scope (OnWebApplicationCondition)
      - @ConditionalOnProperty (spring.servlet.multipart.enabled) matched (OnPropertyCondition)

   MultipartAutoConfiguration#multipartConfigElement matched:
      - @ConditionalOnMissingBean (types: jakarta.servlet.MultipartConfigElement; SearchStrategy: all) did not find any beans (OnBeanCondition)

   MultipartAutoConfiguration#multipartResolver matched:
      - @ConditionalOnMissingBean (types: org.springframework.web.multipart.MultipartResolver; SearchStrategy: all) did not find any beans (OnBeanCondition)

   NamedParameterJdbcTemplateConfiguration matched:
      - @ConditionalOnSingleCandidate (types: org.springframework.jdbc.core.JdbcTemplate; SearchStrategy: all) found a single bean 'jdbcTemplate'; @ConditionalOnMissingBean (types: org.springframework.jdbc.core.namedparam.NamedParameterJdbcOperations; SearchStrategy: all) did not find any beans (OnBeanCondition)

   NoOpCacheConfiguration matched:
      - Cache org.springframework.boot.autoconfigure.cache.NoOpCacheConfiguration automatic cache type (CacheCondition)

   PersistenceExceptionTranslationAutoConfiguration matched:
      - @ConditionalOnClass found required class 'org.springframework.dao.annotation.PersistenceExceptionTranslationPostProcessor' (OnClassCondition)

   PersistenceExceptionTranslationAutoConfiguration#persistenceExceptionTranslationPostProcessor matched:
      - @ConditionalOnProperty (spring.dao.exceptiontranslation.enabled) matched (OnPropertyCondition)
      - @ConditionalOnMissingBean (types: org.springframework.dao.annotation.PersistenceExceptionTranslationPostProcessor; SearchStrategy: all) did not find any beans (OnBeanCondition)

   PropertyPlaceholderAutoConfiguration#propertySourcesPlaceholderConfigurer matched:
      - @ConditionalOnMissingBean (types: org.springframework.context.support.PropertySourcesPlaceholderConfigurer; SearchStrategy: current) did not find any beans (OnBeanCondition)

   RestClientAutoConfiguration matched:
      - @ConditionalOnClass found required class 'org.springframework.web.client.RestClient' (OnClassCondition)
      - NoneNestedConditions 0 matched 1 did not; NestedCondition on NotReactiveWebApplicationCondition.ReactiveWebApplication did not find reactive web application classes (NotReactiveWebApplicationCondition)

   RestClientAutoConfiguration#httpMessageConvertersRestClientCustomizer matched:
      - @ConditionalOnMissingBean (types: org.springframework.boot.autoconfigure.web.client.HttpMessageConvertersRestClientCustomizer; SearchStrategy: all) did not find any beans (OnBeanCondition)

   RestClientAutoConfiguration#restClientBuilder matched:
      - @ConditionalOnMissingBean (types: org.springframework.web.client.RestClient$Builder; SearchStrategy: all) did not find any beans (OnBeanCondition)

   RestClientAutoConfiguration#restClientBuilderConfigurer matched:
      - @ConditionalOnMissingBean (types: org.springframework.boot.autoconfigure.web.client.RestClientBuilderConfigurer; SearchStrategy: all) did not find any beans (OnBeanCondition)

   RestClientAutoConfiguration#restClientSsl matched:
      - @ConditionalOnBean (types: org.springframework.boot.ssl.SslBundles; SearchStrategy: all) found bean 'sslBundleRegistry'; @ConditionalOnMissingBean (types: org.springframework.boot.autoconfigure.web.client.RestClientSsl; SearchStrategy: all) did not find any beans (OnBeanCondition)

   RestTemplateAutoConfiguration matched:
      - @ConditionalOnClass found required class 'org.springframework.web.client.RestTemplate' (OnClassCondition)
      - NoneNestedConditions 0 matched 1 did not; NestedCondition on NotReactiveWebApplicationCondition.ReactiveWebApplication did not find reactive web application classes (NotReactiveWebApplicationCondition)

   RestTemplateAutoConfiguration#restTemplateBuilder matched:
      - @ConditionalOnMissingBean (types: org.springframework.boot.web.client.RestTemplateBuilder; SearchStrategy: all) did not find any beans (OnBeanCondition)

   SecurityFilterAutoConfiguration matched:
      - @ConditionalOnClass found required classes 'org.springframework.security.web.context.AbstractSecurityWebApplicationInitializer', 'org.springframework.security.config.http.SessionCreationPolicy' (OnClassCondition)
      - found 'session' scope (OnWebApplicationCondition)

   ServletWebServerFactoryAutoConfiguration matched:
      - @ConditionalOnClass found required class 'jakarta.servlet.ServletRequest' (OnClassCondition)
      - found 'session' scope (OnWebApplicationCondition)

   ServletWebServerFactoryAutoConfiguration#tomcatServletWebServerFactoryCustomizer matched:
      - @ConditionalOnClass found required class 'org.apache.catalina.startup.Tomcat' (OnClassCondition)

   ServletWebServerFactoryConfiguration.EmbeddedTomcat matched:
      - @ConditionalOnClass found required classes 'jakarta.servlet.Servlet', 'org.apache.catalina.startup.Tomcat', 'org.apache.coyote.UpgradeProtocol' (OnClassCondition)
      - @ConditionalOnMissingBean (types: org.springframework.boot.web.servlet.server.ServletWebServerFactory; SearchStrategy: current) did not find any beans (OnBeanCondition)

   SimpleCacheConfiguration matched:
      - Cache org.springframework.boot.autoconfigure.cache.SimpleCacheConfiguration automatic cache type (CacheCondition)

   SqlInitializationAutoConfiguration matched:
      - @ConditionalOnProperty (spring.sql.init.enabled) matched (OnPropertyCondition)
      - NoneNestedConditions 0 matched 1 did not; NestedCondition on SqlInitializationAutoConfiguration.SqlInitializationModeCondition.ModeIsNever @ConditionalOnProperty (spring.sql.init.mode=never) did not find property 'mode' (SqlInitializationAutoConfiguration.SqlInitializationModeCondition)

   SslAutoConfiguration#sslBundleRegistry matched:
      - @ConditionalOnMissingBean (types: org.springframework.boot.ssl.SslBundleRegistry,org.springframework.boot.ssl.SslBundles; SearchStrategy: all) did not find any beans (OnBeanCondition)

   TaskExecutionAutoConfiguration matched:
      - @ConditionalOnClass found required class 'org.springframework.scheduling.concurrent.ThreadPoolTaskExecutor' (OnClassCondition)

   TaskExecutorConfigurations.SimpleAsyncTaskExecutorBuilderConfiguration#simpleAsyncTaskExecutorBuilder matched:
      - @ConditionalOnMissingBean (types: org.springframework.boot.task.SimpleAsyncTaskExecutorBuilder; SearchStrategy: all) did not find any beans (OnBeanCondition)
      - @ConditionalOnThreading found PLATFORM (OnThreadingCondition)

   TaskExecutorConfigurations.TaskExecutorConfiguration matched:
      - @ConditionalOnMissingBean (types: java.util.concurrent.Executor; SearchStrategy: all) did not find any beans (OnBeanCondition)

   TaskExecutorConfigurations.TaskExecutorConfiguration#applicationTaskExecutor matched:
      - @ConditionalOnThreading found PLATFORM (OnThreadingCondition)

   TaskExecutorConfigurations.ThreadPoolTaskExecutorBuilderConfiguration#threadPoolTaskExecutorBuilder matched:
      - @ConditionalOnMissingBean (types: org.springframework.boot.task.ThreadPoolTaskExecutorBuilder; SearchStrategy: all) did not find any beans (OnBeanCondition)

   TaskSchedulingAutoConfiguration matched:
      - @ConditionalOnClass found required class 'org.springframework.scheduling.concurrent.ThreadPoolTaskScheduler' (OnClassCondition)

   TaskSchedulingConfigurations.SimpleAsyncTaskSchedulerBuilderConfiguration#simpleAsyncTaskSchedulerBuilder matched:
      - @ConditionalOnMissingBean (types: org.springframework.boot.task.SimpleAsyncTaskSchedulerBuilder; SearchStrategy: all) did not find any beans (OnBeanCondition)
      - @ConditionalOnThreading found PLATFORM (OnThreadingCondition)

   TaskSchedulingConfigurations.ThreadPoolTaskSchedulerBuilderConfiguration#threadPoolTaskSchedulerBuilder matched:
      - @ConditionalOnMissingBean (types: org.springframework.boot.task.ThreadPoolTaskSchedulerBuilder; SearchStrategy: all) did not find any beans (OnBeanCondition)

   TransactionAutoConfiguration matched:
      - @ConditionalOnClass found required class 'org.springframework.transaction.PlatformTransactionManager' (OnClassCondition)

   TransactionAutoConfiguration.TransactionTemplateConfiguration matched:
      - @ConditionalOnSingleCandidate (types: org.springframework.transaction.PlatformTransactionManager; SearchStrategy: all) found a single bean 'transactionManager' (OnBeanCondition)

   TransactionAutoConfiguration.TransactionTemplateConfiguration#transactionTemplate matched:
      - @ConditionalOnMissingBean (types: org.springframework.transaction.support.TransactionOperations; SearchStrategy: all) did not find any beans (OnBeanCondition)

   TransactionManagerCustomizationAutoConfiguration matched:
      - @ConditionalOnClass found required class 'org.springframework.transaction.PlatformTransactionManager' (OnClassCondition)

   TransactionManagerCustomizationAutoConfiguration#platformTransactionManagerCustomizers matched:
      - @ConditionalOnMissingBean (types: org.springframework.boot.autoconfigure.transaction.TransactionManagerCustomizers; SearchStrategy: all) did not find any beans (OnBeanCondition)

   ValidationAutoConfiguration matched:
      - @ConditionalOnClass found required class 'jakarta.validation.executable.ExecutableValidator' (OnClassCondition)
      - @ConditionalOnResource found location classpath:META-INF/services/jakarta.validation.spi.ValidationProvider (OnResourceCondition)

   ValidationAutoConfiguration#defaultValidator matched:
      - @ConditionalOnMissingBean (types: jakarta.validation.Validator; SearchStrategy: all) did not find any beans (OnBeanCondition)

   ValidationAutoConfiguration#methodValidationPostProcessor matched:
      - @ConditionalOnMissingBean (types: org.springframework.validation.beanvalidation.MethodValidationPostProcessor; SearchStrategy: current) did not find any beans (OnBeanCondition)

   WebMvcAutoConfiguration matched:
      - @ConditionalOnClass found required classes 'jakarta.servlet.Servlet', 'org.springframework.web.servlet.DispatcherServlet', 'org.springframework.web.servlet.config.annotation.WebMvcConfigurer' (OnClassCondition)
      - found 'session' scope (OnWebApplicationCondition)
      - @ConditionalOnMissingBean (types: org.springframework.web.servlet.config.annotation.WebMvcConfigurationSupport; SearchStrategy: all) did not find any beans (OnBeanCondition)

   WebMvcAutoConfiguration#formContentFilter matched:
      - @ConditionalOnProperty (spring.mvc.formcontent.filter.enabled) matched (OnPropertyCondition)
      - @ConditionalOnMissingBean (types: org.springframework.web.filter.FormContentFilter; SearchStrategy: all) did not find any beans (OnBeanCondition)

   WebMvcAutoConfiguration.EnableWebMvcConfiguration#flashMapManager matched:
      - @ConditionalOnMissingBean (names: flashMapManager; SearchStrategy: all) did not find any beans (OnBeanCondition)

   WebMvcAutoConfiguration.EnableWebMvcConfiguration#localeResolver matched:
      - @ConditionalOnMissingBean (names: localeResolver; SearchStrategy: all) did not find any beans (OnBeanCondition)

   WebMvcAutoConfiguration.EnableWebMvcConfiguration#themeResolver matched:
      - @ConditionalOnMissingBean (names: themeResolver; SearchStrategy: all) did not find any beans (OnBeanCondition)

   WebMvcAutoConfiguration.EnableWebMvcConfiguration#viewNameTranslator matched:
      - @ConditionalOnMissingBean (names: viewNameTranslator; SearchStrategy: all) did not find any beans (OnBeanCondition)

   WebMvcAutoConfiguration.WebMvcAutoConfigurationAdapter#defaultViewResolver matched:
      - @ConditionalOnMissingBean (types: org.springframework.web.servlet.view.InternalResourceViewResolver; SearchStrategy: all) did not find any beans (OnBeanCondition)

   WebMvcAutoConfiguration.WebMvcAutoConfigurationAdapter#requestContextFilter matched:
      - @ConditionalOnMissingBean (types: org.springframework.web.context.request.RequestContextListener,org.springframework.web.filter.RequestContextFilter; SearchStrategy: all) did not find any beans (OnBeanCondition)

   WebMvcAutoConfiguration.WebMvcAutoConfigurationAdapter#viewResolver matched:
      - @ConditionalOnBean (types: org.springframework.web.servlet.ViewResolver; SearchStrategy: all) found beans 'defaultViewResolver', 'beanNameViewResolver', 'mvcViewResolver'; @ConditionalOnMissingBean (names: viewResolver types: org.springframework.web.servlet.view.ContentNegotiatingViewResolver; SearchStrategy: all) did not find any beans (OnBeanCondition)

   WebSocketServletAutoConfiguration matched:
      - @ConditionalOnClass found required classes 'jakarta.servlet.Servlet', 'jakarta.websocket.server.ServerContainer' (OnClassCondition)
      - found 'session' scope (OnWebApplicationCondition)

   WebSocketServletAutoConfiguration.TomcatWebSocketConfiguration matched:
      - @ConditionalOnClass found required classes 'org.apache.catalina.startup.Tomcat', 'org.apache.tomcat.websocket.server.WsSci' (OnClassCondition)

   WebSocketServletAutoConfiguration.TomcatWebSocketConfiguration#websocketServletWebServerCustomizer matched:
      - @ConditionalOnMissingBean (names: websocketServletWebServerCustomizer; SearchStrategy: all) did not find any beans (OnBeanCondition)


Negative matches:
-----------------

   ActiveMQAutoConfiguration:
      Did not match:
         - @ConditionalOnClass did not find required class 'jakarta.jms.ConnectionFactory' (OnClassCondition)

   AopAutoConfiguration.AspectJAutoProxyingConfiguration:
      Did not match:
         - @ConditionalOnClass did not find required class 'org.aspectj.weaver.Advice' (OnClassCondition)

   ArtemisAutoConfiguration:
      Did not match:
         - @ConditionalOnClass did not find required class 'jakarta.jms.ConnectionFactory' (OnClassCondition)

   BatchAutoConfiguration:
      Did not match:
         - @ConditionalOnClass did not find required class 'org.springframework.batch.core.launch.JobLauncher' (OnClassCondition)

   Cache2kCacheConfiguration:
      Did not match:
         - @ConditionalOnClass did not find required class 'org.cache2k.Cache2kBuilder' (OnClassCondition)

   CacheAutoConfiguration:
      Did not match:
         - @ConditionalOnBean (types: org.springframework.cache.interceptor.CacheAspectSupport; SearchStrategy: all) did not find any beans of type org.springframework.cache.interceptor.CacheAspectSupport (OnBeanCondition)
      Matched:
         - @ConditionalOnClass found required class 'org.springframework.cache.CacheManager' (OnClassCondition)

   CacheAutoConfiguration.CacheManagerEntityManagerFactoryDependsOnPostProcessor:
      Did not match:
         - Ancestor org.springframework.boot.autoconfigure.cache.CacheAutoConfiguration did not match (ConditionEvaluationReport.AncestorsMatchedCondition)
      Matched:
         - @ConditionalOnClass found required class 'org.springframework.orm.jpa.LocalContainerEntityManagerFactoryBean' (OnClassCondition)

   CaffeineCacheConfiguration:
      Did not match:
         - @ConditionalOnClass did not find required class 'com.github.benmanes.caffeine.cache.Caffeine' (OnClassCondition)

   CassandraAutoConfiguration:
      Did not match:
         - @ConditionalOnClass did not find required class 'com.datastax.oss.driver.api.core.CqlSession' (OnClassCondition)

   CassandraDataAutoConfiguration:
      Did not match:
         - @ConditionalOnClass did not find required class 'com.datastax.oss.driver.api.core.CqlSession' (OnClassCondition)

   CassandraReactiveDataAutoConfiguration:
      Did not match:
         - @ConditionalOnClass did not find required class 'com.datastax.oss.driver.api.core.CqlSession' (OnClassCondition)

   CassandraReactiveRepositoriesAutoConfiguration:
      Did not match:
         - @ConditionalOnClass did not find required class 'org.springframework.data.cassandra.ReactiveSession' (OnClassCondition)

   CassandraRepositoriesAutoConfiguration:
      Did not match:
         - @ConditionalOnClass did not find required class 'com.datastax.oss.driver.api.core.CqlSession' (OnClassCondition)

   ClientHttpConnectorAutoConfiguration:
      Did not match:
         - @ConditionalOnClass did not find required class 'org.springframework.web.reactive.function.client.WebClient' (OnClassCondition)

   CodecsAutoConfiguration:
      Did not match:
         - @ConditionalOnClass did not find required class 'org.springframework.web.reactive.function.client.WebClient' (OnClassCondition)

   CouchbaseAutoConfiguration:
      Did not match:
         - @ConditionalOnClass did not find required class 'com.couchbase.client.java.Cluster' (OnClassCondition)

   CouchbaseCacheConfiguration:
      Did not match:
         - @ConditionalOnClass did not find required class 'com.couchbase.client.java.Cluster' (OnClassCondition)

   CouchbaseDataAutoConfiguration:
      Did not match:
         - @ConditionalOnClass did not find required class 'com.couchbase.client.java.Bucket' (OnClassCondition)

   CouchbaseReactiveDataAutoConfiguration:
      Did not match:
         - @ConditionalOnClass did not find required class 'com.couchbase.client.java.Cluster' (OnClassCondition)

   CouchbaseReactiveRepositoriesAutoConfiguration:
      Did not match:
         - @ConditionalOnClass did not find required class 'com.couchbase.client.java.Cluster' (OnClassCondition)

   CouchbaseRepositoriesAutoConfiguration:
      Did not match:
         - @ConditionalOnClass did not find required class 'com.couchbase.client.java.Bucket' (OnClassCondition)

   DataSourceAutoConfiguration.EmbeddedDatabaseConfiguration:
      Did not match:
         - EmbeddedDataSource spring.datasource.url is set (DataSourceAutoConfiguration.EmbeddedDatabaseCondition)

   DataSourceAutoConfiguration.PooledDataSourceConfiguration:
      Did not match:
         - @ConditionalOnMissingBean (types: javax.sql.DataSource,javax.sql.XADataSource; SearchStrategy: all) found beans of type 'javax.sql.DataSource' dataSource (OnBeanCondition)
      Matched:
         - AnyNestedCondition 1 matched 1 did not; NestedCondition on DataSourceAutoConfiguration.PooledDataSourceCondition.PooledDataSourceAvailable PooledDataSource found supported DataSource; NestedCondition on DataSourceAutoConfiguration.PooledDataSourceCondition.ExplicitType @ConditionalOnProperty (spring.datasource.type) did not find property 'type' (DataSourceAutoConfiguration.PooledDataSourceCondition)

   DataSourceCheckpointRestoreConfiguration:
      Did not match:
         - @ConditionalOnClass did not find required class 'org.crac.Resource' (OnClassCondition)

   DataSourceConfiguration.Dbcp2:
      Did not match:
         - @ConditionalOnClass did not find required class 'org.apache.commons.dbcp2.BasicDataSource' (OnClassCondition)

   DataSourceConfiguration.Generic:
      Did not match:
         - @ConditionalOnProperty (spring.datasource.type) did not find property 'spring.datasource.type' (OnPropertyCondition)

   DataSourceConfiguration.OracleUcp:
      Did not match:
         - @ConditionalOnClass did not find required classes 'oracle.ucp.jdbc.PoolDataSourceImpl', 'oracle.jdbc.OracleConnection' (OnClassCondition)

   DataSourceConfiguration.Tomcat:
      Did not match:
         - @ConditionalOnClass did not find required class 'org.apache.tomcat.jdbc.pool.DataSource' (OnClassCondition)

   DataSourceJmxConfiguration:
      Did not match:
         - @ConditionalOnProperty (spring.jmx.enabled=true) found different value in property 'enabled' (OnPropertyCondition)

   DataSourcePoolMetadataProvidersConfiguration.CommonsDbcp2PoolDataSourceMetadataProviderConfiguration:
      Did not match:
         - @ConditionalOnClass did not find required class 'org.apache.commons.dbcp2.BasicDataSource' (OnClassCondition)

   DataSourcePoolMetadataProvidersConfiguration.OracleUcpPoolDataSourceMetadataProviderConfiguration:
      Did not match:
         - @ConditionalOnClass did not find required classes 'oracle.ucp.jdbc.PoolDataSource', 'oracle.jdbc.OracleConnection' (OnClassCondition)

   DataSourcePoolMetadataProvidersConfiguration.TomcatDataSourcePoolMetadataProviderConfiguration:
      Did not match:
         - @ConditionalOnClass did not find required class 'org.apache.tomcat.jdbc.pool.DataSource' (OnClassCondition)

   DataSourceTransactionManagerAutoConfiguration.JdbcTransactionManagerConfiguration#transactionManager:
      Did not match:
         - @ConditionalOnMissingBean (types: org.springframework.transaction.TransactionManager; SearchStrategy: all) found beans of type 'org.springframework.transaction.TransactionManager' transactionManager (OnBeanCondition)

   DispatcherServletAutoConfiguration.DispatcherServletConfiguration#multipartResolver:
      Did not match:
         - @ConditionalOnBean (types: org.springframework.web.multipart.MultipartResolver; SearchStrategy: all) did not find any beans of type org.springframework.web.multipart.MultipartResolver (OnBeanCondition)

   ElasticsearchClientAutoConfiguration:
      Did not match:
         - @ConditionalOnClass did not find required class 'co.elastic.clients.elasticsearch.ElasticsearchClient' (OnClassCondition)

   ElasticsearchDataAutoConfiguration:
      Did not match:
         - @ConditionalOnClass did not find required class 'org.springframework.data.elasticsearch.client.elc.ElasticsearchTemplate' (OnClassCondition)

   ElasticsearchRepositoriesAutoConfiguration:
      Did not match:
         - @ConditionalOnClass did not find required class 'org.springframework.data.elasticsearch.repository.ElasticsearchRepository' (OnClassCondition)

   ElasticsearchRestClientAutoConfiguration:
      Did not match:
         - @ConditionalOnClass did not find required class 'org.elasticsearch.client.RestClientBuilder' (OnClassCondition)

   EmbeddedLdapAutoConfiguration:
      Did not match:
         - @ConditionalOnClass did not find required class 'com.unboundid.ldap.listener.InMemoryDirectoryServer' (OnClassCondition)

   EmbeddedWebServerFactoryCustomizerAutoConfiguration:
      Did not match:
         - Application is deployed as a WAR file. (OnWarDeploymentCondition)
      Matched:
         - @ConditionalOnWebApplication (required) found 'session' scope (OnWebApplicationCondition)

   ErrorWebFluxAutoConfiguration:
      Did not match:
         - @ConditionalOnClass did not find required class 'org.springframework.web.reactive.config.WebFluxConfigurer' (OnClassCondition)

   FlywayAutoConfiguration:
      Did not match:
         - @ConditionalOnClass did not find required class 'org.flywaydb.core.Flyway' (OnClassCondition)

   FreeMarkerAutoConfiguration:
      Did not match:
         - @ConditionalOnClass did not find required class 'freemarker.template.Configuration' (OnClassCondition)

   GraphQlAutoConfiguration:
      Did not match:
         - @ConditionalOnClass did not find required class 'graphql.GraphQL' (OnClassCondition)

   GraphQlQueryByExampleAutoConfiguration:
      Did not match:
         - @ConditionalOnClass did not find required class 'graphql.GraphQL' (OnClassCondition)

   GraphQlQuerydslAutoConfiguration:
      Did not match:
         - @ConditionalOnClass did not find required class 'com.querydsl.core.Query' (OnClassCondition)

   GraphQlRSocketAutoConfiguration:
      Did not match:
         - @ConditionalOnClass did not find required class 'graphql.GraphQL' (OnClassCondition)

   GraphQlReactiveQueryByExampleAutoConfiguration:
      Did not match:
         - @ConditionalOnClass did not find required class 'graphql.GraphQL' (OnClassCondition)

   GraphQlReactiveQuerydslAutoConfiguration:
      Did not match:
         - @ConditionalOnClass did not find required class 'com.querydsl.core.Query' (OnClassCondition)

   GraphQlWebFluxAutoConfiguration:
      Did not match:
         - @ConditionalOnClass did not find required class 'graphql.GraphQL' (OnClassCondition)

   GraphQlWebFluxSecurityAutoConfiguration:
      Did not match:
         - @ConditionalOnClass did not find required class 'graphql.GraphQL' (OnClassCondition)

   GraphQlWebMvcAutoConfiguration:
      Did not match:
         - @ConditionalOnClass did not find required class 'graphql.GraphQL' (OnClassCondition)

   GraphQlWebMvcSecurityAutoConfiguration:
      Did not match:
         - @ConditionalOnClass did not find required class 'graphql.GraphQL' (OnClassCondition)

   GroovyTemplateAutoConfiguration:
      Did not match:
         - @ConditionalOnClass did not find required class 'groovy.text.markup.MarkupTemplateEngine' (OnClassCondition)

   GsonAutoConfiguration:
      Did not match:
         - @ConditionalOnClass did not find required class 'com.google.gson.Gson' (OnClassCondition)

   GsonHttpMessageConvertersConfiguration:
      Did not match:
         - @ConditionalOnClass did not find required class 'com.google.gson.Gson' (OnClassCondition)

   H2ConsoleAutoConfiguration:
      Did not match:
         - @ConditionalOnClass did not find required class 'org.h2.server.web.JakartaWebServlet' (OnClassCondition)

   HazelcastAutoConfiguration:
      Did not match:
         - @ConditionalOnClass did not find required class 'com.hazelcast.core.HazelcastInstance' (OnClassCondition)

   HazelcastCacheConfiguration:
      Did not match:
         - @ConditionalOnClass did not find required class 'com.hazelcast.core.HazelcastInstance' (OnClassCondition)

   HazelcastJpaDependencyAutoConfiguration:
      Did not match:
         - @ConditionalOnClass did not find required class 'com.hazelcast.core.HazelcastInstance' (OnClassCondition)

   HttpHandlerAutoConfiguration:
      Did not match:
         - @ConditionalOnClass did not find required class 'org.springframework.web.reactive.DispatcherHandler' (OnClassCondition)

   HypermediaAutoConfiguration:
      Did not match:
         - @ConditionalOnClass did not find required class 'org.springframework.hateoas.EntityModel' (OnClassCondition)

   InfinispanCacheConfiguration:
      Did not match:
         - @ConditionalOnClass did not find required class 'org.infinispan.spring.embedded.provider.SpringEmbeddedCacheManager' (OnClassCondition)

   IntegrationAutoConfiguration:
      Did not match:
         - @ConditionalOnClass did not find required class 'org.springframework.integration.config.EnableIntegration' (OnClassCondition)

   JCacheCacheConfiguration:
      Did not match:
         - @ConditionalOnClass did not find required class 'javax.cache.Caching' (OnClassCondition)

   JacksonHttpMessageConvertersConfiguration.MappingJackson2XmlHttpMessageConverterConfiguration:
      Did not match:
         - @ConditionalOnClass did not find required class 'com.fasterxml.jackson.dataformat.xml.XmlMapper' (OnClassCondition)

   JdbcRepositoriesAutoConfiguration:
      Did not match:
         - @ConditionalOnClass did not find required class 'org.springframework.data.jdbc.repository.config.AbstractJdbcConfiguration' (OnClassCondition)

   JerseyAutoConfiguration:
      Did not match:
         - @ConditionalOnClass did not find required class 'org.glassfish.jersey.server.spring.SpringComponentProvider' (OnClassCondition)

   JmsAutoConfiguration:
      Did not match:
         - @ConditionalOnClass did not find required class 'jakarta.jms.Message' (OnClassCondition)

   JmxAutoConfiguration:
      Did not match:
         - @ConditionalOnProperty (spring.jmx.enabled=true) found different value in property 'enabled' (OnPropertyCondition)
      Matched:
         - @ConditionalOnClass found required class 'org.springframework.jmx.export.MBeanExporter' (OnClassCondition)

   JndiConnectionFactoryAutoConfiguration:
      Did not match:
         - @ConditionalOnClass did not find required class 'org.springframework.jms.core.JmsTemplate' (OnClassCondition)

   JndiDataSourceAutoConfiguration:
      Did not match:
         - @ConditionalOnProperty (spring.datasource.jndi-name) did not find property 'jndi-name' (OnPropertyCondition)
      Matched:
         - @ConditionalOnClass found required classes 'javax.sql.DataSource', 'org.springframework.jdbc.datasource.embedded.EmbeddedDatabaseType' (OnClassCondition)

   JndiJtaConfiguration:
      Did not match:
         - @ConditionalOnJndi JNDI environment is not available (OnJndiCondition)
      Matched:
         - @ConditionalOnClass found required class 'org.springframework.transaction.jta.JtaTransactionManager' (OnClassCondition)

   JooqAutoConfiguration:
      Did not match:
         - @ConditionalOnClass did not find required class 'org.jooq.DSLContext' (OnClassCondition)

   JpaRepositoriesAutoConfiguration:
      Did not match:
         - @ConditionalOnClass did not find required class 'org.springframework.data.jpa.repository.JpaRepository' (OnClassCondition)

   JsonbAutoConfiguration:
      Did not match:
         - @ConditionalOnClass did not find required class 'jakarta.json.bind.Jsonb' (OnClassCondition)

   JsonbHttpMessageConvertersConfiguration:
      Did not match:
         - @ConditionalOnClass did not find required class 'jakarta.json.bind.Jsonb' (OnClassCondition)

   KafkaAutoConfiguration:
      Did not match:
         - @ConditionalOnClass did not find required class 'org.springframework.kafka.core.KafkaTemplate' (OnClassCondition)

   LdapAutoConfiguration:
      Did not match:
         - @ConditionalOnClass did not find required class 'org.springframework.ldap.core.ContextSource' (OnClassCondition)

   LdapRepositoriesAutoConfiguration:
      Did not match:
         - @ConditionalOnClass did not find required class 'org.springframework.data.ldap.repository.LdapRepository' (OnClassCondition)

   LiquibaseAutoConfiguration:
      Did not match:
         - @ConditionalOnClass did not find required class 'liquibase.change.DatabaseChange' (OnClassCondition)

   MailSenderAutoConfiguration:
      Did not match:
         - @ConditionalOnClass did not find required class 'jakarta.mail.internet.MimeMessage' (OnClassCondition)

   MailSenderValidatorAutoConfiguration:
      Did not match:
         - @ConditionalOnSingleCandidate did not find required type 'org.springframework.mail.javamail.JavaMailSenderImpl' (OnBeanCondition)

   MessageSourceAutoConfiguration:
      Did not match:
         - ResourceBundle did not find bundle with basename messages (MessageSourceAutoConfiguration.ResourceBundleCondition)

   MongoAutoConfiguration:
      Did not match:
         - @ConditionalOnClass did not find required class 'com.mongodb.client.MongoClient' (OnClassCondition)

   MongoDataAutoConfiguration:
      Did not match:
         - @ConditionalOnClass did not find required class 'com.mongodb.client.MongoClient' (OnClassCondition)

   MongoReactiveAutoConfiguration:
      Did not match:
         - @ConditionalOnClass did not find required class 'com.mongodb.reactivestreams.client.MongoClient' (OnClassCondition)

   MongoReactiveDataAutoConfiguration:
      Did not match:
         - @ConditionalOnClass did not find required class 'com.mongodb.reactivestreams.client.MongoClient' (OnClassCondition)

   MongoReactiveRepositoriesAutoConfiguration:
      Did not match:
         - @ConditionalOnClass did not find required class 'com.mongodb.reactivestreams.client.MongoClient' (OnClassCondition)

   MongoRepositoriesAutoConfiguration:
      Did not match:
         - @ConditionalOnClass did not find required class 'com.mongodb.client.MongoClient' (OnClassCondition)

   MustacheAutoConfiguration:
      Did not match:
         - @ConditionalOnClass did not find required class 'com.samskivert.mustache.Mustache' (OnClassCondition)

   Neo4jAutoConfiguration:
      Did not match:
         - @ConditionalOnClass did not find required class 'org.neo4j.driver.Driver' (OnClassCondition)

   Neo4jDataAutoConfiguration:
      Did not match:
         - @ConditionalOnClass did not find required class 'org.neo4j.driver.Driver' (OnClassCondition)

   Neo4jReactiveDataAutoConfiguration:
      Did not match:
         - @ConditionalOnClass did not find required class 'org.neo4j.driver.Driver' (OnClassCondition)

   Neo4jReactiveRepositoriesAutoConfiguration:
      Did not match:
         - @ConditionalOnClass did not find required class 'org.neo4j.driver.Driver' (OnClassCondition)

   Neo4jRepositoriesAutoConfiguration:
      Did not match:
         - @ConditionalOnClass did not find required class 'org.neo4j.driver.Driver' (OnClassCondition)

   NettyAutoConfiguration:
      Did not match:
         - @ConditionalOnClass did not find required class 'io.netty.util.NettyRuntime' (OnClassCondition)

   OAuth2AuthorizationServerAutoConfiguration:
      Did not match:
         - @ConditionalOnClass did not find required class 'org.springframework.security.oauth2.server.authorization.OAuth2Authorization' (OnClassCondition)

   OAuth2AuthorizationServerJwtAutoConfiguration:
      Did not match:
         - @ConditionalOnClass did not find required class 'org.springframework.security.oauth2.server.authorization.OAuth2Authorization' (OnClassCondition)

   OAuth2ClientAutoConfiguration:
      Did not match:
         - @ConditionalOnClass did not find required class 'org.springframework.security.oauth2.client.registration.ClientRegistration' (OnClassCondition)

   OAuth2ResourceServerAutoConfiguration:
      Did not match:
         - @ConditionalOnClass did not find required class 'org.springframework.security.oauth2.server.resource.authentication.BearerTokenAuthenticationToken' (OnClassCondition)

   ProjectInfoAutoConfiguration#buildProperties:
      Did not match:
         - @ConditionalOnResource did not find resource '${spring.info.build.location:classpath:META-INF/build-info.properties}' (OnResourceCondition)

   ProjectInfoAutoConfiguration#gitProperties:
      Did not match:
         - GitResource did not find git info at classpath:git.properties (ProjectInfoAutoConfiguration.GitResourceAvailableCondition)

   PulsarAutoConfiguration:
      Did not match:
         - @ConditionalOnClass did not find required class 'org.apache.pulsar.client.api.PulsarClient' (OnClassCondition)

   PulsarReactiveAutoConfiguration:
      Did not match:
         - @ConditionalOnClass did not find required class 'org.apache.pulsar.client.api.PulsarClient' (OnClassCondition)

   QuartzAutoConfiguration:
      Did not match:
         - @ConditionalOnClass did not find required class 'org.quartz.Scheduler' (OnClassCondition)

   R2dbcAutoConfiguration:
      Did not match:
         - @ConditionalOnClass did not find required class 'io.r2dbc.spi.ConnectionFactory' (OnClassCondition)

   R2dbcDataAutoConfiguration:
      Did not match:
         - @ConditionalOnClass did not find required class 'org.springframework.data.r2dbc.core.R2dbcEntityTemplate' (OnClassCondition)

   R2dbcInitializationConfiguration:
      Did not match:
         - @ConditionalOnClass did not find required classes 'io.r2dbc.spi.ConnectionFactory', 'org.springframework.r2dbc.connection.init.DatabasePopulator' (OnClassCondition)

   R2dbcProxyAutoConfiguration:
      Did not match:
         - @ConditionalOnClass did not find required class 'io.r2dbc.proxy.ProxyConnectionFactory' (OnClassCondition)

   R2dbcRepositoriesAutoConfiguration:
      Did not match:
         - @ConditionalOnClass did not find required class 'io.r2dbc.spi.ConnectionFactory' (OnClassCondition)

   R2dbcTransactionManagerAutoConfiguration:
      Did not match:
         - @ConditionalOnClass did not find required class 'org.springframework.r2dbc.connection.R2dbcTransactionManager' (OnClassCondition)

   RSocketGraphQlClientAutoConfiguration:
      Did not match:
         - @ConditionalOnClass did not find required class 'graphql.GraphQL' (OnClassCondition)

   RSocketMessagingAutoConfiguration:
      Did not match:
         - @ConditionalOnClass did not find required class 'io.rsocket.RSocket' (OnClassCondition)

   RSocketRequesterAutoConfiguration:
      Did not match:
         - @ConditionalOnClass did not find required class 'io.rsocket.RSocket' (OnClassCondition)

   RSocketSecurityAutoConfiguration:
      Did not match:
         - @ConditionalOnClass did not find required class 'org.springframework.security.rsocket.core.SecuritySocketAcceptorInterceptor' (OnClassCondition)

   RSocketServerAutoConfiguration:
      Did not match:
         - @ConditionalOnClass did not find required class 'io.rsocket.core.RSocketServer' (OnClassCondition)

   RSocketStrategiesAutoConfiguration:
      Did not match:
         - @ConditionalOnClass did not find required class 'io.netty.buffer.PooledByteBufAllocator' (OnClassCondition)

   RabbitAutoConfiguration:
      Did not match:
         - @ConditionalOnClass did not find required class 'com.rabbitmq.client.Channel' (OnClassCondition)

   ReactiveElasticsearchClientAutoConfiguration:
      Did not match:
         - @ConditionalOnClass did not find required class 'co.elastic.clients.transport.ElasticsearchTransport' (OnClassCondition)

   ReactiveElasticsearchRepositoriesAutoConfiguration:
      Did not match:
         - @ConditionalOnClass did not find required class 'reactor.core.publisher.Mono' (OnClassCondition)

   ReactiveMultipartAutoConfiguration:
      Did not match:
         - @ConditionalOnClass did not find required class 'org.springframework.web.reactive.config.WebFluxConfigurer' (OnClassCondition)

   ReactiveOAuth2ClientAutoConfiguration:
      Did not match:
         - @ConditionalOnClass did not find required class 'reactor.core.publisher.Flux' (OnClassCondition)

   ReactiveOAuth2ResourceServerAutoConfiguration:
      Did not match:
         - @ConditionalOnWebApplication did not find reactive web application classes (OnWebApplicationCondition)

   ReactiveSecurityAutoConfiguration:
      Did not match:
         - @ConditionalOnClass did not find required class 'reactor.core.publisher.Flux' (OnClassCondition)

   ReactiveUserDetailsServiceAutoConfiguration:
      Did not match:
         - AnyNestedCondition 0 matched 2 did not; NestedCondition on ReactiveUserDetailsServiceAutoConfiguration.RSocketEnabledOrReactiveWebApplication.ReactiveWebApplicationCondition did not find reactive web application classes; NestedCondition on ReactiveUserDetailsServiceAutoConfiguration.RSocketEnabledOrReactiveWebApplication.RSocketSecurityEnabledCondition @ConditionalOnBean (types: org.springframework.messaging.rsocket.annotation.support.RSocketMessageHandler; SearchStrategy: all) did not find any beans of type org.springframework.messaging.rsocket.annotation.support.RSocketMessageHandler (ReactiveUserDetailsServiceAutoConfiguration.RSocketEnabledOrReactiveWebApplication)
      Matched:
         - @ConditionalOnClass found required class 'org.springframework.security.authentication.ReactiveAuthenticationManager' (OnClassCondition)
         - AnyNestedCondition 1 matched 2 did not; NestedCondition on ReactiveUserDetailsServiceAutoConfiguration.MissingAlternativeOrUserPropertiesConfigured.PasswordConfigured @ConditionalOnProperty (spring.security.user.password) did not find property 'password'; NestedCondition on ReactiveUserDetailsServiceAutoConfiguration.MissingAlternativeOrUserPropertiesConfigured.NameConfigured @ConditionalOnProperty (spring.security.user.name) did not find property 'name'; NestedCondition on ReactiveUserDetailsServiceAutoConfiguration.MissingAlternativeOrUserPropertiesConfigured.MissingAlternative @ConditionalOnMissingClass did not find unwanted classes 'org.springframework.security.oauth2.client.registration.ClientRegistrationRepository', 'org.springframework.security.oauth2.server.resource.introspection.ReactiveOpaqueTokenIntrospector' (ReactiveUserDetailsServiceAutoConfiguration.MissingAlternativeOrUserPropertiesConfigured)

   ReactiveWebServerFactoryAutoConfiguration:
      Did not match:
         - @ConditionalOnWebApplication did not find reactive web application classes (OnWebApplicationCondition)

   ReactorAutoConfiguration:
      Did not match:
         - @ConditionalOnClass did not find required class 'reactor.core.publisher.Hooks' (OnClassCondition)

   RedisAutoConfiguration:
      Did not match:
         - @ConditionalOnClass did not find required class 'org.springframework.data.redis.core.RedisOperations' (OnClassCondition)

   RedisCacheConfiguration:
      Did not match:
         - @ConditionalOnClass did not find required class 'org.springframework.data.redis.connection.RedisConnectionFactory' (OnClassCondition)

   RedisReactiveAutoConfiguration:
      Did not match:
         - @ConditionalOnClass did not find required class 'reactor.core.publisher.Flux' (OnClassCondition)

   RedisRepositoriesAutoConfiguration:
      Did not match:
         - @ConditionalOnClass did not find required class 'org.springframework.data.redis.repository.configuration.EnableRedisRepositories' (OnClassCondition)

   RepositoryRestMvcAutoConfiguration:
      Did not match:
         - @ConditionalOnClass did not find required class 'org.springframework.data.rest.webmvc.config.RepositoryRestMvcConfiguration' (OnClassCondition)

   Saml2RelyingPartyAutoConfiguration:
      Did not match:
         - @ConditionalOnClass did not find required class 'org.springframework.security.saml2.provider.service.registration.RelyingPartyRegistrationRepository' (OnClassCondition)

   SecurityFilterAutoConfiguration#securityFilterChainRegistration:
      Did not match:
         - @ConditionalOnBean (names: springSecurityFilterChain; SearchStrategy: all) did not find any beans named springSecurityFilterChain (OnBeanCondition)

   SendGridAutoConfiguration:
      Did not match:
         - @ConditionalOnClass did not find required class 'com.sendgrid.SendGrid' (OnClassCondition)

   ServletWebServerFactoryAutoConfiguration.ForwardedHeaderFilterConfiguration:
      Did not match:
         - @ConditionalOnProperty (server.forward-headers-strategy=framework) did not find property 'server.forward-headers-strategy' (OnPropertyCondition)

   ServletWebServerFactoryConfiguration.EmbeddedJetty:
      Did not match:
         - @ConditionalOnClass did not find required classes 'org.eclipse.jetty.server.Server', 'org.eclipse.jetty.util.Loader', 'org.eclipse.jetty.ee10.webapp.WebAppContext' (OnClassCondition)

   ServletWebServerFactoryConfiguration.EmbeddedUndertow:
      Did not match:
         - @ConditionalOnClass did not find required classes 'io.undertow.Undertow', 'org.xnio.SslClientAuthMode' (OnClassCondition)

   SessionAutoConfiguration:
      Did not match:
         - @ConditionalOnClass did not find required class 'org.springframework.session.Session' (OnClassCondition)

   SpringApplicationAdminJmxAutoConfiguration:
      Did not match:
         - @ConditionalOnProperty (spring.application.admin.enabled=true) did not find property 'enabled' (OnPropertyCondition)

   SpringDataWebAutoConfiguration:
      Did not match:
         - @ConditionalOnClass did not find required class 'org.springframework.data.web.PageableHandlerMethodArgumentResolver' (OnClassCondition)

   TaskExecutorConfigurations.SimpleAsyncTaskExecutorBuilderConfiguration#simpleAsyncTaskExecutorBuilderVirtualThreads:
      Did not match:
         - @ConditionalOnMissingBean (types: org.springframework.boot.task.SimpleAsyncTaskExecutorBuilder; SearchStrategy: all) found beans of type 'org.springframework.boot.task.SimpleAsyncTaskExecutorBuilder' simpleAsyncTaskExecutorBuilder (OnBeanCondition)

   TaskExecutorConfigurations.TaskExecutorConfiguration#applicationTaskExecutorVirtualThreads:
      Did not match:
         - @ConditionalOnThreading did not find VIRTUAL (OnThreadingCondition)

   TaskSchedulingAutoConfiguration#scheduledBeanLazyInitializationExcludeFilter:
      Did not match:
         - @ConditionalOnBean (names: org.springframework.context.annotation.internalScheduledAnnotationProcessor; SearchStrategy: all) did not find any beans named org.springframework.context.annotation.internalScheduledAnnotationProcessor (OnBeanCondition)

   TaskSchedulingConfigurations.SimpleAsyncTaskSchedulerBuilderConfiguration#simpleAsyncTaskSchedulerBuilderVirtualThreads:
      Did not match:
         - @ConditionalOnMissingBean (types: org.springframework.boot.task.SimpleAsyncTaskSchedulerBuilder; SearchStrategy: all) found beans of type 'org.springframework.boot.task.SimpleAsyncTaskSchedulerBuilder' simpleAsyncTaskSchedulerBuilder (OnBeanCondition)

   TaskSchedulingConfigurations.TaskSchedulerConfiguration:
      Did not match:
         - @ConditionalOnBean (names: org.springframework.context.annotation.internalScheduledAnnotationProcessor; SearchStrategy: all) did not find any beans named org.springframework.context.annotation.internalScheduledAnnotationProcessor (OnBeanCondition)

   ThymeleafAutoConfiguration:
      Did not match:
         - @ConditionalOnClass did not find required class 'org.thymeleaf.spring6.SpringTemplateEngine' (OnClassCondition)

   TransactionAutoConfiguration#transactionalOperator:
      Did not match:
         - @ConditionalOnSingleCandidate (types: org.springframework.transaction.ReactiveTransactionManager; SearchStrategy: all) did not find any beans (OnBeanCondition)

   TransactionAutoConfiguration.AspectJTransactionManagementConfiguration:
      Did not match:
         - @ConditionalOnBean did not find required type 'org.springframework.transaction.aspectj.AbstractTransactionAspect' (OnBeanCondition)
         - @ConditionalOnBean (types: org.springframework.transaction.aspectj.AbstractTransactionAspect; SearchStrategy: all) did not find any beans of type org.springframework.transaction.aspectj.AbstractTransactionAspect (OnBeanCondition)

   TransactionAutoConfiguration.EnableTransactionManagementConfiguration:
      Did not match:
         - @ConditionalOnMissingBean (types: org.springframework.transaction.annotation.AbstractTransactionManagementConfiguration; SearchStrategy: all) found beans of type 'org.springframework.transaction.annotation.AbstractTransactionManagementConfiguration' org.springframework.transaction.annotation.ProxyTransactionManagementConfiguration (OnBeanCondition)

   TransactionAutoConfiguration.EnableTransactionManagementConfiguration.CglibAutoProxyConfiguration:
      Did not match:
         - Ancestor org.springframework.boot.autoconfigure.transaction.TransactionAutoConfiguration$EnableTransactionManagementConfiguration did not match (ConditionEvaluationReport.AncestorsMatchedCondition)
      Matched:
         - @ConditionalOnProperty (spring.aop.proxy-target-class=true) matched (OnPropertyCondition)

   TransactionAutoConfiguration.EnableTransactionManagementConfiguration.JdkDynamicAutoProxyConfiguration:
      Did not match:
         - @ConditionalOnProperty (spring.aop.proxy-target-class=false) did not find property 'proxy-target-class' (OnPropertyCondition)
         - Ancestor org.springframework.boot.autoconfigure.transaction.TransactionAutoConfiguration$EnableTransactionManagementConfiguration did not match (ConditionEvaluationReport.AncestorsMatchedCondition)

   UserDetailsServiceAutoConfiguration:
      Did not match:
         - @ConditionalOnBean (types: org.springframework.security.config.ObjectPostProcessor; SearchStrategy: all) did not find any beans of type org.springframework.security.config.ObjectPostProcessor (OnBeanCondition)
      Matched:
         - @ConditionalOnClass found required class 'org.springframework.security.authentication.AuthenticationManager' (OnClassCondition)
         - found 'session' scope (OnWebApplicationCondition)
         - AnyNestedCondition 1 matched 2 did not; NestedCondition on UserDetailsServiceAutoConfiguration.MissingAlternativeOrUserPropertiesConfigured.PasswordConfigured @ConditionalOnProperty (spring.security.user.password) did not find property 'password'; NestedCondition on UserDetailsServiceAutoConfiguration.MissingAlternativeOrUserPropertiesConfigured.NameConfigured @ConditionalOnProperty (spring.security.user.name) did not find property 'name'; NestedCondition on UserDetailsServiceAutoConfiguration.MissingAlternativeOrUserPropertiesConfigured.MissingAlternative @ConditionalOnMissingClass did not find unwanted classes 'org.springframework.security.oauth2.client.registration.ClientRegistrationRepository', 'org.springframework.security.oauth2.server.resource.introspection.OpaqueTokenIntrospector', 'org.springframework.security.saml2.provider.service.registration.RelyingPartyRegistrationRepository' (UserDetailsServiceAutoConfiguration.MissingAlternativeOrUserPropertiesConfigured)

   WebClientAutoConfiguration:
      Did not match:
         - @ConditionalOnClass did not find required class 'org.springframework.web.reactive.function.client.WebClient' (OnClassCondition)

   WebFluxAutoConfiguration:
      Did not match:
         - @ConditionalOnClass did not find required class 'org.springframework.web.reactive.config.WebFluxConfigurer' (OnClassCondition)

   WebMvcAutoConfiguration#hiddenHttpMethodFilter:
      Did not match:
         - @ConditionalOnProperty (spring.mvc.hiddenmethod.filter.enabled) did not find property 'enabled' (OnPropertyCondition)

   WebMvcAutoConfiguration.ProblemDetailsErrorHandlingConfiguration:
      Did not match:
         - @ConditionalOnProperty (spring.mvc.problemdetails.enabled=true) did not find property 'enabled' (OnPropertyCondition)

   WebMvcAutoConfiguration.ResourceChainCustomizerConfiguration:
      Did not match:
         - @ConditionalOnEnabledResourceChain did not find class org.webjars.WebJarVersionLocator (OnEnabledResourceChainCondition)

   WebMvcAutoConfiguration.WebMvcAutoConfigurationAdapter#beanNameViewResolver:
      Did not match:
         - @ConditionalOnMissingBean (types: org.springframework.web.servlet.view.BeanNameViewResolver; SearchStrategy: all) found beans of type 'org.springframework.web.servlet.view.BeanNameViewResolver' beanNameViewResolver (OnBeanCondition)

   WebServiceTemplateAutoConfiguration:
      Did not match:
         - @ConditionalOnClass did not find required class 'org.springframework.oxm.Marshaller' (OnClassCondition)

   WebServicesAutoConfiguration:
      Did not match:
         - @ConditionalOnClass did not find required class 'org.springframework.ws.transport.http.MessageDispatcherServlet' (OnClassCondition)

   WebSessionIdResolverAutoConfiguration:
      Did not match:
         - @ConditionalOnClass did not find required class 'reactor.core.publisher.Mono' (OnClassCondition)

   WebSocketMessagingAutoConfiguration:
      Did not match:
         - @ConditionalOnClass did not find required class 'org.springframework.web.socket.config.annotation.WebSocketMessageBrokerConfigurer' (OnClassCondition)

   WebSocketReactiveAutoConfiguration:
      Did not match:
         - @ConditionalOnWebApplication did not find reactive web application classes (OnWebApplicationCondition)

   WebSocketServletAutoConfiguration.JettyWebSocketConfiguration:
      Did not match:
         - @ConditionalOnClass did not find required class 'org.eclipse.jetty.ee10.websocket.jakarta.server.config.JakartaWebSocketServletContainerInitializer' (OnClassCondition)

   WebSocketServletAutoConfiguration.UndertowWebSocketConfiguration:
      Did not match:
         - @ConditionalOnClass did not find required class 'io.undertow.websockets.jsr.Bootstrap' (OnClassCondition)

   XADataSourceAutoConfiguration:
      Did not match:
         - @ConditionalOnBean (types: org.springframework.boot.jdbc.XADataSourceWrapper; SearchStrategy: all) did not find any beans of type org.springframework.boot.jdbc.XADataSourceWrapper (OnBeanCondition)
      Matched:
         - @ConditionalOnClass found required classes 'javax.sql.DataSource', 'jakarta.transaction.TransactionManager', 'org.springframework.jdbc.datasource.embedded.EmbeddedDatabaseType' (OnClassCondition)


Exclusions:
-----------

    org.springframework.boot.autoconfigure.security.servlet.SecurityAutoConfiguration

    org.springframework.boot.autoconfigure.orm.jpa.HibernateJpaAutoConfiguration


Unconditional classes:
----------------------

    org.springframework.boot.autoconfigure.context.ConfigurationPropertiesAutoConfiguration

    org.springframework.boot.autoconfigure.ssl.SslAutoConfiguration

    org.springframework.boot.autoconfigure.context.LifecycleAutoConfiguration

    org.springframework.boot.autoconfigure.context.PropertyPlaceholderAutoConfiguration

    org.springframework.boot.autoconfigure.availability.ApplicationAvailabilityAutoConfiguration

    org.springframework.boot.autoconfigure.info.ProjectInfoAutoConfiguration



2025-04-12 21:06:01,636 INFO   INFO  r.s.s.SenlaProjectApplicationTests: Started SenlaProjectApplicationTests in 5.811 seconds (process running for 10.964)
2025-04-12 21:06:01,640 DEBUG  DEBUG o.s.b.a.ApplicationAvailabilityBean: Application availability state LivenessState changed to CORRECT
2025-04-12 21:06:01,649 DEBUG  DEBUG o.s.b.a.ApplicationAvailabilityBean: Application availability state ReadinessState changed to ACCEPTING_TRAFFIC
2025-04-12 21:06:01,673 DEBUG  DEBUG o.s.t.context.cache: Spring test ApplicationContext cache statistics: [DefaultContextCache@453e1bba size = 1, maxSize = 32, parentContextCount = 0, hitCount = 0, missCount = 1, failureCount = 0]
2025-04-12 21:06:01,674 DEBUG  DEBUG o.s.t.c.w.ServletTestExecutionListener: Setting up MockHttpServletRequest, MockHttpServletResponse, ServletWebRequest, and RequestContextHolder for test class ru.senla.socialnetwork.SenlaProjectApplicationTests
2025-04-12 21:06:01,688 DEBUG  DEBUG o.s.t.c.s.DependencyInjectionTestExecutionListener: Performing dependency injection for test class ru.senla.socialnetwork.SenlaProjectApplicationTests
2025-04-12 21:06:01,688 DEBUG  DEBUG o.s.t.context.cache: Spring test ApplicationContext cache statistics: [DefaultContextCache@453e1bba size = 1, maxSize = 32, parentContextCount = 0, hitCount = 1, missCount = 1, failureCount = 0]
2025-04-12 21:06:01,689 DEBUG  DEBUG o.s.t.context.cache: Spring test ApplicationContext cache statistics: [DefaultContextCache@453e1bba size = 1, maxSize = 32, parentContextCount = 0, hitCount = 2, missCount = 1, failureCount = 0]
2025-04-12 21:06:01,694 DEBUG  DEBUG o.s.t.c.s.DirtiesContextBeforeModesTestExecutionListener: Before test method: class [SenlaProjectApplicationTests], method [contextLoads], class annotated with @DirtiesContext [false] with mode [null], method annotated with @DirtiesContext [false] with mode [null]
2025-04-12 21:06:01,696 DEBUG  DEBUG o.s.t.context.cache: Spring test ApplicationContext cache statistics: [DefaultContextCache@453e1bba size = 1, maxSize = 32, parentContextCount = 0, hitCount = 3, missCount = 1, failureCount = 0]
2025-04-12 21:06:01,696 DEBUG  DEBUG o.s.t.context.cache: Spring test ApplicationContext cache statistics: [DefaultContextCache@453e1bba size = 1, maxSize = 32, parentContextCount = 0, hitCount = 4, missCount = 1, failureCount = 0]
2025-04-12 21:06:01,737 DEBUG  DEBUG j.l.ProcessBuilder: ProcessBuilder.start(): pid: 22192, dir: null, cmd: "C:\Java\jdk-21\bin\java.exe"
java.lang.RuntimeException: ProcessBuilder.start() debug
	at java.base/java.lang.ProcessBuilder.start(ProcessBuilder.java:1147)
	at java.base/java.lang.ProcessBuilder.start(ProcessBuilder.java:1089)
	at net.bytebuddy.agent.ByteBuddyAgent.installExternal(ByteBuddyAgent.java:673)
	at net.bytebuddy.agent.ByteBuddyAgent.install(ByteBuddyAgent.java:604)
	at net.bytebuddy.agent.ByteBuddyAgent.install(ByteBuddyAgent.java:584)
	at net.bytebuddy.agent.ByteBuddyAgent.install(ByteBuddyAgent.java:536)
	at net.bytebuddy.agent.ByteBuddyAgent.install(ByteBuddyAgent.java:513)
	at org.mockito.internal.PremainAttachAccess.getInstrumentation(PremainAttachAccess.java:49)
	at org.mockito.internal.creation.bytebuddy.InlineDelegateByteBuddyMockMaker.<clinit>(InlineDelegateByteBuddyMockMaker.java:138)
	at org.mockito.internal.creation.bytebuddy.InlineByteBuddyMockMaker.<init>(InlineByteBuddyMockMaker.java:23)
	at java.base/jdk.internal.reflect.DirectConstructorHandleAccessor.newInstance(DirectConstructorHandleAccessor.java:62)
	at java.base/java.lang.reflect.Constructor.newInstanceWithCaller(Constructor.java:502)
	at java.base/java.lang.reflect.Constructor.newInstance(Constructor.java:486)
	at org.mockito.internal.configuration.plugins.DefaultMockitoPlugins.create(DefaultMockitoPlugins.java:103)
	at org.mockito.internal.configuration.plugins.DefaultMockitoPlugins.getDefaultPlugin(DefaultMockitoPlugins.java:79)
	at org.mockito.internal.configuration.plugins.PluginLoader.loadPlugin(PluginLoader.java:75)
	at org.mockito.internal.configuration.plugins.PluginLoader.loadPlugin(PluginLoader.java:49)
	at org.mockito.internal.configuration.plugins.PluginRegistry.<init>(PluginRegistry.java:29)
	at org.mockito.internal.configuration.plugins.Plugins.<clinit>(Plugins.java:26)
	at org.mockito.internal.MockitoCore.<clinit>(MockitoCore.java:71)
	at org.mockito.Mockito.<clinit>(Mockito.java:1741)
	at org.springframework.boot.test.mock.mockito.MockReset.get(MockReset.java:109)
	at org.springframework.boot.test.mock.mockito.ResetMocksTestExecutionListener.resetMocks(ResetMocksTestExecutionListener.java:89)
	at org.springframework.boot.test.mock.mockito.ResetMocksTestExecutionListener.resetMocks(ResetMocksTestExecutionListener.java:77)
	at org.springframework.boot.test.mock.mockito.ResetMocksTestExecutionListener.beforeTestMethod(ResetMocksTestExecutionListener.java:64)
	at org.springframework.test.context.TestContextManager.beforeTestMethod(TestContextManager.java:320)
	at org.springframework.test.context.junit.jupiter.SpringExtension.beforeEach(SpringExtension.java:237)
	at org.junit.jupiter.engine.descriptor.TestMethodTestDescriptor.lambda$invokeBeforeEachCallbacks$3(TestMethodTestDescriptor.java:166)
	at org.junit.jupiter.engine.descriptor.TestMethodTestDescriptor.lambda$invokeBeforeMethodsOrCallbacksUntilExceptionOccurs$7(TestMethodTestDescriptor.java:202)
	at org.junit.platform.engine.support.hierarchical.ThrowableCollector.execute(ThrowableCollector.java:73)
	at org.junit.jupiter.engine.descriptor.TestMethodTestDescriptor.invokeBeforeMethodsOrCallbacksUntilExceptionOccurs(TestMethodTestDescriptor.java:202)
	at org.junit.jupiter.engine.descriptor.TestMethodTestDescriptor.invokeBeforeEachCallbacks(TestMethodTestDescriptor.java:165)
	at org.junit.jupiter.engine.descriptor.TestMethodTestDescriptor.execute(TestMethodTestDescriptor.java:132)
	at org.junit.jupiter.engine.descriptor.TestMethodTestDescriptor.execute(TestMethodTestDescriptor.java:68)
	at org.junit.platform.engine.support.hierarchical.NodeTestTask.lambda$executeRecursively$6(NodeTestTask.java:156)
	at org.junit.platform.engine.support.hierarchical.ThrowableCollector.execute(ThrowableCollector.java:73)
	at org.junit.platform.engine.support.hierarchical.NodeTestTask.lambda$executeRecursively$8(NodeTestTask.java:146)
	at org.junit.platform.engine.support.hierarchical.Node.around(Node.java:137)
	at org.junit.platform.engine.support.hierarchical.NodeTestTask.lambda$executeRecursively$9(NodeTestTask.java:144)
	at org.junit.platform.engine.support.hierarchical.ThrowableCollector.execute(ThrowableCollector.java:73)
	at org.junit.platform.engine.support.hierarchical.NodeTestTask.executeRecursively(NodeTestTask.java:143)
	at org.junit.platform.engine.support.hierarchical.NodeTestTask.execute(NodeTestTask.java:100)
	at java.base/java.util.ArrayList.forEach(ArrayList.java:1596)
	at org.junit.platform.engine.support.hierarchical.SameThreadHierarchicalTestExecutorService.invokeAll(SameThreadHierarchicalTestExecutorService.java:41)
	at org.junit.platform.engine.support.hierarchical.NodeTestTask.lambda$executeRecursively$6(NodeTestTask.java:160)
	at org.junit.platform.engine.support.hierarchical.ThrowableCollector.execute(ThrowableCollector.java:73)
	at org.junit.platform.engine.support.hierarchical.NodeTestTask.lambda$executeRecursively$8(NodeTestTask.java:146)
	at org.junit.platform.engine.support.hierarchical.Node.around(Node.java:137)
	at org.junit.platform.engine.support.hierarchical.NodeTestTask.lambda$executeRecursively$9(NodeTestTask.java:144)
	at org.junit.platform.engine.support.hierarchical.ThrowableCollector.execute(ThrowableCollector.java:73)
	at org.junit.platform.engine.support.hierarchical.NodeTestTask.executeRecursively(NodeTestTask.java:143)
	at org.junit.platform.engine.support.hierarchical.NodeTestTask.execute(NodeTestTask.java:100)
	at java.base/java.util.ArrayList.forEach(ArrayList.java:1596)
	at org.junit.platform.engine.support.hierarchical.SameThreadHierarchicalTestExecutorService.invokeAll(SameThreadHierarchicalTestExecutorService.java:41)
	at org.junit.platform.engine.support.hierarchical.NodeTestTask.lambda$executeRecursively$6(NodeTestTask.java:160)
	at org.junit.platform.engine.support.hierarchical.ThrowableCollector.execute(ThrowableCollector.java:73)
	at org.junit.platform.engine.support.hierarchical.NodeTestTask.lambda$executeRecursively$8(NodeTestTask.java:146)
	at org.junit.platform.engine.support.hierarchical.Node.around(Node.java:137)
	at org.junit.platform.engine.support.hierarchical.NodeTestTask.lambda$executeRecursively$9(NodeTestTask.java:144)
	at org.junit.platform.engine.support.hierarchical.ThrowableCollector.execute(ThrowableCollector.java:73)
	at org.junit.platform.engine.support.hierarchical.NodeTestTask.executeRecursively(NodeTestTask.java:143)
	at org.junit.platform.engine.support.hierarchical.NodeTestTask.execute(NodeTestTask.java:100)
	at org.junit.platform.engine.support.hierarchical.SameThreadHierarchicalTestExecutorService.submit(SameThreadHierarchicalTestExecutorService.java:35)
	at org.junit.platform.engine.support.hierarchical.HierarchicalTestExecutor.execute(HierarchicalTestExecutor.java:57)
	at org.junit.platform.engine.support.hierarchical.HierarchicalTestEngine.execute(HierarchicalTestEngine.java:54)
	at org.junit.platform.launcher.core.EngineExecutionOrchestrator.execute(EngineExecutionOrchestrator.java:198)
	at org.junit.platform.launcher.core.EngineExecutionOrchestrator.execute(EngineExecutionOrchestrator.java:169)
	at org.junit.platform.launcher.core.EngineExecutionOrchestrator.execute(EngineExecutionOrchestrator.java:93)
	at org.junit.platform.launcher.core.EngineExecutionOrchestrator.lambda$execute$0(EngineExecutionOrchestrator.java:58)
	at org.junit.platform.launcher.core.EngineExecutionOrchestrator.withInterceptedStreams(EngineExecutionOrchestrator.java:141)
	at org.junit.platform.launcher.core.EngineExecutionOrchestrator.execute(EngineExecutionOrchestrator.java:57)
	at org.junit.platform.launcher.core.DefaultLauncher.execute(DefaultLauncher.java:103)
	at org.junit.platform.launcher.core.DefaultLauncher.execute(DefaultLauncher.java:85)
	at org.junit.platform.launcher.core.DelegatingLauncher.execute(DelegatingLauncher.java:47)
	at org.apache.maven.surefire.junitplatform.LazyLauncher.execute(LazyLauncher.java:56)
	at org.apache.maven.surefire.junitplatform.JUnitPlatformProvider.execute(JUnitPlatformProvider.java:184)
	at org.apache.maven.surefire.junitplatform.JUnitPlatformProvider.invokeAllTests(JUnitPlatformProvider.java:148)
	at org.apache.maven.surefire.junitplatform.JUnitPlatformProvider.invoke(JUnitPlatformProvider.java:122)
	at org.apache.maven.surefire.booter.ForkedBooter.runSuitesInProcess(ForkedBooter.java:385)
	at org.apache.maven.surefire.booter.ForkedBooter.execute(ForkedBooter.java:162)
	at org.apache.maven.surefire.booter.ForkedBooter.run(ForkedBooter.java:507)
	at org.apache.maven.surefire.booter.ForkedBooter.main(ForkedBooter.java:495)
2025-04-12 21:06:02,393 DEBUG  DEBUG o.s.t.context.cache: Spring test ApplicationContext cache statistics: [DefaultContextCache@453e1bba size = 1, maxSize = 32, parentContextCount = 0, hitCount = 5, missCount = 1, failureCount = 0]
2025-04-12 21:06:02,396 DEBUG  DEBUG o.s.t.context.cache: Spring test ApplicationContext cache statistics: [DefaultContextCache@453e1bba size = 1, maxSize = 32, parentContextCount = 0, hitCount = 6, missCount = 1, failureCount = 0]
2025-04-12 21:06:02,400 DEBUG  DEBUG o.s.t.context.cache: Spring test ApplicationContext cache statistics: [DefaultContextCache@453e1bba size = 1, maxSize = 32, parentContextCount = 0, hitCount = 7, missCount = 1, failureCount = 0]
2025-04-12 21:06:02,401 DEBUG  DEBUG o.s.t.context.cache: Spring test ApplicationContext cache statistics: [DefaultContextCache@453e1bba size = 1, maxSize = 32, parentContextCount = 0, hitCount = 8, missCount = 1, failureCount = 0]
2025-04-12 21:06:02,402 DEBUG  DEBUG o.s.t.context.cache: Spring test ApplicationContext cache statistics: [DefaultContextCache@453e1bba size = 1, maxSize = 32, parentContextCount = 0, hitCount = 9, missCount = 1, failureCount = 0]
2025-04-12 21:06:02,403 DEBUG  DEBUG o.s.t.context.cache: Spring test ApplicationContext cache statistics: [DefaultContextCache@453e1bba size = 1, maxSize = 32, parentContextCount = 0, hitCount = 10, missCount = 1, failureCount = 0]
2025-04-12 21:06:02,405 DEBUG  DEBUG o.s.t.context.cache: Spring test ApplicationContext cache statistics: [DefaultContextCache@453e1bba size = 1, maxSize = 32, parentContextCount = 0, hitCount = 11, missCount = 1, failureCount = 0]
2025-04-12 21:06:02,409 DEBUG  DEBUG o.s.t.context.cache: Spring test ApplicationContext cache statistics: [DefaultContextCache@453e1bba size = 1, maxSize = 32, parentContextCount = 0, hitCount = 12, missCount = 1, failureCount = 0]
2025-04-12 21:06:02,410 DEBUG  DEBUG o.s.t.context.cache: Spring test ApplicationContext cache statistics: [DefaultContextCache@453e1bba size = 1, maxSize = 32, parentContextCount = 0, hitCount = 13, missCount = 1, failureCount = 0]
2025-04-12 21:06:02,418 DEBUG  DEBUG o.s.t.context.cache: Spring test ApplicationContext cache statistics: [DefaultContextCache@453e1bba size = 1, maxSize = 32, parentContextCount = 0, hitCount = 14, missCount = 1, failureCount = 0]
2025-04-12 21:06:02,419 DEBUG  DEBUG o.s.t.c.s.DirtiesContextTestExecutionListener: After test method: class [SenlaProjectApplicationTests], method [contextLoads], class annotated with @DirtiesContext [false] with mode [null], method annotated with @DirtiesContext [false] with mode [null]
2025-04-12 21:06:02,419 DEBUG  DEBUG o.s.t.c.w.ServletTestExecutionListener: Resetting RequestContextHolder for test class ru.senla.socialnetwork.SenlaProjectApplicationTests
]]></system-out>
    <system-err><![CDATA[Mockito is currently self-attaching to enable the inline-mock-maker. This will no longer work in future releases of the JDK. Please add Mockito as an agent to your build what is described in Mockito's documentation: https://javadoc.io/doc/org.mockito/mockito-core/latest/org/mockito/Mockito.html#0.3
WARNING: A Java agent has been loaded dynamically (C:\Users\Äàíèèë\.m2\repository\net\bytebuddy\byte-buddy-agent\1.15.11\byte-buddy-agent-1.15.11.jar)
WARNING: If a serviceability tool is in use, please run with -XX:+EnableDynamicAgentLoading to hide this warning
WARNING: If a serviceability tool is not in use, please run with -Djdk.instrument.traceUsage for more information
WARNING: Dynamic loading of agents will be disallowed by default in a future release
]]></system-err>
  </testcase>
</testsuite>